2023-10-01 20:05:10,734 [INFO] Activator:176 - 


2023-10-01 20:05:10,739 [INFO] Activator:177 - !SESSION log4j initialized
2023-10-01 20:05:14,966 [INFO] LogOutputStream:77 - [STDOUT_REDIRECT] 
2023-10-01 20:05:16,584 [INFO] ApplicationProperties:184 - Using Application install path: /opt/st/stm32cubeide_1.13.2/plugins/com.st.stm32cube.common.mx_6.9.2.202309101412
2023-10-01 20:05:16,614 [INFO] DbMcusXml:78 - Set database path to: /opt/st/stm32cubeide_1.13.2/plugins/com.st.stm32cube.common.mx_6.9.2.202309101412//db//mcu/
2023-10-01 20:05:16,615 [INFO] ApiDb:274 - Set plugin database path to: /opt/st/stm32cubeide_1.13.2/plugins/com.st.stm32cube.common.mx_6.9.2.202309101412//db//plugins/boardmanager/
2023-10-01 20:05:16,615 [WARN] ApiDb:259 - Overriding images path with different value:  => /opt/st/stm32cubeide_1.13.2/plugins/com.st.stm32cube.common.mx_6.9.2.202309101412//db//plugins/mcufinder/images/
2023-10-01 20:05:16,632 [INFO] ApiDb:250 - Set database path to: /home/kaan/.stmcufinder/plugins/mcufinder//mcu/
2023-10-01 20:05:16,634 [INFO] DbMcusAds:125 - Set database path to: /home/kaan/.stmcufinder/plugins/mcufinder//mcu/
2023-10-01 20:05:16,639 [INFO] CrossReferenceDbSqlite:203 - Set database path to: /home/kaan/.stmcufinder/plugins/mcufinder//mcu/cs/
2023-10-01 20:05:16,773 [INFO] RulesReader:64 - Compatibility file has been processed (293 Rules)
2023-10-01 20:05:16,841 [INFO] DbMcusXml:78 - Set database path to: /opt/st/stm32cubeide_1.13.2/plugins/com.st.stm32cube.common.mx_6.9.2.202309101412//db//mcu/
2023-10-01 20:05:16,841 [INFO] ApiDb:274 - Set plugin database path to: /opt/st/stm32cubeide_1.13.2/plugins/com.st.stm32cube.common.mx_6.9.2.202309101412//db//plugins/boardmanager/
2023-10-01 20:05:16,841 [INFO] ApiDb:261 - Set plugin images path to: /opt/st/stm32cubeide_1.13.2/plugins/com.st.stm32cube.common.mx_6.9.2.202309101412//db//plugins/mcufinder/images/
2023-10-01 20:05:16,841 [WARN] DbFile:41 - Overriding database path with different value: /home/kaan/.stmcufinder/plugins/mcufinder/ => /home/kaan/.stmcufinder/plugins/mcufinder
2023-10-01 20:05:16,841 [INFO] ApiDb:250 - Set database path to: /home/kaan/.stmcufinder/plugins/mcufinder//mcu/
2023-10-01 20:05:16,842 [WARN] DbFile:41 - Overriding database path with different value: /home/kaan/.stmcufinder/plugins/mcufinder/ => /home/kaan/.stmcufinder/plugins/mcufinder
2023-10-01 20:05:16,842 [INFO] DbMcusAds:125 - Set database path to: /home/kaan/.stmcufinder/plugins/mcufinder//mcu/
2023-10-01 20:05:16,842 [WARN] DbFile:41 - Overriding database path with different value: /home/kaan/.stmcufinder/plugins/mcufinder/ => /home/kaan/.stmcufinder/plugins/mcufinder
2023-10-01 20:05:16,842 [WARN] DbFile:41 - Overriding database path with different value: /home/kaan/.stmcufinder/plugins/mcufinder/ => /home/kaan/.stmcufinder/plugins/mcufinder
2023-10-01 20:05:16,842 [INFO] CrossReferenceDbSqlite:203 - Set database path to: /home/kaan/.stmcufinder/plugins/mcufinder//mcu/cs/
2023-10-01 20:05:16,924 [INFO] MainPanel:262 - HeapMemory: 268435456
2023-10-01 20:05:17,010 [INFO] DbMcusXml:78 - Set database path to: /opt/st/stm32cubeide_1.13.2/plugins/com.st.stm32cube.common.mx_6.9.2.202309101412//db//mcu/
2023-10-01 20:05:17,010 [INFO] ApiDb:274 - Set plugin database path to: /opt/st/stm32cubeide_1.13.2/plugins/com.st.stm32cube.common.mx_6.9.2.202309101412//db//plugins/boardmanager/
2023-10-01 20:05:17,011 [INFO] ApiDb:261 - Set plugin images path to: /opt/st/stm32cubeide_1.13.2/plugins/com.st.stm32cube.common.mx_6.9.2.202309101412//db//plugins/mcufinder/images/
2023-10-01 20:05:17,011 [WARN] DbFile:41 - Overriding database path with different value: /home/kaan/.stmcufinder/plugins/mcufinder/ => /home/kaan/.stmcufinder/plugins/mcufinder
2023-10-01 20:05:17,011 [INFO] ApiDb:250 - Set database path to: /home/kaan/.stmcufinder/plugins/mcufinder//mcu/
2023-10-01 20:05:17,011 [WARN] DbFile:41 - Overriding database path with different value: /home/kaan/.stmcufinder/plugins/mcufinder/ => /home/kaan/.stmcufinder/plugins/mcufinder
2023-10-01 20:05:17,011 [INFO] DbMcusAds:125 - Set database path to: /home/kaan/.stmcufinder/plugins/mcufinder//mcu/
2023-10-01 20:05:17,011 [WARN] DbFile:41 - Overriding database path with different value: /home/kaan/.stmcufinder/plugins/mcufinder/ => /home/kaan/.stmcufinder/plugins/mcufinder
2023-10-01 20:05:17,012 [WARN] DbFile:41 - Overriding database path with different value: /home/kaan/.stmcufinder/plugins/mcufinder/ => /home/kaan/.stmcufinder/plugins/mcufinder
2023-10-01 20:05:17,012 [INFO] CrossReferenceDbSqlite:203 - Set database path to: /home/kaan/.stmcufinder/plugins/mcufinder//mcu/cs/
2023-10-01 20:05:17,027 [INFO] ApplicationProperties:184 - Using Application install path: /opt/st/stm32cubeide_1.13.2/plugins/com.st.stm32cube.common.mx_6.9.2.202309101412
2023-10-01 20:05:17,029 [INFO] PluginManage:196 - Search for loadable plugins [exclusion list=, ]
2023-10-01 20:05:17,030 [INFO] PluginManage:310 - Check plugin analytics
2023-10-01 20:05:17,182 [INFO] AnalyticsPlugin:253 - Accepted Software Licenses: STM32CubeMX.5.6.1
2023-10-01 20:05:17,182 [INFO] AnalyticsPlugin:255 - Accepted CMSIS Pack Licenses: STMicroelectronics.X-CUBE-AI.8.1.0
2023-10-01 20:05:17,182 [INFO] AnalyticsPlugin:257 - Accepted Firmware Licenses: 
2023-10-01 20:05:17,185 [INFO] PluginManage:359 - Loaded plugin analytics (category:tool,tabindex:-1)
2023-10-01 20:05:17,185 [INFO] PluginManage:310 - Check plugin cadmodel
2023-10-01 20:05:17,269 [INFO] CADModel:105 - Init CAD model plugin
2023-10-01 20:05:17,269 [INFO] PluginManage:359 - Loaded plugin cadmodel (category:power,tabindex:5)
2023-10-01 20:05:17,270 [INFO] PluginManage:310 - Check plugin clock
2023-10-01 20:05:17,281 [INFO] PluginManage:359 - Loaded plugin clock (category:base,tabindex:2)
2023-10-01 20:05:17,281 [INFO] PluginManage:310 - Check plugin ddr
2023-10-01 20:05:17,284 [INFO] PluginManage:359 - Loaded plugin ddr (category:tool,tabindex:6)
2023-10-01 20:05:17,284 [INFO] PluginManage:310 - Check plugin filemanager
2023-10-01 20:05:17,388 [INFO] PluginManage:359 - Loaded plugin filemanager (category:base,tabindex:10)
2023-10-01 20:05:17,388 [INFO] PluginManage:310 - Check plugin ipmanager
2023-10-01 20:05:17,393 [INFO] PluginManage:359 - Loaded plugin ipmanager (category:base,tabindex:5)
2023-10-01 20:05:17,393 [INFO] PluginManage:310 - Check plugin lpbam
2023-10-01 20:05:17,401 [INFO] PluginManage:359 - Loaded plugin lpbam (category:base,tabindex:0)
2023-10-01 20:05:17,401 [INFO] PluginManage:310 - Check plugin memorymap
2023-10-01 20:05:17,412 [INFO] PluginManage:359 - Loaded plugin memorymap (category:base,tabindex:4)
2023-10-01 20:05:17,413 [INFO] PluginManage:310 - Check plugin pinoutandconfiguration
2023-10-01 20:05:17,419 [INFO] PluginManage:359 - Loaded plugin pinoutandconfiguration (category:base,tabindex:1)
2023-10-01 20:05:17,419 [INFO] PluginManage:310 - Check plugin pinoutconfig
2023-10-01 20:05:17,493 [WARN] SupportedApi:132 - Cannot load RTOS API schema: s4s-elt-must-match.1: The content of 'definitions' must match (annotation?, (simpleType | complexType)?, (unique | key | keyref)*)). A problem was found starting at: attribute.
2023-10-01 20:05:17,627 [INFO] PluginManage:359 - Loaded plugin pinoutconfig (category:base,tabindex:0)
2023-10-01 20:05:17,627 [INFO] PluginManage:310 - Check plugin power
2023-10-01 20:05:17,638 [INFO] PluginManage:359 - Loaded plugin power (category:power,tabindex:4)
2023-10-01 20:05:17,639 [INFO] PluginManage:310 - Check plugin projectmanager
2023-10-01 20:05:17,655 [INFO] PluginManage:359 - Loaded plugin projectmanager (category:projectmanager,tabindex:3)
2023-10-01 20:05:17,655 [INFO] PluginManage:310 - Check plugin thirdparty
2023-10-01 20:05:17,774 [INFO] PluginManage:359 - Loaded plugin thirdparty (category:base,tabindex:-1)
2023-10-01 20:05:17,774 [WARN] IntegrityCheckThread:84 - waiting for thirdparty lock release [integrity check]
2023-10-01 20:05:17,774 [INFO] IntegrityCheckThread:86 - entering critical section [integrity check]
2023-10-01 20:05:17,774 [INFO] PluginManage:310 - Check plugin tools
2023-10-01 20:05:17,775 [INFO] ThirdPartyUpdaterWithRetryManager:70 - Updater plugin not ready yet. [1/15]
2023-10-01 20:05:17,777 [INFO] PluginManage:359 - Loaded plugin tools (category:base,tabindex:7)
2023-10-01 20:05:17,778 [INFO] PluginManage:310 - Check plugin tutovideos
2023-10-01 20:05:17,924 [INFO] PluginManage:359 - Loaded plugin tutovideos (category:base,tabindex:-1)
2023-10-01 20:05:17,924 [INFO] PluginManage:310 - Check plugin updater
2023-10-01 20:05:17,936 [INFO] PluginManage:359 - Loaded plugin updater (category:base,tabindex:12)
2023-10-01 20:05:17,936 [INFO] PluginManage:310 - Check plugin userauth
2023-10-01 20:05:17,941 [INFO] UserAuth:113 - Init User Auth plugin
2023-10-01 20:05:17,941 [INFO] PluginManage:359 - Loaded plugin userauth (category:base,tabindex:14)
2023-10-01 20:05:17,941 [INFO] PluginManage:283 - PluginManage : Loaded plugins [17]
2023-10-01 20:05:18,105 [INFO] PinOutPanel:1499 - setPackage(No Configuration,No Configuration)
2023-10-01 20:05:18,176 [INFO] CADModel:165 - CPN selected for project level
2023-10-01 20:05:18,176 [INFO] CADModel:114 - Register for checkConnection events
2023-10-01 20:05:18,185 [INFO] IPUIPlugin:80 - create IPUIPlugin
2023-10-01 20:05:18,185 [INFO] PluginManager:220 - loadIPPluginJar : add dma3
2023-10-01 20:05:18,186 [INFO] IPUIPlugin:80 - create IPUIPlugin
2023-10-01 20:05:18,186 [INFO] PluginManager:220 - loadIPPluginJar : add fatfs
2023-10-01 20:05:18,191 [INFO] IPUIPlugin:80 - create IPUIPlugin
2023-10-01 20:05:18,191 [INFO] PluginManager:220 - loadIPPluginJar : add i3c
2023-10-01 20:05:18,192 [INFO] IPUIPlugin:80 - create IPUIPlugin
2023-10-01 20:05:18,192 [INFO] PluginManager:220 - loadIPPluginJar : add ltdc
2023-10-01 20:05:18,193 [INFO] IPUIPlugin:80 - create IPUIPlugin
2023-10-01 20:05:18,194 [INFO] PluginManager:220 - loadIPPluginJar : add ucpd
2023-10-01 20:05:18,197 [INFO] IPUIPlugin:80 - create IPUIPlugin
2023-10-01 20:05:18,197 [INFO] PluginManager:220 - loadIPPluginJar : add nvic
2023-10-01 20:05:18,199 [INFO] IPUIPlugin:80 - create IPUIPlugin
2023-10-01 20:05:18,199 [INFO] PluginManager:220 - loadIPPluginJar : add can
2023-10-01 20:05:18,202 [INFO] IPUIPlugin:80 - create IPUIPlugin
2023-10-01 20:05:18,202 [INFO] PluginManager:220 - loadIPPluginJar : add hash
2023-10-01 20:05:18,203 [INFO] IPUIPlugin:80 - create IPUIPlugin
2023-10-01 20:05:18,203 [INFO] PluginManager:220 - loadIPPluginJar : add comp
2023-10-01 20:05:18,209 [INFO] IPUIPlugin:80 - create IPUIPlugin
2023-10-01 20:05:18,209 [INFO] PluginManager:220 - loadIPPluginJar : add freertos
2023-10-01 20:05:18,211 [INFO] IPUIPlugin:80 - create IPUIPlugin
2023-10-01 20:05:18,211 [INFO] PluginManager:220 - loadIPPluginJar : add usart
2023-10-01 20:05:18,214 [INFO] IPUIPlugin:80 - create IPUIPlugin
2023-10-01 20:05:18,214 [INFO] PluginManager:220 - loadIPPluginJar : add gtzc
2023-10-01 20:05:18,217 [INFO] IPUIPlugin:80 - create IPUIPlugin
2023-10-01 20:05:18,217 [INFO] PluginManager:220 - loadIPPluginJar : add openamp
2023-10-01 20:05:18,220 [INFO] IPUIPlugin:80 - create IPUIPlugin
2023-10-01 20:05:18,220 [INFO] PluginManager:220 - loadIPPluginJar : add ipddr
2023-10-01 20:05:18,223 [INFO] IPUIPlugin:80 - create IPUIPlugin
2023-10-01 20:05:18,223 [INFO] PluginManager:220 - loadIPPluginJar : add pdm2pcm
2023-10-01 20:05:18,226 [INFO] IPUIPlugin:80 - create IPUIPlugin
2023-10-01 20:05:18,226 [INFO] PluginManager:220 - loadIPPluginJar : add sai
2023-10-01 20:05:18,229 [INFO] IPUIPlugin:80 - create IPUIPlugin
2023-10-01 20:05:18,229 [INFO] PluginManager:220 - loadIPPluginJar : add spi
2023-10-01 20:05:18,231 [INFO] IPUIPlugin:80 - create IPUIPlugin
2023-10-01 20:05:18,231 [INFO] PluginManager:220 - loadIPPluginJar : add cryp
2023-10-01 20:05:18,238 [INFO] IPUIPlugin:80 - create IPUIPlugin
2023-10-01 20:05:18,241 [INFO] PluginManager:220 - loadIPPluginJar : add plateformsettings
2023-10-01 20:05:18,243 [INFO] IPUIPlugin:80 - create IPUIPlugin
2023-10-01 20:05:18,244 [INFO] PluginManager:220 - loadIPPluginJar : add usbx
2023-10-01 20:05:18,246 [INFO] IPUIPlugin:80 - create IPUIPlugin
2023-10-01 20:05:18,246 [INFO] PluginManager:220 - loadIPPluginJar : add i2c
2023-10-01 20:05:18,252 [INFO] IPUIPlugin:80 - create IPUIPlugin
2023-10-01 20:05:18,253 [INFO] PluginManager:220 - loadIPPluginJar : add dma
2023-10-01 20:05:18,254 [INFO] IPUIPlugin:80 - create IPUIPlugin
2023-10-01 20:05:18,255 [INFO] PluginManager:220 - loadIPPluginJar : add tsc
2023-10-01 20:05:18,256 [INFO] IPUIPlugin:80 - create IPUIPlugin
2023-10-01 20:05:18,256 [INFO] PluginManager:220 - loadIPPluginJar : add quadspi
2023-10-01 20:05:18,258 [INFO] IPUIPlugin:80 - create IPUIPlugin
2023-10-01 20:05:18,259 [INFO] PluginManager:220 - loadIPPluginJar : add i2s
2023-10-01 20:05:18,264 [INFO] IPUIPlugin:80 - create IPUIPlugin
2023-10-01 20:05:18,264 [INFO] PluginManager:220 - loadIPPluginJar : add gic
2023-10-01 20:05:18,266 [INFO] IPUIPlugin:80 - create IPUIPlugin
2023-10-01 20:05:18,266 [INFO] PluginManager:220 - loadIPPluginJar : add tracer_emb
2023-10-01 20:05:18,271 [INFO] IPUIPlugin:80 - create IPUIPlugin
2023-10-01 20:05:18,271 [INFO] PluginManager:220 - loadIPPluginJar : add stm32_wpan
2023-10-01 20:05:18,278 [INFO] IPUIPlugin:80 - create IPUIPlugin
2023-10-01 20:05:18,278 [INFO] PluginManager:220 - loadIPPluginJar : add linkedlist
2023-10-01 20:05:18,280 [INFO] IPUIPlugin:80 - create IPUIPlugin
2023-10-01 20:05:18,280 [INFO] PluginManager:220 - loadIPPluginJar : add lorawan
2023-10-01 20:05:18,283 [INFO] IPUIPlugin:80 - create IPUIPlugin
2023-10-01 20:05:18,283 [INFO] PluginManager:220 - loadIPPluginJar : add touchsensing
2023-10-01 20:05:18,290 [INFO] IPUIPlugin:80 - create IPUIPlugin
2023-10-01 20:05:18,290 [INFO] PluginManager:220 - loadIPPluginJar : add adc
2023-10-01 20:05:18,297 [INFO] IPUIPlugin:80 - create IPUIPlugin
2023-10-01 20:05:18,297 [INFO] PluginManager:220 - loadIPPluginJar : add mdma
2023-10-01 20:05:18,301 [INFO] IPUIPlugin:80 - create IPUIPlugin
2023-10-01 20:05:18,302 [INFO] PluginManager:220 - loadIPPluginJar : add fmc
2023-10-01 20:05:18,303 [INFO] IPUIPlugin:80 - create IPUIPlugin
2023-10-01 20:05:18,303 [INFO] PluginManager:220 - loadIPPluginJar : add tim
2023-10-01 20:05:18,305 [INFO] IPUIPlugin:80 - create IPUIPlugin
2023-10-01 20:05:18,305 [INFO] PluginManager:220 - loadIPPluginJar : add gfxmmu
2023-10-01 20:05:18,309 [INFO] IPUIPlugin:80 - create IPUIPlugin
2023-10-01 20:05:18,309 [INFO] PluginManager:220 - loadIPPluginJar : add resmgrutility
2023-10-01 20:05:18,312 [INFO] IPUIPlugin:80 - create IPUIPlugin
2023-10-01 20:05:18,312 [INFO] PluginManager:220 - loadIPPluginJar : add opamp
2023-10-01 20:05:18,314 [INFO] IPUIPlugin:80 - create IPUIPlugin
2023-10-01 20:05:18,315 [INFO] PluginManager:220 - loadIPPluginJar : add aes
2023-10-01 20:05:18,320 [INFO] IPUIPlugin:80 - create IPUIPlugin
2023-10-01 20:05:18,320 [INFO] PluginManager:220 - loadIPPluginJar : add gpio
2023-10-01 20:05:18,322 [INFO] IPUIPlugin:80 - create IPUIPlugin
2023-10-01 20:05:18,322 [INFO] PluginManager:220 - loadIPPluginJar : add dfsdm
2023-10-01 20:05:18,324 [INFO] IPUIPlugin:80 - create IPUIPlugin
2023-10-01 20:05:18,324 [INFO] PluginManager:220 - loadIPPluginJar : add ts
2023-10-01 20:05:18,326 [INFO] IPUIPlugin:80 - create IPUIPlugin
2023-10-01 20:05:18,326 [INFO] PluginManager:220 - loadIPPluginJar : add genericplugin
2023-10-01 20:05:18,426 [INFO] CADModel:165 - CPN selected for project level
2023-10-01 20:05:18,426 [INFO] CADModel:114 - Register for checkConnection events
2023-10-01 20:05:18,426 [FATAL] Updater:308 - Updater called before beeing initialized
2023-10-01 20:05:18,427 [ERROR] CADModel:125 - Updater not yet initialized, retry later 
2023-10-01 20:05:18,551 [INFO] CADModel:165 - CPN selected for project level
2023-10-01 20:05:18,551 [INFO] CADModel:114 - Register for checkConnection events
2023-10-01 20:05:18,551 [FATAL] Updater:308 - Updater called before beeing initialized
2023-10-01 20:05:18,551 [ERROR] CADModel:125 - Updater not yet initialized, retry later 
2023-10-01 20:05:18,555 [FATAL] Updater:308 - Updater called before beeing initialized
2023-10-01 20:05:18,631 [FATAL] Updater:308 - Updater called before beeing initialized
2023-10-01 20:05:18,636 [INFO] DbMcusAds:53 - JSON generation date=Tue Mar 07 09:50:55 CET 2023 (1678179055114)
2023-10-01 20:05:18,637 [FATAL] Updater:308 - Updater called before beeing initialized
2023-10-01 20:05:18,673 [WARN] DetailPanel:346 - Failed to get advertising image, set to default
2023-10-01 20:05:18,759 [FATAL] Updater:308 - Updater called before beeing initialized
2023-10-01 20:05:18,761 [FATAL] Updater:308 - Updater called before beeing initialized
2023-10-01 20:05:18,761 [FATAL] Updater:308 - Updater called before beeing initialized
2023-10-01 20:05:18,762 [WARN] DetailPanel:346 - Failed to get advertising image, set to default
2023-10-01 20:05:18,762 [FATAL] Updater:308 - Updater called before beeing initialized
2023-10-01 20:05:18,786 [ERROR] Updater:1120 - MainUpdater not yet initialized. External WinMGr cannot be set.
2023-10-01 20:05:18,787 [INFO] Updater:1056 - Updater Version found : 6.9.2
2023-10-01 20:05:18,805 [INFO] ApplicationProperties:184 - Using Application install path: /opt/st/stm32cubeide_1.13.2/plugins/com.st.stm32cube.common.mx_6.9.2.202309101412
2023-10-01 20:05:19,079 [INFO] MainUpdater:2868 - connection check result : 10
2023-10-01 20:05:19,080 [INFO] MainUpdater:3562 - Updater definition file requires update
2023-10-01 20:05:19,081 [INFO] MainUpdater:285 - Updater Check For Update Now.
2023-10-01 20:05:19,082 [INFO] MicroXplorer:498 - Change Database Version : DB.6.0.92
2023-10-01 20:05:19,103 [INFO] McuFinderGlobals:63 - Set McuFinder mode to 2 (CubeIDE integrated)
2023-10-01 20:05:19,103 [INFO] UserAuth:179 - activating auth plugin
2023-10-01 20:05:19,109 [INFO] UserAuth:393 - Internet connection configuration mode: 1
2023-10-01 20:05:19,134 [INFO] JxBrowserEngine:151 - Initiate JxBrowser Engine with user profile folder
2023-10-01 20:05:19,166 [INFO] ServerAccessManage:473 - Download File updaters.zip
2023-10-01 20:05:19,411 [INFO] FileExtend:240 - Unzip File : updaters.zip
2023-10-01 20:05:19,411 [INFO] FileExtend:255 - Standard Zip Deflate
2023-10-01 20:05:19,614 [INFO] ServerAccessManage:473 - Download File PacksControlFlags.xml
2023-10-01 20:05:19,735 [INFO] ServerAccessManage:473 - Download File cubemx.pidx
2023-10-01 20:05:19,816 [INFO] LoadServerUpdatesThread:373 - End of LoadServerUpdate Thread
2023-10-01 20:05:19,951 [INFO] CheckServerUpdateThread:120 - End of CheckServer Thread
2023-10-01 20:05:20,420 [INFO] WebApp:157 - Instantiating new browser for Auth
2023-10-01 20:05:20,923 [WARN] PackLoader:240 - Cannot read IP mode file for STMicroelectronics.X-CUBE-AI.8.1.0
2023-10-01 20:05:20,990 [INFO] ThirdParty:978 - Integrity check success = true
2023-10-01 20:05:20,990 [INFO] IntegrityCheckThread:100 - exiting critical section [integrity check]
2023-10-01 20:05:20,990 [INFO] IntegrityCheckThread:103 - End integrity checks thread
2023-10-01 20:05:21,385 [INFO] WebApp:753 - Register for checkConnection events
2023-10-01 20:05:21,385 [INFO] WebApp:390 - Apply proxy settings
2023-10-01 20:05:21,386 [INFO] WebApp:475 - Chromium requires no authentication
2023-10-01 20:05:21,401 [INFO] WebApp:418 - Direct internet connection detected
2023-10-01 20:05:21,591 [INFO] WebApp:188 - Starting web application
2023-10-01 20:05:21,591 [INFO] WebApp:520 - Web application path used /opt/st/stm32cubeide_1.13.2/plugins/com.st.stm32cube.common.mx_6.9.2.202309101412/db/plugins/mcufinder/reactClient1/index.html
2023-10-01 20:05:42,369 [ERROR] LogOutputStream:75 - [STDERR_REDIRECT] SLF4J: Failed to load class "org.slf4j.impl.StaticLoggerBinder".
2023-10-01 20:05:42,369 [ERROR] LogOutputStream:75 - [STDERR_REDIRECT] SLF4J: Defaulting to no-operation (NOP) logger implementation
2023-10-01 20:05:42,370 [ERROR] LogOutputStream:75 - [STDERR_REDIRECT] SLF4J: See http://www.slf4j.org/codes.html#StaticLoggerBinder for further details.
2023-10-01 20:14:32,077 [ERROR] LogOutputStream:75 - [STDERR_REDIRECT] 
