2023-09-27 10:58:17,840 [INFO] Activator:176 - 


2023-09-27 10:58:17,842 [INFO] Activator:177 - !SESSION log4j initialized
2023-09-27 10:58:19,144 [INFO] LogOutputStream:77 - [STDOUT_REDIRECT] 
2023-09-27 10:58:20,256 [INFO] ApplicationProperties:184 - Using Application install path: /opt/st/stm32cubeide_1.13.2/plugins/com.st.stm32cube.common.mx_6.9.2.202309101412
2023-09-27 10:58:20,266 [INFO] DbMcusXml:78 - Set database path to: /opt/st/stm32cubeide_1.13.2/plugins/com.st.stm32cube.common.mx_6.9.2.202309101412//db//mcu/
2023-09-27 10:58:20,266 [INFO] ApiDb:274 - Set plugin database path to: /opt/st/stm32cubeide_1.13.2/plugins/com.st.stm32cube.common.mx_6.9.2.202309101412//db//plugins/boardmanager/
2023-09-27 10:58:20,266 [WARN] ApiDb:259 - Overriding images path with different value:  => /opt/st/stm32cubeide_1.13.2/plugins/com.st.stm32cube.common.mx_6.9.2.202309101412//db//plugins/mcufinder/images/
2023-09-27 10:58:20,270 [INFO] ApiDb:250 - Set database path to: /home/kaan/.stmcufinder/plugins/mcufinder//mcu/
2023-09-27 10:58:20,271 [INFO] DbMcusAds:125 - Set database path to: /home/kaan/.stmcufinder/plugins/mcufinder//mcu/
2023-09-27 10:58:20,272 [INFO] CrossReferenceDbSqlite:203 - Set database path to: /home/kaan/.stmcufinder/plugins/mcufinder//mcu/cs/
2023-09-27 10:58:20,330 [INFO] RulesReader:64 - Compatibility file has been processed (293 Rules)
2023-09-27 10:58:20,368 [INFO] DbMcusXml:78 - Set database path to: /opt/st/stm32cubeide_1.13.2/plugins/com.st.stm32cube.common.mx_6.9.2.202309101412//db//mcu/
2023-09-27 10:58:20,368 [INFO] ApiDb:274 - Set plugin database path to: /opt/st/stm32cubeide_1.13.2/plugins/com.st.stm32cube.common.mx_6.9.2.202309101412//db//plugins/boardmanager/
2023-09-27 10:58:20,369 [INFO] ApiDb:261 - Set plugin images path to: /opt/st/stm32cubeide_1.13.2/plugins/com.st.stm32cube.common.mx_6.9.2.202309101412//db//plugins/mcufinder/images/
2023-09-27 10:58:20,369 [WARN] DbFile:41 - Overriding database path with different value: /home/kaan/.stmcufinder/plugins/mcufinder/ => /home/kaan/.stmcufinder/plugins/mcufinder
2023-09-27 10:58:20,369 [INFO] ApiDb:250 - Set database path to: /home/kaan/.stmcufinder/plugins/mcufinder//mcu/
2023-09-27 10:58:20,369 [WARN] DbFile:41 - Overriding database path with different value: /home/kaan/.stmcufinder/plugins/mcufinder/ => /home/kaan/.stmcufinder/plugins/mcufinder
2023-09-27 10:58:20,369 [INFO] DbMcusAds:125 - Set database path to: /home/kaan/.stmcufinder/plugins/mcufinder//mcu/
2023-09-27 10:58:20,369 [WARN] DbFile:41 - Overriding database path with different value: /home/kaan/.stmcufinder/plugins/mcufinder/ => /home/kaan/.stmcufinder/plugins/mcufinder
2023-09-27 10:58:20,369 [WARN] DbFile:41 - Overriding database path with different value: /home/kaan/.stmcufinder/plugins/mcufinder/ => /home/kaan/.stmcufinder/plugins/mcufinder
2023-09-27 10:58:20,369 [INFO] CrossReferenceDbSqlite:203 - Set database path to: /home/kaan/.stmcufinder/plugins/mcufinder//mcu/cs/
2023-09-27 10:58:20,405 [INFO] MainPanel:262 - HeapMemory: 268435456
2023-09-27 10:58:20,449 [INFO] DbMcusXml:78 - Set database path to: /opt/st/stm32cubeide_1.13.2/plugins/com.st.stm32cube.common.mx_6.9.2.202309101412//db//mcu/
2023-09-27 10:58:20,449 [INFO] ApiDb:274 - Set plugin database path to: /opt/st/stm32cubeide_1.13.2/plugins/com.st.stm32cube.common.mx_6.9.2.202309101412//db//plugins/boardmanager/
2023-09-27 10:58:20,449 [INFO] ApiDb:261 - Set plugin images path to: /opt/st/stm32cubeide_1.13.2/plugins/com.st.stm32cube.common.mx_6.9.2.202309101412//db//plugins/mcufinder/images/
2023-09-27 10:58:20,449 [WARN] DbFile:41 - Overriding database path with different value: /home/kaan/.stmcufinder/plugins/mcufinder/ => /home/kaan/.stmcufinder/plugins/mcufinder
2023-09-27 10:58:20,450 [INFO] ApiDb:250 - Set database path to: /home/kaan/.stmcufinder/plugins/mcufinder//mcu/
2023-09-27 10:58:20,450 [WARN] DbFile:41 - Overriding database path with different value: /home/kaan/.stmcufinder/plugins/mcufinder/ => /home/kaan/.stmcufinder/plugins/mcufinder
2023-09-27 10:58:20,450 [INFO] DbMcusAds:125 - Set database path to: /home/kaan/.stmcufinder/plugins/mcufinder//mcu/
2023-09-27 10:58:20,450 [WARN] DbFile:41 - Overriding database path with different value: /home/kaan/.stmcufinder/plugins/mcufinder/ => /home/kaan/.stmcufinder/plugins/mcufinder
2023-09-27 10:58:20,450 [WARN] DbFile:41 - Overriding database path with different value: /home/kaan/.stmcufinder/plugins/mcufinder/ => /home/kaan/.stmcufinder/plugins/mcufinder
2023-09-27 10:58:20,450 [INFO] CrossReferenceDbSqlite:203 - Set database path to: /home/kaan/.stmcufinder/plugins/mcufinder//mcu/cs/
2023-09-27 10:58:20,459 [INFO] ApplicationProperties:184 - Using Application install path: /opt/st/stm32cubeide_1.13.2/plugins/com.st.stm32cube.common.mx_6.9.2.202309101412
2023-09-27 10:58:20,460 [INFO] PluginManage:196 - Search for loadable plugins [exclusion list=, ]
2023-09-27 10:58:20,460 [INFO] PluginManage:310 - Check plugin analytics
2023-09-27 10:58:20,539 [INFO] AnalyticsPlugin:253 - Accepted Software Licenses: STM32CubeMX.5.6.1
2023-09-27 10:58:20,539 [INFO] AnalyticsPlugin:255 - Accepted CMSIS Pack Licenses: STMicroelectronics.X-CUBE-AI.8.1.0
2023-09-27 10:58:20,539 [INFO] AnalyticsPlugin:257 - Accepted Firmware Licenses: 
2023-09-27 10:58:20,541 [INFO] PluginManage:359 - Loaded plugin analytics (category:tool,tabindex:-1)
2023-09-27 10:58:20,541 [INFO] PluginManage:310 - Check plugin cadmodel
2023-09-27 10:58:20,608 [INFO] CADModel:105 - Init CAD model plugin
2023-09-27 10:58:20,608 [INFO] PluginManage:359 - Loaded plugin cadmodel (category:power,tabindex:5)
2023-09-27 10:58:20,609 [INFO] PluginManage:310 - Check plugin clock
2023-09-27 10:58:20,614 [INFO] PluginManage:359 - Loaded plugin clock (category:base,tabindex:2)
2023-09-27 10:58:20,614 [INFO] PluginManage:310 - Check plugin ddr
2023-09-27 10:58:20,615 [INFO] PluginManage:359 - Loaded plugin ddr (category:tool,tabindex:6)
2023-09-27 10:58:20,615 [INFO] PluginManage:310 - Check plugin filemanager
2023-09-27 10:58:20,687 [INFO] PluginManage:359 - Loaded plugin filemanager (category:base,tabindex:10)
2023-09-27 10:58:20,687 [INFO] PluginManage:310 - Check plugin ipmanager
2023-09-27 10:58:20,690 [INFO] PluginManage:359 - Loaded plugin ipmanager (category:base,tabindex:5)
2023-09-27 10:58:20,690 [INFO] PluginManage:310 - Check plugin lpbam
2023-09-27 10:58:20,694 [INFO] PluginManage:359 - Loaded plugin lpbam (category:base,tabindex:0)
2023-09-27 10:58:20,694 [INFO] PluginManage:310 - Check plugin memorymap
2023-09-27 10:58:20,701 [INFO] PluginManage:359 - Loaded plugin memorymap (category:base,tabindex:4)
2023-09-27 10:58:20,701 [INFO] PluginManage:310 - Check plugin pinoutandconfiguration
2023-09-27 10:58:20,703 [INFO] PluginManage:359 - Loaded plugin pinoutandconfiguration (category:base,tabindex:1)
2023-09-27 10:58:20,704 [INFO] PluginManage:310 - Check plugin pinoutconfig
2023-09-27 10:58:20,749 [WARN] SupportedApi:132 - Cannot load RTOS API schema: s4s-elt-must-match.1: The content of 'definitions' must match (annotation?, (simpleType | complexType)?, (unique | key | keyref)*)). A problem was found starting at: attribute.
2023-09-27 10:58:20,832 [INFO] PluginManage:359 - Loaded plugin pinoutconfig (category:base,tabindex:0)
2023-09-27 10:58:20,832 [INFO] PluginManage:310 - Check plugin power
2023-09-27 10:58:20,836 [INFO] PluginManage:359 - Loaded plugin power (category:power,tabindex:4)
2023-09-27 10:58:20,836 [INFO] PluginManage:310 - Check plugin projectmanager
2023-09-27 10:58:20,846 [INFO] PluginManage:359 - Loaded plugin projectmanager (category:projectmanager,tabindex:3)
2023-09-27 10:58:20,846 [INFO] PluginManage:310 - Check plugin thirdparty
2023-09-27 10:58:20,908 [INFO] PluginManage:359 - Loaded plugin thirdparty (category:base,tabindex:-1)
2023-09-27 10:58:20,908 [WARN] IntegrityCheckThread:84 - waiting for thirdparty lock release [integrity check]
2023-09-27 10:58:20,908 [INFO] PluginManage:310 - Check plugin tools
2023-09-27 10:58:20,908 [INFO] IntegrityCheckThread:86 - entering critical section [integrity check]
2023-09-27 10:58:20,908 [INFO] ThirdPartyUpdaterWithRetryManager:70 - Updater plugin not ready yet. [1/15]
2023-09-27 10:58:20,909 [INFO] PluginManage:359 - Loaded plugin tools (category:base,tabindex:7)
2023-09-27 10:58:20,909 [INFO] PluginManage:310 - Check plugin tutovideos
2023-09-27 10:58:21,016 [INFO] PluginManage:359 - Loaded plugin tutovideos (category:base,tabindex:-1)
2023-09-27 10:58:21,016 [INFO] PluginManage:310 - Check plugin updater
2023-09-27 10:58:21,023 [INFO] PluginManage:359 - Loaded plugin updater (category:base,tabindex:12)
2023-09-27 10:58:21,023 [INFO] PluginManage:310 - Check plugin userauth
2023-09-27 10:58:21,027 [INFO] UserAuth:113 - Init User Auth plugin
2023-09-27 10:58:21,027 [INFO] PluginManage:359 - Loaded plugin userauth (category:base,tabindex:14)
2023-09-27 10:58:21,027 [INFO] PluginManage:283 - PluginManage : Loaded plugins [17]
2023-09-27 10:58:21,136 [INFO] PinOutPanel:1499 - setPackage(No Configuration,No Configuration)
2023-09-27 10:58:21,188 [INFO] CADModel:165 - CPN selected for project level
2023-09-27 10:58:21,188 [INFO] CADModel:114 - Register for checkConnection events
2023-09-27 10:58:21,194 [INFO] IPUIPlugin:80 - create IPUIPlugin
2023-09-27 10:58:21,195 [INFO] PluginManager:220 - loadIPPluginJar : add dma3
2023-09-27 10:58:21,195 [INFO] IPUIPlugin:80 - create IPUIPlugin
2023-09-27 10:58:21,196 [INFO] PluginManager:220 - loadIPPluginJar : add fatfs
2023-09-27 10:58:21,198 [INFO] IPUIPlugin:80 - create IPUIPlugin
2023-09-27 10:58:21,198 [INFO] PluginManager:220 - loadIPPluginJar : add i3c
2023-09-27 10:58:21,199 [INFO] IPUIPlugin:80 - create IPUIPlugin
2023-09-27 10:58:21,199 [INFO] PluginManager:220 - loadIPPluginJar : add ltdc
2023-09-27 10:58:21,200 [INFO] IPUIPlugin:80 - create IPUIPlugin
2023-09-27 10:58:21,200 [INFO] PluginManager:220 - loadIPPluginJar : add ucpd
2023-09-27 10:58:21,201 [INFO] IPUIPlugin:80 - create IPUIPlugin
2023-09-27 10:58:21,201 [INFO] PluginManager:220 - loadIPPluginJar : add nvic
2023-09-27 10:58:21,202 [INFO] IPUIPlugin:80 - create IPUIPlugin
2023-09-27 10:58:21,202 [INFO] PluginManager:220 - loadIPPluginJar : add can
2023-09-27 10:58:21,203 [INFO] IPUIPlugin:80 - create IPUIPlugin
2023-09-27 10:58:21,203 [INFO] PluginManager:220 - loadIPPluginJar : add hash
2023-09-27 10:58:21,204 [INFO] IPUIPlugin:80 - create IPUIPlugin
2023-09-27 10:58:21,204 [INFO] PluginManager:220 - loadIPPluginJar : add comp
2023-09-27 10:58:21,206 [INFO] IPUIPlugin:80 - create IPUIPlugin
2023-09-27 10:58:21,206 [INFO] PluginManager:220 - loadIPPluginJar : add freertos
2023-09-27 10:58:21,207 [INFO] IPUIPlugin:80 - create IPUIPlugin
2023-09-27 10:58:21,207 [INFO] PluginManager:220 - loadIPPluginJar : add usart
2023-09-27 10:58:21,208 [INFO] IPUIPlugin:80 - create IPUIPlugin
2023-09-27 10:58:21,208 [INFO] PluginManager:220 - loadIPPluginJar : add gtzc
2023-09-27 10:58:21,209 [INFO] IPUIPlugin:80 - create IPUIPlugin
2023-09-27 10:58:21,210 [INFO] PluginManager:220 - loadIPPluginJar : add openamp
2023-09-27 10:58:21,212 [INFO] IPUIPlugin:80 - create IPUIPlugin
2023-09-27 10:58:21,212 [INFO] PluginManager:220 - loadIPPluginJar : add ipddr
2023-09-27 10:58:21,213 [INFO] IPUIPlugin:80 - create IPUIPlugin
2023-09-27 10:58:21,213 [INFO] PluginManager:220 - loadIPPluginJar : add pdm2pcm
2023-09-27 10:58:21,214 [INFO] IPUIPlugin:80 - create IPUIPlugin
2023-09-27 10:58:21,214 [INFO] PluginManager:220 - loadIPPluginJar : add sai
2023-09-27 10:58:21,215 [INFO] IPUIPlugin:80 - create IPUIPlugin
2023-09-27 10:58:21,215 [INFO] PluginManager:220 - loadIPPluginJar : add spi
2023-09-27 10:58:21,216 [INFO] IPUIPlugin:80 - create IPUIPlugin
2023-09-27 10:58:21,216 [INFO] PluginManager:220 - loadIPPluginJar : add cryp
2023-09-27 10:58:21,219 [INFO] IPUIPlugin:80 - create IPUIPlugin
2023-09-27 10:58:21,221 [INFO] PluginManager:220 - loadIPPluginJar : add plateformsettings
2023-09-27 10:58:21,222 [INFO] IPUIPlugin:80 - create IPUIPlugin
2023-09-27 10:58:21,222 [INFO] PluginManager:220 - loadIPPluginJar : add usbx
2023-09-27 10:58:21,223 [INFO] IPUIPlugin:80 - create IPUIPlugin
2023-09-27 10:58:21,223 [INFO] PluginManager:220 - loadIPPluginJar : add i2c
2023-09-27 10:58:21,226 [INFO] IPUIPlugin:80 - create IPUIPlugin
2023-09-27 10:58:21,226 [INFO] PluginManager:220 - loadIPPluginJar : add dma
2023-09-27 10:58:21,227 [INFO] IPUIPlugin:80 - create IPUIPlugin
2023-09-27 10:58:21,227 [INFO] PluginManager:220 - loadIPPluginJar : add tsc
2023-09-27 10:58:21,228 [INFO] IPUIPlugin:80 - create IPUIPlugin
2023-09-27 10:58:21,228 [INFO] PluginManager:220 - loadIPPluginJar : add quadspi
2023-09-27 10:58:21,229 [INFO] IPUIPlugin:80 - create IPUIPlugin
2023-09-27 10:58:21,229 [INFO] PluginManager:220 - loadIPPluginJar : add i2s
2023-09-27 10:58:21,231 [INFO] IPUIPlugin:80 - create IPUIPlugin
2023-09-27 10:58:21,231 [INFO] PluginManager:220 - loadIPPluginJar : add gic
2023-09-27 10:58:21,232 [INFO] IPUIPlugin:80 - create IPUIPlugin
2023-09-27 10:58:21,232 [INFO] PluginManager:220 - loadIPPluginJar : add tracer_emb
2023-09-27 10:58:21,235 [INFO] IPUIPlugin:80 - create IPUIPlugin
2023-09-27 10:58:21,235 [INFO] PluginManager:220 - loadIPPluginJar : add stm32_wpan
2023-09-27 10:58:21,239 [INFO] IPUIPlugin:80 - create IPUIPlugin
2023-09-27 10:58:21,239 [INFO] PluginManager:220 - loadIPPluginJar : add linkedlist
2023-09-27 10:58:21,240 [INFO] IPUIPlugin:80 - create IPUIPlugin
2023-09-27 10:58:21,240 [INFO] PluginManager:220 - loadIPPluginJar : add lorawan
2023-09-27 10:58:21,241 [INFO] IPUIPlugin:80 - create IPUIPlugin
2023-09-27 10:58:21,241 [INFO] PluginManager:220 - loadIPPluginJar : add touchsensing
2023-09-27 10:58:21,245 [INFO] IPUIPlugin:80 - create IPUIPlugin
2023-09-27 10:58:21,245 [INFO] PluginManager:220 - loadIPPluginJar : add adc
2023-09-27 10:58:21,248 [INFO] IPUIPlugin:80 - create IPUIPlugin
2023-09-27 10:58:21,248 [INFO] PluginManager:220 - loadIPPluginJar : add mdma
2023-09-27 10:58:21,250 [INFO] IPUIPlugin:80 - create IPUIPlugin
2023-09-27 10:58:21,250 [INFO] PluginManager:220 - loadIPPluginJar : add fmc
2023-09-27 10:58:21,250 [INFO] IPUIPlugin:80 - create IPUIPlugin
2023-09-27 10:58:21,251 [INFO] PluginManager:220 - loadIPPluginJar : add tim
2023-09-27 10:58:21,251 [INFO] IPUIPlugin:80 - create IPUIPlugin
2023-09-27 10:58:21,251 [INFO] PluginManager:220 - loadIPPluginJar : add gfxmmu
2023-09-27 10:58:21,252 [INFO] IPUIPlugin:80 - create IPUIPlugin
2023-09-27 10:58:21,252 [INFO] PluginManager:220 - loadIPPluginJar : add resmgrutility
2023-09-27 10:58:21,254 [INFO] IPUIPlugin:80 - create IPUIPlugin
2023-09-27 10:58:21,254 [INFO] PluginManager:220 - loadIPPluginJar : add opamp
2023-09-27 10:58:21,255 [INFO] IPUIPlugin:80 - create IPUIPlugin
2023-09-27 10:58:21,255 [INFO] PluginManager:220 - loadIPPluginJar : add aes
2023-09-27 10:58:21,256 [INFO] IPUIPlugin:80 - create IPUIPlugin
2023-09-27 10:58:21,257 [INFO] PluginManager:220 - loadIPPluginJar : add gpio
2023-09-27 10:58:21,257 [INFO] IPUIPlugin:80 - create IPUIPlugin
2023-09-27 10:58:21,257 [INFO] PluginManager:220 - loadIPPluginJar : add dfsdm
2023-09-27 10:58:21,258 [INFO] IPUIPlugin:80 - create IPUIPlugin
2023-09-27 10:58:21,258 [INFO] PluginManager:220 - loadIPPluginJar : add ts
2023-09-27 10:58:21,259 [INFO] IPUIPlugin:80 - create IPUIPlugin
2023-09-27 10:58:21,259 [INFO] PluginManager:220 - loadIPPluginJar : add genericplugin
2023-09-27 10:58:21,347 [INFO] CADModel:165 - CPN selected for project level
2023-09-27 10:58:21,347 [INFO] CADModel:114 - Register for checkConnection events
2023-09-27 10:58:21,347 [FATAL] Updater:308 - Updater called before beeing initialized
2023-09-27 10:58:21,347 [ERROR] CADModel:125 - Updater not yet initialized, retry later 
2023-09-27 10:58:21,413 [INFO] CADModel:165 - CPN selected for project level
2023-09-27 10:58:21,413 [INFO] CADModel:114 - Register for checkConnection events
2023-09-27 10:58:21,414 [FATAL] Updater:308 - Updater called before beeing initialized
2023-09-27 10:58:21,414 [ERROR] CADModel:125 - Updater not yet initialized, retry later 
2023-09-27 10:58:21,416 [FATAL] Updater:308 - Updater called before beeing initialized
2023-09-27 10:58:21,452 [FATAL] Updater:308 - Updater called before beeing initialized
2023-09-27 10:58:21,456 [INFO] DbMcusAds:53 - JSON generation date=Thu Sep 30 08:55:09 CEST 2021 (1632984909247)
2023-09-27 10:58:21,456 [FATAL] Updater:308 - Updater called before beeing initialized
2023-09-27 10:58:21,475 [WARN] DetailPanel:346 - Failed to get advertising image, set to default
2023-09-27 10:58:21,526 [FATAL] Updater:308 - Updater called before beeing initialized
2023-09-27 10:58:21,528 [FATAL] Updater:308 - Updater called before beeing initialized
2023-09-27 10:58:21,528 [FATAL] Updater:308 - Updater called before beeing initialized
2023-09-27 10:58:21,528 [WARN] DetailPanel:346 - Failed to get advertising image, set to default
2023-09-27 10:58:21,528 [FATAL] Updater:308 - Updater called before beeing initialized
2023-09-27 10:58:21,544 [ERROR] Updater:1120 - MainUpdater not yet initialized. External WinMGr cannot be set.
2023-09-27 10:58:21,545 [INFO] Updater:1056 - Updater Version found : 6.9.2
2023-09-27 10:58:21,555 [INFO] ApplicationProperties:184 - Using Application install path: /opt/st/stm32cubeide_1.13.2/plugins/com.st.stm32cube.common.mx_6.9.2.202309101412
2023-09-27 10:58:21,631 [INFO] MainUpdater:2868 - connection check result : 10
2023-09-27 10:58:21,631 [INFO] MainUpdater:285 - Updater Check For Update Now.
2023-09-27 10:58:21,632 [INFO] MicroXplorer:498 - Change Database Version : DB.6.0.92
2023-09-27 10:58:21,634 [INFO] McuFinderGlobals:63 - Set McuFinder mode to 2 (CubeIDE integrated)
2023-09-27 10:58:21,634 [INFO] UserAuth:179 - activating auth plugin
2023-09-27 10:58:21,635 [INFO] UserAuth:393 - Internet connection configuration mode: 1
2023-09-27 10:58:21,641 [INFO] JxBrowserEngine:151 - Initiate JxBrowser Engine with user profile folder
2023-09-27 10:58:21,773 [INFO] CheckServerUpdateThread:120 - End of CheckServer Thread
2023-09-27 10:58:21,978 [INFO] WebApp:157 - Instantiating new browser for Auth
2023-09-27 10:58:22,210 [INFO] WebApp:753 - Register for checkConnection events
2023-09-27 10:58:22,210 [INFO] WebApp:390 - Apply proxy settings
2023-09-27 10:58:22,211 [INFO] WebApp:475 - Chromium requires no authentication
2023-09-27 10:58:22,214 [INFO] WebApp:418 - Direct internet connection detected
2023-09-27 10:58:22,285 [INFO] WebApp:188 - Starting web application
2023-09-27 10:58:22,285 [INFO] WebApp:520 - Web application path used /opt/st/stm32cubeide_1.13.2/plugins/com.st.stm32cube.common.mx_6.9.2.202309101412/db/plugins/mcufinder/reactClient1/index.html
2023-09-27 10:58:23,947 [WARN] PackLoader:240 - Cannot read IP mode file for STMicroelectronics.X-CUBE-AI.8.1.0
2023-09-27 10:58:23,980 [INFO] ThirdParty:978 - Integrity check success = true
2023-09-27 10:58:23,980 [INFO] IntegrityCheckThread:100 - exiting critical section [integrity check]
2023-09-27 10:58:23,980 [INFO] IntegrityCheckThread:103 - End integrity checks thread
2023-09-27 10:58:42,544 [ERROR] LogOutputStream:75 - [STDERR_REDIRECT] SLF4J: Failed to load class "org.slf4j.impl.StaticLoggerBinder".
2023-09-27 10:58:42,545 [ERROR] LogOutputStream:75 - [STDERR_REDIRECT] SLF4J: Defaulting to no-operation (NOP) logger implementation
2023-09-27 10:58:42,545 [ERROR] LogOutputStream:75 - [STDERR_REDIRECT] SLF4J: See http://www.slf4j.org/codes.html#StaticLoggerBinder for further details.
2023-09-27 10:58:53,984 [INFO] McuFinderGlobals:63 - Set McuFinder mode to 2 (CubeIDE integrated)
2023-09-27 10:58:53,989 [INFO] MainUpdater:2868 - connection check result : 10
2023-09-27 10:58:53,992 [INFO] McuFinderGlobals:76 - Set McuFinderConnectedMode to true
2023-09-27 10:58:54,252 [INFO] ServerAccessManage:473 - Download File mcusAds.json._tmp_
2023-09-27 10:58:54,365 [INFO] LoadUrlFilesThread:156 - End of LoadUrlFiles Thread
2023-09-27 10:58:54,555 [INFO] ServerAccessManage:473 - Download File cube-finder-db.zip
2023-09-27 10:58:58,049 [INFO] FileExtend:240 - Unzip File : cube-finder-db.zip
2023-09-27 10:58:58,049 [INFO] FileExtend:255 - Standard Zip Deflate
2023-09-27 10:58:58,550 [INFO] LoadUrlFilesThread:156 - End of LoadUrlFiles Thread
2023-09-27 10:58:58,776 [INFO] ServerAccessManage:473 - Download File crdb.zip
2023-09-27 10:58:59,027 [INFO] FileExtend:240 - Unzip File : crdb.zip
2023-09-27 10:58:59,027 [INFO] FileExtend:255 - Standard Zip Deflate
2023-09-27 10:58:59,139 [INFO] LoadUrlFilesThread:156 - End of LoadUrlFiles Thread
2023-09-27 10:58:59,270 [INFO] ServerAccessManage:473 - Download File tutoVideoDB.zip
2023-09-27 10:58:59,296 [INFO] FileExtend:240 - Unzip File : tutoVideoDB.zip
2023-09-27 10:58:59,296 [INFO] FileExtend:255 - Standard Zip Deflate
2023-09-27 10:58:59,399 [INFO] LoadUrlFilesThread:156 - End of LoadUrlFiles Thread
2023-09-27 10:58:59,400 [WARN] DbFile:41 - Overriding database path with different value: /home/kaan/.stmcufinder/plugins/mcufinder/ => /home/kaan/.stmcufinder/plugins/mcufinder
2023-09-27 10:58:59,528 [INFO] ServerAccessManage:473 - Download File api_config.json
2023-09-27 10:58:59,629 [INFO] LoadUrlFilesThread:156 - End of LoadUrlFiles Thread
2023-09-27 10:58:59,629 [INFO] DbMcusAds:53 - JSON generation date=Tue Mar 07 09:50:55 CET 2023 (1678179055114)
2023-09-27 10:58:59,744 [INFO] ServerAccessManage:473 - Download File 
2023-09-27 10:58:59,777 [INFO] LoadUrlFilesThread:185 - End of LoadServerUrlFiles without Thread
2023-09-27 10:58:59,778 [INFO] TargetSelectorAdapter:259 - Refresh data is successful
2023-09-27 10:58:59,997 [INFO] ApiDb:581 - Connected to CubeFinder SQLite database (/home/kaan/.stmcufinder/plugins/mcufinder/mcu/cube-finder-db.db)
2023-09-27 10:59:00,018 [INFO] ApiDb:668 - CubeFinder database Data Model version=2.1
2023-09-27 10:59:00,019 [INFO] ApiDb:669 - CubeFinder database Configuration version=3.0.37
2023-09-27 10:59:00,019 [INFO] ApiDb:670 - CubeFinder database generation date=2023-08-09 (1691586011)
2023-09-27 10:59:00,019 [INFO] ApiDb:671 - CubeFinder database FW Pack versions=[FP-ATR-ASTRA1_V2.0.0, FP-SNS-FLIGHT1_V5.0.1, FP-SNS-FLIGHT1_V5.0.2, FP-SNS-MOTENV1_V4.3.1, FP-SNS-MOTENV1_V4.3.2, STM32Cube_FW_C0_V1.1.0, STM32Cube_FW_F4_V1.27.1, STM32Cube_FW_F7_V1.17.0, STM32Cube_FW_G0_V1.6.1, STM32Cube_FW_G4_V1.5.1, STM32Cube_FW_H5_V0.5.1, STM32Cube_FW_H5_V1.1.0, STM32Cube_FW_H7_V1.11.0, STM32Cube_FW_L0_V1.12.2, STM32Cube_FW_L5_V1.5.0, STM32Cube_FW_U5_V1.3.0, STM32Cube_FW_U5_V1.3.0RC4, STM32Cube_FW_WBA_V1.0.0RC1, STM32Cube_FW_WBA_V1.1.0, STM32Cube_FW_WBA_V1.1.0RC1, STM32Cube_FW_WB_V1.15.0RC1, STM32Cube_FW_WB_V1.16.0, STM32Cube_FW_WB_V1.16.0RC2, STM32Cube_FW_WB_V1.17.0, STM32Cube_FW_WL_V1.3.0, X-CUBE-ALGOBUILD_V1.3.0, X-CUBE-ALS_V1.0.1, X-CUBE-AZRTOS-F4_V1.1.0, X-CUBE-AZRTOS-F7_V1.1.0, X-CUBE-AZRTOS-G0_V1.1.0, X-CUBE-AZRTOS-G4_V2.0.0, X-CUBE-AZRTOS-H7_V3.1.0, X-CUBE-AZRTOS-L4_V1.0.0, X-CUBE-AZRTOS-L4_V2.0.0, X-CUBE-AZRTOS-L5_V1.1.0, X-CUBE-AZRTOS-WB_V1.1.0, X-CUBE-AZRTOS-WL_V2.0.0, X-CUBE-BLE1_V7.0.0, X-CUBE-BLE2_V3.3.0, X-CUBE-BLEMGR_V2.0.0, X-CUBE-EEPRMA1_V4.1.0, X-CUBE-FREERTOS_V1.1.0, X-CUBE-GNSS1_V6.0.0, X-CUBE-MEMS1_V9.1.0, X-CUBE-MEMS1_V9.4.0, X-CUBE-MEMS1_V9.6.0, X-CUBE-NFC4_V3.0.0, X-CUBE-NFC7_V1.0.0, X-CUBE-SFXS2LP1_V4.0.0, X-CUBE-SUBG2_V5.0.0, X-CUBE-TOF1_V3.3.1]
2023-09-27 10:59:01,225 [INFO] ApiDb:240 - Found 323 in-development CPN: [B-G473E-ZEST1S, B-WB1M-WPAN1, B-WL5M-SUBG1, NUCLEO-C031C6, NUCLEO-H503RB, NUCLEO-H563ZI, NUCLEO-U545RE-Q, NUCLEO-U5A5ZJ-Q, NUCLEO-WBA52CG, STEVAL-PROTEUS1, STEVAL-SMARTAG2, STEVAL-STWINBX1, STM320518-EVAL, STM32C0116-DK, STM32C011D6Y3TR, STM32C011D6Y6TR, STM32C011F4P3, STM32C011F4P6, STM32C011F4U3, STM32C011F4U6TR, STM32C011F6P3, STM32C011F6P6, STM32C011F6U3, STM32C011F6U6TR, STM32C011J4M3, STM32C011J4M6, STM32C011J6M3, STM32C011J6M6, STM32C0316-DK, STM32C031C4T3, STM32C031C4T6, STM32C031C4U3, STM32C031C4U6, STM32C031C6T3, STM32C031C6T6, STM32C031C6U3, STM32C031C6U6, STM32C031F4P3, STM32C031F4P6, STM32C031F6P3, STM32C031F6P6, STM32C031G4U3, STM32C031G4U6, STM32C031G6U3, STM32C031G6U6, STM32C031K4T3, STM32C031K4T6, STM32C031K4U3, STM32C031K4U6, STM32C031K6T3, STM32C031K6T6, STM32C031K6U3, STM32C031K6U6, STM32G071K8TXN, STM32G071K8UXN, STM32G081GBU6N, STM32G081KBT6N, STM32G081KBUXN, STM32G0B1CCT6N, STM32G0B1KCT6, STM32G0B1NEY6TR, STM32G0B1RCT6N, STM32G0C1CCT6, STM32G0C1CCT6N, STM32G0C1CCU6N, STM32G0C1CET6N, STM32G0C1CEU6N, STM32G0C1KCT6, STM32G0C1NEY6TR, STM32G0C1RCI6N, STM32G0C1RCT6N, STM32G0C1REI6N, STM32G0C1RET6N, STM32G0C1VCI6, STM32G0C1VEI6, STM32G471CCT6, STM32G471CCU6, STM32G471CET3, STM32G471CET6, STM32G471CEU3, STM32G471CEU6, STM32G471MCT6, STM32G471MET3, STM32G471MET6, STM32G471MEY6TR, STM32G471QCT6, STM32G471QET3, STM32G471RCT6, STM32G471RET3, STM32G471RET6, STM32G471VCH6, STM32G471VCI6, STM32G471VCT6, STM32G471VEH3, STM32G471VEH6, STM32G471VEI3, STM32G471VEI6, STM32G471VET3, STM32G471VET6, STM32G474CCT6, STM32H503CBT6, STM32H503CBU6, STM32H503EBY6TR, STM32H503KBU6, STM32H503RBT6, STM32H562AGI6, STM32H562AII6, STM32H562IGK6, STM32H562IGT6, STM32H562IIK6, STM32H562IIT6, STM32H562RGT6, STM32H562RGV6, STM32H562RIT6, STM32H562RIV6, STM32H562VGT6, STM32H562VIT6, STM32H562ZGT6, STM32H562ZIT6, STM32H563AGI6, STM32H563AII3Q, STM32H563AII6, STM32H563IGK6, STM32H563IGT6, STM32H563IIK3Q, STM32H563IIK6, STM32H563IIT3Q, STM32H563IIT6, STM32H563MIY3QTR, STM32H563RGT6, STM32H563RGV6, STM32H563RIT6, STM32H563RIV6, STM32H563VGT6, STM32H563VIT3Q, STM32H563VIT6, STM32H563ZGT6, STM32H563ZIT3Q, STM32H563ZIT6, STM32H573AII3Q, STM32H573AII6, STM32H573I-DK, STM32H573IIK3Q, STM32H573IIK6, STM32H573IIT3Q, STM32H573IIT6, STM32H573MIY3QTR, STM32H573RIT6, STM32H573RIV6, STM32H573VIT3Q, STM32H573VIT6, STM32H573ZIT3Q, STM32H573ZIT6, STM32L4R5QGI6STR, STM32MP131AAE3, STM32MP131AAF3, STM32MP131AAG3, STM32MP131CAE3, STM32MP131CAF3, STM32MP131CAG3, STM32MP131DAE7, STM32MP131DAF7, STM32MP131DAG7, STM32MP131FAE7, STM32MP131FAF7, STM32MP131FAG7, STM32MP133AAE3, STM32MP133AAF3, STM32MP133AAG3, STM32MP133CAE3, STM32MP133CAF3, STM32MP133CAG3, STM32MP133DAE7, STM32MP133DAF7, STM32MP133DAG7, STM32MP133FAE7, STM32MP133FAF7, STM32MP133FAG7, STM32MP135AAE3, STM32MP135AAF3, STM32MP135AAG3, STM32MP135CAE3, STM32MP135CAF3, STM32MP135CAG3, STM32MP135DAE7, STM32MP135DAF7, STM32MP135DAG7, STM32MP135F-DK, STM32MP135FAE7, STM32MP135FAF7, STM32MP135FAF7T, STM32MP135FAF7U, STM32MP135FAG7, STM32U535CBT6, STM32U535CBT6Q, STM32U535CBU6, STM32U535CBU6Q, STM32U535CCT6, STM32U535CCT6Q, STM32U535CCU6, STM32U535CCU6Q, STM32U535CET6, STM32U535CET6Q, STM32U535CEU6, STM32U535CEU6Q, STM32U535JEY6QTR, STM32U535NCY6QTR, STM32U535NEY6QTR, STM32U535RBI6, STM32U535RBI6Q, STM32U535RBT6, STM32U535RBT6Q, STM32U535RCI6, STM32U535RCI6Q, STM32U535RCT6, STM32U535RCT6Q, STM32U535REI6, STM32U535REI6Q, STM32U535RET6, STM32U535RET6Q, STM32U535VCI6, STM32U535VCI6Q, STM32U535VCT6, STM32U535VCT6Q, STM32U535VEI6, STM32U535VEI6Q, STM32U535VET6, STM32U535VET6Q, STM32U545CET6, STM32U545CET6Q, STM32U545CEU6, STM32U545CEU6Q, STM32U545JEY6QTR, STM32U545NEY6QTR, STM32U545REI6, STM32U545REI6Q, STM32U545RET6, STM32U545RET6Q, STM32U545VEI6, STM32U545VEI6Q, STM32U545VET6, STM32U545VET6Q, STM32U595AIH6, STM32U595AIH6Q, STM32U595AJH6, STM32U595AJH6Q, STM32U595QII6, STM32U595QII6Q, STM32U595QJI6, STM32U595QJI6Q, STM32U595RIT6, STM32U595RIT6Q, STM32U595RJT6, STM32U595RJT6Q, STM32U595VIT6, STM32U595VIT6Q, STM32U595VJT6, STM32U595VJT6Q, STM32U595ZIT6, STM32U595ZIT6Q, STM32U595ZIY6QTR, STM32U595ZJT6, STM32U595ZJT6Q, STM32U595ZJY6QTR, STM32U599BJY6QTR, STM32U599NIH6Q, STM32U599NJH6Q, STM32U599VIT6Q, STM32U599VJT6, STM32U599VJT6Q, STM32U599ZIT6Q, STM32U599ZIY6QTR, STM32U599ZJT6Q, STM32U599ZJY6QTR, STM32U5A5AJH6, STM32U5A5AJH6Q, STM32U5A5QJI6, STM32U5A5QJI6Q, STM32U5A5RJT6, STM32U5A5RJT6Q, STM32U5A5VJT6, STM32U5A5VJT6Q, STM32U5A5ZJT6, STM32U5A5ZJT6Q, STM32U5A5ZJY6QTR, STM32U5A9BJY6QTR, STM32U5A9J-DK, STM32U5A9NJH6Q, STM32U5A9VJT6Q, STM32U5A9ZJT6Q, STM32U5A9ZJY6QTR, STM32U5F7VIT6, STM32U5F7VIT6Q, STM32U5F7VJT6, STM32U5F7VJT6Q, STM32U5F9BJY6QTR, STM32U5F9NJH6Q, STM32U5F9VIT6Q, STM32U5F9VJT6Q, STM32U5F9ZIJ6QTR, STM32U5F9ZIT6Q, STM32U5F9ZJJ6QTR, STM32U5F9ZJT6Q, STM32U5G7VJT6, STM32U5G7VJT6Q, STM32U5G9BJY6QTR, STM32U5G9J-DK1, STM32U5G9J-DK2, STM32U5G9NJH6Q, STM32U5G9VJT6Q, STM32U5G9ZJJ6QTR, STM32U5G9ZJT6Q, STM32WB1MMCH6, STM32WBA52CEU6, STM32WBA52CEU6T, STM32WBA52CGU6, STM32WBA52CGU6T, STM32WBA52KEU6, STM32WBA52KEU6T, STM32WBA52KGU6, STM32WBA52KGU6T, STM32WL5MOCH6, STM32WL5MOCH6TR]
2023-09-27 10:59:01,229 [INFO] DbMcus:217 - Found 3848 MCUs, 3848 are supported
2023-09-27 10:59:01,229 [INFO] ApiDb:414 - User favorites file not found: /home/kaan/.stm32cubeide/favorites.mcus.txt
2023-09-27 10:59:01,229 [INFO] DbMcus:223 - Set 0 / 0 favorites MCUs
2023-09-27 10:59:01,367 [INFO] ApiDb:668 - CubeFinder database Data Model version=2.1
2023-09-27 10:59:01,367 [INFO] ApiDb:669 - CubeFinder database Configuration version=3.0.37
2023-09-27 10:59:01,367 [INFO] ApiDb:670 - CubeFinder database generation date=2023-08-09 (1691586011)
2023-09-27 10:59:01,367 [INFO] ApiDb:671 - CubeFinder database FW Pack versions=[FP-ATR-ASTRA1_V2.0.0, FP-SNS-FLIGHT1_V5.0.1, FP-SNS-FLIGHT1_V5.0.2, FP-SNS-MOTENV1_V4.3.1, FP-SNS-MOTENV1_V4.3.2, STM32Cube_FW_C0_V1.1.0, STM32Cube_FW_F4_V1.27.1, STM32Cube_FW_F7_V1.17.0, STM32Cube_FW_G0_V1.6.1, STM32Cube_FW_G4_V1.5.1, STM32Cube_FW_H5_V0.5.1, STM32Cube_FW_H5_V1.1.0, STM32Cube_FW_H7_V1.11.0, STM32Cube_FW_L0_V1.12.2, STM32Cube_FW_L5_V1.5.0, STM32Cube_FW_U5_V1.3.0, STM32Cube_FW_U5_V1.3.0RC4, STM32Cube_FW_WBA_V1.0.0RC1, STM32Cube_FW_WBA_V1.1.0, STM32Cube_FW_WBA_V1.1.0RC1, STM32Cube_FW_WB_V1.15.0RC1, STM32Cube_FW_WB_V1.16.0, STM32Cube_FW_WB_V1.16.0RC2, STM32Cube_FW_WB_V1.17.0, STM32Cube_FW_WL_V1.3.0, X-CUBE-ALGOBUILD_V1.3.0, X-CUBE-ALS_V1.0.1, X-CUBE-AZRTOS-F4_V1.1.0, X-CUBE-AZRTOS-F7_V1.1.0, X-CUBE-AZRTOS-G0_V1.1.0, X-CUBE-AZRTOS-G4_V2.0.0, X-CUBE-AZRTOS-H7_V3.1.0, X-CUBE-AZRTOS-L4_V1.0.0, X-CUBE-AZRTOS-L4_V2.0.0, X-CUBE-AZRTOS-L5_V1.1.0, X-CUBE-AZRTOS-WB_V1.1.0, X-CUBE-AZRTOS-WL_V2.0.0, X-CUBE-BLE1_V7.0.0, X-CUBE-BLE2_V3.3.0, X-CUBE-BLEMGR_V2.0.0, X-CUBE-EEPRMA1_V4.1.0, X-CUBE-FREERTOS_V1.1.0, X-CUBE-GNSS1_V6.0.0, X-CUBE-MEMS1_V9.1.0, X-CUBE-MEMS1_V9.4.0, X-CUBE-MEMS1_V9.6.0, X-CUBE-NFC4_V3.0.0, X-CUBE-NFC7_V1.0.0, X-CUBE-SFXS2LP1_V4.0.0, X-CUBE-SUBG2_V5.0.0, X-CUBE-TOF1_V3.3.1]
2023-09-27 10:59:01,395 [INFO] DbBoardsSqlite:226 - include board P-NUCLEO-WB55-NUCLEO as a kit item of type 'Nucleo-64'
2023-09-27 10:59:01,395 [INFO] DbBoardsSqlite:226 - include board P-NUCLEO-WB55-USBDONGLE as a kit item of type 'Nucleo USB Dongle'
2023-09-27 10:59:01,395 [INFO] DbBoardsSqlite:226 - include board STEVAL-IDP005V1 as a kit item of type 'Evaluation Board'
2023-09-27 10:59:01,395 [INFO] DbBoardsSqlite:226 - include board STEVAL-IDP005V2 as a kit item of type 'Evaluation Board'
2023-09-27 10:59:01,410 [INFO] ApiDb:240 - Found 323 in-development CPN: [B-G473E-ZEST1S, B-WB1M-WPAN1, B-WL5M-SUBG1, NUCLEO-C031C6, NUCLEO-H503RB, NUCLEO-H563ZI, NUCLEO-U545RE-Q, NUCLEO-U5A5ZJ-Q, NUCLEO-WBA52CG, STEVAL-PROTEUS1, STEVAL-SMARTAG2, STEVAL-STWINBX1, STM320518-EVAL, STM32C0116-DK, STM32C011D6Y3TR, STM32C011D6Y6TR, STM32C011F4P3, STM32C011F4P6, STM32C011F4U3, STM32C011F4U6TR, STM32C011F6P3, STM32C011F6P6, STM32C011F6U3, STM32C011F6U6TR, STM32C011J4M3, STM32C011J4M6, STM32C011J6M3, STM32C011J6M6, STM32C0316-DK, STM32C031C4T3, STM32C031C4T6, STM32C031C4U3, STM32C031C4U6, STM32C031C6T3, STM32C031C6T6, STM32C031C6U3, STM32C031C6U6, STM32C031F4P3, STM32C031F4P6, STM32C031F6P3, STM32C031F6P6, STM32C031G4U3, STM32C031G4U6, STM32C031G6U3, STM32C031G6U6, STM32C031K4T3, STM32C031K4T6, STM32C031K4U3, STM32C031K4U6, STM32C031K6T3, STM32C031K6T6, STM32C031K6U3, STM32C031K6U6, STM32G071K8TXN, STM32G071K8UXN, STM32G081GBU6N, STM32G081KBT6N, STM32G081KBUXN, STM32G0B1CCT6N, STM32G0B1KCT6, STM32G0B1NEY6TR, STM32G0B1RCT6N, STM32G0C1CCT6, STM32G0C1CCT6N, STM32G0C1CCU6N, STM32G0C1CET6N, STM32G0C1CEU6N, STM32G0C1KCT6, STM32G0C1NEY6TR, STM32G0C1RCI6N, STM32G0C1RCT6N, STM32G0C1REI6N, STM32G0C1RET6N, STM32G0C1VCI6, STM32G0C1VEI6, STM32G471CCT6, STM32G471CCU6, STM32G471CET3, STM32G471CET6, STM32G471CEU3, STM32G471CEU6, STM32G471MCT6, STM32G471MET3, STM32G471MET6, STM32G471MEY6TR, STM32G471QCT6, STM32G471QET3, STM32G471RCT6, STM32G471RET3, STM32G471RET6, STM32G471VCH6, STM32G471VCI6, STM32G471VCT6, STM32G471VEH3, STM32G471VEH6, STM32G471VEI3, STM32G471VEI6, STM32G471VET3, STM32G471VET6, STM32G474CCT6, STM32H503CBT6, STM32H503CBU6, STM32H503EBY6TR, STM32H503KBU6, STM32H503RBT6, STM32H562AGI6, STM32H562AII6, STM32H562IGK6, STM32H562IGT6, STM32H562IIK6, STM32H562IIT6, STM32H562RGT6, STM32H562RGV6, STM32H562RIT6, STM32H562RIV6, STM32H562VGT6, STM32H562VIT6, STM32H562ZGT6, STM32H562ZIT6, STM32H563AGI6, STM32H563AII3Q, STM32H563AII6, STM32H563IGK6, STM32H563IGT6, STM32H563IIK3Q, STM32H563IIK6, STM32H563IIT3Q, STM32H563IIT6, STM32H563MIY3QTR, STM32H563RGT6, STM32H563RGV6, STM32H563RIT6, STM32H563RIV6, STM32H563VGT6, STM32H563VIT3Q, STM32H563VIT6, STM32H563ZGT6, STM32H563ZIT3Q, STM32H563ZIT6, STM32H573AII3Q, STM32H573AII6, STM32H573I-DK, STM32H573IIK3Q, STM32H573IIK6, STM32H573IIT3Q, STM32H573IIT6, STM32H573MIY3QTR, STM32H573RIT6, STM32H573RIV6, STM32H573VIT3Q, STM32H573VIT6, STM32H573ZIT3Q, STM32H573ZIT6, STM32L4R5QGI6STR, STM32MP131AAE3, STM32MP131AAF3, STM32MP131AAG3, STM32MP131CAE3, STM32MP131CAF3, STM32MP131CAG3, STM32MP131DAE7, STM32MP131DAF7, STM32MP131DAG7, STM32MP131FAE7, STM32MP131FAF7, STM32MP131FAG7, STM32MP133AAE3, STM32MP133AAF3, STM32MP133AAG3, STM32MP133CAE3, STM32MP133CAF3, STM32MP133CAG3, STM32MP133DAE7, STM32MP133DAF7, STM32MP133DAG7, STM32MP133FAE7, STM32MP133FAF7, STM32MP133FAG7, STM32MP135AAE3, STM32MP135AAF3, STM32MP135AAG3, STM32MP135CAE3, STM32MP135CAF3, STM32MP135CAG3, STM32MP135DAE7, STM32MP135DAF7, STM32MP135DAG7, STM32MP135F-DK, STM32MP135FAE7, STM32MP135FAF7, STM32MP135FAF7T, STM32MP135FAF7U, STM32MP135FAG7, STM32U535CBT6, STM32U535CBT6Q, STM32U535CBU6, STM32U535CBU6Q, STM32U535CCT6, STM32U535CCT6Q, STM32U535CCU6, STM32U535CCU6Q, STM32U535CET6, STM32U535CET6Q, STM32U535CEU6, STM32U535CEU6Q, STM32U535JEY6QTR, STM32U535NCY6QTR, STM32U535NEY6QTR, STM32U535RBI6, STM32U535RBI6Q, STM32U535RBT6, STM32U535RBT6Q, STM32U535RCI6, STM32U535RCI6Q, STM32U535RCT6, STM32U535RCT6Q, STM32U535REI6, STM32U535REI6Q, STM32U535RET6, STM32U535RET6Q, STM32U535VCI6, STM32U535VCI6Q, STM32U535VCT6, STM32U535VCT6Q, STM32U535VEI6, STM32U535VEI6Q, STM32U535VET6, STM32U535VET6Q, STM32U545CET6, STM32U545CET6Q, STM32U545CEU6, STM32U545CEU6Q, STM32U545JEY6QTR, STM32U545NEY6QTR, STM32U545REI6, STM32U545REI6Q, STM32U545RET6, STM32U545RET6Q, STM32U545VEI6, STM32U545VEI6Q, STM32U545VET6, STM32U545VET6Q, STM32U595AIH6, STM32U595AIH6Q, STM32U595AJH6, STM32U595AJH6Q, STM32U595QII6, STM32U595QII6Q, STM32U595QJI6, STM32U595QJI6Q, STM32U595RIT6, STM32U595RIT6Q, STM32U595RJT6, STM32U595RJT6Q, STM32U595VIT6, STM32U595VIT6Q, STM32U595VJT6, STM32U595VJT6Q, STM32U595ZIT6, STM32U595ZIT6Q, STM32U595ZIY6QTR, STM32U595ZJT6, STM32U595ZJT6Q, STM32U595ZJY6QTR, STM32U599BJY6QTR, STM32U599NIH6Q, STM32U599NJH6Q, STM32U599VIT6Q, STM32U599VJT6, STM32U599VJT6Q, STM32U599ZIT6Q, STM32U599ZIY6QTR, STM32U599ZJT6Q, STM32U599ZJY6QTR, STM32U5A5AJH6, STM32U5A5AJH6Q, STM32U5A5QJI6, STM32U5A5QJI6Q, STM32U5A5RJT6, STM32U5A5RJT6Q, STM32U5A5VJT6, STM32U5A5VJT6Q, STM32U5A5ZJT6, STM32U5A5ZJT6Q, STM32U5A5ZJY6QTR, STM32U5A9BJY6QTR, STM32U5A9J-DK, STM32U5A9NJH6Q, STM32U5A9VJT6Q, STM32U5A9ZJT6Q, STM32U5A9ZJY6QTR, STM32U5F7VIT6, STM32U5F7VIT6Q, STM32U5F7VJT6, STM32U5F7VJT6Q, STM32U5F9BJY6QTR, STM32U5F9NJH6Q, STM32U5F9VIT6Q, STM32U5F9VJT6Q, STM32U5F9ZIJ6QTR, STM32U5F9ZIT6Q, STM32U5F9ZJJ6QTR, STM32U5F9ZJT6Q, STM32U5G7VJT6, STM32U5G7VJT6Q, STM32U5G9BJY6QTR, STM32U5G9J-DK1, STM32U5G9J-DK2, STM32U5G9NJH6Q, STM32U5G9VJT6Q, STM32U5G9ZJJ6QTR, STM32U5G9ZJT6Q, STM32WB1MMCH6, STM32WBA52CEU6, STM32WBA52CEU6T, STM32WBA52CGU6, STM32WBA52CGU6T, STM32WBA52KEU6, STM32WBA52KEU6T, STM32WBA52KGU6, STM32WBA52KGU6T, STM32WL5MOCH6, STM32WL5MOCH6TR]
2023-09-27 10:59:01,459 [INFO] BoardInfo:880 - No configuration file found for board P-NUCLEO-WB55
2023-09-27 10:59:01,459 [INFO] DbBoards:157 - Kit is not supported: P-NUCLEO-WB55
2023-09-27 10:59:01,461 [INFO] BoardInfo:880 - No configuration file found for board STEVAL-BFA001V1B
2023-09-27 10:59:01,461 [INFO] DbBoards:157 - Kit is not supported: STEVAL-BFA001V1B
2023-09-27 10:59:01,462 [INFO] BoardInfo:880 - No configuration file found for board STEVAL-BFA001V2B
2023-09-27 10:59:01,462 [INFO] DbBoards:157 - Kit is not supported: STEVAL-BFA001V2B
2023-09-27 10:59:01,507 [INFO] DbBoards:161 - Found 190 boards, 187 are supported
2023-09-27 10:59:01,509 [INFO] ApiDb:414 - User favorites file not found: /home/kaan/.stm32cubeide/favorites.boards.txt
2023-09-27 10:59:01,509 [INFO] DbBoards:190 - Set 0 / 0 favorites Boards
2023-09-27 10:59:01,511 [INFO] ApiDb:668 - CubeFinder database Data Model version=2.1
2023-09-27 10:59:01,511 [INFO] ApiDb:669 - CubeFinder database Configuration version=3.0.37
2023-09-27 10:59:01,511 [INFO] ApiDb:670 - CubeFinder database generation date=2023-08-09 (1691586011)
2023-09-27 10:59:01,511 [INFO] ApiDb:671 - CubeFinder database FW Pack versions=[FP-ATR-ASTRA1_V2.0.0, FP-SNS-FLIGHT1_V5.0.1, FP-SNS-FLIGHT1_V5.0.2, FP-SNS-MOTENV1_V4.3.1, FP-SNS-MOTENV1_V4.3.2, STM32Cube_FW_C0_V1.1.0, STM32Cube_FW_F4_V1.27.1, STM32Cube_FW_F7_V1.17.0, STM32Cube_FW_G0_V1.6.1, STM32Cube_FW_G4_V1.5.1, STM32Cube_FW_H5_V0.5.1, STM32Cube_FW_H5_V1.1.0, STM32Cube_FW_H7_V1.11.0, STM32Cube_FW_L0_V1.12.2, STM32Cube_FW_L5_V1.5.0, STM32Cube_FW_U5_V1.3.0, STM32Cube_FW_U5_V1.3.0RC4, STM32Cube_FW_WBA_V1.0.0RC1, STM32Cube_FW_WBA_V1.1.0, STM32Cube_FW_WBA_V1.1.0RC1, STM32Cube_FW_WB_V1.15.0RC1, STM32Cube_FW_WB_V1.16.0, STM32Cube_FW_WB_V1.16.0RC2, STM32Cube_FW_WB_V1.17.0, STM32Cube_FW_WL_V1.3.0, X-CUBE-ALGOBUILD_V1.3.0, X-CUBE-ALS_V1.0.1, X-CUBE-AZRTOS-F4_V1.1.0, X-CUBE-AZRTOS-F7_V1.1.0, X-CUBE-AZRTOS-G0_V1.1.0, X-CUBE-AZRTOS-G4_V2.0.0, X-CUBE-AZRTOS-H7_V3.1.0, X-CUBE-AZRTOS-L4_V1.0.0, X-CUBE-AZRTOS-L4_V2.0.0, X-CUBE-AZRTOS-L5_V1.1.0, X-CUBE-AZRTOS-WB_V1.1.0, X-CUBE-AZRTOS-WL_V2.0.0, X-CUBE-BLE1_V7.0.0, X-CUBE-BLE2_V3.3.0, X-CUBE-BLEMGR_V2.0.0, X-CUBE-EEPRMA1_V4.1.0, X-CUBE-FREERTOS_V1.1.0, X-CUBE-GNSS1_V6.0.0, X-CUBE-MEMS1_V9.1.0, X-CUBE-MEMS1_V9.4.0, X-CUBE-MEMS1_V9.6.0, X-CUBE-NFC4_V3.0.0, X-CUBE-NFC7_V1.0.0, X-CUBE-SFXS2LP1_V4.0.0, X-CUBE-SUBG2_V5.0.0, X-CUBE-TOF1_V3.3.1]
2023-09-27 10:59:01,965 [INFO] DbExamplesSqlite:395 - Ignored 27 examples not supported by CubeIDE
2023-09-27 10:59:01,965 [INFO] DbExamplesSqlite:396 - Found 7231 examples active
2023-09-27 10:59:01,965 [INFO] DbExamplesSqlite:397 - Found 677 examples obsolete
2023-09-27 10:59:01,965 [INFO] DbExamplesSqlite:398 - Found 0 examples under development
2023-09-27 10:59:01,965 [INFO] DbExamplesSqlite:399 - Found 74 examples not building
2023-09-27 10:59:01,967 [INFO] DbExamples:125 - Found 7278 examples
2023-09-27 10:59:01,975 [INFO] DbExamples:222 - Found 92 boards with related examples
2023-09-27 10:59:01,976 [INFO] DbExamples:235 - Found 78 MCUs with related examples
2023-09-27 10:59:01,990 [INFO] ApiDb:414 - User favorites file not found: /home/kaan/.stm32cubeide/favorites.examples.txt
2023-09-27 10:59:01,990 [INFO] DbExamples:250 - Set 0 / 0 favorites Examples
2023-09-27 10:59:02,048 [INFO] McuFinderGlobals:76 - Set McuFinderConnectedMode to true
2023-09-27 10:59:02,052 [INFO] MultiScanPanel:200 - Auto-refresh data requested => check proxy status ongoing
2023-09-27 10:59:02,054 [INFO] FinderPluginLoader:95 - Searching for filters in installed packs
2023-09-27 10:59:02,055 [INFO] FinderPluginLoader:108 - Found /home/kaan/STM32Cube/Repository/Packs/STMicroelectronics/X-CUBE-AI/8.1.0/CubeMX/plugins/ip/ai.8.1.0.jar
2023-09-27 10:59:02,055 [INFO] FinderPluginLoader:118 - Loading ai.8.1.0
2023-09-27 10:59:02,093 [INFO] McuExtendedFiltersManager:95 - Add MCU extended filter: Artificial Intelligence
2023-09-27 10:59:02,581 [INFO] AInterface:109 - AInterface using toolDir: /home/kaan/STM32Cube/Repository//Packs/STMicroelectronics/X-CUBE-AI/8.1.0/Utilities/linux
2023-09-27 10:59:02,857 [INFO] LoadUrlFilesThread:185 - End of LoadServerUrlFiles without Thread
2023-09-27 10:59:02,862 [INFO] DetailPanel:341 - Set advertising image to /home/kaan/STM32Cube/Repository//en.prom-stm32h5-mcu-finder.jpg
2023-09-27 10:59:04,904 [INFO] MultiScanPanel:200 - Auto-refresh data requested => check proxy status ongoing
2023-09-27 10:59:04,969 [INFO] LoadUrlFilesThread:185 - End of LoadServerUrlFiles without Thread
2023-09-27 10:59:04,969 [INFO] DetailPanel:341 - Set advertising image to /home/kaan/STM32Cube/Repository//en.prom-stm32h5-mcu-finder.jpg
2023-09-27 10:59:04,978 [INFO] DbBoards:634 - Loading board mini-images...
2023-09-27 10:59:06,596 [ERROR] DbBoards:651 - Image file not found for board STM32U5G9J-DK1: /home/kaan/.stmcufinder/plugins/mcufinder//mcu//boards_images/STM32U5G9J-DK1.jpg
2023-09-27 10:59:06,596 [ERROR] DbBoards:651 - Image file not found for board STM32U5G9J-DK2: /home/kaan/.stmcufinder/plugins/mcufinder//mcu//boards_images/STM32U5G9J-DK2.jpg
2023-09-27 10:59:06,606 [INFO] DbBoards:657 - Loaded 188 board mini-images
2023-09-27 10:59:28,537 [INFO] BoardResultTable:719 - Mark Board NUCLEO-F091RC as favorite
2023-09-27 11:00:49,216 [INFO] McuFinderGlobals:76 - Set McuFinderConnectedMode to true
2023-09-27 11:00:49,220 [INFO] ApiDb:448 - Save user favorites file /home/kaan/.stm32cubeide/favorites.mcus.txt: 0 item(s)
2023-09-27 11:00:49,220 [INFO] ApiDb:452 - User favorites MCUs=[]
2023-09-27 11:00:49,221 [INFO] ApiDb:448 - Save user favorites file /home/kaan/.stm32cubeide/favorites.boards.txt: 1 item(s)
2023-09-27 11:00:49,222 [INFO] ApiDb:452 - User favorites Boards=[NUCLEO-F091RC]
2023-09-27 11:01:50,304 [INFO] LogOutputStream:77 - [STDOUT_REDIRECT] No digest algorithm is available to verify download of osgi.bundle,net.sourceforge.vrapper.eclipse,0.74.0.
2023-09-27 11:02:13,268 [ERROR] LogOutputStream:75 - [STDERR_REDIRECT] 
2023-09-27 11:02:27,843 [INFO] Activator:176 - 


2023-09-27 11:02:27,844 [INFO] Activator:177 - !SESSION log4j initialized
2023-09-27 11:02:30,342 [INFO] LogOutputStream:77 - [STDOUT_REDIRECT] 
2023-09-27 11:02:30,700 [INFO] ApplicationProperties:184 - Using Application install path: /opt/st/stm32cubeide_1.13.2/plugins/com.st.stm32cube.common.mx_6.9.2.202309101412
2023-09-27 11:02:30,720 [INFO] DbMcusXml:78 - Set database path to: /opt/st/stm32cubeide_1.13.2/plugins/com.st.stm32cube.common.mx_6.9.2.202309101412//db//mcu/
2023-09-27 11:02:30,720 [INFO] ApiDb:274 - Set plugin database path to: /opt/st/stm32cubeide_1.13.2/plugins/com.st.stm32cube.common.mx_6.9.2.202309101412//db//plugins/boardmanager/
2023-09-27 11:02:30,720 [WARN] ApiDb:259 - Overriding images path with different value:  => /opt/st/stm32cubeide_1.13.2/plugins/com.st.stm32cube.common.mx_6.9.2.202309101412//db//plugins/mcufinder/images/
2023-09-27 11:02:30,727 [INFO] ApiDb:250 - Set database path to: /home/kaan/.stmcufinder/plugins/mcufinder//mcu/
2023-09-27 11:02:30,728 [INFO] DbMcusAds:125 - Set database path to: /home/kaan/.stmcufinder/plugins/mcufinder//mcu/
2023-09-27 11:02:30,730 [INFO] CrossReferenceDbSqlite:203 - Set database path to: /home/kaan/.stmcufinder/plugins/mcufinder//mcu/cs/
2023-09-27 11:02:30,832 [INFO] RulesReader:64 - Compatibility file has been processed (293 Rules)
2023-09-27 11:02:30,864 [INFO] DbMcusXml:78 - Set database path to: /opt/st/stm32cubeide_1.13.2/plugins/com.st.stm32cube.common.mx_6.9.2.202309101412//db//mcu/
2023-09-27 11:02:30,864 [INFO] ApiDb:274 - Set plugin database path to: /opt/st/stm32cubeide_1.13.2/plugins/com.st.stm32cube.common.mx_6.9.2.202309101412//db//plugins/boardmanager/
2023-09-27 11:02:30,864 [INFO] ApiDb:261 - Set plugin images path to: /opt/st/stm32cubeide_1.13.2/plugins/com.st.stm32cube.common.mx_6.9.2.202309101412//db//plugins/mcufinder/images/
2023-09-27 11:02:30,864 [WARN] DbFile:41 - Overriding database path with different value: /home/kaan/.stmcufinder/plugins/mcufinder/ => /home/kaan/.stmcufinder/plugins/mcufinder
2023-09-27 11:02:30,864 [INFO] ApiDb:250 - Set database path to: /home/kaan/.stmcufinder/plugins/mcufinder//mcu/
2023-09-27 11:02:30,864 [WARN] DbFile:41 - Overriding database path with different value: /home/kaan/.stmcufinder/plugins/mcufinder/ => /home/kaan/.stmcufinder/plugins/mcufinder
2023-09-27 11:02:30,864 [INFO] DbMcusAds:125 - Set database path to: /home/kaan/.stmcufinder/plugins/mcufinder//mcu/
2023-09-27 11:02:30,864 [WARN] DbFile:41 - Overriding database path with different value: /home/kaan/.stmcufinder/plugins/mcufinder/ => /home/kaan/.stmcufinder/plugins/mcufinder
2023-09-27 11:02:30,864 [WARN] DbFile:41 - Overriding database path with different value: /home/kaan/.stmcufinder/plugins/mcufinder/ => /home/kaan/.stmcufinder/plugins/mcufinder
2023-09-27 11:02:30,864 [INFO] CrossReferenceDbSqlite:203 - Set database path to: /home/kaan/.stmcufinder/plugins/mcufinder//mcu/cs/
2023-09-27 11:02:30,896 [INFO] MainPanel:262 - HeapMemory: 268435456
2023-09-27 11:02:30,933 [INFO] DbMcusXml:78 - Set database path to: /opt/st/stm32cubeide_1.13.2/plugins/com.st.stm32cube.common.mx_6.9.2.202309101412//db//mcu/
2023-09-27 11:02:30,933 [INFO] ApiDb:274 - Set plugin database path to: /opt/st/stm32cubeide_1.13.2/plugins/com.st.stm32cube.common.mx_6.9.2.202309101412//db//plugins/boardmanager/
2023-09-27 11:02:30,933 [INFO] ApiDb:261 - Set plugin images path to: /opt/st/stm32cubeide_1.13.2/plugins/com.st.stm32cube.common.mx_6.9.2.202309101412//db//plugins/mcufinder/images/
2023-09-27 11:02:30,934 [WARN] DbFile:41 - Overriding database path with different value: /home/kaan/.stmcufinder/plugins/mcufinder/ => /home/kaan/.stmcufinder/plugins/mcufinder
2023-09-27 11:02:30,934 [INFO] ApiDb:250 - Set database path to: /home/kaan/.stmcufinder/plugins/mcufinder//mcu/
2023-09-27 11:02:30,934 [WARN] DbFile:41 - Overriding database path with different value: /home/kaan/.stmcufinder/plugins/mcufinder/ => /home/kaan/.stmcufinder/plugins/mcufinder
2023-09-27 11:02:30,934 [INFO] DbMcusAds:125 - Set database path to: /home/kaan/.stmcufinder/plugins/mcufinder//mcu/
2023-09-27 11:02:30,934 [WARN] DbFile:41 - Overriding database path with different value: /home/kaan/.stmcufinder/plugins/mcufinder/ => /home/kaan/.stmcufinder/plugins/mcufinder
2023-09-27 11:02:30,934 [WARN] DbFile:41 - Overriding database path with different value: /home/kaan/.stmcufinder/plugins/mcufinder/ => /home/kaan/.stmcufinder/plugins/mcufinder
2023-09-27 11:02:30,934 [INFO] CrossReferenceDbSqlite:203 - Set database path to: /home/kaan/.stmcufinder/plugins/mcufinder//mcu/cs/
2023-09-27 11:02:30,941 [INFO] ApplicationProperties:184 - Using Application install path: /opt/st/stm32cubeide_1.13.2/plugins/com.st.stm32cube.common.mx_6.9.2.202309101412
2023-09-27 11:02:30,942 [INFO] PluginManage:196 - Search for loadable plugins [exclusion list=, ]
2023-09-27 11:02:30,942 [INFO] PluginManage:310 - Check plugin analytics
2023-09-27 11:02:31,015 [INFO] AnalyticsPlugin:253 - Accepted Software Licenses: STM32CubeMX.5.6.1
2023-09-27 11:02:31,015 [INFO] AnalyticsPlugin:255 - Accepted CMSIS Pack Licenses: STMicroelectronics.X-CUBE-AI.8.1.0
2023-09-27 11:02:31,015 [INFO] AnalyticsPlugin:257 - Accepted Firmware Licenses: 
2023-09-27 11:02:31,016 [INFO] PluginManage:359 - Loaded plugin analytics (category:tool,tabindex:-1)
2023-09-27 11:02:31,016 [INFO] PluginManage:310 - Check plugin cadmodel
2023-09-27 11:02:31,028 [INFO] CADModel:105 - Init CAD model plugin
2023-09-27 11:02:31,028 [INFO] PluginManage:359 - Loaded plugin cadmodel (category:power,tabindex:5)
2023-09-27 11:02:31,028 [INFO] PluginManage:310 - Check plugin clock
2023-09-27 11:02:31,032 [INFO] PluginManage:359 - Loaded plugin clock (category:base,tabindex:2)
2023-09-27 11:02:31,032 [INFO] PluginManage:310 - Check plugin ddr
2023-09-27 11:02:31,033 [INFO] PluginManage:359 - Loaded plugin ddr (category:tool,tabindex:6)
2023-09-27 11:02:31,033 [INFO] PluginManage:310 - Check plugin filemanager
2023-09-27 11:02:31,093 [INFO] PluginManage:359 - Loaded plugin filemanager (category:base,tabindex:10)
2023-09-27 11:02:31,093 [INFO] PluginManage:310 - Check plugin ipmanager
2023-09-27 11:02:31,096 [INFO] PluginManage:359 - Loaded plugin ipmanager (category:base,tabindex:5)
2023-09-27 11:02:31,097 [INFO] PluginManage:310 - Check plugin lpbam
2023-09-27 11:02:31,101 [INFO] PluginManage:359 - Loaded plugin lpbam (category:base,tabindex:0)
2023-09-27 11:02:31,101 [INFO] PluginManage:310 - Check plugin memorymap
2023-09-27 11:02:31,105 [INFO] PluginManage:359 - Loaded plugin memorymap (category:base,tabindex:4)
2023-09-27 11:02:31,106 [INFO] PluginManage:310 - Check plugin pinoutandconfiguration
2023-09-27 11:02:31,109 [INFO] PluginManage:359 - Loaded plugin pinoutandconfiguration (category:base,tabindex:1)
2023-09-27 11:02:31,109 [INFO] PluginManage:310 - Check plugin pinoutconfig
2023-09-27 11:02:31,150 [WARN] SupportedApi:132 - Cannot load RTOS API schema: s4s-elt-must-match.1: The content of 'definitions' must match (annotation?, (simpleType | complexType)?, (unique | key | keyref)*)). A problem was found starting at: attribute.
2023-09-27 11:02:31,210 [INFO] PluginManage:359 - Loaded plugin pinoutconfig (category:base,tabindex:0)
2023-09-27 11:02:31,210 [INFO] PluginManage:310 - Check plugin power
2023-09-27 11:02:31,214 [INFO] PluginManage:359 - Loaded plugin power (category:power,tabindex:4)
2023-09-27 11:02:31,214 [INFO] PluginManage:310 - Check plugin projectmanager
2023-09-27 11:02:31,221 [INFO] PluginManage:359 - Loaded plugin projectmanager (category:projectmanager,tabindex:3)
2023-09-27 11:02:31,221 [INFO] PluginManage:310 - Check plugin thirdparty
2023-09-27 11:02:31,272 [INFO] PluginManage:359 - Loaded plugin thirdparty (category:base,tabindex:-1)
2023-09-27 11:02:31,272 [WARN] IntegrityCheckThread:84 - waiting for thirdparty lock release [integrity check]
2023-09-27 11:02:31,272 [INFO] IntegrityCheckThread:86 - entering critical section [integrity check]
2023-09-27 11:02:31,272 [INFO] PluginManage:310 - Check plugin tools
2023-09-27 11:02:31,273 [INFO] ThirdPartyUpdaterWithRetryManager:70 - Updater plugin not ready yet. [1/15]
2023-09-27 11:02:31,273 [INFO] PluginManage:359 - Loaded plugin tools (category:base,tabindex:7)
2023-09-27 11:02:31,273 [INFO] PluginManage:310 - Check plugin tutovideos
2023-09-27 11:02:31,352 [INFO] PluginManage:359 - Loaded plugin tutovideos (category:base,tabindex:-1)
2023-09-27 11:02:31,352 [INFO] PluginManage:310 - Check plugin updater
2023-09-27 11:02:31,357 [INFO] PluginManage:359 - Loaded plugin updater (category:base,tabindex:12)
2023-09-27 11:02:31,357 [INFO] PluginManage:310 - Check plugin userauth
2023-09-27 11:02:31,359 [INFO] UserAuth:113 - Init User Auth plugin
2023-09-27 11:02:31,360 [INFO] PluginManage:359 - Loaded plugin userauth (category:base,tabindex:14)
2023-09-27 11:02:31,360 [INFO] PluginManage:283 - PluginManage : Loaded plugins [17]
2023-09-27 11:02:31,448 [INFO] PinOutPanel:1499 - setPackage(No Configuration,No Configuration)
2023-09-27 11:02:31,490 [INFO] CADModel:165 - CPN selected for project level
2023-09-27 11:02:31,490 [INFO] CADModel:114 - Register for checkConnection events
2023-09-27 11:02:31,495 [INFO] IPUIPlugin:80 - create IPUIPlugin
2023-09-27 11:02:31,495 [INFO] PluginManager:220 - loadIPPluginJar : add dma3
2023-09-27 11:02:31,496 [INFO] IPUIPlugin:80 - create IPUIPlugin
2023-09-27 11:02:31,496 [INFO] PluginManager:220 - loadIPPluginJar : add fatfs
2023-09-27 11:02:31,498 [INFO] IPUIPlugin:80 - create IPUIPlugin
2023-09-27 11:02:31,498 [INFO] PluginManager:220 - loadIPPluginJar : add i3c
2023-09-27 11:02:31,498 [INFO] IPUIPlugin:80 - create IPUIPlugin
2023-09-27 11:02:31,498 [INFO] PluginManager:220 - loadIPPluginJar : add ltdc
2023-09-27 11:02:31,499 [INFO] IPUIPlugin:80 - create IPUIPlugin
2023-09-27 11:02:31,499 [INFO] PluginManager:220 - loadIPPluginJar : add ucpd
2023-09-27 11:02:31,500 [INFO] IPUIPlugin:80 - create IPUIPlugin
2023-09-27 11:02:31,500 [INFO] PluginManager:220 - loadIPPluginJar : add nvic
2023-09-27 11:02:31,501 [INFO] IPUIPlugin:80 - create IPUIPlugin
2023-09-27 11:02:31,501 [INFO] PluginManager:220 - loadIPPluginJar : add can
2023-09-27 11:02:31,502 [INFO] IPUIPlugin:80 - create IPUIPlugin
2023-09-27 11:02:31,502 [INFO] PluginManager:220 - loadIPPluginJar : add hash
2023-09-27 11:02:31,503 [INFO] IPUIPlugin:80 - create IPUIPlugin
2023-09-27 11:02:31,503 [INFO] PluginManager:220 - loadIPPluginJar : add comp
2023-09-27 11:02:31,505 [INFO] IPUIPlugin:80 - create IPUIPlugin
2023-09-27 11:02:31,505 [INFO] PluginManager:220 - loadIPPluginJar : add freertos
2023-09-27 11:02:31,506 [INFO] IPUIPlugin:80 - create IPUIPlugin
2023-09-27 11:02:31,506 [INFO] PluginManager:220 - loadIPPluginJar : add usart
2023-09-27 11:02:31,507 [INFO] IPUIPlugin:80 - create IPUIPlugin
2023-09-27 11:02:31,507 [INFO] PluginManager:220 - loadIPPluginJar : add gtzc
2023-09-27 11:02:31,508 [INFO] IPUIPlugin:80 - create IPUIPlugin
2023-09-27 11:02:31,508 [INFO] PluginManager:220 - loadIPPluginJar : add openamp
2023-09-27 11:02:31,510 [INFO] IPUIPlugin:80 - create IPUIPlugin
2023-09-27 11:02:31,510 [INFO] PluginManager:220 - loadIPPluginJar : add ipddr
2023-09-27 11:02:31,511 [INFO] IPUIPlugin:80 - create IPUIPlugin
2023-09-27 11:02:31,511 [INFO] PluginManager:220 - loadIPPluginJar : add pdm2pcm
2023-09-27 11:02:31,512 [INFO] IPUIPlugin:80 - create IPUIPlugin
2023-09-27 11:02:31,512 [INFO] PluginManager:220 - loadIPPluginJar : add sai
2023-09-27 11:02:31,512 [INFO] IPUIPlugin:80 - create IPUIPlugin
2023-09-27 11:02:31,513 [INFO] PluginManager:220 - loadIPPluginJar : add spi
2023-09-27 11:02:31,513 [INFO] IPUIPlugin:80 - create IPUIPlugin
2023-09-27 11:02:31,513 [INFO] PluginManager:220 - loadIPPluginJar : add cryp
2023-09-27 11:02:31,516 [INFO] IPUIPlugin:80 - create IPUIPlugin
2023-09-27 11:02:31,517 [INFO] PluginManager:220 - loadIPPluginJar : add plateformsettings
2023-09-27 11:02:31,518 [INFO] IPUIPlugin:80 - create IPUIPlugin
2023-09-27 11:02:31,518 [INFO] PluginManager:220 - loadIPPluginJar : add usbx
2023-09-27 11:02:31,518 [INFO] IPUIPlugin:80 - create IPUIPlugin
2023-09-27 11:02:31,519 [INFO] PluginManager:220 - loadIPPluginJar : add i2c
2023-09-27 11:02:31,521 [INFO] IPUIPlugin:80 - create IPUIPlugin
2023-09-27 11:02:31,521 [INFO] PluginManager:220 - loadIPPluginJar : add dma
2023-09-27 11:02:31,521 [INFO] IPUIPlugin:80 - create IPUIPlugin
2023-09-27 11:02:31,522 [INFO] PluginManager:220 - loadIPPluginJar : add tsc
2023-09-27 11:02:31,522 [INFO] IPUIPlugin:80 - create IPUIPlugin
2023-09-27 11:02:31,523 [INFO] PluginManager:220 - loadIPPluginJar : add quadspi
2023-09-27 11:02:31,523 [INFO] IPUIPlugin:80 - create IPUIPlugin
2023-09-27 11:02:31,524 [INFO] PluginManager:220 - loadIPPluginJar : add i2s
2023-09-27 11:02:31,526 [INFO] IPUIPlugin:80 - create IPUIPlugin
2023-09-27 11:02:31,526 [INFO] PluginManager:220 - loadIPPluginJar : add gic
2023-09-27 11:02:31,527 [INFO] IPUIPlugin:80 - create IPUIPlugin
2023-09-27 11:02:31,527 [INFO] PluginManager:220 - loadIPPluginJar : add tracer_emb
2023-09-27 11:02:31,529 [INFO] IPUIPlugin:80 - create IPUIPlugin
2023-09-27 11:02:31,529 [INFO] PluginManager:220 - loadIPPluginJar : add stm32_wpan
2023-09-27 11:02:31,532 [INFO] IPUIPlugin:80 - create IPUIPlugin
2023-09-27 11:02:31,532 [INFO] PluginManager:220 - loadIPPluginJar : add linkedlist
2023-09-27 11:02:31,533 [INFO] IPUIPlugin:80 - create IPUIPlugin
2023-09-27 11:02:31,533 [INFO] PluginManager:220 - loadIPPluginJar : add lorawan
2023-09-27 11:02:31,534 [INFO] IPUIPlugin:80 - create IPUIPlugin
2023-09-27 11:02:31,534 [INFO] PluginManager:220 - loadIPPluginJar : add touchsensing
2023-09-27 11:02:31,536 [INFO] IPUIPlugin:80 - create IPUIPlugin
2023-09-27 11:02:31,536 [INFO] PluginManager:220 - loadIPPluginJar : add adc
2023-09-27 11:02:31,539 [INFO] IPUIPlugin:80 - create IPUIPlugin
2023-09-27 11:02:31,539 [INFO] PluginManager:220 - loadIPPluginJar : add mdma
2023-09-27 11:02:31,540 [INFO] IPUIPlugin:80 - create IPUIPlugin
2023-09-27 11:02:31,540 [INFO] PluginManager:220 - loadIPPluginJar : add fmc
2023-09-27 11:02:31,541 [INFO] IPUIPlugin:80 - create IPUIPlugin
2023-09-27 11:02:31,541 [INFO] PluginManager:220 - loadIPPluginJar : add tim
2023-09-27 11:02:31,541 [INFO] IPUIPlugin:80 - create IPUIPlugin
2023-09-27 11:02:31,541 [INFO] PluginManager:220 - loadIPPluginJar : add gfxmmu
2023-09-27 11:02:31,542 [INFO] IPUIPlugin:80 - create IPUIPlugin
2023-09-27 11:02:31,542 [INFO] PluginManager:220 - loadIPPluginJar : add resmgrutility
2023-09-27 11:02:31,543 [INFO] IPUIPlugin:80 - create IPUIPlugin
2023-09-27 11:02:31,543 [INFO] PluginManager:220 - loadIPPluginJar : add opamp
2023-09-27 11:02:31,544 [INFO] IPUIPlugin:80 - create IPUIPlugin
2023-09-27 11:02:31,544 [INFO] PluginManager:220 - loadIPPluginJar : add aes
2023-09-27 11:02:31,545 [INFO] IPUIPlugin:80 - create IPUIPlugin
2023-09-27 11:02:31,546 [INFO] PluginManager:220 - loadIPPluginJar : add gpio
2023-09-27 11:02:31,546 [INFO] IPUIPlugin:80 - create IPUIPlugin
2023-09-27 11:02:31,546 [INFO] PluginManager:220 - loadIPPluginJar : add dfsdm
2023-09-27 11:02:31,547 [INFO] IPUIPlugin:80 - create IPUIPlugin
2023-09-27 11:02:31,547 [INFO] PluginManager:220 - loadIPPluginJar : add ts
2023-09-27 11:02:31,547 [INFO] IPUIPlugin:80 - create IPUIPlugin
2023-09-27 11:02:31,547 [INFO] PluginManager:220 - loadIPPluginJar : add genericplugin
2023-09-27 11:02:31,636 [INFO] CADModel:165 - CPN selected for project level
2023-09-27 11:02:31,637 [INFO] CADModel:114 - Register for checkConnection events
2023-09-27 11:02:31,637 [FATAL] Updater:308 - Updater called before beeing initialized
2023-09-27 11:02:31,637 [ERROR] CADModel:125 - Updater not yet initialized, retry later 
2023-09-27 11:02:31,737 [INFO] CADModel:165 - CPN selected for project level
2023-09-27 11:02:31,737 [INFO] CADModel:114 - Register for checkConnection events
2023-09-27 11:02:31,737 [FATAL] Updater:308 - Updater called before beeing initialized
2023-09-27 11:02:31,737 [ERROR] CADModel:125 - Updater not yet initialized, retry later 
2023-09-27 11:02:31,739 [FATAL] Updater:308 - Updater called before beeing initialized
2023-09-27 11:02:31,773 [FATAL] Updater:308 - Updater called before beeing initialized
2023-09-27 11:02:31,776 [INFO] DbMcusAds:53 - JSON generation date=Tue Mar 07 09:50:55 CET 2023 (1678179055114)
2023-09-27 11:02:31,776 [FATAL] Updater:308 - Updater called before beeing initialized
2023-09-27 11:02:31,794 [WARN] DetailPanel:346 - Failed to get advertising image, set to default
2023-09-27 11:02:31,843 [FATAL] Updater:308 - Updater called before beeing initialized
2023-09-27 11:02:31,844 [FATAL] Updater:308 - Updater called before beeing initialized
2023-09-27 11:02:31,844 [FATAL] Updater:308 - Updater called before beeing initialized
2023-09-27 11:02:31,844 [WARN] DetailPanel:346 - Failed to get advertising image, set to default
2023-09-27 11:02:31,845 [FATAL] Updater:308 - Updater called before beeing initialized
2023-09-27 11:02:31,859 [ERROR] Updater:1120 - MainUpdater not yet initialized. External WinMGr cannot be set.
2023-09-27 11:02:31,860 [INFO] Updater:1056 - Updater Version found : 6.9.2
2023-09-27 11:02:31,869 [INFO] ApplicationProperties:184 - Using Application install path: /opt/st/stm32cubeide_1.13.2/plugins/com.st.stm32cube.common.mx_6.9.2.202309101412
2023-09-27 11:02:31,945 [INFO] MainUpdater:2868 - connection check result : 10
2023-09-27 11:02:31,946 [INFO] MainUpdater:285 - Updater Check For Update Now.
2023-09-27 11:02:31,946 [INFO] MicroXplorer:498 - Change Database Version : DB.6.0.92
2023-09-27 11:02:31,950 [INFO] McuFinderGlobals:63 - Set McuFinder mode to 2 (CubeIDE integrated)
2023-09-27 11:02:31,950 [INFO] UserAuth:179 - activating auth plugin
2023-09-27 11:02:31,953 [INFO] UserAuth:393 - Internet connection configuration mode: 1
2023-09-27 11:02:31,958 [INFO] JxBrowserEngine:151 - Initiate JxBrowser Engine with user profile folder
2023-09-27 11:02:32,102 [INFO] CheckServerUpdateThread:120 - End of CheckServer Thread
2023-09-27 11:02:32,519 [INFO] WebApp:157 - Instantiating new browser for Auth
2023-09-27 11:02:32,728 [INFO] WebApp:753 - Register for checkConnection events
2023-09-27 11:02:32,728 [INFO] WebApp:390 - Apply proxy settings
2023-09-27 11:02:32,728 [INFO] WebApp:475 - Chromium requires no authentication
2023-09-27 11:02:32,731 [INFO] WebApp:418 - Direct internet connection detected
2023-09-27 11:02:32,795 [INFO] WebApp:188 - Starting web application
2023-09-27 11:02:32,796 [INFO] WebApp:520 - Web application path used /opt/st/stm32cubeide_1.13.2/plugins/com.st.stm32cube.common.mx_6.9.2.202309101412/db/plugins/mcufinder/reactClient1/index.html
2023-09-27 11:02:34,433 [WARN] PackLoader:240 - Cannot read IP mode file for STMicroelectronics.X-CUBE-AI.8.1.0
2023-09-27 11:02:34,467 [INFO] ThirdParty:978 - Integrity check success = true
2023-09-27 11:02:34,467 [INFO] IntegrityCheckThread:100 - exiting critical section [integrity check]
2023-09-27 11:02:34,467 [INFO] IntegrityCheckThread:103 - End integrity checks thread
2023-09-27 11:02:53,191 [ERROR] LogOutputStream:75 - [STDERR_REDIRECT] SLF4J: Failed to load class "org.slf4j.impl.StaticLoggerBinder".
2023-09-27 11:02:53,192 [ERROR] LogOutputStream:75 - [STDERR_REDIRECT] SLF4J: Defaulting to no-operation (NOP) logger implementation
2023-09-27 11:02:53,192 [ERROR] LogOutputStream:75 - [STDERR_REDIRECT] SLF4J: See http://www.slf4j.org/codes.html#StaticLoggerBinder for further details.
2023-09-27 13:24:55,317 [ERROR] LogOutputStream:75 - [STDERR_REDIRECT] 
2023-09-27 13:25:19,718 [INFO] Activator:176 - 


2023-09-27 13:25:19,718 [INFO] Activator:177 - !SESSION log4j initialized
2023-09-27 13:25:22,300 [INFO] LogOutputStream:77 - [STDOUT_REDIRECT] 
2023-09-27 13:25:22,782 [INFO] ApplicationProperties:184 - Using Application install path: /opt/st/stm32cubeide_1.13.2/plugins/com.st.stm32cube.common.mx_6.9.2.202309101412
2023-09-27 13:25:22,791 [INFO] DbMcusXml:78 - Set database path to: /opt/st/stm32cubeide_1.13.2/plugins/com.st.stm32cube.common.mx_6.9.2.202309101412//db//mcu/
2023-09-27 13:25:22,791 [INFO] ApiDb:274 - Set plugin database path to: /opt/st/stm32cubeide_1.13.2/plugins/com.st.stm32cube.common.mx_6.9.2.202309101412//db//plugins/boardmanager/
2023-09-27 13:25:22,791 [WARN] ApiDb:259 - Overriding images path with different value:  => /opt/st/stm32cubeide_1.13.2/plugins/com.st.stm32cube.common.mx_6.9.2.202309101412//db//plugins/mcufinder/images/
2023-09-27 13:25:22,796 [INFO] ApiDb:250 - Set database path to: /home/kaan/.stmcufinder/plugins/mcufinder//mcu/
2023-09-27 13:25:22,796 [INFO] DbMcusAds:125 - Set database path to: /home/kaan/.stmcufinder/plugins/mcufinder//mcu/
2023-09-27 13:25:22,797 [INFO] CrossReferenceDbSqlite:203 - Set database path to: /home/kaan/.stmcufinder/plugins/mcufinder//mcu/cs/
2023-09-27 13:25:22,862 [INFO] RulesReader:64 - Compatibility file has been processed (293 Rules)
2023-09-27 13:25:22,894 [INFO] DbMcusXml:78 - Set database path to: /opt/st/stm32cubeide_1.13.2/plugins/com.st.stm32cube.common.mx_6.9.2.202309101412//db//mcu/
2023-09-27 13:25:22,894 [INFO] ApiDb:274 - Set plugin database path to: /opt/st/stm32cubeide_1.13.2/plugins/com.st.stm32cube.common.mx_6.9.2.202309101412//db//plugins/boardmanager/
2023-09-27 13:25:22,895 [INFO] ApiDb:261 - Set plugin images path to: /opt/st/stm32cubeide_1.13.2/plugins/com.st.stm32cube.common.mx_6.9.2.202309101412//db//plugins/mcufinder/images/
2023-09-27 13:25:22,895 [WARN] DbFile:41 - Overriding database path with different value: /home/kaan/.stmcufinder/plugins/mcufinder/ => /home/kaan/.stmcufinder/plugins/mcufinder
2023-09-27 13:25:22,895 [INFO] ApiDb:250 - Set database path to: /home/kaan/.stmcufinder/plugins/mcufinder//mcu/
2023-09-27 13:25:22,895 [WARN] DbFile:41 - Overriding database path with different value: /home/kaan/.stmcufinder/plugins/mcufinder/ => /home/kaan/.stmcufinder/plugins/mcufinder
2023-09-27 13:25:22,895 [INFO] DbMcusAds:125 - Set database path to: /home/kaan/.stmcufinder/plugins/mcufinder//mcu/
2023-09-27 13:25:22,895 [WARN] DbFile:41 - Overriding database path with different value: /home/kaan/.stmcufinder/plugins/mcufinder/ => /home/kaan/.stmcufinder/plugins/mcufinder
2023-09-27 13:25:22,895 [WARN] DbFile:41 - Overriding database path with different value: /home/kaan/.stmcufinder/plugins/mcufinder/ => /home/kaan/.stmcufinder/plugins/mcufinder
2023-09-27 13:25:22,895 [INFO] CrossReferenceDbSqlite:203 - Set database path to: /home/kaan/.stmcufinder/plugins/mcufinder//mcu/cs/
2023-09-27 13:25:22,931 [INFO] MainPanel:262 - HeapMemory: 268435456
2023-09-27 13:25:22,972 [INFO] DbMcusXml:78 - Set database path to: /opt/st/stm32cubeide_1.13.2/plugins/com.st.stm32cube.common.mx_6.9.2.202309101412//db//mcu/
2023-09-27 13:25:22,973 [INFO] ApiDb:274 - Set plugin database path to: /opt/st/stm32cubeide_1.13.2/plugins/com.st.stm32cube.common.mx_6.9.2.202309101412//db//plugins/boardmanager/
2023-09-27 13:25:22,973 [INFO] ApiDb:261 - Set plugin images path to: /opt/st/stm32cubeide_1.13.2/plugins/com.st.stm32cube.common.mx_6.9.2.202309101412//db//plugins/mcufinder/images/
2023-09-27 13:25:22,973 [WARN] DbFile:41 - Overriding database path with different value: /home/kaan/.stmcufinder/plugins/mcufinder/ => /home/kaan/.stmcufinder/plugins/mcufinder
2023-09-27 13:25:22,973 [INFO] ApiDb:250 - Set database path to: /home/kaan/.stmcufinder/plugins/mcufinder//mcu/
2023-09-27 13:25:22,973 [WARN] DbFile:41 - Overriding database path with different value: /home/kaan/.stmcufinder/plugins/mcufinder/ => /home/kaan/.stmcufinder/plugins/mcufinder
2023-09-27 13:25:22,973 [INFO] DbMcusAds:125 - Set database path to: /home/kaan/.stmcufinder/plugins/mcufinder//mcu/
2023-09-27 13:25:22,973 [WARN] DbFile:41 - Overriding database path with different value: /home/kaan/.stmcufinder/plugins/mcufinder/ => /home/kaan/.stmcufinder/plugins/mcufinder
2023-09-27 13:25:22,973 [WARN] DbFile:41 - Overriding database path with different value: /home/kaan/.stmcufinder/plugins/mcufinder/ => /home/kaan/.stmcufinder/plugins/mcufinder
2023-09-27 13:25:22,973 [INFO] CrossReferenceDbSqlite:203 - Set database path to: /home/kaan/.stmcufinder/plugins/mcufinder//mcu/cs/
2023-09-27 13:25:22,982 [INFO] ApplicationProperties:184 - Using Application install path: /opt/st/stm32cubeide_1.13.2/plugins/com.st.stm32cube.common.mx_6.9.2.202309101412
2023-09-27 13:25:22,983 [INFO] PluginManage:196 - Search for loadable plugins [exclusion list=, ]
2023-09-27 13:25:22,983 [INFO] PluginManage:310 - Check plugin analytics
2023-09-27 13:25:23,061 [INFO] AnalyticsPlugin:253 - Accepted Software Licenses: STM32CubeMX.5.6.1
2023-09-27 13:25:23,061 [INFO] AnalyticsPlugin:255 - Accepted CMSIS Pack Licenses: STMicroelectronics.X-CUBE-AI.8.1.0
2023-09-27 13:25:23,061 [INFO] AnalyticsPlugin:257 - Accepted Firmware Licenses: 
2023-09-27 13:25:23,062 [INFO] PluginManage:359 - Loaded plugin analytics (category:tool,tabindex:-1)
2023-09-27 13:25:23,062 [INFO] PluginManage:310 - Check plugin cadmodel
2023-09-27 13:25:23,077 [INFO] CADModel:105 - Init CAD model plugin
2023-09-27 13:25:23,077 [INFO] PluginManage:359 - Loaded plugin cadmodel (category:power,tabindex:5)
2023-09-27 13:25:23,077 [INFO] PluginManage:310 - Check plugin clock
2023-09-27 13:25:23,082 [INFO] PluginManage:359 - Loaded plugin clock (category:base,tabindex:2)
2023-09-27 13:25:23,082 [INFO] PluginManage:310 - Check plugin ddr
2023-09-27 13:25:23,083 [INFO] PluginManage:359 - Loaded plugin ddr (category:tool,tabindex:6)
2023-09-27 13:25:23,083 [INFO] PluginManage:310 - Check plugin filemanager
2023-09-27 13:25:23,168 [INFO] PluginManage:359 - Loaded plugin filemanager (category:base,tabindex:10)
2023-09-27 13:25:23,168 [INFO] PluginManage:310 - Check plugin ipmanager
2023-09-27 13:25:23,171 [INFO] PluginManage:359 - Loaded plugin ipmanager (category:base,tabindex:5)
2023-09-27 13:25:23,171 [INFO] PluginManage:310 - Check plugin lpbam
2023-09-27 13:25:23,176 [INFO] PluginManage:359 - Loaded plugin lpbam (category:base,tabindex:0)
2023-09-27 13:25:23,176 [INFO] PluginManage:310 - Check plugin memorymap
2023-09-27 13:25:23,182 [INFO] PluginManage:359 - Loaded plugin memorymap (category:base,tabindex:4)
2023-09-27 13:25:23,182 [INFO] PluginManage:310 - Check plugin pinoutandconfiguration
2023-09-27 13:25:23,187 [INFO] PluginManage:359 - Loaded plugin pinoutandconfiguration (category:base,tabindex:1)
2023-09-27 13:25:23,187 [INFO] PluginManage:310 - Check plugin pinoutconfig
2023-09-27 13:25:23,236 [WARN] SupportedApi:132 - Cannot load RTOS API schema: s4s-elt-must-match.1: The content of 'definitions' must match (annotation?, (simpleType | complexType)?, (unique | key | keyref)*)). A problem was found starting at: attribute.
2023-09-27 13:25:23,303 [INFO] PluginManage:359 - Loaded plugin pinoutconfig (category:base,tabindex:0)
2023-09-27 13:25:23,303 [INFO] PluginManage:310 - Check plugin power
2023-09-27 13:25:23,307 [INFO] PluginManage:359 - Loaded plugin power (category:power,tabindex:4)
2023-09-27 13:25:23,307 [INFO] PluginManage:310 - Check plugin projectmanager
2023-09-27 13:25:23,315 [INFO] PluginManage:359 - Loaded plugin projectmanager (category:projectmanager,tabindex:3)
2023-09-27 13:25:23,315 [INFO] PluginManage:310 - Check plugin thirdparty
2023-09-27 13:25:23,367 [INFO] PluginManage:359 - Loaded plugin thirdparty (category:base,tabindex:-1)
2023-09-27 13:25:23,367 [WARN] IntegrityCheckThread:84 - waiting for thirdparty lock release [integrity check]
2023-09-27 13:25:23,367 [INFO] PluginManage:310 - Check plugin tools
2023-09-27 13:25:23,367 [INFO] IntegrityCheckThread:86 - entering critical section [integrity check]
2023-09-27 13:25:23,368 [INFO] ThirdPartyUpdaterWithRetryManager:70 - Updater plugin not ready yet. [1/15]
2023-09-27 13:25:23,369 [INFO] PluginManage:359 - Loaded plugin tools (category:base,tabindex:7)
2023-09-27 13:25:23,369 [INFO] PluginManage:310 - Check plugin tutovideos
2023-09-27 13:25:23,459 [INFO] PluginManage:359 - Loaded plugin tutovideos (category:base,tabindex:-1)
2023-09-27 13:25:23,459 [INFO] PluginManage:310 - Check plugin updater
2023-09-27 13:25:23,465 [INFO] PluginManage:359 - Loaded plugin updater (category:base,tabindex:12)
2023-09-27 13:25:23,465 [INFO] PluginManage:310 - Check plugin userauth
2023-09-27 13:25:23,468 [INFO] UserAuth:113 - Init User Auth plugin
2023-09-27 13:25:23,468 [INFO] PluginManage:359 - Loaded plugin userauth (category:base,tabindex:14)
2023-09-27 13:25:23,468 [INFO] PluginManage:283 - PluginManage : Loaded plugins [17]
2023-09-27 13:25:23,564 [INFO] PinOutPanel:1499 - setPackage(No Configuration,No Configuration)
2023-09-27 13:25:23,607 [INFO] CADModel:165 - CPN selected for project level
2023-09-27 13:25:23,608 [INFO] CADModel:114 - Register for checkConnection events
2023-09-27 13:25:23,614 [INFO] IPUIPlugin:80 - create IPUIPlugin
2023-09-27 13:25:23,614 [INFO] PluginManager:220 - loadIPPluginJar : add dma3
2023-09-27 13:25:23,615 [INFO] IPUIPlugin:80 - create IPUIPlugin
2023-09-27 13:25:23,615 [INFO] PluginManager:220 - loadIPPluginJar : add fatfs
2023-09-27 13:25:23,618 [INFO] IPUIPlugin:80 - create IPUIPlugin
2023-09-27 13:25:23,618 [INFO] PluginManager:220 - loadIPPluginJar : add i3c
2023-09-27 13:25:23,619 [INFO] IPUIPlugin:80 - create IPUIPlugin
2023-09-27 13:25:23,619 [INFO] PluginManager:220 - loadIPPluginJar : add ltdc
2023-09-27 13:25:23,619 [INFO] IPUIPlugin:80 - create IPUIPlugin
2023-09-27 13:25:23,619 [INFO] PluginManager:220 - loadIPPluginJar : add ucpd
2023-09-27 13:25:23,621 [INFO] IPUIPlugin:80 - create IPUIPlugin
2023-09-27 13:25:23,621 [INFO] PluginManager:220 - loadIPPluginJar : add nvic
2023-09-27 13:25:23,622 [INFO] IPUIPlugin:80 - create IPUIPlugin
2023-09-27 13:25:23,622 [INFO] PluginManager:220 - loadIPPluginJar : add can
2023-09-27 13:25:23,623 [INFO] IPUIPlugin:80 - create IPUIPlugin
2023-09-27 13:25:23,623 [INFO] PluginManager:220 - loadIPPluginJar : add hash
2023-09-27 13:25:23,624 [INFO] IPUIPlugin:80 - create IPUIPlugin
2023-09-27 13:25:23,624 [INFO] PluginManager:220 - loadIPPluginJar : add comp
2023-09-27 13:25:23,626 [INFO] IPUIPlugin:80 - create IPUIPlugin
2023-09-27 13:25:23,626 [INFO] PluginManager:220 - loadIPPluginJar : add freertos
2023-09-27 13:25:23,627 [INFO] IPUIPlugin:80 - create IPUIPlugin
2023-09-27 13:25:23,627 [INFO] PluginManager:220 - loadIPPluginJar : add usart
2023-09-27 13:25:23,628 [INFO] IPUIPlugin:80 - create IPUIPlugin
2023-09-27 13:25:23,628 [INFO] PluginManager:220 - loadIPPluginJar : add gtzc
2023-09-27 13:25:23,629 [INFO] IPUIPlugin:80 - create IPUIPlugin
2023-09-27 13:25:23,630 [INFO] PluginManager:220 - loadIPPluginJar : add openamp
2023-09-27 13:25:23,631 [INFO] IPUIPlugin:80 - create IPUIPlugin
2023-09-27 13:25:23,631 [INFO] PluginManager:220 - loadIPPluginJar : add ipddr
2023-09-27 13:25:23,632 [INFO] IPUIPlugin:80 - create IPUIPlugin
2023-09-27 13:25:23,632 [INFO] PluginManager:220 - loadIPPluginJar : add pdm2pcm
2023-09-27 13:25:23,634 [INFO] IPUIPlugin:80 - create IPUIPlugin
2023-09-27 13:25:23,634 [INFO] PluginManager:220 - loadIPPluginJar : add sai
2023-09-27 13:25:23,634 [INFO] IPUIPlugin:80 - create IPUIPlugin
2023-09-27 13:25:23,635 [INFO] PluginManager:220 - loadIPPluginJar : add spi
2023-09-27 13:25:23,635 [INFO] IPUIPlugin:80 - create IPUIPlugin
2023-09-27 13:25:23,636 [INFO] PluginManager:220 - loadIPPluginJar : add cryp
2023-09-27 13:25:23,638 [INFO] IPUIPlugin:80 - create IPUIPlugin
2023-09-27 13:25:23,640 [INFO] PluginManager:220 - loadIPPluginJar : add plateformsettings
2023-09-27 13:25:23,641 [INFO] IPUIPlugin:80 - create IPUIPlugin
2023-09-27 13:25:23,641 [INFO] PluginManager:220 - loadIPPluginJar : add usbx
2023-09-27 13:25:23,642 [INFO] IPUIPlugin:80 - create IPUIPlugin
2023-09-27 13:25:23,642 [INFO] PluginManager:220 - loadIPPluginJar : add i2c
2023-09-27 13:25:23,646 [INFO] IPUIPlugin:80 - create IPUIPlugin
2023-09-27 13:25:23,646 [INFO] PluginManager:220 - loadIPPluginJar : add dma
2023-09-27 13:25:23,646 [INFO] IPUIPlugin:80 - create IPUIPlugin
2023-09-27 13:25:23,646 [INFO] PluginManager:220 - loadIPPluginJar : add tsc
2023-09-27 13:25:23,647 [INFO] IPUIPlugin:80 - create IPUIPlugin
2023-09-27 13:25:23,647 [INFO] PluginManager:220 - loadIPPluginJar : add quadspi
2023-09-27 13:25:23,648 [INFO] IPUIPlugin:80 - create IPUIPlugin
2023-09-27 13:25:23,649 [INFO] PluginManager:220 - loadIPPluginJar : add i2s
2023-09-27 13:25:23,651 [INFO] IPUIPlugin:80 - create IPUIPlugin
2023-09-27 13:25:23,651 [INFO] PluginManager:220 - loadIPPluginJar : add gic
2023-09-27 13:25:23,652 [INFO] IPUIPlugin:80 - create IPUIPlugin
2023-09-27 13:25:23,652 [INFO] PluginManager:220 - loadIPPluginJar : add tracer_emb
2023-09-27 13:25:23,655 [INFO] IPUIPlugin:80 - create IPUIPlugin
2023-09-27 13:25:23,655 [INFO] PluginManager:220 - loadIPPluginJar : add stm32_wpan
2023-09-27 13:25:23,659 [INFO] IPUIPlugin:80 - create IPUIPlugin
2023-09-27 13:25:23,659 [INFO] PluginManager:220 - loadIPPluginJar : add linkedlist
2023-09-27 13:25:23,660 [INFO] IPUIPlugin:80 - create IPUIPlugin
2023-09-27 13:25:23,660 [INFO] PluginManager:220 - loadIPPluginJar : add lorawan
2023-09-27 13:25:23,661 [INFO] IPUIPlugin:80 - create IPUIPlugin
2023-09-27 13:25:23,662 [INFO] PluginManager:220 - loadIPPluginJar : add touchsensing
2023-09-27 13:25:23,665 [INFO] IPUIPlugin:80 - create IPUIPlugin
2023-09-27 13:25:23,665 [INFO] PluginManager:220 - loadIPPluginJar : add adc
2023-09-27 13:25:23,667 [INFO] IPUIPlugin:80 - create IPUIPlugin
2023-09-27 13:25:23,667 [INFO] PluginManager:220 - loadIPPluginJar : add mdma
2023-09-27 13:25:23,669 [INFO] IPUIPlugin:80 - create IPUIPlugin
2023-09-27 13:25:23,669 [INFO] PluginManager:220 - loadIPPluginJar : add fmc
2023-09-27 13:25:23,670 [INFO] IPUIPlugin:80 - create IPUIPlugin
2023-09-27 13:25:23,670 [INFO] PluginManager:220 - loadIPPluginJar : add tim
2023-09-27 13:25:23,671 [INFO] IPUIPlugin:80 - create IPUIPlugin
2023-09-27 13:25:23,671 [INFO] PluginManager:220 - loadIPPluginJar : add gfxmmu
2023-09-27 13:25:23,672 [INFO] IPUIPlugin:80 - create IPUIPlugin
2023-09-27 13:25:23,672 [INFO] PluginManager:220 - loadIPPluginJar : add resmgrutility
2023-09-27 13:25:23,673 [INFO] IPUIPlugin:80 - create IPUIPlugin
2023-09-27 13:25:23,673 [INFO] PluginManager:220 - loadIPPluginJar : add opamp
2023-09-27 13:25:23,674 [INFO] IPUIPlugin:80 - create IPUIPlugin
2023-09-27 13:25:23,674 [INFO] PluginManager:220 - loadIPPluginJar : add aes
2023-09-27 13:25:23,676 [INFO] IPUIPlugin:80 - create IPUIPlugin
2023-09-27 13:25:23,676 [INFO] PluginManager:220 - loadIPPluginJar : add gpio
2023-09-27 13:25:23,677 [INFO] IPUIPlugin:80 - create IPUIPlugin
2023-09-27 13:25:23,677 [INFO] PluginManager:220 - loadIPPluginJar : add dfsdm
2023-09-27 13:25:23,678 [INFO] IPUIPlugin:80 - create IPUIPlugin
2023-09-27 13:25:23,678 [INFO] PluginManager:220 - loadIPPluginJar : add ts
2023-09-27 13:25:23,678 [INFO] IPUIPlugin:80 - create IPUIPlugin
2023-09-27 13:25:23,679 [INFO] PluginManager:220 - loadIPPluginJar : add genericplugin
2023-09-27 13:25:23,769 [INFO] CADModel:165 - CPN selected for project level
2023-09-27 13:25:23,769 [INFO] CADModel:114 - Register for checkConnection events
2023-09-27 13:25:23,769 [FATAL] Updater:308 - Updater called before beeing initialized
2023-09-27 13:25:23,769 [ERROR] CADModel:125 - Updater not yet initialized, retry later 
2023-09-27 13:25:23,835 [INFO] CADModel:165 - CPN selected for project level
2023-09-27 13:25:23,835 [INFO] CADModel:114 - Register for checkConnection events
2023-09-27 13:25:23,835 [FATAL] Updater:308 - Updater called before beeing initialized
2023-09-27 13:25:23,835 [ERROR] CADModel:125 - Updater not yet initialized, retry later 
2023-09-27 13:25:23,837 [FATAL] Updater:308 - Updater called before beeing initialized
2023-09-27 13:25:23,881 [FATAL] Updater:308 - Updater called before beeing initialized
2023-09-27 13:25:23,884 [INFO] DbMcusAds:53 - JSON generation date=Tue Mar 07 09:50:55 CET 2023 (1678179055114)
2023-09-27 13:25:23,884 [FATAL] Updater:308 - Updater called before beeing initialized
2023-09-27 13:25:23,903 [WARN] DetailPanel:346 - Failed to get advertising image, set to default
2023-09-27 13:25:23,958 [FATAL] Updater:308 - Updater called before beeing initialized
2023-09-27 13:25:23,959 [FATAL] Updater:308 - Updater called before beeing initialized
2023-09-27 13:25:23,960 [FATAL] Updater:308 - Updater called before beeing initialized
2023-09-27 13:25:23,960 [WARN] DetailPanel:346 - Failed to get advertising image, set to default
2023-09-27 13:25:23,960 [FATAL] Updater:308 - Updater called before beeing initialized
2023-09-27 13:25:23,979 [ERROR] Updater:1120 - MainUpdater not yet initialized. External WinMGr cannot be set.
2023-09-27 13:25:23,981 [INFO] Updater:1056 - Updater Version found : 6.9.2
2023-09-27 13:25:23,995 [INFO] ApplicationProperties:184 - Using Application install path: /opt/st/stm32cubeide_1.13.2/plugins/com.st.stm32cube.common.mx_6.9.2.202309101412
2023-09-27 13:25:24,144 [INFO] MainUpdater:2868 - connection check result : 10
2023-09-27 13:25:24,144 [INFO] MainUpdater:285 - Updater Check For Update Now.
2023-09-27 13:25:24,144 [INFO] MicroXplorer:498 - Change Database Version : DB.6.0.92
2023-09-27 13:25:24,147 [INFO] McuFinderGlobals:63 - Set McuFinder mode to 2 (CubeIDE integrated)
2023-09-27 13:25:24,147 [INFO] UserAuth:179 - activating auth plugin
2023-09-27 13:25:24,149 [INFO] UserAuth:393 - Internet connection configuration mode: 1
2023-09-27 13:25:24,157 [INFO] JxBrowserEngine:151 - Initiate JxBrowser Engine with user profile folder
2023-09-27 13:25:24,276 [INFO] CheckServerUpdateThread:120 - End of CheckServer Thread
2023-09-27 13:25:24,463 [INFO] WebApp:157 - Instantiating new browser for Auth
2023-09-27 13:25:24,704 [INFO] WebApp:753 - Register for checkConnection events
2023-09-27 13:25:24,704 [INFO] WebApp:390 - Apply proxy settings
2023-09-27 13:25:24,704 [INFO] WebApp:475 - Chromium requires no authentication
2023-09-27 13:25:24,707 [INFO] WebApp:418 - Direct internet connection detected
2023-09-27 13:25:24,773 [INFO] WebApp:188 - Starting web application
2023-09-27 13:25:24,773 [INFO] WebApp:520 - Web application path used /opt/st/stm32cubeide_1.13.2/plugins/com.st.stm32cube.common.mx_6.9.2.202309101412/db/plugins/mcufinder/reactClient1/index.html
2023-09-27 13:25:26,523 [WARN] PackLoader:240 - Cannot read IP mode file for STMicroelectronics.X-CUBE-AI.8.1.0
2023-09-27 13:25:26,570 [INFO] ThirdParty:978 - Integrity check success = true
2023-09-27 13:25:26,570 [INFO] IntegrityCheckThread:100 - exiting critical section [integrity check]
2023-09-27 13:25:26,570 [INFO] IntegrityCheckThread:103 - End integrity checks thread
2023-09-27 13:25:45,337 [ERROR] LogOutputStream:75 - [STDERR_REDIRECT] SLF4J: Failed to load class "org.slf4j.impl.StaticLoggerBinder".
2023-09-27 13:25:45,338 [ERROR] LogOutputStream:75 - [STDERR_REDIRECT] SLF4J: Defaulting to no-operation (NOP) logger implementation
2023-09-27 13:25:45,338 [ERROR] LogOutputStream:75 - [STDERR_REDIRECT] SLF4J: See http://www.slf4j.org/codes.html#StaticLoggerBinder for further details.
2023-09-27 14:21:43,259 [ERROR] LogOutputStream:75 - [STDERR_REDIRECT] 
