2023-10-22 22:48:58,206 [INFO] Activator:176 - 


2023-10-22 22:48:58,209 [INFO] Activator:177 - !SESSION log4j initialized
2023-10-22 22:49:00,934 [INFO] LogOutputStream:77 - [STDOUT_REDIRECT] 
2023-10-22 22:49:01,329 [INFO] ApplicationProperties:184 - Using Application install path: /opt/st/stm32cubeide_1.13.2/plugins/com.st.stm32cube.common.mx_6.9.2.202309101412
2023-10-22 22:49:01,342 [INFO] DbMcusXml:78 - Set database path to: /opt/st/stm32cubeide_1.13.2/plugins/com.st.stm32cube.common.mx_6.9.2.202309101412//db//mcu/
2023-10-22 22:49:01,342 [INFO] ApiDb:274 - Set plugin database path to: /opt/st/stm32cubeide_1.13.2/plugins/com.st.stm32cube.common.mx_6.9.2.202309101412//db//plugins/boardmanager/
2023-10-22 22:49:01,343 [WARN] ApiDb:259 - Overriding images path with different value:  => /opt/st/stm32cubeide_1.13.2/plugins/com.st.stm32cube.common.mx_6.9.2.202309101412//db//plugins/mcufinder/images/
2023-10-22 22:49:01,351 [INFO] ApiDb:250 - Set database path to: /home/kaan/.stmcufinder/plugins/mcufinder//mcu/
2023-10-22 22:49:01,352 [INFO] DbMcusAds:125 - Set database path to: /home/kaan/.stmcufinder/plugins/mcufinder//mcu/
2023-10-22 22:49:01,354 [INFO] CrossReferenceDbSqlite:203 - Set database path to: /home/kaan/.stmcufinder/plugins/mcufinder//mcu/cs/
2023-10-22 22:49:01,420 [INFO] RulesReader:64 - Compatibility file has been processed (293 Rules)
2023-10-22 22:49:01,462 [INFO] DbMcusXml:78 - Set database path to: /opt/st/stm32cubeide_1.13.2/plugins/com.st.stm32cube.common.mx_6.9.2.202309101412//db//mcu/
2023-10-22 22:49:01,462 [INFO] ApiDb:274 - Set plugin database path to: /opt/st/stm32cubeide_1.13.2/plugins/com.st.stm32cube.common.mx_6.9.2.202309101412//db//plugins/boardmanager/
2023-10-22 22:49:01,462 [INFO] ApiDb:261 - Set plugin images path to: /opt/st/stm32cubeide_1.13.2/plugins/com.st.stm32cube.common.mx_6.9.2.202309101412//db//plugins/mcufinder/images/
2023-10-22 22:49:01,462 [WARN] DbFile:41 - Overriding database path with different value: /home/kaan/.stmcufinder/plugins/mcufinder/ => /home/kaan/.stmcufinder/plugins/mcufinder
2023-10-22 22:49:01,462 [INFO] ApiDb:250 - Set database path to: /home/kaan/.stmcufinder/plugins/mcufinder//mcu/
2023-10-22 22:49:01,462 [WARN] DbFile:41 - Overriding database path with different value: /home/kaan/.stmcufinder/plugins/mcufinder/ => /home/kaan/.stmcufinder/plugins/mcufinder
2023-10-22 22:49:01,462 [INFO] DbMcusAds:125 - Set database path to: /home/kaan/.stmcufinder/plugins/mcufinder//mcu/
2023-10-22 22:49:01,463 [WARN] DbFile:41 - Overriding database path with different value: /home/kaan/.stmcufinder/plugins/mcufinder/ => /home/kaan/.stmcufinder/plugins/mcufinder
2023-10-22 22:49:01,463 [WARN] DbFile:41 - Overriding database path with different value: /home/kaan/.stmcufinder/plugins/mcufinder/ => /home/kaan/.stmcufinder/plugins/mcufinder
2023-10-22 22:49:01,463 [INFO] CrossReferenceDbSqlite:203 - Set database path to: /home/kaan/.stmcufinder/plugins/mcufinder//mcu/cs/
2023-10-22 22:49:01,512 [INFO] MainPanel:262 - HeapMemory: 268435456
2023-10-22 22:49:01,583 [INFO] DbMcusXml:78 - Set database path to: /opt/st/stm32cubeide_1.13.2/plugins/com.st.stm32cube.common.mx_6.9.2.202309101412//db//mcu/
2023-10-22 22:49:01,583 [INFO] ApiDb:274 - Set plugin database path to: /opt/st/stm32cubeide_1.13.2/plugins/com.st.stm32cube.common.mx_6.9.2.202309101412//db//plugins/boardmanager/
2023-10-22 22:49:01,583 [INFO] ApiDb:261 - Set plugin images path to: /opt/st/stm32cubeide_1.13.2/plugins/com.st.stm32cube.common.mx_6.9.2.202309101412//db//plugins/mcufinder/images/
2023-10-22 22:49:01,583 [WARN] DbFile:41 - Overriding database path with different value: /home/kaan/.stmcufinder/plugins/mcufinder/ => /home/kaan/.stmcufinder/plugins/mcufinder
2023-10-22 22:49:01,583 [INFO] ApiDb:250 - Set database path to: /home/kaan/.stmcufinder/plugins/mcufinder//mcu/
2023-10-22 22:49:01,583 [WARN] DbFile:41 - Overriding database path with different value: /home/kaan/.stmcufinder/plugins/mcufinder/ => /home/kaan/.stmcufinder/plugins/mcufinder
2023-10-22 22:49:01,583 [INFO] DbMcusAds:125 - Set database path to: /home/kaan/.stmcufinder/plugins/mcufinder//mcu/
2023-10-22 22:49:01,583 [WARN] DbFile:41 - Overriding database path with different value: /home/kaan/.stmcufinder/plugins/mcufinder/ => /home/kaan/.stmcufinder/plugins/mcufinder
2023-10-22 22:49:01,583 [WARN] DbFile:41 - Overriding database path with different value: /home/kaan/.stmcufinder/plugins/mcufinder/ => /home/kaan/.stmcufinder/plugins/mcufinder
2023-10-22 22:49:01,583 [INFO] CrossReferenceDbSqlite:203 - Set database path to: /home/kaan/.stmcufinder/plugins/mcufinder//mcu/cs/
2023-10-22 22:49:01,594 [INFO] ApplicationProperties:184 - Using Application install path: /opt/st/stm32cubeide_1.13.2/plugins/com.st.stm32cube.common.mx_6.9.2.202309101412
2023-10-22 22:49:01,595 [INFO] PluginManage:196 - Search for loadable plugins [exclusion list=, ]
2023-10-22 22:49:01,596 [INFO] PluginManage:310 - Check plugin analytics
2023-10-22 22:49:01,686 [INFO] AnalyticsPlugin:253 - Accepted Software Licenses: STM32CubeMX.5.6.1
2023-10-22 22:49:01,686 [INFO] AnalyticsPlugin:255 - Accepted CMSIS Pack Licenses: STMicroelectronics.X-CUBE-AI.8.1.0
2023-10-22 22:49:01,686 [INFO] AnalyticsPlugin:257 - Accepted Firmware Licenses: 
2023-10-22 22:49:01,687 [INFO] PluginManage:359 - Loaded plugin analytics (category:tool,tabindex:-1)
2023-10-22 22:49:01,688 [INFO] PluginManage:310 - Check plugin cadmodel
2023-10-22 22:49:01,740 [INFO] CADModel:105 - Init CAD model plugin
2023-10-22 22:49:01,741 [INFO] PluginManage:359 - Loaded plugin cadmodel (category:power,tabindex:5)
2023-10-22 22:49:01,741 [INFO] PluginManage:310 - Check plugin clock
2023-10-22 22:49:01,750 [INFO] PluginManage:359 - Loaded plugin clock (category:base,tabindex:2)
2023-10-22 22:49:01,750 [INFO] PluginManage:310 - Check plugin ddr
2023-10-22 22:49:01,752 [INFO] PluginManage:359 - Loaded plugin ddr (category:tool,tabindex:6)
2023-10-22 22:49:01,752 [INFO] PluginManage:310 - Check plugin filemanager
2023-10-22 22:49:01,844 [INFO] PluginManage:359 - Loaded plugin filemanager (category:base,tabindex:10)
2023-10-22 22:49:01,844 [INFO] PluginManage:310 - Check plugin ipmanager
2023-10-22 22:49:01,848 [INFO] PluginManage:359 - Loaded plugin ipmanager (category:base,tabindex:5)
2023-10-22 22:49:01,848 [INFO] PluginManage:310 - Check plugin lpbam
2023-10-22 22:49:01,854 [INFO] PluginManage:359 - Loaded plugin lpbam (category:base,tabindex:0)
2023-10-22 22:49:01,854 [INFO] PluginManage:310 - Check plugin memorymap
2023-10-22 22:49:01,862 [INFO] PluginManage:359 - Loaded plugin memorymap (category:base,tabindex:4)
2023-10-22 22:49:01,862 [INFO] PluginManage:310 - Check plugin pinoutandconfiguration
2023-10-22 22:49:01,866 [INFO] PluginManage:359 - Loaded plugin pinoutandconfiguration (category:base,tabindex:1)
2023-10-22 22:49:01,867 [INFO] PluginManage:310 - Check plugin pinoutconfig
2023-10-22 22:49:01,913 [WARN] SupportedApi:132 - Cannot load RTOS API schema: s4s-elt-must-match.1: The content of 'definitions' must match (annotation?, (simpleType | complexType)?, (unique | key | keyref)*)). A problem was found starting at: attribute.
2023-10-22 22:49:01,991 [INFO] PluginManage:359 - Loaded plugin pinoutconfig (category:base,tabindex:0)
2023-10-22 22:49:01,991 [INFO] PluginManage:310 - Check plugin power
2023-10-22 22:49:02,000 [INFO] PluginManage:359 - Loaded plugin power (category:power,tabindex:4)
2023-10-22 22:49:02,000 [INFO] PluginManage:310 - Check plugin projectmanager
2023-10-22 22:49:02,008 [INFO] PluginManage:359 - Loaded plugin projectmanager (category:projectmanager,tabindex:3)
2023-10-22 22:49:02,009 [INFO] PluginManage:310 - Check plugin thirdparty
2023-10-22 22:49:02,078 [WARN] IntegrityCheckThread:84 - waiting for thirdparty lock release [integrity check]
2023-10-22 22:49:02,079 [INFO] PluginManage:359 - Loaded plugin thirdparty (category:base,tabindex:-1)
2023-10-22 22:49:02,079 [INFO] IntegrityCheckThread:86 - entering critical section [integrity check]
2023-10-22 22:49:02,079 [INFO] PluginManage:310 - Check plugin tools
2023-10-22 22:49:02,079 [INFO] ThirdPartyUpdaterWithRetryManager:70 - Updater plugin not ready yet. [1/15]
2023-10-22 22:49:02,081 [INFO] PluginManage:359 - Loaded plugin tools (category:base,tabindex:7)
2023-10-22 22:49:02,081 [INFO] PluginManage:310 - Check plugin tutovideos
2023-10-22 22:49:02,182 [INFO] PluginManage:359 - Loaded plugin tutovideos (category:base,tabindex:-1)
2023-10-22 22:49:02,182 [INFO] PluginManage:310 - Check plugin updater
2023-10-22 22:49:02,190 [INFO] PluginManage:359 - Loaded plugin updater (category:base,tabindex:12)
2023-10-22 22:49:02,190 [INFO] PluginManage:310 - Check plugin userauth
2023-10-22 22:49:02,194 [INFO] UserAuth:113 - Init User Auth plugin
2023-10-22 22:49:02,194 [INFO] PluginManage:359 - Loaded plugin userauth (category:base,tabindex:14)
2023-10-22 22:49:02,195 [INFO] PluginManage:283 - PluginManage : Loaded plugins [17]
2023-10-22 22:49:02,308 [INFO] PinOutPanel:1499 - setPackage(No Configuration,No Configuration)
2023-10-22 22:49:02,357 [INFO] CADModel:165 - CPN selected for project level
2023-10-22 22:49:02,357 [INFO] CADModel:114 - Register for checkConnection events
2023-10-22 22:49:02,364 [INFO] IPUIPlugin:80 - create IPUIPlugin
2023-10-22 22:49:02,364 [INFO] PluginManager:220 - loadIPPluginJar : add dma3
2023-10-22 22:49:02,365 [INFO] IPUIPlugin:80 - create IPUIPlugin
2023-10-22 22:49:02,365 [INFO] PluginManager:220 - loadIPPluginJar : add fatfs
2023-10-22 22:49:02,369 [INFO] IPUIPlugin:80 - create IPUIPlugin
2023-10-22 22:49:02,369 [INFO] PluginManager:220 - loadIPPluginJar : add i3c
2023-10-22 22:49:02,370 [INFO] IPUIPlugin:80 - create IPUIPlugin
2023-10-22 22:49:02,370 [INFO] PluginManager:220 - loadIPPluginJar : add ltdc
2023-10-22 22:49:02,371 [INFO] IPUIPlugin:80 - create IPUIPlugin
2023-10-22 22:49:02,371 [INFO] PluginManager:220 - loadIPPluginJar : add ucpd
2023-10-22 22:49:02,374 [INFO] IPUIPlugin:80 - create IPUIPlugin
2023-10-22 22:49:02,374 [INFO] PluginManager:220 - loadIPPluginJar : add nvic
2023-10-22 22:49:02,375 [INFO] IPUIPlugin:80 - create IPUIPlugin
2023-10-22 22:49:02,375 [INFO] PluginManager:220 - loadIPPluginJar : add can
2023-10-22 22:49:02,376 [INFO] IPUIPlugin:80 - create IPUIPlugin
2023-10-22 22:49:02,376 [INFO] PluginManager:220 - loadIPPluginJar : add hash
2023-10-22 22:49:02,377 [INFO] IPUIPlugin:80 - create IPUIPlugin
2023-10-22 22:49:02,377 [INFO] PluginManager:220 - loadIPPluginJar : add comp
2023-10-22 22:49:02,381 [INFO] IPUIPlugin:80 - create IPUIPlugin
2023-10-22 22:49:02,381 [INFO] PluginManager:220 - loadIPPluginJar : add freertos
2023-10-22 22:49:02,382 [INFO] IPUIPlugin:80 - create IPUIPlugin
2023-10-22 22:49:02,382 [INFO] PluginManager:220 - loadIPPluginJar : add usart
2023-10-22 22:49:02,384 [INFO] IPUIPlugin:80 - create IPUIPlugin
2023-10-22 22:49:02,384 [INFO] PluginManager:220 - loadIPPluginJar : add gtzc
2023-10-22 22:49:02,386 [INFO] IPUIPlugin:80 - create IPUIPlugin
2023-10-22 22:49:02,386 [INFO] PluginManager:220 - loadIPPluginJar : add openamp
2023-10-22 22:49:02,388 [INFO] IPUIPlugin:80 - create IPUIPlugin
2023-10-22 22:49:02,388 [INFO] PluginManager:220 - loadIPPluginJar : add ipddr
2023-10-22 22:49:02,390 [INFO] IPUIPlugin:80 - create IPUIPlugin
2023-10-22 22:49:02,390 [INFO] PluginManager:220 - loadIPPluginJar : add pdm2pcm
2023-10-22 22:49:02,391 [INFO] IPUIPlugin:80 - create IPUIPlugin
2023-10-22 22:49:02,391 [INFO] PluginManager:220 - loadIPPluginJar : add sai
2023-10-22 22:49:02,392 [INFO] IPUIPlugin:80 - create IPUIPlugin
2023-10-22 22:49:02,392 [INFO] PluginManager:220 - loadIPPluginJar : add spi
2023-10-22 22:49:02,393 [INFO] IPUIPlugin:80 - create IPUIPlugin
2023-10-22 22:49:02,393 [INFO] PluginManager:220 - loadIPPluginJar : add cryp
2023-10-22 22:49:02,397 [INFO] IPUIPlugin:80 - create IPUIPlugin
2023-10-22 22:49:02,399 [INFO] PluginManager:220 - loadIPPluginJar : add plateformsettings
2023-10-22 22:49:02,400 [INFO] IPUIPlugin:80 - create IPUIPlugin
2023-10-22 22:49:02,400 [INFO] PluginManager:220 - loadIPPluginJar : add usbx
2023-10-22 22:49:02,402 [INFO] IPUIPlugin:80 - create IPUIPlugin
2023-10-22 22:49:02,402 [INFO] PluginManager:220 - loadIPPluginJar : add i2c
2023-10-22 22:49:02,406 [INFO] IPUIPlugin:80 - create IPUIPlugin
2023-10-22 22:49:02,406 [INFO] PluginManager:220 - loadIPPluginJar : add dma
2023-10-22 22:49:02,407 [INFO] IPUIPlugin:80 - create IPUIPlugin
2023-10-22 22:49:02,407 [INFO] PluginManager:220 - loadIPPluginJar : add tsc
2023-10-22 22:49:02,408 [INFO] IPUIPlugin:80 - create IPUIPlugin
2023-10-22 22:49:02,408 [INFO] PluginManager:220 - loadIPPluginJar : add quadspi
2023-10-22 22:49:02,409 [INFO] IPUIPlugin:80 - create IPUIPlugin
2023-10-22 22:49:02,410 [INFO] PluginManager:220 - loadIPPluginJar : add i2s
2023-10-22 22:49:02,412 [INFO] IPUIPlugin:80 - create IPUIPlugin
2023-10-22 22:49:02,412 [INFO] PluginManager:220 - loadIPPluginJar : add gic
2023-10-22 22:49:02,413 [INFO] IPUIPlugin:80 - create IPUIPlugin
2023-10-22 22:49:02,413 [INFO] PluginManager:220 - loadIPPluginJar : add tracer_emb
2023-10-22 22:49:02,417 [INFO] IPUIPlugin:80 - create IPUIPlugin
2023-10-22 22:49:02,417 [INFO] PluginManager:220 - loadIPPluginJar : add stm32_wpan
2023-10-22 22:49:02,422 [INFO] IPUIPlugin:80 - create IPUIPlugin
2023-10-22 22:49:02,422 [INFO] PluginManager:220 - loadIPPluginJar : add linkedlist
2023-10-22 22:49:02,423 [INFO] IPUIPlugin:80 - create IPUIPlugin
2023-10-22 22:49:02,423 [INFO] PluginManager:220 - loadIPPluginJar : add lorawan
2023-10-22 22:49:02,424 [INFO] IPUIPlugin:80 - create IPUIPlugin
2023-10-22 22:49:02,425 [INFO] PluginManager:220 - loadIPPluginJar : add touchsensing
2023-10-22 22:49:02,428 [INFO] IPUIPlugin:80 - create IPUIPlugin
2023-10-22 22:49:02,428 [INFO] PluginManager:220 - loadIPPluginJar : add adc
2023-10-22 22:49:02,432 [INFO] IPUIPlugin:80 - create IPUIPlugin
2023-10-22 22:49:02,432 [INFO] PluginManager:220 - loadIPPluginJar : add mdma
2023-10-22 22:49:02,435 [INFO] IPUIPlugin:80 - create IPUIPlugin
2023-10-22 22:49:02,435 [INFO] PluginManager:220 - loadIPPluginJar : add fmc
2023-10-22 22:49:02,435 [INFO] IPUIPlugin:80 - create IPUIPlugin
2023-10-22 22:49:02,435 [INFO] PluginManager:220 - loadIPPluginJar : add tim
2023-10-22 22:49:02,436 [INFO] IPUIPlugin:80 - create IPUIPlugin
2023-10-22 22:49:02,436 [INFO] PluginManager:220 - loadIPPluginJar : add gfxmmu
2023-10-22 22:49:02,438 [INFO] IPUIPlugin:80 - create IPUIPlugin
2023-10-22 22:49:02,439 [INFO] PluginManager:220 - loadIPPluginJar : add resmgrutility
2023-10-22 22:49:02,440 [INFO] IPUIPlugin:80 - create IPUIPlugin
2023-10-22 22:49:02,440 [INFO] PluginManager:220 - loadIPPluginJar : add opamp
2023-10-22 22:49:02,442 [INFO] IPUIPlugin:80 - create IPUIPlugin
2023-10-22 22:49:02,442 [INFO] PluginManager:220 - loadIPPluginJar : add aes
2023-10-22 22:49:02,444 [INFO] IPUIPlugin:80 - create IPUIPlugin
2023-10-22 22:49:02,445 [INFO] PluginManager:220 - loadIPPluginJar : add gpio
2023-10-22 22:49:02,446 [INFO] IPUIPlugin:80 - create IPUIPlugin
2023-10-22 22:49:02,446 [INFO] PluginManager:220 - loadIPPluginJar : add dfsdm
2023-10-22 22:49:02,447 [INFO] IPUIPlugin:80 - create IPUIPlugin
2023-10-22 22:49:02,447 [INFO] PluginManager:220 - loadIPPluginJar : add ts
2023-10-22 22:49:02,447 [INFO] IPUIPlugin:80 - create IPUIPlugin
2023-10-22 22:49:02,447 [INFO] PluginManager:220 - loadIPPluginJar : add genericplugin
2023-10-22 22:49:02,532 [INFO] CADModel:165 - CPN selected for project level
2023-10-22 22:49:02,533 [INFO] CADModel:114 - Register for checkConnection events
2023-10-22 22:49:02,533 [FATAL] Updater:308 - Updater called before beeing initialized
2023-10-22 22:49:02,533 [ERROR] CADModel:125 - Updater not yet initialized, retry later 
2023-10-22 22:49:02,609 [INFO] CADModel:165 - CPN selected for project level
2023-10-22 22:49:02,609 [INFO] CADModel:114 - Register for checkConnection events
2023-10-22 22:49:02,610 [FATAL] Updater:308 - Updater called before beeing initialized
2023-10-22 22:49:02,610 [ERROR] CADModel:125 - Updater not yet initialized, retry later 
2023-10-22 22:49:02,612 [FATAL] Updater:308 - Updater called before beeing initialized
2023-10-22 22:49:02,654 [FATAL] Updater:308 - Updater called before beeing initialized
2023-10-22 22:49:02,658 [INFO] DbMcusAds:53 - JSON generation date=Tue Mar 07 09:50:55 CET 2023 (1678179055114)
2023-10-22 22:49:02,658 [FATAL] Updater:308 - Updater called before beeing initialized
2023-10-22 22:49:02,682 [WARN] DetailPanel:346 - Failed to get advertising image, set to default
2023-10-22 22:49:02,737 [FATAL] Updater:308 - Updater called before beeing initialized
2023-10-22 22:49:02,739 [FATAL] Updater:308 - Updater called before beeing initialized
2023-10-22 22:49:02,739 [FATAL] Updater:308 - Updater called before beeing initialized
2023-10-22 22:49:02,739 [WARN] DetailPanel:346 - Failed to get advertising image, set to default
2023-10-22 22:49:02,739 [FATAL] Updater:308 - Updater called before beeing initialized
2023-10-22 22:49:02,756 [ERROR] Updater:1120 - MainUpdater not yet initialized. External WinMGr cannot be set.
2023-10-22 22:49:02,757 [INFO] Updater:1056 - Updater Version found : 6.9.2
2023-10-22 22:49:02,778 [INFO] ApplicationProperties:184 - Using Application install path: /opt/st/stm32cubeide_1.13.2/plugins/com.st.stm32cube.common.mx_6.9.2.202309101412
2023-10-22 22:49:02,810 [INFO] MainUpdater:521 - Copy updater definitions from MX database
2023-10-22 22:49:02,968 [INFO] MainUpdater:2868 - connection check result : 10
2023-10-22 22:49:02,968 [INFO] MainUpdater:3562 - Updater definition file requires update
2023-10-22 22:49:02,969 [INFO] MainUpdater:285 - Updater Check For Update Now.
2023-10-22 22:49:02,969 [INFO] MicroXplorer:498 - Change Database Version : DB.6.0.92
2023-10-22 22:49:02,982 [INFO] McuFinderGlobals:63 - Set McuFinder mode to 2 (CubeIDE integrated)
2023-10-22 22:49:02,982 [INFO] UserAuth:179 - activating auth plugin
2023-10-22 22:49:02,985 [INFO] UserAuth:393 - Internet connection configuration mode: 1
2023-10-22 22:49:02,994 [INFO] JxBrowserEngine:151 - Initiate JxBrowser Engine with user profile folder
2023-10-22 22:49:03,018 [INFO] ServerAccessManage:473 - Download File updaters.zip
2023-10-22 22:49:03,102 [INFO] FileExtend:240 - Unzip File : updaters.zip
2023-10-22 22:49:03,102 [INFO] FileExtend:255 - Standard Zip Deflate
2023-10-22 22:49:03,326 [INFO] ServerAccessManage:473 - Download File PacksControlFlags.xml
2023-10-22 22:49:03,447 [INFO] ServerAccessManage:473 - Download File cubemx.pidx
2023-10-22 22:49:03,493 [INFO] LoadServerUpdatesThread:373 - End of LoadServerUpdate Thread
2023-10-22 22:49:03,622 [INFO] CheckServerUpdateThread:120 - End of CheckServer Thread
2023-10-22 22:49:03,784 [INFO] WebApp:157 - Instantiating new browser for Auth
2023-10-22 22:49:04,252 [INFO] WebApp:753 - Register for checkConnection events
2023-10-22 22:49:04,252 [INFO] WebApp:390 - Apply proxy settings
2023-10-22 22:49:04,252 [INFO] WebApp:475 - Chromium requires no authentication
2023-10-22 22:49:04,256 [INFO] WebApp:418 - Direct internet connection detected
2023-10-22 22:49:04,331 [INFO] WebApp:188 - Starting web application
2023-10-22 22:49:04,331 [INFO] WebApp:520 - Web application path used /opt/st/stm32cubeide_1.13.2/plugins/com.st.stm32cube.common.mx_6.9.2.202309101412/db/plugins/mcufinder/reactClient1/index.html
2023-10-22 22:49:05,137 [WARN] PackLoader:240 - Cannot read IP mode file for ITTIA_DB.I-CUBE-ITTIADB.8.8.0
2023-10-22 22:49:05,140 [WARN] PackLoader:240 - Cannot read IP mode file for STMicroelectronics.X-CUBE-TOUCHGFX.4.22.1
2023-10-22 22:49:05,142 [WARN] PackLoader:240 - Cannot read IP mode file for STMicroelectronics.X-CUBE-AI.8.1.0
2023-10-22 22:49:05,189 [WARN] PackLoader:240 - Cannot read IP mode file for Infineon.AIROC-Wi-Fi-Bluetooth-STM32.1.5.1
2023-10-22 22:49:05,194 [INFO] ThirdParty:978 - Integrity check success = true
2023-10-22 22:49:05,195 [INFO] IntegrityCheckThread:100 - exiting critical section [integrity check]
2023-10-22 22:49:05,195 [INFO] IntegrityCheckThread:103 - End integrity checks thread
2023-10-22 22:49:24,788 [ERROR] LogOutputStream:75 - [STDERR_REDIRECT] SLF4J: Failed to load class "org.slf4j.impl.StaticLoggerBinder".
2023-10-22 22:49:24,788 [ERROR] LogOutputStream:75 - [STDERR_REDIRECT] SLF4J: Defaulting to no-operation (NOP) logger implementation
2023-10-22 22:49:24,789 [ERROR] LogOutputStream:75 - [STDERR_REDIRECT] SLF4J: See http://www.slf4j.org/codes.html#StaticLoggerBinder for further details.
