2023-10-05 00:54:12,333 [ERROR] LogOutputStream:75 - [STDERR_REDIRECT] 
2023-10-05 19:15:27,467 [INFO] Activator:176 - 


2023-10-05 19:15:27,469 [INFO] Activator:177 - !SESSION log4j initialized
2023-10-05 19:15:30,621 [INFO] LogOutputStream:77 - [STDOUT_REDIRECT] 
2023-10-05 19:15:31,048 [INFO] ApplicationProperties:184 - Using Application install path: /opt/st/stm32cubeide_1.13.2/plugins/com.st.stm32cube.common.mx_6.9.2.202309101412
2023-10-05 19:15:31,063 [INFO] DbMcusXml:78 - Set database path to: /opt/st/stm32cubeide_1.13.2/plugins/com.st.stm32cube.common.mx_6.9.2.202309101412//db//mcu/
2023-10-05 19:15:31,063 [INFO] ApiDb:274 - Set plugin database path to: /opt/st/stm32cubeide_1.13.2/plugins/com.st.stm32cube.common.mx_6.9.2.202309101412//db//plugins/boardmanager/
2023-10-05 19:15:31,063 [WARN] ApiDb:259 - Overriding images path with different value:  => /opt/st/stm32cubeide_1.13.2/plugins/com.st.stm32cube.common.mx_6.9.2.202309101412//db//plugins/mcufinder/images/
2023-10-05 19:15:31,073 [INFO] ApiDb:250 - Set database path to: /home/kaan/.stmcufinder/plugins/mcufinder//mcu/
2023-10-05 19:15:31,074 [INFO] DbMcusAds:125 - Set database path to: /home/kaan/.stmcufinder/plugins/mcufinder//mcu/
2023-10-05 19:15:31,077 [INFO] CrossReferenceDbSqlite:203 - Set database path to: /home/kaan/.stmcufinder/plugins/mcufinder//mcu/cs/
2023-10-05 19:15:31,145 [INFO] RulesReader:64 - Compatibility file has been processed (293 Rules)
2023-10-05 19:15:31,189 [INFO] DbMcusXml:78 - Set database path to: /opt/st/stm32cubeide_1.13.2/plugins/com.st.stm32cube.common.mx_6.9.2.202309101412//db//mcu/
2023-10-05 19:15:31,189 [INFO] ApiDb:274 - Set plugin database path to: /opt/st/stm32cubeide_1.13.2/plugins/com.st.stm32cube.common.mx_6.9.2.202309101412//db//plugins/boardmanager/
2023-10-05 19:15:31,189 [INFO] ApiDb:261 - Set plugin images path to: /opt/st/stm32cubeide_1.13.2/plugins/com.st.stm32cube.common.mx_6.9.2.202309101412//db//plugins/mcufinder/images/
2023-10-05 19:15:31,189 [WARN] DbFile:41 - Overriding database path with different value: /home/kaan/.stmcufinder/plugins/mcufinder/ => /home/kaan/.stmcufinder/plugins/mcufinder
2023-10-05 19:15:31,189 [INFO] ApiDb:250 - Set database path to: /home/kaan/.stmcufinder/plugins/mcufinder//mcu/
2023-10-05 19:15:31,189 [WARN] DbFile:41 - Overriding database path with different value: /home/kaan/.stmcufinder/plugins/mcufinder/ => /home/kaan/.stmcufinder/plugins/mcufinder
2023-10-05 19:15:31,189 [INFO] DbMcusAds:125 - Set database path to: /home/kaan/.stmcufinder/plugins/mcufinder//mcu/
2023-10-05 19:15:31,189 [WARN] DbFile:41 - Overriding database path with different value: /home/kaan/.stmcufinder/plugins/mcufinder/ => /home/kaan/.stmcufinder/plugins/mcufinder
2023-10-05 19:15:31,189 [WARN] DbFile:41 - Overriding database path with different value: /home/kaan/.stmcufinder/plugins/mcufinder/ => /home/kaan/.stmcufinder/plugins/mcufinder
2023-10-05 19:15:31,190 [INFO] CrossReferenceDbSqlite:203 - Set database path to: /home/kaan/.stmcufinder/plugins/mcufinder//mcu/cs/
2023-10-05 19:15:31,242 [INFO] MainPanel:262 - HeapMemory: 268435456
2023-10-05 19:15:31,314 [INFO] DbMcusXml:78 - Set database path to: /opt/st/stm32cubeide_1.13.2/plugins/com.st.stm32cube.common.mx_6.9.2.202309101412//db//mcu/
2023-10-05 19:15:31,315 [INFO] ApiDb:274 - Set plugin database path to: /opt/st/stm32cubeide_1.13.2/plugins/com.st.stm32cube.common.mx_6.9.2.202309101412//db//plugins/boardmanager/
2023-10-05 19:15:31,315 [INFO] ApiDb:261 - Set plugin images path to: /opt/st/stm32cubeide_1.13.2/plugins/com.st.stm32cube.common.mx_6.9.2.202309101412//db//plugins/mcufinder/images/
2023-10-05 19:15:31,315 [WARN] DbFile:41 - Overriding database path with different value: /home/kaan/.stmcufinder/plugins/mcufinder/ => /home/kaan/.stmcufinder/plugins/mcufinder
2023-10-05 19:15:31,315 [INFO] ApiDb:250 - Set database path to: /home/kaan/.stmcufinder/plugins/mcufinder//mcu/
2023-10-05 19:15:31,315 [WARN] DbFile:41 - Overriding database path with different value: /home/kaan/.stmcufinder/plugins/mcufinder/ => /home/kaan/.stmcufinder/plugins/mcufinder
2023-10-05 19:15:31,315 [INFO] DbMcusAds:125 - Set database path to: /home/kaan/.stmcufinder/plugins/mcufinder//mcu/
2023-10-05 19:15:31,315 [WARN] DbFile:41 - Overriding database path with different value: /home/kaan/.stmcufinder/plugins/mcufinder/ => /home/kaan/.stmcufinder/plugins/mcufinder
2023-10-05 19:15:31,315 [WARN] DbFile:41 - Overriding database path with different value: /home/kaan/.stmcufinder/plugins/mcufinder/ => /home/kaan/.stmcufinder/plugins/mcufinder
2023-10-05 19:15:31,315 [INFO] CrossReferenceDbSqlite:203 - Set database path to: /home/kaan/.stmcufinder/plugins/mcufinder//mcu/cs/
2023-10-05 19:15:31,327 [INFO] ApplicationProperties:184 - Using Application install path: /opt/st/stm32cubeide_1.13.2/plugins/com.st.stm32cube.common.mx_6.9.2.202309101412
2023-10-05 19:15:31,328 [INFO] PluginManage:196 - Search for loadable plugins [exclusion list=, ]
2023-10-05 19:15:31,329 [INFO] PluginManage:310 - Check plugin analytics
2023-10-05 19:15:31,419 [INFO] AnalyticsPlugin:253 - Accepted Software Licenses: STM32CubeMX.5.6.1
2023-10-05 19:15:31,419 [INFO] AnalyticsPlugin:255 - Accepted CMSIS Pack Licenses: STMicroelectronics.X-CUBE-AI.8.1.0
2023-10-05 19:15:31,419 [INFO] AnalyticsPlugin:257 - Accepted Firmware Licenses: 
2023-10-05 19:15:31,420 [INFO] PluginManage:359 - Loaded plugin analytics (category:tool,tabindex:-1)
2023-10-05 19:15:31,421 [INFO] PluginManage:310 - Check plugin cadmodel
2023-10-05 19:15:31,476 [INFO] CADModel:105 - Init CAD model plugin
2023-10-05 19:15:31,476 [INFO] PluginManage:359 - Loaded plugin cadmodel (category:power,tabindex:5)
2023-10-05 19:15:31,476 [INFO] PluginManage:310 - Check plugin clock
2023-10-05 19:15:31,485 [INFO] PluginManage:359 - Loaded plugin clock (category:base,tabindex:2)
2023-10-05 19:15:31,485 [INFO] PluginManage:310 - Check plugin ddr
2023-10-05 19:15:31,487 [INFO] PluginManage:359 - Loaded plugin ddr (category:tool,tabindex:6)
2023-10-05 19:15:31,487 [INFO] PluginManage:310 - Check plugin filemanager
2023-10-05 19:15:31,575 [INFO] PluginManage:359 - Loaded plugin filemanager (category:base,tabindex:10)
2023-10-05 19:15:31,576 [INFO] PluginManage:310 - Check plugin ipmanager
2023-10-05 19:15:31,580 [INFO] PluginManage:359 - Loaded plugin ipmanager (category:base,tabindex:5)
2023-10-05 19:15:31,581 [INFO] PluginManage:310 - Check plugin lpbam
2023-10-05 19:15:31,589 [INFO] PluginManage:359 - Loaded plugin lpbam (category:base,tabindex:0)
2023-10-05 19:15:31,589 [INFO] PluginManage:310 - Check plugin memorymap
2023-10-05 19:15:31,600 [INFO] PluginManage:359 - Loaded plugin memorymap (category:base,tabindex:4)
2023-10-05 19:15:31,600 [INFO] PluginManage:310 - Check plugin pinoutandconfiguration
2023-10-05 19:15:31,606 [INFO] PluginManage:359 - Loaded plugin pinoutandconfiguration (category:base,tabindex:1)
2023-10-05 19:15:31,607 [INFO] PluginManage:310 - Check plugin pinoutconfig
2023-10-05 19:15:31,663 [WARN] SupportedApi:132 - Cannot load RTOS API schema: s4s-elt-must-match.1: The content of 'definitions' must match (annotation?, (simpleType | complexType)?, (unique | key | keyref)*)). A problem was found starting at: attribute.
2023-10-05 19:15:31,758 [INFO] PluginManage:359 - Loaded plugin pinoutconfig (category:base,tabindex:0)
2023-10-05 19:15:31,758 [INFO] PluginManage:310 - Check plugin power
2023-10-05 19:15:31,769 [INFO] PluginManage:359 - Loaded plugin power (category:power,tabindex:4)
2023-10-05 19:15:31,769 [INFO] PluginManage:310 - Check plugin projectmanager
2023-10-05 19:15:31,784 [INFO] PluginManage:359 - Loaded plugin projectmanager (category:projectmanager,tabindex:3)
2023-10-05 19:15:31,784 [INFO] PluginManage:310 - Check plugin thirdparty
2023-10-05 19:15:31,862 [INFO] PluginManage:359 - Loaded plugin thirdparty (category:base,tabindex:-1)
2023-10-05 19:15:31,861 [WARN] IntegrityCheckThread:84 - waiting for thirdparty lock release [integrity check]
2023-10-05 19:15:31,862 [INFO] PluginManage:310 - Check plugin tools
2023-10-05 19:15:31,862 [INFO] IntegrityCheckThread:86 - entering critical section [integrity check]
2023-10-05 19:15:31,862 [INFO] ThirdPartyUpdaterWithRetryManager:70 - Updater plugin not ready yet. [1/15]
2023-10-05 19:15:31,863 [INFO] PluginManage:359 - Loaded plugin tools (category:base,tabindex:7)
2023-10-05 19:15:31,863 [INFO] PluginManage:310 - Check plugin tutovideos
2023-10-05 19:15:31,981 [INFO] PluginManage:359 - Loaded plugin tutovideos (category:base,tabindex:-1)
2023-10-05 19:15:31,981 [INFO] PluginManage:310 - Check plugin updater
2023-10-05 19:15:31,989 [INFO] PluginManage:359 - Loaded plugin updater (category:base,tabindex:12)
2023-10-05 19:15:31,989 [INFO] PluginManage:310 - Check plugin userauth
2023-10-05 19:15:31,995 [INFO] UserAuth:113 - Init User Auth plugin
2023-10-05 19:15:31,995 [INFO] PluginManage:359 - Loaded plugin userauth (category:base,tabindex:14)
2023-10-05 19:15:31,995 [INFO] PluginManage:283 - PluginManage : Loaded plugins [17]
2023-10-05 19:15:32,128 [INFO] PinOutPanel:1499 - setPackage(No Configuration,No Configuration)
2023-10-05 19:15:32,183 [INFO] CADModel:165 - CPN selected for project level
2023-10-05 19:15:32,184 [INFO] CADModel:114 - Register for checkConnection events
2023-10-05 19:15:32,191 [INFO] IPUIPlugin:80 - create IPUIPlugin
2023-10-05 19:15:32,191 [INFO] PluginManager:220 - loadIPPluginJar : add dma3
2023-10-05 19:15:32,192 [INFO] IPUIPlugin:80 - create IPUIPlugin
2023-10-05 19:15:32,192 [INFO] PluginManager:220 - loadIPPluginJar : add fatfs
2023-10-05 19:15:32,196 [INFO] IPUIPlugin:80 - create IPUIPlugin
2023-10-05 19:15:32,196 [INFO] PluginManager:220 - loadIPPluginJar : add i3c
2023-10-05 19:15:32,197 [INFO] IPUIPlugin:80 - create IPUIPlugin
2023-10-05 19:15:32,197 [INFO] PluginManager:220 - loadIPPluginJar : add ltdc
2023-10-05 19:15:32,198 [INFO] IPUIPlugin:80 - create IPUIPlugin
2023-10-05 19:15:32,198 [INFO] PluginManager:220 - loadIPPluginJar : add ucpd
2023-10-05 19:15:32,201 [INFO] IPUIPlugin:80 - create IPUIPlugin
2023-10-05 19:15:32,201 [INFO] PluginManager:220 - loadIPPluginJar : add nvic
2023-10-05 19:15:32,203 [INFO] IPUIPlugin:80 - create IPUIPlugin
2023-10-05 19:15:32,203 [INFO] PluginManager:220 - loadIPPluginJar : add can
2023-10-05 19:15:32,204 [INFO] IPUIPlugin:80 - create IPUIPlugin
2023-10-05 19:15:32,205 [INFO] PluginManager:220 - loadIPPluginJar : add hash
2023-10-05 19:15:32,205 [INFO] IPUIPlugin:80 - create IPUIPlugin
2023-10-05 19:15:32,206 [INFO] PluginManager:220 - loadIPPluginJar : add comp
2023-10-05 19:15:32,209 [INFO] IPUIPlugin:80 - create IPUIPlugin
2023-10-05 19:15:32,210 [INFO] PluginManager:220 - loadIPPluginJar : add freertos
2023-10-05 19:15:32,211 [INFO] IPUIPlugin:80 - create IPUIPlugin
2023-10-05 19:15:32,211 [INFO] PluginManager:220 - loadIPPluginJar : add usart
2023-10-05 19:15:32,213 [INFO] IPUIPlugin:80 - create IPUIPlugin
2023-10-05 19:15:32,213 [INFO] PluginManager:220 - loadIPPluginJar : add gtzc
2023-10-05 19:15:32,215 [INFO] IPUIPlugin:80 - create IPUIPlugin
2023-10-05 19:15:32,215 [INFO] PluginManager:220 - loadIPPluginJar : add openamp
2023-10-05 19:15:32,217 [INFO] IPUIPlugin:80 - create IPUIPlugin
2023-10-05 19:15:32,217 [INFO] PluginManager:220 - loadIPPluginJar : add ipddr
2023-10-05 19:15:32,219 [INFO] IPUIPlugin:80 - create IPUIPlugin
2023-10-05 19:15:32,219 [INFO] PluginManager:220 - loadIPPluginJar : add pdm2pcm
2023-10-05 19:15:32,221 [INFO] IPUIPlugin:80 - create IPUIPlugin
2023-10-05 19:15:32,221 [INFO] PluginManager:220 - loadIPPluginJar : add sai
2023-10-05 19:15:32,222 [INFO] IPUIPlugin:80 - create IPUIPlugin
2023-10-05 19:15:32,222 [INFO] PluginManager:220 - loadIPPluginJar : add spi
2023-10-05 19:15:32,224 [INFO] IPUIPlugin:80 - create IPUIPlugin
2023-10-05 19:15:32,224 [INFO] PluginManager:220 - loadIPPluginJar : add cryp
2023-10-05 19:15:32,228 [INFO] IPUIPlugin:80 - create IPUIPlugin
2023-10-05 19:15:32,230 [INFO] PluginManager:220 - loadIPPluginJar : add plateformsettings
2023-10-05 19:15:32,232 [INFO] IPUIPlugin:80 - create IPUIPlugin
2023-10-05 19:15:32,232 [INFO] PluginManager:220 - loadIPPluginJar : add usbx
2023-10-05 19:15:32,233 [INFO] IPUIPlugin:80 - create IPUIPlugin
2023-10-05 19:15:32,233 [INFO] PluginManager:220 - loadIPPluginJar : add i2c
2023-10-05 19:15:32,239 [INFO] IPUIPlugin:80 - create IPUIPlugin
2023-10-05 19:15:32,239 [INFO] PluginManager:220 - loadIPPluginJar : add dma
2023-10-05 19:15:32,240 [INFO] IPUIPlugin:80 - create IPUIPlugin
2023-10-05 19:15:32,241 [INFO] PluginManager:220 - loadIPPluginJar : add tsc
2023-10-05 19:15:32,242 [INFO] IPUIPlugin:80 - create IPUIPlugin
2023-10-05 19:15:32,242 [INFO] PluginManager:220 - loadIPPluginJar : add quadspi
2023-10-05 19:15:32,243 [INFO] IPUIPlugin:80 - create IPUIPlugin
2023-10-05 19:15:32,244 [INFO] PluginManager:220 - loadIPPluginJar : add i2s
2023-10-05 19:15:32,248 [INFO] IPUIPlugin:80 - create IPUIPlugin
2023-10-05 19:15:32,248 [INFO] PluginManager:220 - loadIPPluginJar : add gic
2023-10-05 19:15:32,249 [INFO] IPUIPlugin:80 - create IPUIPlugin
2023-10-05 19:15:32,249 [INFO] PluginManager:220 - loadIPPluginJar : add tracer_emb
2023-10-05 19:15:32,253 [INFO] IPUIPlugin:80 - create IPUIPlugin
2023-10-05 19:15:32,253 [INFO] PluginManager:220 - loadIPPluginJar : add stm32_wpan
2023-10-05 19:15:32,258 [INFO] IPUIPlugin:80 - create IPUIPlugin
2023-10-05 19:15:32,258 [INFO] PluginManager:220 - loadIPPluginJar : add linkedlist
2023-10-05 19:15:32,259 [INFO] IPUIPlugin:80 - create IPUIPlugin
2023-10-05 19:15:32,259 [INFO] PluginManager:220 - loadIPPluginJar : add lorawan
2023-10-05 19:15:32,261 [INFO] IPUIPlugin:80 - create IPUIPlugin
2023-10-05 19:15:32,261 [INFO] PluginManager:220 - loadIPPluginJar : add touchsensing
2023-10-05 19:15:32,265 [INFO] IPUIPlugin:80 - create IPUIPlugin
2023-10-05 19:15:32,265 [INFO] PluginManager:220 - loadIPPluginJar : add adc
2023-10-05 19:15:32,270 [INFO] IPUIPlugin:80 - create IPUIPlugin
2023-10-05 19:15:32,270 [INFO] PluginManager:220 - loadIPPluginJar : add mdma
2023-10-05 19:15:32,272 [INFO] IPUIPlugin:80 - create IPUIPlugin
2023-10-05 19:15:32,273 [INFO] PluginManager:220 - loadIPPluginJar : add fmc
2023-10-05 19:15:32,273 [INFO] IPUIPlugin:80 - create IPUIPlugin
2023-10-05 19:15:32,273 [INFO] PluginManager:220 - loadIPPluginJar : add tim
2023-10-05 19:15:32,275 [INFO] IPUIPlugin:80 - create IPUIPlugin
2023-10-05 19:15:32,275 [INFO] PluginManager:220 - loadIPPluginJar : add gfxmmu
2023-10-05 19:15:32,277 [INFO] IPUIPlugin:80 - create IPUIPlugin
2023-10-05 19:15:32,277 [INFO] PluginManager:220 - loadIPPluginJar : add resmgrutility
2023-10-05 19:15:32,279 [INFO] IPUIPlugin:80 - create IPUIPlugin
2023-10-05 19:15:32,279 [INFO] PluginManager:220 - loadIPPluginJar : add opamp
2023-10-05 19:15:32,281 [INFO] IPUIPlugin:80 - create IPUIPlugin
2023-10-05 19:15:32,281 [INFO] PluginManager:220 - loadIPPluginJar : add aes
2023-10-05 19:15:32,284 [INFO] IPUIPlugin:80 - create IPUIPlugin
2023-10-05 19:15:32,285 [INFO] PluginManager:220 - loadIPPluginJar : add gpio
2023-10-05 19:15:32,286 [INFO] IPUIPlugin:80 - create IPUIPlugin
2023-10-05 19:15:32,287 [INFO] PluginManager:220 - loadIPPluginJar : add dfsdm
2023-10-05 19:15:32,288 [INFO] IPUIPlugin:80 - create IPUIPlugin
2023-10-05 19:15:32,288 [INFO] PluginManager:220 - loadIPPluginJar : add ts
2023-10-05 19:15:32,288 [INFO] IPUIPlugin:80 - create IPUIPlugin
2023-10-05 19:15:32,289 [INFO] PluginManager:220 - loadIPPluginJar : add genericplugin
2023-10-05 19:15:32,377 [INFO] CADModel:165 - CPN selected for project level
2023-10-05 19:15:32,378 [INFO] CADModel:114 - Register for checkConnection events
2023-10-05 19:15:32,378 [FATAL] Updater:308 - Updater called before beeing initialized
2023-10-05 19:15:32,378 [ERROR] CADModel:125 - Updater not yet initialized, retry later 
2023-10-05 19:15:32,461 [INFO] CADModel:165 - CPN selected for project level
2023-10-05 19:15:32,461 [INFO] CADModel:114 - Register for checkConnection events
2023-10-05 19:15:32,461 [FATAL] Updater:308 - Updater called before beeing initialized
2023-10-05 19:15:32,461 [ERROR] CADModel:125 - Updater not yet initialized, retry later 
2023-10-05 19:15:32,463 [FATAL] Updater:308 - Updater called before beeing initialized
2023-10-05 19:15:32,508 [FATAL] Updater:308 - Updater called before beeing initialized
2023-10-05 19:15:32,512 [INFO] DbMcusAds:53 - JSON generation date=Tue Mar 07 09:50:55 CET 2023 (1678179055114)
2023-10-05 19:15:32,512 [FATAL] Updater:308 - Updater called before beeing initialized
2023-10-05 19:15:32,542 [WARN] DetailPanel:346 - Failed to get advertising image, set to default
2023-10-05 19:15:32,620 [FATAL] Updater:308 - Updater called before beeing initialized
2023-10-05 19:15:32,621 [FATAL] Updater:308 - Updater called before beeing initialized
2023-10-05 19:15:32,621 [FATAL] Updater:308 - Updater called before beeing initialized
2023-10-05 19:15:32,622 [WARN] DetailPanel:346 - Failed to get advertising image, set to default
2023-10-05 19:15:32,622 [FATAL] Updater:308 - Updater called before beeing initialized
2023-10-05 19:15:32,643 [ERROR] Updater:1120 - MainUpdater not yet initialized. External WinMGr cannot be set.
2023-10-05 19:15:32,645 [INFO] Updater:1056 - Updater Version found : 6.9.2
2023-10-05 19:15:32,660 [INFO] ApplicationProperties:184 - Using Application install path: /opt/st/stm32cubeide_1.13.2/plugins/com.st.stm32cube.common.mx_6.9.2.202309101412
2023-10-05 19:15:32,793 [INFO] MainUpdater:2868 - connection check result : 10
2023-10-05 19:15:32,794 [INFO] MainUpdater:285 - Updater Check For Update Now.
2023-10-05 19:15:32,794 [INFO] MicroXplorer:498 - Change Database Version : DB.6.0.92
2023-10-05 19:15:32,797 [INFO] McuFinderGlobals:63 - Set McuFinder mode to 2 (CubeIDE integrated)
2023-10-05 19:15:32,797 [INFO] UserAuth:179 - activating auth plugin
2023-10-05 19:15:32,799 [INFO] UserAuth:393 - Internet connection configuration mode: 1
2023-10-05 19:15:32,811 [INFO] JxBrowserEngine:151 - Initiate JxBrowser Engine with user profile folder
2023-10-05 19:15:32,929 [INFO] CheckServerUpdateThread:120 - End of CheckServer Thread
2023-10-05 19:15:33,642 [INFO] WebApp:157 - Instantiating new browser for Auth
2023-10-05 19:15:34,145 [INFO] WebApp:753 - Register for checkConnection events
2023-10-05 19:15:34,145 [INFO] WebApp:390 - Apply proxy settings
2023-10-05 19:15:34,145 [INFO] WebApp:475 - Chromium requires no authentication
2023-10-05 19:15:34,149 [INFO] WebApp:418 - Direct internet connection detected
2023-10-05 19:15:34,231 [INFO] WebApp:188 - Starting web application
2023-10-05 19:15:34,231 [INFO] WebApp:520 - Web application path used /opt/st/stm32cubeide_1.13.2/plugins/com.st.stm32cube.common.mx_6.9.2.202309101412/db/plugins/mcufinder/reactClient1/index.html
2023-10-05 19:15:34,915 [WARN] PackLoader:240 - Cannot read IP mode file for STMicroelectronics.X-CUBE-AI.8.1.0
2023-10-05 19:15:34,949 [INFO] ThirdParty:978 - Integrity check success = true
2023-10-05 19:15:34,949 [INFO] IntegrityCheckThread:100 - exiting critical section [integrity check]
2023-10-05 19:15:34,949 [INFO] IntegrityCheckThread:103 - End integrity checks thread
2023-10-05 19:15:54,805 [ERROR] LogOutputStream:75 - [STDERR_REDIRECT] SLF4J: Failed to load class "org.slf4j.impl.StaticLoggerBinder".
2023-10-05 19:15:54,805 [ERROR] LogOutputStream:75 - [STDERR_REDIRECT] SLF4J: Defaulting to no-operation (NOP) logger implementation
2023-10-05 19:15:54,805 [ERROR] LogOutputStream:75 - [STDERR_REDIRECT] SLF4J: See http://www.slf4j.org/codes.html#StaticLoggerBinder for further details.
2023-10-05 21:24:46,470 [INFO] Activator:176 - 


2023-10-05 21:24:46,472 [INFO] Activator:177 - !SESSION log4j initialized
2023-10-05 21:24:49,897 [INFO] LogOutputStream:77 - [STDOUT_REDIRECT] 
2023-10-05 21:24:50,950 [INFO] ApplicationProperties:184 - Using Application install path: /opt/st/stm32cubeide_1.13.2/plugins/com.st.stm32cube.common.mx_6.9.2.202309101412
2023-10-05 21:24:50,963 [INFO] DbMcusXml:78 - Set database path to: /opt/st/stm32cubeide_1.13.2/plugins/com.st.stm32cube.common.mx_6.9.2.202309101412//db//mcu/
2023-10-05 21:24:50,963 [INFO] ApiDb:274 - Set plugin database path to: /opt/st/stm32cubeide_1.13.2/plugins/com.st.stm32cube.common.mx_6.9.2.202309101412//db//plugins/boardmanager/
2023-10-05 21:24:50,963 [WARN] ApiDb:259 - Overriding images path with different value:  => /opt/st/stm32cubeide_1.13.2/plugins/com.st.stm32cube.common.mx_6.9.2.202309101412//db//plugins/mcufinder/images/
2023-10-05 21:24:50,972 [INFO] ApiDb:250 - Set database path to: /home/kaan/.stmcufinder/plugins/mcufinder//mcu/
2023-10-05 21:24:50,973 [INFO] DbMcusAds:125 - Set database path to: /home/kaan/.stmcufinder/plugins/mcufinder//mcu/
2023-10-05 21:24:50,976 [INFO] CrossReferenceDbSqlite:203 - Set database path to: /home/kaan/.stmcufinder/plugins/mcufinder//mcu/cs/
2023-10-05 21:24:51,047 [INFO] RulesReader:64 - Compatibility file has been processed (293 Rules)
2023-10-05 21:24:51,091 [INFO] DbMcusXml:78 - Set database path to: /opt/st/stm32cubeide_1.13.2/plugins/com.st.stm32cube.common.mx_6.9.2.202309101412//db//mcu/
2023-10-05 21:24:51,091 [INFO] ApiDb:274 - Set plugin database path to: /opt/st/stm32cubeide_1.13.2/plugins/com.st.stm32cube.common.mx_6.9.2.202309101412//db//plugins/boardmanager/
2023-10-05 21:24:51,091 [INFO] ApiDb:261 - Set plugin images path to: /opt/st/stm32cubeide_1.13.2/plugins/com.st.stm32cube.common.mx_6.9.2.202309101412//db//plugins/mcufinder/images/
2023-10-05 21:24:51,091 [WARN] DbFile:41 - Overriding database path with different value: /home/kaan/.stmcufinder/plugins/mcufinder/ => /home/kaan/.stmcufinder/plugins/mcufinder
2023-10-05 21:24:51,091 [INFO] ApiDb:250 - Set database path to: /home/kaan/.stmcufinder/plugins/mcufinder//mcu/
2023-10-05 21:24:51,091 [WARN] DbFile:41 - Overriding database path with different value: /home/kaan/.stmcufinder/plugins/mcufinder/ => /home/kaan/.stmcufinder/plugins/mcufinder
2023-10-05 21:24:51,092 [INFO] DbMcusAds:125 - Set database path to: /home/kaan/.stmcufinder/plugins/mcufinder//mcu/
2023-10-05 21:24:51,092 [WARN] DbFile:41 - Overriding database path with different value: /home/kaan/.stmcufinder/plugins/mcufinder/ => /home/kaan/.stmcufinder/plugins/mcufinder
2023-10-05 21:24:51,092 [WARN] DbFile:41 - Overriding database path with different value: /home/kaan/.stmcufinder/plugins/mcufinder/ => /home/kaan/.stmcufinder/plugins/mcufinder
2023-10-05 21:24:51,092 [INFO] CrossReferenceDbSqlite:203 - Set database path to: /home/kaan/.stmcufinder/plugins/mcufinder//mcu/cs/
2023-10-05 21:24:51,141 [INFO] MainPanel:262 - HeapMemory: 268435456
2023-10-05 21:24:51,212 [INFO] DbMcusXml:78 - Set database path to: /opt/st/stm32cubeide_1.13.2/plugins/com.st.stm32cube.common.mx_6.9.2.202309101412//db//mcu/
2023-10-05 21:24:51,212 [INFO] ApiDb:274 - Set plugin database path to: /opt/st/stm32cubeide_1.13.2/plugins/com.st.stm32cube.common.mx_6.9.2.202309101412//db//plugins/boardmanager/
2023-10-05 21:24:51,212 [INFO] ApiDb:261 - Set plugin images path to: /opt/st/stm32cubeide_1.13.2/plugins/com.st.stm32cube.common.mx_6.9.2.202309101412//db//plugins/mcufinder/images/
2023-10-05 21:24:51,212 [WARN] DbFile:41 - Overriding database path with different value: /home/kaan/.stmcufinder/plugins/mcufinder/ => /home/kaan/.stmcufinder/plugins/mcufinder
2023-10-05 21:24:51,213 [INFO] ApiDb:250 - Set database path to: /home/kaan/.stmcufinder/plugins/mcufinder//mcu/
2023-10-05 21:24:51,213 [WARN] DbFile:41 - Overriding database path with different value: /home/kaan/.stmcufinder/plugins/mcufinder/ => /home/kaan/.stmcufinder/plugins/mcufinder
2023-10-05 21:24:51,213 [INFO] DbMcusAds:125 - Set database path to: /home/kaan/.stmcufinder/plugins/mcufinder//mcu/
2023-10-05 21:24:51,213 [WARN] DbFile:41 - Overriding database path with different value: /home/kaan/.stmcufinder/plugins/mcufinder/ => /home/kaan/.stmcufinder/plugins/mcufinder
2023-10-05 21:24:51,213 [WARN] DbFile:41 - Overriding database path with different value: /home/kaan/.stmcufinder/plugins/mcufinder/ => /home/kaan/.stmcufinder/plugins/mcufinder
2023-10-05 21:24:51,213 [INFO] CrossReferenceDbSqlite:203 - Set database path to: /home/kaan/.stmcufinder/plugins/mcufinder//mcu/cs/
2023-10-05 21:24:51,223 [INFO] ApplicationProperties:184 - Using Application install path: /opt/st/stm32cubeide_1.13.2/plugins/com.st.stm32cube.common.mx_6.9.2.202309101412
2023-10-05 21:24:51,224 [INFO] PluginManage:196 - Search for loadable plugins [exclusion list=, ]
2023-10-05 21:24:51,225 [INFO] PluginManage:310 - Check plugin analytics
2023-10-05 21:24:51,306 [INFO] AnalyticsPlugin:253 - Accepted Software Licenses: STM32CubeMX.5.6.1
2023-10-05 21:24:51,307 [INFO] AnalyticsPlugin:255 - Accepted CMSIS Pack Licenses: STMicroelectronics.X-CUBE-AI.8.1.0
2023-10-05 21:24:51,307 [INFO] AnalyticsPlugin:257 - Accepted Firmware Licenses: 
2023-10-05 21:24:51,308 [INFO] PluginManage:359 - Loaded plugin analytics (category:tool,tabindex:-1)
2023-10-05 21:24:51,308 [INFO] PluginManage:310 - Check plugin cadmodel
2023-10-05 21:24:51,331 [INFO] CADModel:105 - Init CAD model plugin
2023-10-05 21:24:51,331 [INFO] PluginManage:359 - Loaded plugin cadmodel (category:power,tabindex:5)
2023-10-05 21:24:51,331 [INFO] PluginManage:310 - Check plugin clock
2023-10-05 21:24:51,339 [INFO] PluginManage:359 - Loaded plugin clock (category:base,tabindex:2)
2023-10-05 21:24:51,339 [INFO] PluginManage:310 - Check plugin ddr
2023-10-05 21:24:51,341 [INFO] PluginManage:359 - Loaded plugin ddr (category:tool,tabindex:6)
2023-10-05 21:24:51,341 [INFO] PluginManage:310 - Check plugin filemanager
2023-10-05 21:24:51,419 [INFO] PluginManage:359 - Loaded plugin filemanager (category:base,tabindex:10)
2023-10-05 21:24:51,419 [INFO] PluginManage:310 - Check plugin ipmanager
2023-10-05 21:24:51,424 [INFO] PluginManage:359 - Loaded plugin ipmanager (category:base,tabindex:5)
2023-10-05 21:24:51,425 [INFO] PluginManage:310 - Check plugin lpbam
2023-10-05 21:24:51,433 [INFO] PluginManage:359 - Loaded plugin lpbam (category:base,tabindex:0)
2023-10-05 21:24:51,433 [INFO] PluginManage:310 - Check plugin memorymap
2023-10-05 21:24:51,443 [INFO] PluginManage:359 - Loaded plugin memorymap (category:base,tabindex:4)
2023-10-05 21:24:51,443 [INFO] PluginManage:310 - Check plugin pinoutandconfiguration
2023-10-05 21:24:51,449 [INFO] PluginManage:359 - Loaded plugin pinoutandconfiguration (category:base,tabindex:1)
2023-10-05 21:24:51,449 [INFO] PluginManage:310 - Check plugin pinoutconfig
2023-10-05 21:24:51,509 [WARN] SupportedApi:132 - Cannot load RTOS API schema: s4s-elt-must-match.1: The content of 'definitions' must match (annotation?, (simpleType | complexType)?, (unique | key | keyref)*)). A problem was found starting at: attribute.
2023-10-05 21:24:51,596 [INFO] PluginManage:359 - Loaded plugin pinoutconfig (category:base,tabindex:0)
2023-10-05 21:24:51,596 [INFO] PluginManage:310 - Check plugin power
2023-10-05 21:24:51,605 [INFO] PluginManage:359 - Loaded plugin power (category:power,tabindex:4)
2023-10-05 21:24:51,606 [INFO] PluginManage:310 - Check plugin projectmanager
2023-10-05 21:24:51,613 [INFO] PluginManage:359 - Loaded plugin projectmanager (category:projectmanager,tabindex:3)
2023-10-05 21:24:51,613 [INFO] PluginManage:310 - Check plugin thirdparty
2023-10-05 21:24:51,676 [INFO] PluginManage:359 - Loaded plugin thirdparty (category:base,tabindex:-1)
2023-10-05 21:24:51,676 [WARN] IntegrityCheckThread:84 - waiting for thirdparty lock release [integrity check]
2023-10-05 21:24:51,676 [INFO] PluginManage:310 - Check plugin tools
2023-10-05 21:24:51,676 [INFO] IntegrityCheckThread:86 - entering critical section [integrity check]
2023-10-05 21:24:51,676 [INFO] ThirdPartyUpdaterWithRetryManager:70 - Updater plugin not ready yet. [1/15]
2023-10-05 21:24:51,677 [INFO] PluginManage:359 - Loaded plugin tools (category:base,tabindex:7)
2023-10-05 21:24:51,677 [INFO] PluginManage:310 - Check plugin tutovideos
2023-10-05 21:24:51,781 [INFO] PluginManage:359 - Loaded plugin tutovideos (category:base,tabindex:-1)
2023-10-05 21:24:51,781 [INFO] PluginManage:310 - Check plugin updater
2023-10-05 21:24:51,789 [INFO] PluginManage:359 - Loaded plugin updater (category:base,tabindex:12)
2023-10-05 21:24:51,789 [INFO] PluginManage:310 - Check plugin userauth
2023-10-05 21:24:51,793 [INFO] UserAuth:113 - Init User Auth plugin
2023-10-05 21:24:51,793 [INFO] PluginManage:359 - Loaded plugin userauth (category:base,tabindex:14)
2023-10-05 21:24:51,793 [INFO] PluginManage:283 - PluginManage : Loaded plugins [17]
2023-10-05 21:24:51,913 [INFO] PinOutPanel:1499 - setPackage(No Configuration,No Configuration)
2023-10-05 21:24:51,966 [INFO] CADModel:165 - CPN selected for project level
2023-10-05 21:24:51,966 [INFO] CADModel:114 - Register for checkConnection events
2023-10-05 21:24:51,973 [INFO] IPUIPlugin:80 - create IPUIPlugin
2023-10-05 21:24:51,973 [INFO] PluginManager:220 - loadIPPluginJar : add dma3
2023-10-05 21:24:51,974 [INFO] IPUIPlugin:80 - create IPUIPlugin
2023-10-05 21:24:51,974 [INFO] PluginManager:220 - loadIPPluginJar : add fatfs
2023-10-05 21:24:51,977 [INFO] IPUIPlugin:80 - create IPUIPlugin
2023-10-05 21:24:51,977 [INFO] PluginManager:220 - loadIPPluginJar : add i3c
2023-10-05 21:24:51,978 [INFO] IPUIPlugin:80 - create IPUIPlugin
2023-10-05 21:24:51,978 [INFO] PluginManager:220 - loadIPPluginJar : add ltdc
2023-10-05 21:24:51,979 [INFO] IPUIPlugin:80 - create IPUIPlugin
2023-10-05 21:24:51,979 [INFO] PluginManager:220 - loadIPPluginJar : add ucpd
2023-10-05 21:24:51,982 [INFO] IPUIPlugin:80 - create IPUIPlugin
2023-10-05 21:24:51,982 [INFO] PluginManager:220 - loadIPPluginJar : add nvic
2023-10-05 21:24:51,984 [INFO] IPUIPlugin:80 - create IPUIPlugin
2023-10-05 21:24:51,984 [INFO] PluginManager:220 - loadIPPluginJar : add can
2023-10-05 21:24:51,985 [INFO] IPUIPlugin:80 - create IPUIPlugin
2023-10-05 21:24:51,985 [INFO] PluginManager:220 - loadIPPluginJar : add hash
2023-10-05 21:24:51,986 [INFO] IPUIPlugin:80 - create IPUIPlugin
2023-10-05 21:24:51,986 [INFO] PluginManager:220 - loadIPPluginJar : add comp
2023-10-05 21:24:51,989 [INFO] IPUIPlugin:80 - create IPUIPlugin
2023-10-05 21:24:51,990 [INFO] PluginManager:220 - loadIPPluginJar : add freertos
2023-10-05 21:24:51,992 [INFO] IPUIPlugin:80 - create IPUIPlugin
2023-10-05 21:24:51,992 [INFO] PluginManager:220 - loadIPPluginJar : add usart
2023-10-05 21:24:51,995 [INFO] IPUIPlugin:80 - create IPUIPlugin
2023-10-05 21:24:51,995 [INFO] PluginManager:220 - loadIPPluginJar : add gtzc
2023-10-05 21:24:51,999 [INFO] IPUIPlugin:80 - create IPUIPlugin
2023-10-05 21:24:51,999 [INFO] PluginManager:220 - loadIPPluginJar : add openamp
2023-10-05 21:24:52,003 [INFO] IPUIPlugin:80 - create IPUIPlugin
2023-10-05 21:24:52,003 [INFO] PluginManager:220 - loadIPPluginJar : add ipddr
2023-10-05 21:24:52,006 [INFO] IPUIPlugin:80 - create IPUIPlugin
2023-10-05 21:24:52,006 [INFO] PluginManager:220 - loadIPPluginJar : add pdm2pcm
2023-10-05 21:24:52,010 [INFO] IPUIPlugin:80 - create IPUIPlugin
2023-10-05 21:24:52,010 [INFO] PluginManager:220 - loadIPPluginJar : add sai
2023-10-05 21:24:52,012 [INFO] IPUIPlugin:80 - create IPUIPlugin
2023-10-05 21:24:52,012 [INFO] PluginManager:220 - loadIPPluginJar : add spi
2023-10-05 21:24:52,015 [INFO] IPUIPlugin:80 - create IPUIPlugin
2023-10-05 21:24:52,015 [INFO] PluginManager:220 - loadIPPluginJar : add cryp
2023-10-05 21:24:52,023 [INFO] IPUIPlugin:80 - create IPUIPlugin
2023-10-05 21:24:52,026 [INFO] PluginManager:220 - loadIPPluginJar : add plateformsettings
2023-10-05 21:24:52,030 [INFO] IPUIPlugin:80 - create IPUIPlugin
2023-10-05 21:24:52,030 [INFO] PluginManager:220 - loadIPPluginJar : add usbx
2023-10-05 21:24:52,033 [INFO] IPUIPlugin:80 - create IPUIPlugin
2023-10-05 21:24:52,033 [INFO] PluginManager:220 - loadIPPluginJar : add i2c
2023-10-05 21:24:52,041 [INFO] IPUIPlugin:80 - create IPUIPlugin
2023-10-05 21:24:52,042 [INFO] PluginManager:220 - loadIPPluginJar : add dma
2023-10-05 21:24:52,043 [INFO] IPUIPlugin:80 - create IPUIPlugin
2023-10-05 21:24:52,043 [INFO] PluginManager:220 - loadIPPluginJar : add tsc
2023-10-05 21:24:52,045 [INFO] IPUIPlugin:80 - create IPUIPlugin
2023-10-05 21:24:52,045 [INFO] PluginManager:220 - loadIPPluginJar : add quadspi
2023-10-05 21:24:52,048 [INFO] IPUIPlugin:80 - create IPUIPlugin
2023-10-05 21:24:52,048 [INFO] PluginManager:220 - loadIPPluginJar : add i2s
2023-10-05 21:24:52,054 [INFO] IPUIPlugin:80 - create IPUIPlugin
2023-10-05 21:24:52,054 [INFO] PluginManager:220 - loadIPPluginJar : add gic
2023-10-05 21:24:52,056 [INFO] IPUIPlugin:80 - create IPUIPlugin
2023-10-05 21:24:52,057 [INFO] PluginManager:220 - loadIPPluginJar : add tracer_emb
2023-10-05 21:24:52,063 [INFO] IPUIPlugin:80 - create IPUIPlugin
2023-10-05 21:24:52,063 [INFO] PluginManager:220 - loadIPPluginJar : add stm32_wpan
2023-10-05 21:24:52,070 [INFO] IPUIPlugin:80 - create IPUIPlugin
2023-10-05 21:24:52,070 [INFO] PluginManager:220 - loadIPPluginJar : add linkedlist
2023-10-05 21:24:52,072 [INFO] IPUIPlugin:80 - create IPUIPlugin
2023-10-05 21:24:52,072 [INFO] PluginManager:220 - loadIPPluginJar : add lorawan
2023-10-05 21:24:52,075 [INFO] IPUIPlugin:80 - create IPUIPlugin
2023-10-05 21:24:52,075 [INFO] PluginManager:220 - loadIPPluginJar : add touchsensing
2023-10-05 21:24:52,080 [INFO] IPUIPlugin:80 - create IPUIPlugin
2023-10-05 21:24:52,080 [INFO] PluginManager:220 - loadIPPluginJar : add adc
2023-10-05 21:24:52,085 [INFO] IPUIPlugin:80 - create IPUIPlugin
2023-10-05 21:24:52,085 [INFO] PluginManager:220 - loadIPPluginJar : add mdma
2023-10-05 21:24:52,088 [INFO] IPUIPlugin:80 - create IPUIPlugin
2023-10-05 21:24:52,088 [INFO] PluginManager:220 - loadIPPluginJar : add fmc
2023-10-05 21:24:52,089 [INFO] IPUIPlugin:80 - create IPUIPlugin
2023-10-05 21:24:52,089 [INFO] PluginManager:220 - loadIPPluginJar : add tim
2023-10-05 21:24:52,091 [INFO] IPUIPlugin:80 - create IPUIPlugin
2023-10-05 21:24:52,091 [INFO] PluginManager:220 - loadIPPluginJar : add gfxmmu
2023-10-05 21:24:52,093 [INFO] IPUIPlugin:80 - create IPUIPlugin
2023-10-05 21:24:52,093 [INFO] PluginManager:220 - loadIPPluginJar : add resmgrutility
2023-10-05 21:24:52,095 [INFO] IPUIPlugin:80 - create IPUIPlugin
2023-10-05 21:24:52,095 [INFO] PluginManager:220 - loadIPPluginJar : add opamp
2023-10-05 21:24:52,097 [INFO] IPUIPlugin:80 - create IPUIPlugin
2023-10-05 21:24:52,097 [INFO] PluginManager:220 - loadIPPluginJar : add aes
2023-10-05 21:24:52,100 [INFO] IPUIPlugin:80 - create IPUIPlugin
2023-10-05 21:24:52,100 [INFO] PluginManager:220 - loadIPPluginJar : add gpio
2023-10-05 21:24:52,101 [INFO] IPUIPlugin:80 - create IPUIPlugin
2023-10-05 21:24:52,101 [INFO] PluginManager:220 - loadIPPluginJar : add dfsdm
2023-10-05 21:24:52,102 [INFO] IPUIPlugin:80 - create IPUIPlugin
2023-10-05 21:24:52,103 [INFO] PluginManager:220 - loadIPPluginJar : add ts
2023-10-05 21:24:52,103 [INFO] IPUIPlugin:80 - create IPUIPlugin
2023-10-05 21:24:52,103 [INFO] PluginManager:220 - loadIPPluginJar : add genericplugin
2023-10-05 21:24:52,194 [INFO] CADModel:165 - CPN selected for project level
2023-10-05 21:24:52,195 [INFO] CADModel:114 - Register for checkConnection events
2023-10-05 21:24:52,195 [FATAL] Updater:308 - Updater called before beeing initialized
2023-10-05 21:24:52,195 [ERROR] CADModel:125 - Updater not yet initialized, retry later 
2023-10-05 21:24:52,352 [INFO] CADModel:165 - CPN selected for project level
2023-10-05 21:24:52,352 [INFO] CADModel:114 - Register for checkConnection events
2023-10-05 21:24:52,352 [FATAL] Updater:308 - Updater called before beeing initialized
2023-10-05 21:24:52,352 [ERROR] CADModel:125 - Updater not yet initialized, retry later 
2023-10-05 21:24:52,354 [FATAL] Updater:308 - Updater called before beeing initialized
2023-10-05 21:24:52,410 [FATAL] Updater:308 - Updater called before beeing initialized
2023-10-05 21:24:52,414 [INFO] DbMcusAds:53 - JSON generation date=Tue Mar 07 09:50:55 CET 2023 (1678179055114)
2023-10-05 21:24:52,414 [FATAL] Updater:308 - Updater called before beeing initialized
2023-10-05 21:24:52,439 [WARN] DetailPanel:346 - Failed to get advertising image, set to default
2023-10-05 21:24:52,495 [FATAL] Updater:308 - Updater called before beeing initialized
2023-10-05 21:24:52,496 [FATAL] Updater:308 - Updater called before beeing initialized
2023-10-05 21:24:52,497 [FATAL] Updater:308 - Updater called before beeing initialized
2023-10-05 21:24:52,497 [WARN] DetailPanel:346 - Failed to get advertising image, set to default
2023-10-05 21:24:52,497 [FATAL] Updater:308 - Updater called before beeing initialized
2023-10-05 21:24:52,513 [ERROR] Updater:1120 - MainUpdater not yet initialized. External WinMGr cannot be set.
2023-10-05 21:24:52,515 [INFO] Updater:1056 - Updater Version found : 6.9.2
2023-10-05 21:24:52,529 [INFO] ApplicationProperties:184 - Using Application install path: /opt/st/stm32cubeide_1.13.2/plugins/com.st.stm32cube.common.mx_6.9.2.202309101412
2023-10-05 21:24:52,625 [INFO] MainUpdater:2868 - connection check result : 10
2023-10-05 21:24:52,626 [INFO] MainUpdater:285 - Updater Check For Update Now.
2023-10-05 21:24:52,626 [INFO] MicroXplorer:498 - Change Database Version : DB.6.0.92
2023-10-05 21:24:52,630 [INFO] McuFinderGlobals:63 - Set McuFinder mode to 2 (CubeIDE integrated)
2023-10-05 21:24:52,630 [INFO] UserAuth:179 - activating auth plugin
2023-10-05 21:24:52,632 [INFO] UserAuth:393 - Internet connection configuration mode: 1
2023-10-05 21:24:52,649 [INFO] JxBrowserEngine:151 - Initiate JxBrowser Engine with user profile folder
2023-10-05 21:24:52,773 [INFO] CheckServerUpdateThread:120 - End of CheckServer Thread
2023-10-05 21:24:53,487 [INFO] WebApp:157 - Instantiating new browser for Auth
2023-10-05 21:24:54,021 [INFO] WebApp:753 - Register for checkConnection events
2023-10-05 21:24:54,021 [INFO] WebApp:390 - Apply proxy settings
2023-10-05 21:24:54,022 [INFO] WebApp:475 - Chromium requires no authentication
2023-10-05 21:24:54,037 [INFO] WebApp:418 - Direct internet connection detected
2023-10-05 21:24:54,319 [INFO] WebApp:188 - Starting web application
2023-10-05 21:24:54,319 [INFO] WebApp:520 - Web application path used /opt/st/stm32cubeide_1.13.2/plugins/com.st.stm32cube.common.mx_6.9.2.202309101412/db/plugins/mcufinder/reactClient1/index.html
2023-10-05 21:24:54,835 [WARN] PackLoader:240 - Cannot read IP mode file for STMicroelectronics.X-CUBE-AI.8.1.0
2023-10-05 21:24:54,887 [INFO] ThirdParty:978 - Integrity check success = true
2023-10-05 21:24:54,887 [INFO] IntegrityCheckThread:100 - exiting critical section [integrity check]
2023-10-05 21:24:54,887 [INFO] IntegrityCheckThread:103 - End integrity checks thread
2023-10-05 21:25:14,938 [ERROR] LogOutputStream:75 - [STDERR_REDIRECT] SLF4J: Failed to load class "org.slf4j.impl.StaticLoggerBinder".
2023-10-05 21:25:14,938 [ERROR] LogOutputStream:75 - [STDERR_REDIRECT] SLF4J: Defaulting to no-operation (NOP) logger implementation
2023-10-05 21:25:14,939 [ERROR] LogOutputStream:75 - [STDERR_REDIRECT] SLF4J: See http://www.slf4j.org/codes.html#StaticLoggerBinder for further details.
2023-10-05 22:22:56,260 [INFO] Activator:176 - 


2023-10-05 22:22:56,261 [INFO] Activator:177 - !SESSION log4j initialized
2023-10-05 22:22:59,218 [INFO] LogOutputStream:77 - [STDOUT_REDIRECT] 
2023-10-05 22:22:59,584 [INFO] ApplicationProperties:184 - Using Application install path: /opt/st/stm32cubeide_1.13.2/plugins/com.st.stm32cube.common.mx_6.9.2.202309101412
2023-10-05 22:22:59,604 [INFO] DbMcusXml:78 - Set database path to: /opt/st/stm32cubeide_1.13.2/plugins/com.st.stm32cube.common.mx_6.9.2.202309101412//db//mcu/
2023-10-05 22:22:59,605 [INFO] ApiDb:274 - Set plugin database path to: /opt/st/stm32cubeide_1.13.2/plugins/com.st.stm32cube.common.mx_6.9.2.202309101412//db//plugins/boardmanager/
2023-10-05 22:22:59,605 [WARN] ApiDb:259 - Overriding images path with different value:  => /opt/st/stm32cubeide_1.13.2/plugins/com.st.stm32cube.common.mx_6.9.2.202309101412//db//plugins/mcufinder/images/
2023-10-05 22:22:59,617 [INFO] ApiDb:250 - Set database path to: /home/kaan/.stmcufinder/plugins/mcufinder//mcu/
2023-10-05 22:22:59,618 [INFO] DbMcusAds:125 - Set database path to: /home/kaan/.stmcufinder/plugins/mcufinder//mcu/
2023-10-05 22:22:59,622 [INFO] CrossReferenceDbSqlite:203 - Set database path to: /home/kaan/.stmcufinder/plugins/mcufinder//mcu/cs/
2023-10-05 22:22:59,696 [INFO] RulesReader:64 - Compatibility file has been processed (293 Rules)
2023-10-05 22:22:59,739 [INFO] DbMcusXml:78 - Set database path to: /opt/st/stm32cubeide_1.13.2/plugins/com.st.stm32cube.common.mx_6.9.2.202309101412//db//mcu/
2023-10-05 22:22:59,739 [INFO] ApiDb:274 - Set plugin database path to: /opt/st/stm32cubeide_1.13.2/plugins/com.st.stm32cube.common.mx_6.9.2.202309101412//db//plugins/boardmanager/
2023-10-05 22:22:59,739 [INFO] ApiDb:261 - Set plugin images path to: /opt/st/stm32cubeide_1.13.2/plugins/com.st.stm32cube.common.mx_6.9.2.202309101412//db//plugins/mcufinder/images/
2023-10-05 22:22:59,739 [WARN] DbFile:41 - Overriding database path with different value: /home/kaan/.stmcufinder/plugins/mcufinder/ => /home/kaan/.stmcufinder/plugins/mcufinder
2023-10-05 22:22:59,739 [INFO] ApiDb:250 - Set database path to: /home/kaan/.stmcufinder/plugins/mcufinder//mcu/
2023-10-05 22:22:59,739 [WARN] DbFile:41 - Overriding database path with different value: /home/kaan/.stmcufinder/plugins/mcufinder/ => /home/kaan/.stmcufinder/plugins/mcufinder
2023-10-05 22:22:59,739 [INFO] DbMcusAds:125 - Set database path to: /home/kaan/.stmcufinder/plugins/mcufinder//mcu/
2023-10-05 22:22:59,739 [WARN] DbFile:41 - Overriding database path with different value: /home/kaan/.stmcufinder/plugins/mcufinder/ => /home/kaan/.stmcufinder/plugins/mcufinder
2023-10-05 22:22:59,739 [WARN] DbFile:41 - Overriding database path with different value: /home/kaan/.stmcufinder/plugins/mcufinder/ => /home/kaan/.stmcufinder/plugins/mcufinder
2023-10-05 22:22:59,739 [INFO] CrossReferenceDbSqlite:203 - Set database path to: /home/kaan/.stmcufinder/plugins/mcufinder//mcu/cs/
2023-10-05 22:22:59,793 [INFO] MainPanel:262 - HeapMemory: 268435456
2023-10-05 22:22:59,870 [INFO] DbMcusXml:78 - Set database path to: /opt/st/stm32cubeide_1.13.2/plugins/com.st.stm32cube.common.mx_6.9.2.202309101412//db//mcu/
2023-10-05 22:22:59,870 [INFO] ApiDb:274 - Set plugin database path to: /opt/st/stm32cubeide_1.13.2/plugins/com.st.stm32cube.common.mx_6.9.2.202309101412//db//plugins/boardmanager/
2023-10-05 22:22:59,870 [INFO] ApiDb:261 - Set plugin images path to: /opt/st/stm32cubeide_1.13.2/plugins/com.st.stm32cube.common.mx_6.9.2.202309101412//db//plugins/mcufinder/images/
2023-10-05 22:22:59,870 [WARN] DbFile:41 - Overriding database path with different value: /home/kaan/.stmcufinder/plugins/mcufinder/ => /home/kaan/.stmcufinder/plugins/mcufinder
2023-10-05 22:22:59,870 [INFO] ApiDb:250 - Set database path to: /home/kaan/.stmcufinder/plugins/mcufinder//mcu/
2023-10-05 22:22:59,870 [WARN] DbFile:41 - Overriding database path with different value: /home/kaan/.stmcufinder/plugins/mcufinder/ => /home/kaan/.stmcufinder/plugins/mcufinder
2023-10-05 22:22:59,870 [INFO] DbMcusAds:125 - Set database path to: /home/kaan/.stmcufinder/plugins/mcufinder//mcu/
2023-10-05 22:22:59,871 [WARN] DbFile:41 - Overriding database path with different value: /home/kaan/.stmcufinder/plugins/mcufinder/ => /home/kaan/.stmcufinder/plugins/mcufinder
2023-10-05 22:22:59,871 [WARN] DbFile:41 - Overriding database path with different value: /home/kaan/.stmcufinder/plugins/mcufinder/ => /home/kaan/.stmcufinder/plugins/mcufinder
2023-10-05 22:22:59,871 [INFO] CrossReferenceDbSqlite:203 - Set database path to: /home/kaan/.stmcufinder/plugins/mcufinder//mcu/cs/
2023-10-05 22:22:59,882 [INFO] ApplicationProperties:184 - Using Application install path: /opt/st/stm32cubeide_1.13.2/plugins/com.st.stm32cube.common.mx_6.9.2.202309101412
2023-10-05 22:22:59,883 [INFO] PluginManage:196 - Search for loadable plugins [exclusion list=, ]
2023-10-05 22:22:59,884 [INFO] PluginManage:310 - Check plugin analytics
2023-10-05 22:23:00,004 [INFO] AnalyticsPlugin:253 - Accepted Software Licenses: STM32CubeMX.5.6.1
2023-10-05 22:23:00,004 [INFO] AnalyticsPlugin:255 - Accepted CMSIS Pack Licenses: STMicroelectronics.X-CUBE-AI.8.1.0
2023-10-05 22:23:00,004 [INFO] AnalyticsPlugin:257 - Accepted Firmware Licenses: 
2023-10-05 22:23:00,006 [INFO] PluginManage:359 - Loaded plugin analytics (category:tool,tabindex:-1)
2023-10-05 22:23:00,006 [INFO] PluginManage:310 - Check plugin cadmodel
2023-10-05 22:23:00,033 [INFO] CADModel:105 - Init CAD model plugin
2023-10-05 22:23:00,034 [INFO] PluginManage:359 - Loaded plugin cadmodel (category:power,tabindex:5)
2023-10-05 22:23:00,034 [INFO] PluginManage:310 - Check plugin clock
2023-10-05 22:23:00,043 [INFO] PluginManage:359 - Loaded plugin clock (category:base,tabindex:2)
2023-10-05 22:23:00,043 [INFO] PluginManage:310 - Check plugin ddr
2023-10-05 22:23:00,045 [INFO] PluginManage:359 - Loaded plugin ddr (category:tool,tabindex:6)
2023-10-05 22:23:00,045 [INFO] PluginManage:310 - Check plugin filemanager
2023-10-05 22:23:00,140 [INFO] PluginManage:359 - Loaded plugin filemanager (category:base,tabindex:10)
2023-10-05 22:23:00,140 [INFO] PluginManage:310 - Check plugin ipmanager
2023-10-05 22:23:00,144 [INFO] PluginManage:359 - Loaded plugin ipmanager (category:base,tabindex:5)
2023-10-05 22:23:00,144 [INFO] PluginManage:310 - Check plugin lpbam
2023-10-05 22:23:00,151 [INFO] PluginManage:359 - Loaded plugin lpbam (category:base,tabindex:0)
2023-10-05 22:23:00,152 [INFO] PluginManage:310 - Check plugin memorymap
2023-10-05 22:23:00,161 [INFO] PluginManage:359 - Loaded plugin memorymap (category:base,tabindex:4)
2023-10-05 22:23:00,161 [INFO] PluginManage:310 - Check plugin pinoutandconfiguration
2023-10-05 22:23:00,167 [INFO] PluginManage:359 - Loaded plugin pinoutandconfiguration (category:base,tabindex:1)
2023-10-05 22:23:00,167 [INFO] PluginManage:310 - Check plugin pinoutconfig
2023-10-05 22:23:00,224 [WARN] SupportedApi:132 - Cannot load RTOS API schema: s4s-elt-must-match.1: The content of 'definitions' must match (annotation?, (simpleType | complexType)?, (unique | key | keyref)*)). A problem was found starting at: attribute.
2023-10-05 22:23:00,315 [INFO] PluginManage:359 - Loaded plugin pinoutconfig (category:base,tabindex:0)
2023-10-05 22:23:00,315 [INFO] PluginManage:310 - Check plugin power
2023-10-05 22:23:00,325 [INFO] PluginManage:359 - Loaded plugin power (category:power,tabindex:4)
2023-10-05 22:23:00,326 [INFO] PluginManage:310 - Check plugin projectmanager
2023-10-05 22:23:00,336 [INFO] PluginManage:359 - Loaded plugin projectmanager (category:projectmanager,tabindex:3)
2023-10-05 22:23:00,336 [INFO] PluginManage:310 - Check plugin thirdparty
2023-10-05 22:23:00,411 [WARN] IntegrityCheckThread:84 - waiting for thirdparty lock release [integrity check]
2023-10-05 22:23:00,411 [INFO] PluginManage:359 - Loaded plugin thirdparty (category:base,tabindex:-1)
2023-10-05 22:23:00,411 [INFO] IntegrityCheckThread:86 - entering critical section [integrity check]
2023-10-05 22:23:00,411 [INFO] PluginManage:310 - Check plugin tools
2023-10-05 22:23:00,412 [INFO] ThirdPartyUpdaterWithRetryManager:70 - Updater plugin not ready yet. [1/15]
2023-10-05 22:23:00,413 [INFO] PluginManage:359 - Loaded plugin tools (category:base,tabindex:7)
2023-10-05 22:23:00,413 [INFO] PluginManage:310 - Check plugin tutovideos
2023-10-05 22:23:00,527 [INFO] PluginManage:359 - Loaded plugin tutovideos (category:base,tabindex:-1)
2023-10-05 22:23:00,528 [INFO] PluginManage:310 - Check plugin updater
2023-10-05 22:23:00,538 [INFO] PluginManage:359 - Loaded plugin updater (category:base,tabindex:12)
2023-10-05 22:23:00,538 [INFO] PluginManage:310 - Check plugin userauth
2023-10-05 22:23:00,543 [INFO] UserAuth:113 - Init User Auth plugin
2023-10-05 22:23:00,543 [INFO] PluginManage:359 - Loaded plugin userauth (category:base,tabindex:14)
2023-10-05 22:23:00,543 [INFO] PluginManage:283 - PluginManage : Loaded plugins [17]
2023-10-05 22:23:00,677 [INFO] PinOutPanel:1499 - setPackage(No Configuration,No Configuration)
2023-10-05 22:23:00,743 [INFO] CADModel:165 - CPN selected for project level
2023-10-05 22:23:00,743 [INFO] CADModel:114 - Register for checkConnection events
2023-10-05 22:23:00,754 [INFO] IPUIPlugin:80 - create IPUIPlugin
2023-10-05 22:23:00,755 [INFO] PluginManager:220 - loadIPPluginJar : add dma3
2023-10-05 22:23:00,756 [INFO] IPUIPlugin:80 - create IPUIPlugin
2023-10-05 22:23:00,756 [INFO] PluginManager:220 - loadIPPluginJar : add fatfs
2023-10-05 22:23:00,762 [INFO] IPUIPlugin:80 - create IPUIPlugin
2023-10-05 22:23:00,763 [INFO] PluginManager:220 - loadIPPluginJar : add i3c
2023-10-05 22:23:00,764 [INFO] IPUIPlugin:80 - create IPUIPlugin
2023-10-05 22:23:00,764 [INFO] PluginManager:220 - loadIPPluginJar : add ltdc
2023-10-05 22:23:00,766 [INFO] IPUIPlugin:80 - create IPUIPlugin
2023-10-05 22:23:00,766 [INFO] PluginManager:220 - loadIPPluginJar : add ucpd
2023-10-05 22:23:00,770 [INFO] IPUIPlugin:80 - create IPUIPlugin
2023-10-05 22:23:00,770 [INFO] PluginManager:220 - loadIPPluginJar : add nvic
2023-10-05 22:23:00,773 [INFO] IPUIPlugin:80 - create IPUIPlugin
2023-10-05 22:23:00,773 [INFO] PluginManager:220 - loadIPPluginJar : add can
2023-10-05 22:23:00,775 [INFO] IPUIPlugin:80 - create IPUIPlugin
2023-10-05 22:23:00,775 [INFO] PluginManager:220 - loadIPPluginJar : add hash
2023-10-05 22:23:00,776 [INFO] IPUIPlugin:80 - create IPUIPlugin
2023-10-05 22:23:00,776 [INFO] PluginManager:220 - loadIPPluginJar : add comp
2023-10-05 22:23:00,781 [INFO] IPUIPlugin:80 - create IPUIPlugin
2023-10-05 22:23:00,781 [INFO] PluginManager:220 - loadIPPluginJar : add freertos
2023-10-05 22:23:00,783 [INFO] IPUIPlugin:80 - create IPUIPlugin
2023-10-05 22:23:00,783 [INFO] PluginManager:220 - loadIPPluginJar : add usart
2023-10-05 22:23:00,785 [INFO] IPUIPlugin:80 - create IPUIPlugin
2023-10-05 22:23:00,785 [INFO] PluginManager:220 - loadIPPluginJar : add gtzc
2023-10-05 22:23:00,787 [INFO] IPUIPlugin:80 - create IPUIPlugin
2023-10-05 22:23:00,788 [INFO] PluginManager:220 - loadIPPluginJar : add openamp
2023-10-05 22:23:00,790 [INFO] IPUIPlugin:80 - create IPUIPlugin
2023-10-05 22:23:00,790 [INFO] PluginManager:220 - loadIPPluginJar : add ipddr
2023-10-05 22:23:00,792 [INFO] IPUIPlugin:80 - create IPUIPlugin
2023-10-05 22:23:00,792 [INFO] PluginManager:220 - loadIPPluginJar : add pdm2pcm
2023-10-05 22:23:00,794 [INFO] IPUIPlugin:80 - create IPUIPlugin
2023-10-05 22:23:00,794 [INFO] PluginManager:220 - loadIPPluginJar : add sai
2023-10-05 22:23:00,795 [INFO] IPUIPlugin:80 - create IPUIPlugin
2023-10-05 22:23:00,795 [INFO] PluginManager:220 - loadIPPluginJar : add spi
2023-10-05 22:23:00,797 [INFO] IPUIPlugin:80 - create IPUIPlugin
2023-10-05 22:23:00,797 [INFO] PluginManager:220 - loadIPPluginJar : add cryp
2023-10-05 22:23:00,802 [INFO] IPUIPlugin:80 - create IPUIPlugin
2023-10-05 22:23:00,803 [INFO] PluginManager:220 - loadIPPluginJar : add plateformsettings
2023-10-05 22:23:00,806 [INFO] IPUIPlugin:80 - create IPUIPlugin
2023-10-05 22:23:00,806 [INFO] PluginManager:220 - loadIPPluginJar : add usbx
2023-10-05 22:23:00,808 [INFO] IPUIPlugin:80 - create IPUIPlugin
2023-10-05 22:23:00,808 [INFO] PluginManager:220 - loadIPPluginJar : add i2c
2023-10-05 22:23:00,823 [INFO] IPUIPlugin:80 - create IPUIPlugin
2023-10-05 22:23:00,824 [INFO] PluginManager:220 - loadIPPluginJar : add dma
2023-10-05 22:23:00,825 [INFO] IPUIPlugin:80 - create IPUIPlugin
2023-10-05 22:23:00,825 [INFO] PluginManager:220 - loadIPPluginJar : add tsc
2023-10-05 22:23:00,826 [INFO] IPUIPlugin:80 - create IPUIPlugin
2023-10-05 22:23:00,827 [INFO] PluginManager:220 - loadIPPluginJar : add quadspi
2023-10-05 22:23:00,829 [INFO] IPUIPlugin:80 - create IPUIPlugin
2023-10-05 22:23:00,829 [INFO] PluginManager:220 - loadIPPluginJar : add i2s
2023-10-05 22:23:00,839 [INFO] IPUIPlugin:80 - create IPUIPlugin
2023-10-05 22:23:00,839 [INFO] PluginManager:220 - loadIPPluginJar : add gic
2023-10-05 22:23:00,841 [INFO] IPUIPlugin:80 - create IPUIPlugin
2023-10-05 22:23:00,841 [INFO] PluginManager:220 - loadIPPluginJar : add tracer_emb
2023-10-05 22:23:00,848 [INFO] IPUIPlugin:80 - create IPUIPlugin
2023-10-05 22:23:00,848 [INFO] PluginManager:220 - loadIPPluginJar : add stm32_wpan
2023-10-05 22:23:00,855 [INFO] IPUIPlugin:80 - create IPUIPlugin
2023-10-05 22:23:00,856 [INFO] PluginManager:220 - loadIPPluginJar : add linkedlist
2023-10-05 22:23:00,858 [INFO] IPUIPlugin:80 - create IPUIPlugin
2023-10-05 22:23:00,858 [INFO] PluginManager:220 - loadIPPluginJar : add lorawan
2023-10-05 22:23:00,861 [INFO] IPUIPlugin:80 - create IPUIPlugin
2023-10-05 22:23:00,862 [INFO] PluginManager:220 - loadIPPluginJar : add touchsensing
2023-10-05 22:23:00,867 [INFO] IPUIPlugin:80 - create IPUIPlugin
2023-10-05 22:23:00,867 [INFO] PluginManager:220 - loadIPPluginJar : add adc
2023-10-05 22:23:00,872 [INFO] IPUIPlugin:80 - create IPUIPlugin
2023-10-05 22:23:00,872 [INFO] PluginManager:220 - loadIPPluginJar : add mdma
2023-10-05 22:23:00,875 [INFO] IPUIPlugin:80 - create IPUIPlugin
2023-10-05 22:23:00,875 [INFO] PluginManager:220 - loadIPPluginJar : add fmc
2023-10-05 22:23:00,876 [INFO] IPUIPlugin:80 - create IPUIPlugin
2023-10-05 22:23:00,876 [INFO] PluginManager:220 - loadIPPluginJar : add tim
2023-10-05 22:23:00,877 [INFO] IPUIPlugin:80 - create IPUIPlugin
2023-10-05 22:23:00,877 [INFO] PluginManager:220 - loadIPPluginJar : add gfxmmu
2023-10-05 22:23:00,880 [INFO] IPUIPlugin:80 - create IPUIPlugin
2023-10-05 22:23:00,880 [INFO] PluginManager:220 - loadIPPluginJar : add resmgrutility
2023-10-05 22:23:00,882 [INFO] IPUIPlugin:80 - create IPUIPlugin
2023-10-05 22:23:00,882 [INFO] PluginManager:220 - loadIPPluginJar : add opamp
2023-10-05 22:23:00,884 [INFO] IPUIPlugin:80 - create IPUIPlugin
2023-10-05 22:23:00,884 [INFO] PluginManager:220 - loadIPPluginJar : add aes
2023-10-05 22:23:00,888 [INFO] IPUIPlugin:80 - create IPUIPlugin
2023-10-05 22:23:00,888 [INFO] PluginManager:220 - loadIPPluginJar : add gpio
2023-10-05 22:23:00,890 [INFO] IPUIPlugin:80 - create IPUIPlugin
2023-10-05 22:23:00,890 [INFO] PluginManager:220 - loadIPPluginJar : add dfsdm
2023-10-05 22:23:00,891 [INFO] IPUIPlugin:80 - create IPUIPlugin
2023-10-05 22:23:00,891 [INFO] PluginManager:220 - loadIPPluginJar : add ts
2023-10-05 22:23:00,892 [INFO] IPUIPlugin:80 - create IPUIPlugin
2023-10-05 22:23:00,892 [INFO] PluginManager:220 - loadIPPluginJar : add genericplugin
2023-10-05 22:23:00,980 [INFO] CADModel:165 - CPN selected for project level
2023-10-05 22:23:00,980 [INFO] CADModel:114 - Register for checkConnection events
2023-10-05 22:23:00,980 [FATAL] Updater:308 - Updater called before beeing initialized
2023-10-05 22:23:00,981 [ERROR] CADModel:125 - Updater not yet initialized, retry later 
2023-10-05 22:23:01,087 [INFO] CADModel:165 - CPN selected for project level
2023-10-05 22:23:01,088 [INFO] CADModel:114 - Register for checkConnection events
2023-10-05 22:23:01,088 [FATAL] Updater:308 - Updater called before beeing initialized
2023-10-05 22:23:01,088 [ERROR] CADModel:125 - Updater not yet initialized, retry later 
2023-10-05 22:23:01,090 [FATAL] Updater:308 - Updater called before beeing initialized
2023-10-05 22:23:01,136 [FATAL] Updater:308 - Updater called before beeing initialized
2023-10-05 22:23:01,140 [INFO] DbMcusAds:53 - JSON generation date=Tue Mar 07 09:50:55 CET 2023 (1678179055114)
2023-10-05 22:23:01,140 [FATAL] Updater:308 - Updater called before beeing initialized
2023-10-05 22:23:01,166 [WARN] DetailPanel:346 - Failed to get advertising image, set to default
2023-10-05 22:23:01,219 [FATAL] Updater:308 - Updater called before beeing initialized
2023-10-05 22:23:01,221 [FATAL] Updater:308 - Updater called before beeing initialized
2023-10-05 22:23:01,221 [FATAL] Updater:308 - Updater called before beeing initialized
2023-10-05 22:23:01,221 [WARN] DetailPanel:346 - Failed to get advertising image, set to default
2023-10-05 22:23:01,221 [FATAL] Updater:308 - Updater called before beeing initialized
2023-10-05 22:23:01,239 [ERROR] Updater:1120 - MainUpdater not yet initialized. External WinMGr cannot be set.
2023-10-05 22:23:01,240 [INFO] Updater:1056 - Updater Version found : 6.9.2
2023-10-05 22:23:01,255 [INFO] ApplicationProperties:184 - Using Application install path: /opt/st/stm32cubeide_1.13.2/plugins/com.st.stm32cube.common.mx_6.9.2.202309101412
2023-10-05 22:23:01,418 [INFO] MainUpdater:2868 - connection check result : 10
2023-10-05 22:23:01,418 [INFO] MainUpdater:285 - Updater Check For Update Now.
2023-10-05 22:23:01,418 [INFO] MicroXplorer:498 - Change Database Version : DB.6.0.92
2023-10-05 22:23:01,432 [INFO] McuFinderGlobals:63 - Set McuFinder mode to 2 (CubeIDE integrated)
2023-10-05 22:23:01,433 [INFO] UserAuth:179 - activating auth plugin
2023-10-05 22:23:01,435 [INFO] UserAuth:393 - Internet connection configuration mode: 1
2023-10-05 22:23:01,445 [INFO] JxBrowserEngine:151 - Initiate JxBrowser Engine with user profile folder
2023-10-05 22:23:01,555 [INFO] CheckServerUpdateThread:120 - End of CheckServer Thread
2023-10-05 22:23:02,264 [INFO] WebApp:157 - Instantiating new browser for Auth
2023-10-05 22:23:02,750 [INFO] WebApp:753 - Register for checkConnection events
2023-10-05 22:23:02,750 [INFO] WebApp:390 - Apply proxy settings
2023-10-05 22:23:02,750 [INFO] WebApp:475 - Chromium requires no authentication
2023-10-05 22:23:02,756 [INFO] WebApp:418 - Direct internet connection detected
2023-10-05 22:23:02,848 [INFO] WebApp:188 - Starting web application
2023-10-05 22:23:02,848 [INFO] WebApp:520 - Web application path used /opt/st/stm32cubeide_1.13.2/plugins/com.st.stm32cube.common.mx_6.9.2.202309101412/db/plugins/mcufinder/reactClient1/index.html
2023-10-05 22:23:03,453 [WARN] PackLoader:240 - Cannot read IP mode file for STMicroelectronics.X-CUBE-AI.8.1.0
2023-10-05 22:23:03,491 [INFO] ThirdParty:978 - Integrity check success = true
2023-10-05 22:23:03,491 [INFO] IntegrityCheckThread:100 - exiting critical section [integrity check]
2023-10-05 22:23:03,491 [INFO] IntegrityCheckThread:103 - End integrity checks thread
2023-10-05 22:23:24,412 [ERROR] LogOutputStream:75 - [STDERR_REDIRECT] SLF4J: Failed to load class "org.slf4j.impl.StaticLoggerBinder".
2023-10-05 22:23:24,412 [ERROR] LogOutputStream:75 - [STDERR_REDIRECT] SLF4J: Defaulting to no-operation (NOP) logger implementation
2023-10-05 22:23:24,412 [ERROR] LogOutputStream:75 - [STDERR_REDIRECT] SLF4J: See http://www.slf4j.org/codes.html#StaticLoggerBinder for further details.
