2023-09-28 18:59:24,806 [INFO] Activator:176 - 


2023-09-28 18:59:24,809 [INFO] Activator:177 - !SESSION log4j initialized
2023-09-28 18:59:28,080 [INFO] LogOutputStream:77 - [STDOUT_REDIRECT] 
2023-09-28 18:59:28,469 [INFO] ApplicationProperties:184 - Using Application install path: /opt/st/stm32cubeide_1.13.2/plugins/com.st.stm32cube.common.mx_6.9.2.202309101412
2023-09-28 18:59:28,482 [INFO] DbMcusXml:78 - Set database path to: /opt/st/stm32cubeide_1.13.2/plugins/com.st.stm32cube.common.mx_6.9.2.202309101412//db//mcu/
2023-09-28 18:59:28,483 [INFO] ApiDb:274 - Set plugin database path to: /opt/st/stm32cubeide_1.13.2/plugins/com.st.stm32cube.common.mx_6.9.2.202309101412//db//plugins/boardmanager/
2023-09-28 18:59:28,483 [WARN] ApiDb:259 - Overriding images path with different value:  => /opt/st/stm32cubeide_1.13.2/plugins/com.st.stm32cube.common.mx_6.9.2.202309101412//db//plugins/mcufinder/images/
2023-09-28 18:59:28,491 [INFO] ApiDb:250 - Set database path to: /home/kaan/.stmcufinder/plugins/mcufinder//mcu/
2023-09-28 18:59:28,492 [INFO] DbMcusAds:125 - Set database path to: /home/kaan/.stmcufinder/plugins/mcufinder//mcu/
2023-09-28 18:59:28,495 [INFO] CrossReferenceDbSqlite:203 - Set database path to: /home/kaan/.stmcufinder/plugins/mcufinder//mcu/cs/
2023-09-28 18:59:28,564 [INFO] RulesReader:64 - Compatibility file has been processed (293 Rules)
2023-09-28 18:59:28,607 [INFO] DbMcusXml:78 - Set database path to: /opt/st/stm32cubeide_1.13.2/plugins/com.st.stm32cube.common.mx_6.9.2.202309101412//db//mcu/
2023-09-28 18:59:28,607 [INFO] ApiDb:274 - Set plugin database path to: /opt/st/stm32cubeide_1.13.2/plugins/com.st.stm32cube.common.mx_6.9.2.202309101412//db//plugins/boardmanager/
2023-09-28 18:59:28,607 [INFO] ApiDb:261 - Set plugin images path to: /opt/st/stm32cubeide_1.13.2/plugins/com.st.stm32cube.common.mx_6.9.2.202309101412//db//plugins/mcufinder/images/
2023-09-28 18:59:28,607 [WARN] DbFile:41 - Overriding database path with different value: /home/kaan/.stmcufinder/plugins/mcufinder/ => /home/kaan/.stmcufinder/plugins/mcufinder
2023-09-28 18:59:28,607 [INFO] ApiDb:250 - Set database path to: /home/kaan/.stmcufinder/plugins/mcufinder//mcu/
2023-09-28 18:59:28,607 [WARN] DbFile:41 - Overriding database path with different value: /home/kaan/.stmcufinder/plugins/mcufinder/ => /home/kaan/.stmcufinder/plugins/mcufinder
2023-09-28 18:59:28,607 [INFO] DbMcusAds:125 - Set database path to: /home/kaan/.stmcufinder/plugins/mcufinder//mcu/
2023-09-28 18:59:28,608 [WARN] DbFile:41 - Overriding database path with different value: /home/kaan/.stmcufinder/plugins/mcufinder/ => /home/kaan/.stmcufinder/plugins/mcufinder
2023-09-28 18:59:28,608 [WARN] DbFile:41 - Overriding database path with different value: /home/kaan/.stmcufinder/plugins/mcufinder/ => /home/kaan/.stmcufinder/plugins/mcufinder
2023-09-28 18:59:28,608 [INFO] CrossReferenceDbSqlite:203 - Set database path to: /home/kaan/.stmcufinder/plugins/mcufinder//mcu/cs/
2023-09-28 18:59:28,659 [INFO] MainPanel:262 - HeapMemory: 268435456
2023-09-28 18:59:28,732 [INFO] DbMcusXml:78 - Set database path to: /opt/st/stm32cubeide_1.13.2/plugins/com.st.stm32cube.common.mx_6.9.2.202309101412//db//mcu/
2023-09-28 18:59:28,732 [INFO] ApiDb:274 - Set plugin database path to: /opt/st/stm32cubeide_1.13.2/plugins/com.st.stm32cube.common.mx_6.9.2.202309101412//db//plugins/boardmanager/
2023-09-28 18:59:28,732 [INFO] ApiDb:261 - Set plugin images path to: /opt/st/stm32cubeide_1.13.2/plugins/com.st.stm32cube.common.mx_6.9.2.202309101412//db//plugins/mcufinder/images/
2023-09-28 18:59:28,732 [WARN] DbFile:41 - Overriding database path with different value: /home/kaan/.stmcufinder/plugins/mcufinder/ => /home/kaan/.stmcufinder/plugins/mcufinder
2023-09-28 18:59:28,733 [INFO] ApiDb:250 - Set database path to: /home/kaan/.stmcufinder/plugins/mcufinder//mcu/
2023-09-28 18:59:28,733 [WARN] DbFile:41 - Overriding database path with different value: /home/kaan/.stmcufinder/plugins/mcufinder/ => /home/kaan/.stmcufinder/plugins/mcufinder
2023-09-28 18:59:28,733 [INFO] DbMcusAds:125 - Set database path to: /home/kaan/.stmcufinder/plugins/mcufinder//mcu/
2023-09-28 18:59:28,733 [WARN] DbFile:41 - Overriding database path with different value: /home/kaan/.stmcufinder/plugins/mcufinder/ => /home/kaan/.stmcufinder/plugins/mcufinder
2023-09-28 18:59:28,733 [WARN] DbFile:41 - Overriding database path with different value: /home/kaan/.stmcufinder/plugins/mcufinder/ => /home/kaan/.stmcufinder/plugins/mcufinder
2023-09-28 18:59:28,733 [INFO] CrossReferenceDbSqlite:203 - Set database path to: /home/kaan/.stmcufinder/plugins/mcufinder//mcu/cs/
2023-09-28 18:59:28,744 [INFO] ApplicationProperties:184 - Using Application install path: /opt/st/stm32cubeide_1.13.2/plugins/com.st.stm32cube.common.mx_6.9.2.202309101412
2023-09-28 18:59:28,745 [INFO] PluginManage:196 - Search for loadable plugins [exclusion list=, ]
2023-09-28 18:59:28,745 [INFO] PluginManage:310 - Check plugin analytics
2023-09-28 18:59:28,830 [INFO] AnalyticsPlugin:253 - Accepted Software Licenses: STM32CubeMX.5.6.1
2023-09-28 18:59:28,830 [INFO] AnalyticsPlugin:255 - Accepted CMSIS Pack Licenses: STMicroelectronics.X-CUBE-AI.8.1.0
2023-09-28 18:59:28,831 [INFO] AnalyticsPlugin:257 - Accepted Firmware Licenses: 
2023-09-28 18:59:28,832 [INFO] PluginManage:359 - Loaded plugin analytics (category:tool,tabindex:-1)
2023-09-28 18:59:28,832 [INFO] PluginManage:310 - Check plugin cadmodel
2023-09-28 18:59:28,857 [INFO] CADModel:105 - Init CAD model plugin
2023-09-28 18:59:28,857 [INFO] PluginManage:359 - Loaded plugin cadmodel (category:power,tabindex:5)
2023-09-28 18:59:28,857 [INFO] PluginManage:310 - Check plugin clock
2023-09-28 18:59:28,865 [INFO] PluginManage:359 - Loaded plugin clock (category:base,tabindex:2)
2023-09-28 18:59:28,865 [INFO] PluginManage:310 - Check plugin ddr
2023-09-28 18:59:28,867 [INFO] PluginManage:359 - Loaded plugin ddr (category:tool,tabindex:6)
2023-09-28 18:59:28,867 [INFO] PluginManage:310 - Check plugin filemanager
2023-09-28 18:59:28,950 [INFO] PluginManage:359 - Loaded plugin filemanager (category:base,tabindex:10)
2023-09-28 18:59:28,950 [INFO] PluginManage:310 - Check plugin ipmanager
2023-09-28 18:59:28,954 [INFO] PluginManage:359 - Loaded plugin ipmanager (category:base,tabindex:5)
2023-09-28 18:59:28,954 [INFO] PluginManage:310 - Check plugin lpbam
2023-09-28 18:59:28,961 [INFO] PluginManage:359 - Loaded plugin lpbam (category:base,tabindex:0)
2023-09-28 18:59:28,961 [INFO] PluginManage:310 - Check plugin memorymap
2023-09-28 18:59:28,969 [INFO] PluginManage:359 - Loaded plugin memorymap (category:base,tabindex:4)
2023-09-28 18:59:28,969 [INFO] PluginManage:310 - Check plugin pinoutandconfiguration
2023-09-28 18:59:28,974 [INFO] PluginManage:359 - Loaded plugin pinoutandconfiguration (category:base,tabindex:1)
2023-09-28 18:59:28,975 [INFO] PluginManage:310 - Check plugin pinoutconfig
2023-09-28 18:59:29,027 [WARN] SupportedApi:132 - Cannot load RTOS API schema: s4s-elt-must-match.1: The content of 'definitions' must match (annotation?, (simpleType | complexType)?, (unique | key | keyref)*)). A problem was found starting at: attribute.
2023-09-28 18:59:29,111 [INFO] PluginManage:359 - Loaded plugin pinoutconfig (category:base,tabindex:0)
2023-09-28 18:59:29,111 [INFO] PluginManage:310 - Check plugin power
2023-09-28 18:59:29,120 [INFO] PluginManage:359 - Loaded plugin power (category:power,tabindex:4)
2023-09-28 18:59:29,120 [INFO] PluginManage:310 - Check plugin projectmanager
2023-09-28 18:59:29,128 [INFO] PluginManage:359 - Loaded plugin projectmanager (category:projectmanager,tabindex:3)
2023-09-28 18:59:29,128 [INFO] PluginManage:310 - Check plugin thirdparty
2023-09-28 18:59:29,217 [INFO] PluginManage:359 - Loaded plugin thirdparty (category:base,tabindex:-1)
2023-09-28 18:59:29,217 [WARN] IntegrityCheckThread:84 - waiting for thirdparty lock release [integrity check]
2023-09-28 18:59:29,217 [INFO] IntegrityCheckThread:86 - entering critical section [integrity check]
2023-09-28 18:59:29,217 [INFO] PluginManage:310 - Check plugin tools
2023-09-28 18:59:29,217 [INFO] ThirdPartyUpdaterWithRetryManager:70 - Updater plugin not ready yet. [1/15]
2023-09-28 18:59:29,219 [INFO] PluginManage:359 - Loaded plugin tools (category:base,tabindex:7)
2023-09-28 18:59:29,219 [INFO] PluginManage:310 - Check plugin tutovideos
2023-09-28 18:59:29,331 [INFO] PluginManage:359 - Loaded plugin tutovideos (category:base,tabindex:-1)
2023-09-28 18:59:29,331 [INFO] PluginManage:310 - Check plugin updater
2023-09-28 18:59:29,340 [INFO] PluginManage:359 - Loaded plugin updater (category:base,tabindex:12)
2023-09-28 18:59:29,340 [INFO] PluginManage:310 - Check plugin userauth
2023-09-28 18:59:29,346 [INFO] UserAuth:113 - Init User Auth plugin
2023-09-28 18:59:29,346 [INFO] PluginManage:359 - Loaded plugin userauth (category:base,tabindex:14)
2023-09-28 18:59:29,346 [INFO] PluginManage:283 - PluginManage : Loaded plugins [17]
2023-09-28 18:59:29,472 [INFO] PinOutPanel:1499 - setPackage(No Configuration,No Configuration)
2023-09-28 18:59:29,527 [INFO] CADModel:165 - CPN selected for project level
2023-09-28 18:59:29,527 [INFO] CADModel:114 - Register for checkConnection events
2023-09-28 18:59:29,535 [INFO] IPUIPlugin:80 - create IPUIPlugin
2023-09-28 18:59:29,535 [INFO] PluginManager:220 - loadIPPluginJar : add dma3
2023-09-28 18:59:29,536 [INFO] IPUIPlugin:80 - create IPUIPlugin
2023-09-28 18:59:29,536 [INFO] PluginManager:220 - loadIPPluginJar : add fatfs
2023-09-28 18:59:29,540 [INFO] IPUIPlugin:80 - create IPUIPlugin
2023-09-28 18:59:29,540 [INFO] PluginManager:220 - loadIPPluginJar : add i3c
2023-09-28 18:59:29,541 [INFO] IPUIPlugin:80 - create IPUIPlugin
2023-09-28 18:59:29,541 [INFO] PluginManager:220 - loadIPPluginJar : add ltdc
2023-09-28 18:59:29,542 [INFO] IPUIPlugin:80 - create IPUIPlugin
2023-09-28 18:59:29,542 [INFO] PluginManager:220 - loadIPPluginJar : add ucpd
2023-09-28 18:59:29,545 [INFO] IPUIPlugin:80 - create IPUIPlugin
2023-09-28 18:59:29,545 [INFO] PluginManager:220 - loadIPPluginJar : add nvic
2023-09-28 18:59:29,547 [INFO] IPUIPlugin:80 - create IPUIPlugin
2023-09-28 18:59:29,547 [INFO] PluginManager:220 - loadIPPluginJar : add can
2023-09-28 18:59:29,548 [INFO] IPUIPlugin:80 - create IPUIPlugin
2023-09-28 18:59:29,549 [INFO] PluginManager:220 - loadIPPluginJar : add hash
2023-09-28 18:59:29,549 [INFO] IPUIPlugin:80 - create IPUIPlugin
2023-09-28 18:59:29,549 [INFO] PluginManager:220 - loadIPPluginJar : add comp
2023-09-28 18:59:29,553 [INFO] IPUIPlugin:80 - create IPUIPlugin
2023-09-28 18:59:29,554 [INFO] PluginManager:220 - loadIPPluginJar : add freertos
2023-09-28 18:59:29,555 [INFO] IPUIPlugin:80 - create IPUIPlugin
2023-09-28 18:59:29,555 [INFO] PluginManager:220 - loadIPPluginJar : add usart
2023-09-28 18:59:29,557 [INFO] IPUIPlugin:80 - create IPUIPlugin
2023-09-28 18:59:29,557 [INFO] PluginManager:220 - loadIPPluginJar : add gtzc
2023-09-28 18:59:29,559 [INFO] IPUIPlugin:80 - create IPUIPlugin
2023-09-28 18:59:29,560 [INFO] PluginManager:220 - loadIPPluginJar : add openamp
2023-09-28 18:59:29,562 [INFO] IPUIPlugin:80 - create IPUIPlugin
2023-09-28 18:59:29,562 [INFO] PluginManager:220 - loadIPPluginJar : add ipddr
2023-09-28 18:59:29,564 [INFO] IPUIPlugin:80 - create IPUIPlugin
2023-09-28 18:59:29,564 [INFO] PluginManager:220 - loadIPPluginJar : add pdm2pcm
2023-09-28 18:59:29,566 [INFO] IPUIPlugin:80 - create IPUIPlugin
2023-09-28 18:59:29,566 [INFO] PluginManager:220 - loadIPPluginJar : add sai
2023-09-28 18:59:29,567 [INFO] IPUIPlugin:80 - create IPUIPlugin
2023-09-28 18:59:29,567 [INFO] PluginManager:220 - loadIPPluginJar : add spi
2023-09-28 18:59:29,569 [INFO] IPUIPlugin:80 - create IPUIPlugin
2023-09-28 18:59:29,569 [INFO] PluginManager:220 - loadIPPluginJar : add cryp
2023-09-28 18:59:29,574 [INFO] IPUIPlugin:80 - create IPUIPlugin
2023-09-28 18:59:29,575 [INFO] PluginManager:220 - loadIPPluginJar : add plateformsettings
2023-09-28 18:59:29,577 [INFO] IPUIPlugin:80 - create IPUIPlugin
2023-09-28 18:59:29,577 [INFO] PluginManager:220 - loadIPPluginJar : add usbx
2023-09-28 18:59:29,579 [INFO] IPUIPlugin:80 - create IPUIPlugin
2023-09-28 18:59:29,579 [INFO] PluginManager:220 - loadIPPluginJar : add i2c
2023-09-28 18:59:29,585 [INFO] IPUIPlugin:80 - create IPUIPlugin
2023-09-28 18:59:29,585 [INFO] PluginManager:220 - loadIPPluginJar : add dma
2023-09-28 18:59:29,586 [INFO] IPUIPlugin:80 - create IPUIPlugin
2023-09-28 18:59:29,586 [INFO] PluginManager:220 - loadIPPluginJar : add tsc
2023-09-28 18:59:29,587 [INFO] IPUIPlugin:80 - create IPUIPlugin
2023-09-28 18:59:29,587 [INFO] PluginManager:220 - loadIPPluginJar : add quadspi
2023-09-28 18:59:29,589 [INFO] IPUIPlugin:80 - create IPUIPlugin
2023-09-28 18:59:29,589 [INFO] PluginManager:220 - loadIPPluginJar : add i2s
2023-09-28 18:59:29,592 [INFO] IPUIPlugin:80 - create IPUIPlugin
2023-09-28 18:59:29,593 [INFO] PluginManager:220 - loadIPPluginJar : add gic
2023-09-28 18:59:29,594 [INFO] IPUIPlugin:80 - create IPUIPlugin
2023-09-28 18:59:29,594 [INFO] PluginManager:220 - loadIPPluginJar : add tracer_emb
2023-09-28 18:59:29,599 [INFO] IPUIPlugin:80 - create IPUIPlugin
2023-09-28 18:59:29,599 [INFO] PluginManager:220 - loadIPPluginJar : add stm32_wpan
2023-09-28 18:59:29,605 [INFO] IPUIPlugin:80 - create IPUIPlugin
2023-09-28 18:59:29,605 [INFO] PluginManager:220 - loadIPPluginJar : add linkedlist
2023-09-28 18:59:29,606 [INFO] IPUIPlugin:80 - create IPUIPlugin
2023-09-28 18:59:29,606 [INFO] PluginManager:220 - loadIPPluginJar : add lorawan
2023-09-28 18:59:29,609 [INFO] IPUIPlugin:80 - create IPUIPlugin
2023-09-28 18:59:29,609 [INFO] PluginManager:220 - loadIPPluginJar : add touchsensing
2023-09-28 18:59:29,614 [INFO] IPUIPlugin:80 - create IPUIPlugin
2023-09-28 18:59:29,614 [INFO] PluginManager:220 - loadIPPluginJar : add adc
2023-09-28 18:59:29,619 [INFO] IPUIPlugin:80 - create IPUIPlugin
2023-09-28 18:59:29,619 [INFO] PluginManager:220 - loadIPPluginJar : add mdma
2023-09-28 18:59:29,622 [INFO] IPUIPlugin:80 - create IPUIPlugin
2023-09-28 18:59:29,622 [INFO] PluginManager:220 - loadIPPluginJar : add fmc
2023-09-28 18:59:29,623 [INFO] IPUIPlugin:80 - create IPUIPlugin
2023-09-28 18:59:29,623 [INFO] PluginManager:220 - loadIPPluginJar : add tim
2023-09-28 18:59:29,624 [INFO] IPUIPlugin:80 - create IPUIPlugin
2023-09-28 18:59:29,624 [INFO] PluginManager:220 - loadIPPluginJar : add gfxmmu
2023-09-28 18:59:29,627 [INFO] IPUIPlugin:80 - create IPUIPlugin
2023-09-28 18:59:29,627 [INFO] PluginManager:220 - loadIPPluginJar : add resmgrutility
2023-09-28 18:59:29,629 [INFO] IPUIPlugin:80 - create IPUIPlugin
2023-09-28 18:59:29,629 [INFO] PluginManager:220 - loadIPPluginJar : add opamp
2023-09-28 18:59:29,631 [INFO] IPUIPlugin:80 - create IPUIPlugin
2023-09-28 18:59:29,631 [INFO] PluginManager:220 - loadIPPluginJar : add aes
2023-09-28 18:59:29,635 [INFO] IPUIPlugin:80 - create IPUIPlugin
2023-09-28 18:59:29,635 [INFO] PluginManager:220 - loadIPPluginJar : add gpio
2023-09-28 18:59:29,636 [INFO] IPUIPlugin:80 - create IPUIPlugin
2023-09-28 18:59:29,637 [INFO] PluginManager:220 - loadIPPluginJar : add dfsdm
2023-09-28 18:59:29,638 [INFO] IPUIPlugin:80 - create IPUIPlugin
2023-09-28 18:59:29,638 [INFO] PluginManager:220 - loadIPPluginJar : add ts
2023-09-28 18:59:29,639 [INFO] IPUIPlugin:80 - create IPUIPlugin
2023-09-28 18:59:29,639 [INFO] PluginManager:220 - loadIPPluginJar : add genericplugin
2023-09-28 18:59:29,726 [INFO] CADModel:165 - CPN selected for project level
2023-09-28 18:59:29,726 [INFO] CADModel:114 - Register for checkConnection events
2023-09-28 18:59:29,727 [FATAL] Updater:308 - Updater called before beeing initialized
2023-09-28 18:59:29,727 [ERROR] CADModel:125 - Updater not yet initialized, retry later 
2023-09-28 18:59:29,809 [INFO] CADModel:165 - CPN selected for project level
2023-09-28 18:59:29,810 [INFO] CADModel:114 - Register for checkConnection events
2023-09-28 18:59:29,810 [FATAL] Updater:308 - Updater called before beeing initialized
2023-09-28 18:59:29,810 [ERROR] CADModel:125 - Updater not yet initialized, retry later 
2023-09-28 18:59:29,812 [FATAL] Updater:308 - Updater called before beeing initialized
2023-09-28 18:59:29,874 [FATAL] Updater:308 - Updater called before beeing initialized
2023-09-28 18:59:29,879 [INFO] DbMcusAds:53 - JSON generation date=Tue Mar 07 09:50:55 CET 2023 (1678179055114)
2023-09-28 18:59:29,879 [FATAL] Updater:308 - Updater called before beeing initialized
2023-09-28 18:59:29,907 [WARN] DetailPanel:346 - Failed to get advertising image, set to default
2023-09-28 18:59:29,969 [FATAL] Updater:308 - Updater called before beeing initialized
2023-09-28 18:59:29,971 [FATAL] Updater:308 - Updater called before beeing initialized
2023-09-28 18:59:29,971 [FATAL] Updater:308 - Updater called before beeing initialized
2023-09-28 18:59:29,971 [WARN] DetailPanel:346 - Failed to get advertising image, set to default
2023-09-28 18:59:29,972 [FATAL] Updater:308 - Updater called before beeing initialized
2023-09-28 18:59:29,990 [ERROR] Updater:1120 - MainUpdater not yet initialized. External WinMGr cannot be set.
2023-09-28 18:59:29,992 [INFO] Updater:1056 - Updater Version found : 6.9.2
2023-09-28 18:59:30,013 [INFO] ApplicationProperties:184 - Using Application install path: /opt/st/stm32cubeide_1.13.2/plugins/com.st.stm32cube.common.mx_6.9.2.202309101412
2023-09-28 18:59:30,196 [INFO] MainUpdater:2868 - connection check result : 10
2023-09-28 18:59:30,197 [INFO] MainUpdater:285 - Updater Check For Update Now.
2023-09-28 18:59:30,197 [INFO] MicroXplorer:498 - Change Database Version : DB.6.0.92
2023-09-28 18:59:30,204 [INFO] McuFinderGlobals:63 - Set McuFinder mode to 2 (CubeIDE integrated)
2023-09-28 18:59:30,204 [INFO] UserAuth:179 - activating auth plugin
2023-09-28 18:59:30,207 [INFO] UserAuth:393 - Internet connection configuration mode: 1
2023-09-28 18:59:30,217 [INFO] JxBrowserEngine:151 - Initiate JxBrowser Engine with user profile folder
2023-09-28 18:59:30,331 [INFO] CheckServerUpdateThread:120 - End of CheckServer Thread
2023-09-28 18:59:30,956 [INFO] WebApp:157 - Instantiating new browser for Auth
2023-09-28 18:59:31,420 [INFO] WebApp:753 - Register for checkConnection events
2023-09-28 18:59:31,420 [INFO] WebApp:390 - Apply proxy settings
2023-09-28 18:59:31,420 [INFO] WebApp:475 - Chromium requires no authentication
2023-09-28 18:59:31,424 [INFO] WebApp:418 - Direct internet connection detected
2023-09-28 18:59:31,495 [INFO] WebApp:188 - Starting web application
2023-09-28 18:59:31,496 [INFO] WebApp:520 - Web application path used /opt/st/stm32cubeide_1.13.2/plugins/com.st.stm32cube.common.mx_6.9.2.202309101412/db/plugins/mcufinder/reactClient1/index.html
2023-09-28 18:59:32,337 [WARN] PackLoader:240 - Cannot read IP mode file for STMicroelectronics.X-CUBE-AI.8.1.0
2023-09-28 18:59:32,370 [INFO] ThirdParty:978 - Integrity check success = true
2023-09-28 18:59:32,370 [INFO] IntegrityCheckThread:100 - exiting critical section [integrity check]
2023-09-28 18:59:32,370 [INFO] IntegrityCheckThread:103 - End integrity checks thread
2023-09-28 18:59:51,900 [ERROR] LogOutputStream:75 - [STDERR_REDIRECT] SLF4J: Failed to load class "org.slf4j.impl.StaticLoggerBinder".
2023-09-28 18:59:51,900 [ERROR] LogOutputStream:75 - [STDERR_REDIRECT] SLF4J: Defaulting to no-operation (NOP) logger implementation
2023-09-28 18:59:51,900 [ERROR] LogOutputStream:75 - [STDERR_REDIRECT] SLF4J: See http://www.slf4j.org/codes.html#StaticLoggerBinder for further details.
2023-09-28 19:31:36,122 [ERROR] LogOutputStream:75 - [STDERR_REDIRECT] 
