2023-10-25 13:49:57,986 [INFO] Activator:176 - 


2023-10-25 13:49:57,989 [INFO] Activator:177 - !SESSION log4j initialized
2023-10-25 13:50:00,827 [INFO] LogOutputStream:77 - [STDOUT_REDIRECT] 
2023-10-25 13:50:01,242 [INFO] ApplicationProperties:184 - Using Application install path: /opt/st/stm32cubeide_1.13.2/plugins/com.st.stm32cube.common.mx_6.9.2.202309101412
2023-10-25 13:50:01,257 [INFO] DbMcusXml:78 - Set database path to: /opt/st/stm32cubeide_1.13.2/plugins/com.st.stm32cube.common.mx_6.9.2.202309101412//db//mcu/
2023-10-25 13:50:01,257 [INFO] ApiDb:274 - Set plugin database path to: /opt/st/stm32cubeide_1.13.2/plugins/com.st.stm32cube.common.mx_6.9.2.202309101412//db//plugins/boardmanager/
2023-10-25 13:50:01,257 [WARN] ApiDb:259 - Overriding images path with different value:  => /opt/st/stm32cubeide_1.13.2/plugins/com.st.stm32cube.common.mx_6.9.2.202309101412//db//plugins/mcufinder/images/
2023-10-25 13:50:01,265 [INFO] ApiDb:250 - Set database path to: /home/kaan/.stmcufinder/plugins/mcufinder//mcu/
2023-10-25 13:50:01,266 [INFO] DbMcusAds:125 - Set database path to: /home/kaan/.stmcufinder/plugins/mcufinder//mcu/
2023-10-25 13:50:01,268 [INFO] CrossReferenceDbSqlite:203 - Set database path to: /home/kaan/.stmcufinder/plugins/mcufinder//mcu/cs/
2023-10-25 13:50:01,335 [INFO] RulesReader:64 - Compatibility file has been processed (293 Rules)
2023-10-25 13:50:01,374 [INFO] DbMcusXml:78 - Set database path to: /opt/st/stm32cubeide_1.13.2/plugins/com.st.stm32cube.common.mx_6.9.2.202309101412//db//mcu/
2023-10-25 13:50:01,374 [INFO] ApiDb:274 - Set plugin database path to: /opt/st/stm32cubeide_1.13.2/plugins/com.st.stm32cube.common.mx_6.9.2.202309101412//db//plugins/boardmanager/
2023-10-25 13:50:01,374 [INFO] ApiDb:261 - Set plugin images path to: /opt/st/stm32cubeide_1.13.2/plugins/com.st.stm32cube.common.mx_6.9.2.202309101412//db//plugins/mcufinder/images/
2023-10-25 13:50:01,375 [WARN] DbFile:41 - Overriding database path with different value: /home/kaan/.stmcufinder/plugins/mcufinder/ => /home/kaan/.stmcufinder/plugins/mcufinder
2023-10-25 13:50:01,375 [INFO] ApiDb:250 - Set database path to: /home/kaan/.stmcufinder/plugins/mcufinder//mcu/
2023-10-25 13:50:01,375 [WARN] DbFile:41 - Overriding database path with different value: /home/kaan/.stmcufinder/plugins/mcufinder/ => /home/kaan/.stmcufinder/plugins/mcufinder
2023-10-25 13:50:01,375 [INFO] DbMcusAds:125 - Set database path to: /home/kaan/.stmcufinder/plugins/mcufinder//mcu/
2023-10-25 13:50:01,375 [WARN] DbFile:41 - Overriding database path with different value: /home/kaan/.stmcufinder/plugins/mcufinder/ => /home/kaan/.stmcufinder/plugins/mcufinder
2023-10-25 13:50:01,375 [WARN] DbFile:41 - Overriding database path with different value: /home/kaan/.stmcufinder/plugins/mcufinder/ => /home/kaan/.stmcufinder/plugins/mcufinder
2023-10-25 13:50:01,375 [INFO] CrossReferenceDbSqlite:203 - Set database path to: /home/kaan/.stmcufinder/plugins/mcufinder//mcu/cs/
2023-10-25 13:50:01,423 [INFO] MainPanel:262 - HeapMemory: 268435456
2023-10-25 13:50:01,492 [INFO] DbMcusXml:78 - Set database path to: /opt/st/stm32cubeide_1.13.2/plugins/com.st.stm32cube.common.mx_6.9.2.202309101412//db//mcu/
2023-10-25 13:50:01,492 [INFO] ApiDb:274 - Set plugin database path to: /opt/st/stm32cubeide_1.13.2/plugins/com.st.stm32cube.common.mx_6.9.2.202309101412//db//plugins/boardmanager/
2023-10-25 13:50:01,492 [INFO] ApiDb:261 - Set plugin images path to: /opt/st/stm32cubeide_1.13.2/plugins/com.st.stm32cube.common.mx_6.9.2.202309101412//db//plugins/mcufinder/images/
2023-10-25 13:50:01,492 [WARN] DbFile:41 - Overriding database path with different value: /home/kaan/.stmcufinder/plugins/mcufinder/ => /home/kaan/.stmcufinder/plugins/mcufinder
2023-10-25 13:50:01,492 [INFO] ApiDb:250 - Set database path to: /home/kaan/.stmcufinder/plugins/mcufinder//mcu/
2023-10-25 13:50:01,492 [WARN] DbFile:41 - Overriding database path with different value: /home/kaan/.stmcufinder/plugins/mcufinder/ => /home/kaan/.stmcufinder/plugins/mcufinder
2023-10-25 13:50:01,492 [INFO] DbMcusAds:125 - Set database path to: /home/kaan/.stmcufinder/plugins/mcufinder//mcu/
2023-10-25 13:50:01,492 [WARN] DbFile:41 - Overriding database path with different value: /home/kaan/.stmcufinder/plugins/mcufinder/ => /home/kaan/.stmcufinder/plugins/mcufinder
2023-10-25 13:50:01,492 [WARN] DbFile:41 - Overriding database path with different value: /home/kaan/.stmcufinder/plugins/mcufinder/ => /home/kaan/.stmcufinder/plugins/mcufinder
2023-10-25 13:50:01,493 [INFO] CrossReferenceDbSqlite:203 - Set database path to: /home/kaan/.stmcufinder/plugins/mcufinder//mcu/cs/
2023-10-25 13:50:01,503 [INFO] ApplicationProperties:184 - Using Application install path: /opt/st/stm32cubeide_1.13.2/plugins/com.st.stm32cube.common.mx_6.9.2.202309101412
2023-10-25 13:50:01,504 [INFO] PluginManage:196 - Search for loadable plugins [exclusion list=, ]
2023-10-25 13:50:01,504 [INFO] PluginManage:310 - Check plugin analytics
2023-10-25 13:50:01,585 [INFO] AnalyticsPlugin:253 - Accepted Software Licenses: STM32CubeMX.5.6.1
2023-10-25 13:50:01,585 [INFO] AnalyticsPlugin:255 - Accepted CMSIS Pack Licenses: STMicroelectronics.X-CUBE-AI.8.1.0
2023-10-25 13:50:01,586 [INFO] AnalyticsPlugin:257 - Accepted Firmware Licenses: 
2023-10-25 13:50:01,587 [INFO] PluginManage:359 - Loaded plugin analytics (category:tool,tabindex:-1)
2023-10-25 13:50:01,587 [INFO] PluginManage:310 - Check plugin cadmodel
2023-10-25 13:50:01,612 [INFO] CADModel:105 - Init CAD model plugin
2023-10-25 13:50:01,612 [INFO] PluginManage:359 - Loaded plugin cadmodel (category:power,tabindex:5)
2023-10-25 13:50:01,612 [INFO] PluginManage:310 - Check plugin clock
2023-10-25 13:50:01,620 [INFO] PluginManage:359 - Loaded plugin clock (category:base,tabindex:2)
2023-10-25 13:50:01,620 [INFO] PluginManage:310 - Check plugin ddr
2023-10-25 13:50:01,621 [INFO] PluginManage:359 - Loaded plugin ddr (category:tool,tabindex:6)
2023-10-25 13:50:01,622 [INFO] PluginManage:310 - Check plugin filemanager
2023-10-25 13:50:01,699 [INFO] PluginManage:359 - Loaded plugin filemanager (category:base,tabindex:10)
2023-10-25 13:50:01,699 [INFO] PluginManage:310 - Check plugin ipmanager
2023-10-25 13:50:01,703 [INFO] PluginManage:359 - Loaded plugin ipmanager (category:base,tabindex:5)
2023-10-25 13:50:01,703 [INFO] PluginManage:310 - Check plugin lpbam
2023-10-25 13:50:01,709 [INFO] PluginManage:359 - Loaded plugin lpbam (category:base,tabindex:0)
2023-10-25 13:50:01,709 [INFO] PluginManage:310 - Check plugin memorymap
2023-10-25 13:50:01,717 [INFO] PluginManage:359 - Loaded plugin memorymap (category:base,tabindex:4)
2023-10-25 13:50:01,717 [INFO] PluginManage:310 - Check plugin pinoutandconfiguration
2023-10-25 13:50:01,722 [INFO] PluginManage:359 - Loaded plugin pinoutandconfiguration (category:base,tabindex:1)
2023-10-25 13:50:01,722 [INFO] PluginManage:310 - Check plugin pinoutconfig
2023-10-25 13:50:01,769 [WARN] SupportedApi:132 - Cannot load RTOS API schema: s4s-elt-must-match.1: The content of 'definitions' must match (annotation?, (simpleType | complexType)?, (unique | key | keyref)*)). A problem was found starting at: attribute.
2023-10-25 13:50:01,850 [INFO] PluginManage:359 - Loaded plugin pinoutconfig (category:base,tabindex:0)
2023-10-25 13:50:01,850 [INFO] PluginManage:310 - Check plugin power
2023-10-25 13:50:01,859 [INFO] PluginManage:359 - Loaded plugin power (category:power,tabindex:4)
2023-10-25 13:50:01,859 [INFO] PluginManage:310 - Check plugin projectmanager
2023-10-25 13:50:01,868 [INFO] PluginManage:359 - Loaded plugin projectmanager (category:projectmanager,tabindex:3)
2023-10-25 13:50:01,868 [INFO] PluginManage:310 - Check plugin thirdparty
2023-10-25 13:50:01,934 [INFO] PluginManage:359 - Loaded plugin thirdparty (category:base,tabindex:-1)
2023-10-25 13:50:01,934 [WARN] IntegrityCheckThread:84 - waiting for thirdparty lock release [integrity check]
2023-10-25 13:50:01,934 [INFO] PluginManage:310 - Check plugin tools
2023-10-25 13:50:01,934 [INFO] IntegrityCheckThread:86 - entering critical section [integrity check]
2023-10-25 13:50:01,934 [INFO] ThirdPartyUpdaterWithRetryManager:70 - Updater plugin not ready yet. [1/15]
2023-10-25 13:50:01,936 [INFO] PluginManage:359 - Loaded plugin tools (category:base,tabindex:7)
2023-10-25 13:50:01,936 [INFO] PluginManage:310 - Check plugin tutovideos
2023-10-25 13:50:02,037 [INFO] PluginManage:359 - Loaded plugin tutovideos (category:base,tabindex:-1)
2023-10-25 13:50:02,037 [INFO] PluginManage:310 - Check plugin updater
2023-10-25 13:50:02,046 [INFO] PluginManage:359 - Loaded plugin updater (category:base,tabindex:12)
2023-10-25 13:50:02,046 [INFO] PluginManage:310 - Check plugin userauth
2023-10-25 13:50:02,050 [INFO] UserAuth:113 - Init User Auth plugin
2023-10-25 13:50:02,050 [INFO] PluginManage:359 - Loaded plugin userauth (category:base,tabindex:14)
2023-10-25 13:50:02,051 [INFO] PluginManage:283 - PluginManage : Loaded plugins [17]
2023-10-25 13:50:02,166 [INFO] PinOutPanel:1499 - setPackage(No Configuration,No Configuration)
2023-10-25 13:50:02,216 [INFO] CADModel:165 - CPN selected for project level
2023-10-25 13:50:02,216 [INFO] CADModel:114 - Register for checkConnection events
2023-10-25 13:50:02,223 [INFO] IPUIPlugin:80 - create IPUIPlugin
2023-10-25 13:50:02,223 [INFO] PluginManager:220 - loadIPPluginJar : add dma3
2023-10-25 13:50:02,224 [INFO] IPUIPlugin:80 - create IPUIPlugin
2023-10-25 13:50:02,224 [INFO] PluginManager:220 - loadIPPluginJar : add fatfs
2023-10-25 13:50:02,228 [INFO] IPUIPlugin:80 - create IPUIPlugin
2023-10-25 13:50:02,228 [INFO] PluginManager:220 - loadIPPluginJar : add i3c
2023-10-25 13:50:02,229 [INFO] IPUIPlugin:80 - create IPUIPlugin
2023-10-25 13:50:02,229 [INFO] PluginManager:220 - loadIPPluginJar : add ltdc
2023-10-25 13:50:02,230 [INFO] IPUIPlugin:80 - create IPUIPlugin
2023-10-25 13:50:02,230 [INFO] PluginManager:220 - loadIPPluginJar : add ucpd
2023-10-25 13:50:02,233 [INFO] IPUIPlugin:80 - create IPUIPlugin
2023-10-25 13:50:02,233 [INFO] PluginManager:220 - loadIPPluginJar : add nvic
2023-10-25 13:50:02,234 [INFO] IPUIPlugin:80 - create IPUIPlugin
2023-10-25 13:50:02,234 [INFO] PluginManager:220 - loadIPPluginJar : add can
2023-10-25 13:50:02,236 [INFO] IPUIPlugin:80 - create IPUIPlugin
2023-10-25 13:50:02,236 [INFO] PluginManager:220 - loadIPPluginJar : add hash
2023-10-25 13:50:02,237 [INFO] IPUIPlugin:80 - create IPUIPlugin
2023-10-25 13:50:02,237 [INFO] PluginManager:220 - loadIPPluginJar : add comp
2023-10-25 13:50:02,240 [INFO] IPUIPlugin:80 - create IPUIPlugin
2023-10-25 13:50:02,240 [INFO] PluginManager:220 - loadIPPluginJar : add freertos
2023-10-25 13:50:02,242 [INFO] IPUIPlugin:80 - create IPUIPlugin
2023-10-25 13:50:02,242 [INFO] PluginManager:220 - loadIPPluginJar : add usart
2023-10-25 13:50:02,244 [INFO] IPUIPlugin:80 - create IPUIPlugin
2023-10-25 13:50:02,244 [INFO] PluginManager:220 - loadIPPluginJar : add gtzc
2023-10-25 13:50:02,246 [INFO] IPUIPlugin:80 - create IPUIPlugin
2023-10-25 13:50:02,246 [INFO] PluginManager:220 - loadIPPluginJar : add openamp
2023-10-25 13:50:02,248 [INFO] IPUIPlugin:80 - create IPUIPlugin
2023-10-25 13:50:02,248 [INFO] PluginManager:220 - loadIPPluginJar : add ipddr
2023-10-25 13:50:02,250 [INFO] IPUIPlugin:80 - create IPUIPlugin
2023-10-25 13:50:02,250 [INFO] PluginManager:220 - loadIPPluginJar : add pdm2pcm
2023-10-25 13:50:02,252 [INFO] IPUIPlugin:80 - create IPUIPlugin
2023-10-25 13:50:02,252 [INFO] PluginManager:220 - loadIPPluginJar : add sai
2023-10-25 13:50:02,253 [INFO] IPUIPlugin:80 - create IPUIPlugin
2023-10-25 13:50:02,253 [INFO] PluginManager:220 - loadIPPluginJar : add spi
2023-10-25 13:50:02,255 [INFO] IPUIPlugin:80 - create IPUIPlugin
2023-10-25 13:50:02,255 [INFO] PluginManager:220 - loadIPPluginJar : add cryp
2023-10-25 13:50:02,259 [INFO] IPUIPlugin:80 - create IPUIPlugin
2023-10-25 13:50:02,260 [INFO] PluginManager:220 - loadIPPluginJar : add plateformsettings
2023-10-25 13:50:02,262 [INFO] IPUIPlugin:80 - create IPUIPlugin
2023-10-25 13:50:02,262 [INFO] PluginManager:220 - loadIPPluginJar : add usbx
2023-10-25 13:50:02,264 [INFO] IPUIPlugin:80 - create IPUIPlugin
2023-10-25 13:50:02,264 [INFO] PluginManager:220 - loadIPPluginJar : add i2c
2023-10-25 13:50:02,269 [INFO] IPUIPlugin:80 - create IPUIPlugin
2023-10-25 13:50:02,270 [INFO] PluginManager:220 - loadIPPluginJar : add dma
2023-10-25 13:50:02,271 [INFO] IPUIPlugin:80 - create IPUIPlugin
2023-10-25 13:50:02,271 [INFO] PluginManager:220 - loadIPPluginJar : add tsc
2023-10-25 13:50:02,271 [INFO] IPUIPlugin:80 - create IPUIPlugin
2023-10-25 13:50:02,272 [INFO] PluginManager:220 - loadIPPluginJar : add quadspi
2023-10-25 13:50:02,273 [INFO] IPUIPlugin:80 - create IPUIPlugin
2023-10-25 13:50:02,273 [INFO] PluginManager:220 - loadIPPluginJar : add i2s
2023-10-25 13:50:02,276 [INFO] IPUIPlugin:80 - create IPUIPlugin
2023-10-25 13:50:02,276 [INFO] PluginManager:220 - loadIPPluginJar : add gic
2023-10-25 13:50:02,278 [INFO] IPUIPlugin:80 - create IPUIPlugin
2023-10-25 13:50:02,278 [INFO] PluginManager:220 - loadIPPluginJar : add tracer_emb
2023-10-25 13:50:02,282 [INFO] IPUIPlugin:80 - create IPUIPlugin
2023-10-25 13:50:02,282 [INFO] PluginManager:220 - loadIPPluginJar : add stm32_wpan
2023-10-25 13:50:02,288 [INFO] IPUIPlugin:80 - create IPUIPlugin
2023-10-25 13:50:02,288 [INFO] PluginManager:220 - loadIPPluginJar : add linkedlist
2023-10-25 13:50:02,289 [INFO] IPUIPlugin:80 - create IPUIPlugin
2023-10-25 13:50:02,289 [INFO] PluginManager:220 - loadIPPluginJar : add lorawan
2023-10-25 13:50:02,292 [INFO] IPUIPlugin:80 - create IPUIPlugin
2023-10-25 13:50:02,292 [INFO] PluginManager:220 - loadIPPluginJar : add touchsensing
2023-10-25 13:50:02,296 [INFO] IPUIPlugin:80 - create IPUIPlugin
2023-10-25 13:50:02,297 [INFO] PluginManager:220 - loadIPPluginJar : add adc
2023-10-25 13:50:02,302 [INFO] IPUIPlugin:80 - create IPUIPlugin
2023-10-25 13:50:02,302 [INFO] PluginManager:220 - loadIPPluginJar : add mdma
2023-10-25 13:50:02,305 [INFO] IPUIPlugin:80 - create IPUIPlugin
2023-10-25 13:50:02,305 [INFO] PluginManager:220 - loadIPPluginJar : add fmc
2023-10-25 13:50:02,306 [INFO] IPUIPlugin:80 - create IPUIPlugin
2023-10-25 13:50:02,306 [INFO] PluginManager:220 - loadIPPluginJar : add tim
2023-10-25 13:50:02,307 [INFO] IPUIPlugin:80 - create IPUIPlugin
2023-10-25 13:50:02,307 [INFO] PluginManager:220 - loadIPPluginJar : add gfxmmu
2023-10-25 13:50:02,310 [INFO] IPUIPlugin:80 - create IPUIPlugin
2023-10-25 13:50:02,310 [INFO] PluginManager:220 - loadIPPluginJar : add resmgrutility
2023-10-25 13:50:02,312 [INFO] IPUIPlugin:80 - create IPUIPlugin
2023-10-25 13:50:02,312 [INFO] PluginManager:220 - loadIPPluginJar : add opamp
2023-10-25 13:50:02,313 [INFO] IPUIPlugin:80 - create IPUIPlugin
2023-10-25 13:50:02,313 [INFO] PluginManager:220 - loadIPPluginJar : add aes
2023-10-25 13:50:02,317 [INFO] IPUIPlugin:80 - create IPUIPlugin
2023-10-25 13:50:02,317 [INFO] PluginManager:220 - loadIPPluginJar : add gpio
2023-10-25 13:50:02,318 [INFO] IPUIPlugin:80 - create IPUIPlugin
2023-10-25 13:50:02,319 [INFO] PluginManager:220 - loadIPPluginJar : add dfsdm
2023-10-25 13:50:02,320 [INFO] IPUIPlugin:80 - create IPUIPlugin
2023-10-25 13:50:02,320 [INFO] PluginManager:220 - loadIPPluginJar : add ts
2023-10-25 13:50:02,320 [INFO] IPUIPlugin:80 - create IPUIPlugin
2023-10-25 13:50:02,320 [INFO] PluginManager:220 - loadIPPluginJar : add genericplugin
2023-10-25 13:50:02,407 [INFO] CADModel:165 - CPN selected for project level
2023-10-25 13:50:02,407 [INFO] CADModel:114 - Register for checkConnection events
2023-10-25 13:50:02,407 [FATAL] Updater:308 - Updater called before beeing initialized
2023-10-25 13:50:02,407 [ERROR] CADModel:125 - Updater not yet initialized, retry later 
2023-10-25 13:50:02,488 [INFO] CADModel:165 - CPN selected for project level
2023-10-25 13:50:02,488 [INFO] CADModel:114 - Register for checkConnection events
2023-10-25 13:50:02,488 [FATAL] Updater:308 - Updater called before beeing initialized
2023-10-25 13:50:02,488 [ERROR] CADModel:125 - Updater not yet initialized, retry later 
2023-10-25 13:50:02,490 [FATAL] Updater:308 - Updater called before beeing initialized
2023-10-25 13:50:02,548 [FATAL] Updater:308 - Updater called before beeing initialized
2023-10-25 13:50:02,553 [INFO] DbMcusAds:53 - JSON generation date=Tue Mar 07 09:50:55 CET 2023 (1678179055114)
2023-10-25 13:50:02,553 [FATAL] Updater:308 - Updater called before beeing initialized
2023-10-25 13:50:02,578 [WARN] DetailPanel:346 - Failed to get advertising image, set to default
2023-10-25 13:50:02,642 [FATAL] Updater:308 - Updater called before beeing initialized
2023-10-25 13:50:02,644 [FATAL] Updater:308 - Updater called before beeing initialized
2023-10-25 13:50:02,644 [FATAL] Updater:308 - Updater called before beeing initialized
2023-10-25 13:50:02,644 [WARN] DetailPanel:346 - Failed to get advertising image, set to default
2023-10-25 13:50:02,645 [FATAL] Updater:308 - Updater called before beeing initialized
2023-10-25 13:50:02,666 [ERROR] Updater:1120 - MainUpdater not yet initialized. External WinMGr cannot be set.
2023-10-25 13:50:02,667 [INFO] Updater:1056 - Updater Version found : 6.9.2
2023-10-25 13:50:02,685 [INFO] ApplicationProperties:184 - Using Application install path: /opt/st/stm32cubeide_1.13.2/plugins/com.st.stm32cube.common.mx_6.9.2.202309101412
2023-10-25 13:50:02,849 [INFO] MainUpdater:2868 - connection check result : 10
2023-10-25 13:50:02,850 [INFO] MainUpdater:285 - Updater Check For Update Now.
2023-10-25 13:50:02,850 [INFO] MicroXplorer:498 - Change Database Version : DB.6.0.92
2023-10-25 13:50:02,858 [INFO] McuFinderGlobals:63 - Set McuFinder mode to 2 (CubeIDE integrated)
2023-10-25 13:50:02,859 [INFO] UserAuth:179 - activating auth plugin
2023-10-25 13:50:02,860 [INFO] UserAuth:393 - Internet connection configuration mode: 1
2023-10-25 13:50:02,873 [INFO] JxBrowserEngine:151 - Initiate JxBrowser Engine with user profile folder
2023-10-25 13:50:02,992 [INFO] CheckServerUpdateThread:120 - End of CheckServer Thread
2023-10-25 13:50:03,646 [INFO] WebApp:157 - Instantiating new browser for Auth
2023-10-25 13:50:04,128 [INFO] WebApp:753 - Register for checkConnection events
2023-10-25 13:50:04,128 [INFO] WebApp:390 - Apply proxy settings
2023-10-25 13:50:04,128 [INFO] WebApp:475 - Chromium requires no authentication
2023-10-25 13:50:04,132 [INFO] WebApp:418 - Direct internet connection detected
2023-10-25 13:50:04,211 [INFO] WebApp:188 - Starting web application
2023-10-25 13:50:04,211 [INFO] WebApp:520 - Web application path used /opt/st/stm32cubeide_1.13.2/plugins/com.st.stm32cube.common.mx_6.9.2.202309101412/db/plugins/mcufinder/reactClient1/index.html
2023-10-25 13:50:04,977 [WARN] PackLoader:240 - Cannot read IP mode file for ITTIA_DB.I-CUBE-ITTIADB.8.8.0
2023-10-25 13:50:04,980 [WARN] PackLoader:240 - Cannot read IP mode file for STMicroelectronics.X-CUBE-TOUCHGFX.4.22.1
2023-10-25 13:50:04,983 [WARN] PackLoader:240 - Cannot read IP mode file for STMicroelectronics.X-CUBE-AI.8.1.0
2023-10-25 13:50:05,024 [WARN] PackLoader:240 - Cannot read IP mode file for Infineon.AIROC-Wi-Fi-Bluetooth-STM32.1.5.1
2023-10-25 13:50:05,027 [INFO] ThirdParty:978 - Integrity check success = true
2023-10-25 13:50:05,028 [INFO] IntegrityCheckThread:100 - exiting critical section [integrity check]
2023-10-25 13:50:05,028 [INFO] IntegrityCheckThread:103 - End integrity checks thread
2023-10-25 13:50:24,613 [ERROR] LogOutputStream:75 - [STDERR_REDIRECT] SLF4J: Failed to load class "org.slf4j.impl.StaticLoggerBinder".
2023-10-25 13:50:24,613 [ERROR] LogOutputStream:75 - [STDERR_REDIRECT] SLF4J: Defaulting to no-operation (NOP) logger implementation
2023-10-25 13:50:24,613 [ERROR] LogOutputStream:75 - [STDERR_REDIRECT] SLF4J: See http://www.slf4j.org/codes.html#StaticLoggerBinder for further details.
2023-10-25 15:19:56,270 [ERROR] LogOutputStream:75 - [STDERR_REDIRECT] 
2023-10-25 23:35:14,985 [INFO] Activator:176 - 


2023-10-25 23:35:14,986 [INFO] Activator:177 - !SESSION log4j initialized
2023-10-25 23:35:17,605 [INFO] LogOutputStream:77 - [STDOUT_REDIRECT] 
2023-10-25 23:35:18,035 [INFO] ApplicationProperties:184 - Using Application install path: /opt/st/stm32cubeide_1.13.2/plugins/com.st.stm32cube.common.mx_6.9.2.202309101412
2023-10-25 23:35:18,049 [INFO] DbMcusXml:78 - Set database path to: /opt/st/stm32cubeide_1.13.2/plugins/com.st.stm32cube.common.mx_6.9.2.202309101412//db//mcu/
2023-10-25 23:35:18,049 [INFO] ApiDb:274 - Set plugin database path to: /opt/st/stm32cubeide_1.13.2/plugins/com.st.stm32cube.common.mx_6.9.2.202309101412//db//plugins/boardmanager/
2023-10-25 23:35:18,049 [WARN] ApiDb:259 - Overriding images path with different value:  => /opt/st/stm32cubeide_1.13.2/plugins/com.st.stm32cube.common.mx_6.9.2.202309101412//db//plugins/mcufinder/images/
2023-10-25 23:35:18,057 [INFO] ApiDb:250 - Set database path to: /home/kaan/.stmcufinder/plugins/mcufinder//mcu/
2023-10-25 23:35:18,058 [INFO] DbMcusAds:125 - Set database path to: /home/kaan/.stmcufinder/plugins/mcufinder//mcu/
2023-10-25 23:35:18,060 [INFO] CrossReferenceDbSqlite:203 - Set database path to: /home/kaan/.stmcufinder/plugins/mcufinder//mcu/cs/
2023-10-25 23:35:18,128 [INFO] RulesReader:64 - Compatibility file has been processed (293 Rules)
2023-10-25 23:35:18,171 [INFO] DbMcusXml:78 - Set database path to: /opt/st/stm32cubeide_1.13.2/plugins/com.st.stm32cube.common.mx_6.9.2.202309101412//db//mcu/
2023-10-25 23:35:18,171 [INFO] ApiDb:274 - Set plugin database path to: /opt/st/stm32cubeide_1.13.2/plugins/com.st.stm32cube.common.mx_6.9.2.202309101412//db//plugins/boardmanager/
2023-10-25 23:35:18,172 [INFO] ApiDb:261 - Set plugin images path to: /opt/st/stm32cubeide_1.13.2/plugins/com.st.stm32cube.common.mx_6.9.2.202309101412//db//plugins/mcufinder/images/
2023-10-25 23:35:18,172 [WARN] DbFile:41 - Overriding database path with different value: /home/kaan/.stmcufinder/plugins/mcufinder/ => /home/kaan/.stmcufinder/plugins/mcufinder
2023-10-25 23:35:18,172 [INFO] ApiDb:250 - Set database path to: /home/kaan/.stmcufinder/plugins/mcufinder//mcu/
2023-10-25 23:35:18,172 [WARN] DbFile:41 - Overriding database path with different value: /home/kaan/.stmcufinder/plugins/mcufinder/ => /home/kaan/.stmcufinder/plugins/mcufinder
2023-10-25 23:35:18,172 [INFO] DbMcusAds:125 - Set database path to: /home/kaan/.stmcufinder/plugins/mcufinder//mcu/
2023-10-25 23:35:18,172 [WARN] DbFile:41 - Overriding database path with different value: /home/kaan/.stmcufinder/plugins/mcufinder/ => /home/kaan/.stmcufinder/plugins/mcufinder
2023-10-25 23:35:18,172 [WARN] DbFile:41 - Overriding database path with different value: /home/kaan/.stmcufinder/plugins/mcufinder/ => /home/kaan/.stmcufinder/plugins/mcufinder
2023-10-25 23:35:18,172 [INFO] CrossReferenceDbSqlite:203 - Set database path to: /home/kaan/.stmcufinder/plugins/mcufinder//mcu/cs/
2023-10-25 23:35:18,225 [INFO] MainPanel:262 - HeapMemory: 268435456
2023-10-25 23:35:18,296 [INFO] DbMcusXml:78 - Set database path to: /opt/st/stm32cubeide_1.13.2/plugins/com.st.stm32cube.common.mx_6.9.2.202309101412//db//mcu/
2023-10-25 23:35:18,297 [INFO] ApiDb:274 - Set plugin database path to: /opt/st/stm32cubeide_1.13.2/plugins/com.st.stm32cube.common.mx_6.9.2.202309101412//db//plugins/boardmanager/
2023-10-25 23:35:18,297 [INFO] ApiDb:261 - Set plugin images path to: /opt/st/stm32cubeide_1.13.2/plugins/com.st.stm32cube.common.mx_6.9.2.202309101412//db//plugins/mcufinder/images/
2023-10-25 23:35:18,297 [WARN] DbFile:41 - Overriding database path with different value: /home/kaan/.stmcufinder/plugins/mcufinder/ => /home/kaan/.stmcufinder/plugins/mcufinder
2023-10-25 23:35:18,297 [INFO] ApiDb:250 - Set database path to: /home/kaan/.stmcufinder/plugins/mcufinder//mcu/
2023-10-25 23:35:18,297 [WARN] DbFile:41 - Overriding database path with different value: /home/kaan/.stmcufinder/plugins/mcufinder/ => /home/kaan/.stmcufinder/plugins/mcufinder
2023-10-25 23:35:18,297 [INFO] DbMcusAds:125 - Set database path to: /home/kaan/.stmcufinder/plugins/mcufinder//mcu/
2023-10-25 23:35:18,297 [WARN] DbFile:41 - Overriding database path with different value: /home/kaan/.stmcufinder/plugins/mcufinder/ => /home/kaan/.stmcufinder/plugins/mcufinder
2023-10-25 23:35:18,297 [WARN] DbFile:41 - Overriding database path with different value: /home/kaan/.stmcufinder/plugins/mcufinder/ => /home/kaan/.stmcufinder/plugins/mcufinder
2023-10-25 23:35:18,297 [INFO] CrossReferenceDbSqlite:203 - Set database path to: /home/kaan/.stmcufinder/plugins/mcufinder//mcu/cs/
2023-10-25 23:35:18,308 [INFO] ApplicationProperties:184 - Using Application install path: /opt/st/stm32cubeide_1.13.2/plugins/com.st.stm32cube.common.mx_6.9.2.202309101412
2023-10-25 23:35:18,309 [INFO] PluginManage:196 - Search for loadable plugins [exclusion list=, ]
2023-10-25 23:35:18,309 [INFO] PluginManage:310 - Check plugin analytics
2023-10-25 23:35:18,398 [INFO] AnalyticsPlugin:253 - Accepted Software Licenses: STM32CubeMX.5.6.1
2023-10-25 23:35:18,398 [INFO] AnalyticsPlugin:255 - Accepted CMSIS Pack Licenses: STMicroelectronics.X-CUBE-AI.8.1.0
2023-10-25 23:35:18,398 [INFO] AnalyticsPlugin:257 - Accepted Firmware Licenses: 
2023-10-25 23:35:18,399 [INFO] PluginManage:359 - Loaded plugin analytics (category:tool,tabindex:-1)
2023-10-25 23:35:18,400 [INFO] PluginManage:310 - Check plugin cadmodel
2023-10-25 23:35:18,425 [INFO] CADModel:105 - Init CAD model plugin
2023-10-25 23:35:18,425 [INFO] PluginManage:359 - Loaded plugin cadmodel (category:power,tabindex:5)
2023-10-25 23:35:18,425 [INFO] PluginManage:310 - Check plugin clock
2023-10-25 23:35:18,433 [INFO] PluginManage:359 - Loaded plugin clock (category:base,tabindex:2)
2023-10-25 23:35:18,433 [INFO] PluginManage:310 - Check plugin ddr
2023-10-25 23:35:18,435 [INFO] PluginManage:359 - Loaded plugin ddr (category:tool,tabindex:6)
2023-10-25 23:35:18,435 [INFO] PluginManage:310 - Check plugin filemanager
2023-10-25 23:35:18,520 [INFO] PluginManage:359 - Loaded plugin filemanager (category:base,tabindex:10)
2023-10-25 23:35:18,520 [INFO] PluginManage:310 - Check plugin ipmanager
2023-10-25 23:35:18,524 [INFO] PluginManage:359 - Loaded plugin ipmanager (category:base,tabindex:5)
2023-10-25 23:35:18,524 [INFO] PluginManage:310 - Check plugin lpbam
2023-10-25 23:35:18,530 [INFO] PluginManage:359 - Loaded plugin lpbam (category:base,tabindex:0)
2023-10-25 23:35:18,530 [INFO] PluginManage:310 - Check plugin memorymap
2023-10-25 23:35:18,539 [INFO] PluginManage:359 - Loaded plugin memorymap (category:base,tabindex:4)
2023-10-25 23:35:18,540 [INFO] PluginManage:310 - Check plugin pinoutandconfiguration
2023-10-25 23:35:18,545 [INFO] PluginManage:359 - Loaded plugin pinoutandconfiguration (category:base,tabindex:1)
2023-10-25 23:35:18,545 [INFO] PluginManage:310 - Check plugin pinoutconfig
2023-10-25 23:35:18,594 [WARN] SupportedApi:132 - Cannot load RTOS API schema: s4s-elt-must-match.1: The content of 'definitions' must match (annotation?, (simpleType | complexType)?, (unique | key | keyref)*)). A problem was found starting at: attribute.
2023-10-25 23:35:18,670 [INFO] PluginManage:359 - Loaded plugin pinoutconfig (category:base,tabindex:0)
2023-10-25 23:35:18,671 [INFO] PluginManage:310 - Check plugin power
2023-10-25 23:35:18,680 [INFO] PluginManage:359 - Loaded plugin power (category:power,tabindex:4)
2023-10-25 23:35:18,680 [INFO] PluginManage:310 - Check plugin projectmanager
2023-10-25 23:35:18,689 [INFO] PluginManage:359 - Loaded plugin projectmanager (category:projectmanager,tabindex:3)
2023-10-25 23:35:18,689 [INFO] PluginManage:310 - Check plugin thirdparty
2023-10-25 23:35:18,762 [WARN] IntegrityCheckThread:84 - waiting for thirdparty lock release [integrity check]
2023-10-25 23:35:18,762 [INFO] PluginManage:359 - Loaded plugin thirdparty (category:base,tabindex:-1)
2023-10-25 23:35:18,762 [INFO] IntegrityCheckThread:86 - entering critical section [integrity check]
2023-10-25 23:35:18,762 [INFO] PluginManage:310 - Check plugin tools
2023-10-25 23:35:18,763 [INFO] ThirdPartyUpdaterWithRetryManager:70 - Updater plugin not ready yet. [1/15]
2023-10-25 23:35:18,764 [INFO] PluginManage:359 - Loaded plugin tools (category:base,tabindex:7)
2023-10-25 23:35:18,764 [INFO] PluginManage:310 - Check plugin tutovideos
2023-10-25 23:35:18,865 [INFO] PluginManage:359 - Loaded plugin tutovideos (category:base,tabindex:-1)
2023-10-25 23:35:18,865 [INFO] PluginManage:310 - Check plugin updater
2023-10-25 23:35:18,873 [INFO] PluginManage:359 - Loaded plugin updater (category:base,tabindex:12)
2023-10-25 23:35:18,873 [INFO] PluginManage:310 - Check plugin userauth
2023-10-25 23:35:18,877 [INFO] UserAuth:113 - Init User Auth plugin
2023-10-25 23:35:18,877 [INFO] PluginManage:359 - Loaded plugin userauth (category:base,tabindex:14)
2023-10-25 23:35:18,877 [INFO] PluginManage:283 - PluginManage : Loaded plugins [17]
2023-10-25 23:35:18,995 [INFO] PinOutPanel:1499 - setPackage(No Configuration,No Configuration)
2023-10-25 23:35:19,047 [INFO] CADModel:165 - CPN selected for project level
2023-10-25 23:35:19,048 [INFO] CADModel:114 - Register for checkConnection events
2023-10-25 23:35:19,055 [INFO] IPUIPlugin:80 - create IPUIPlugin
2023-10-25 23:35:19,055 [INFO] PluginManager:220 - loadIPPluginJar : add dma3
2023-10-25 23:35:19,055 [INFO] IPUIPlugin:80 - create IPUIPlugin
2023-10-25 23:35:19,056 [INFO] PluginManager:220 - loadIPPluginJar : add fatfs
2023-10-25 23:35:19,059 [INFO] IPUIPlugin:80 - create IPUIPlugin
2023-10-25 23:35:19,059 [INFO] PluginManager:220 - loadIPPluginJar : add i3c
2023-10-25 23:35:19,060 [INFO] IPUIPlugin:80 - create IPUIPlugin
2023-10-25 23:35:19,060 [INFO] PluginManager:220 - loadIPPluginJar : add ltdc
2023-10-25 23:35:19,061 [INFO] IPUIPlugin:80 - create IPUIPlugin
2023-10-25 23:35:19,061 [INFO] PluginManager:220 - loadIPPluginJar : add ucpd
2023-10-25 23:35:19,064 [INFO] IPUIPlugin:80 - create IPUIPlugin
2023-10-25 23:35:19,064 [INFO] PluginManager:220 - loadIPPluginJar : add nvic
2023-10-25 23:35:19,065 [INFO] IPUIPlugin:80 - create IPUIPlugin
2023-10-25 23:35:19,065 [INFO] PluginManager:220 - loadIPPluginJar : add can
2023-10-25 23:35:19,067 [INFO] IPUIPlugin:80 - create IPUIPlugin
2023-10-25 23:35:19,067 [INFO] PluginManager:220 - loadIPPluginJar : add hash
2023-10-25 23:35:19,067 [INFO] IPUIPlugin:80 - create IPUIPlugin
2023-10-25 23:35:19,067 [INFO] PluginManager:220 - loadIPPluginJar : add comp
2023-10-25 23:35:19,071 [INFO] IPUIPlugin:80 - create IPUIPlugin
2023-10-25 23:35:19,071 [INFO] PluginManager:220 - loadIPPluginJar : add freertos
2023-10-25 23:35:19,073 [INFO] IPUIPlugin:80 - create IPUIPlugin
2023-10-25 23:35:19,073 [INFO] PluginManager:220 - loadIPPluginJar : add usart
2023-10-25 23:35:19,074 [INFO] IPUIPlugin:80 - create IPUIPlugin
2023-10-25 23:35:19,075 [INFO] PluginManager:220 - loadIPPluginJar : add gtzc
2023-10-25 23:35:19,076 [INFO] IPUIPlugin:80 - create IPUIPlugin
2023-10-25 23:35:19,076 [INFO] PluginManager:220 - loadIPPluginJar : add openamp
2023-10-25 23:35:19,078 [INFO] IPUIPlugin:80 - create IPUIPlugin
2023-10-25 23:35:19,078 [INFO] PluginManager:220 - loadIPPluginJar : add ipddr
2023-10-25 23:35:19,080 [INFO] IPUIPlugin:80 - create IPUIPlugin
2023-10-25 23:35:19,080 [INFO] PluginManager:220 - loadIPPluginJar : add pdm2pcm
2023-10-25 23:35:19,082 [INFO] IPUIPlugin:80 - create IPUIPlugin
2023-10-25 23:35:19,082 [INFO] PluginManager:220 - loadIPPluginJar : add sai
2023-10-25 23:35:19,083 [INFO] IPUIPlugin:80 - create IPUIPlugin
2023-10-25 23:35:19,083 [INFO] PluginManager:220 - loadIPPluginJar : add spi
2023-10-25 23:35:19,084 [INFO] IPUIPlugin:80 - create IPUIPlugin
2023-10-25 23:35:19,085 [INFO] PluginManager:220 - loadIPPluginJar : add cryp
2023-10-25 23:35:19,089 [INFO] IPUIPlugin:80 - create IPUIPlugin
2023-10-25 23:35:19,090 [INFO] PluginManager:220 - loadIPPluginJar : add plateformsettings
2023-10-25 23:35:19,092 [INFO] IPUIPlugin:80 - create IPUIPlugin
2023-10-25 23:35:19,092 [INFO] PluginManager:220 - loadIPPluginJar : add usbx
2023-10-25 23:35:19,093 [INFO] IPUIPlugin:80 - create IPUIPlugin
2023-10-25 23:35:19,093 [INFO] PluginManager:220 - loadIPPluginJar : add i2c
2023-10-25 23:35:19,098 [INFO] IPUIPlugin:80 - create IPUIPlugin
2023-10-25 23:35:19,098 [INFO] PluginManager:220 - loadIPPluginJar : add dma
2023-10-25 23:35:19,099 [INFO] IPUIPlugin:80 - create IPUIPlugin
2023-10-25 23:35:19,100 [INFO] PluginManager:220 - loadIPPluginJar : add tsc
2023-10-25 23:35:19,100 [INFO] IPUIPlugin:80 - create IPUIPlugin
2023-10-25 23:35:19,100 [INFO] PluginManager:220 - loadIPPluginJar : add quadspi
2023-10-25 23:35:19,102 [INFO] IPUIPlugin:80 - create IPUIPlugin
2023-10-25 23:35:19,102 [INFO] PluginManager:220 - loadIPPluginJar : add i2s
2023-10-25 23:35:19,105 [INFO] IPUIPlugin:80 - create IPUIPlugin
2023-10-25 23:35:19,105 [INFO] PluginManager:220 - loadIPPluginJar : add gic
2023-10-25 23:35:19,106 [INFO] IPUIPlugin:80 - create IPUIPlugin
2023-10-25 23:35:19,106 [INFO] PluginManager:220 - loadIPPluginJar : add tracer_emb
2023-10-25 23:35:19,110 [INFO] IPUIPlugin:80 - create IPUIPlugin
2023-10-25 23:35:19,110 [INFO] PluginManager:220 - loadIPPluginJar : add stm32_wpan
2023-10-25 23:35:19,114 [INFO] IPUIPlugin:80 - create IPUIPlugin
2023-10-25 23:35:19,114 [INFO] PluginManager:220 - loadIPPluginJar : add linkedlist
2023-10-25 23:35:19,116 [INFO] IPUIPlugin:80 - create IPUIPlugin
2023-10-25 23:35:19,116 [INFO] PluginManager:220 - loadIPPluginJar : add lorawan
2023-10-25 23:35:19,118 [INFO] IPUIPlugin:80 - create IPUIPlugin
2023-10-25 23:35:19,118 [INFO] PluginManager:220 - loadIPPluginJar : add touchsensing
2023-10-25 23:35:19,122 [INFO] IPUIPlugin:80 - create IPUIPlugin
2023-10-25 23:35:19,122 [INFO] PluginManager:220 - loadIPPluginJar : add adc
2023-10-25 23:35:19,126 [INFO] IPUIPlugin:80 - create IPUIPlugin
2023-10-25 23:35:19,126 [INFO] PluginManager:220 - loadIPPluginJar : add mdma
2023-10-25 23:35:19,128 [INFO] IPUIPlugin:80 - create IPUIPlugin
2023-10-25 23:35:19,128 [INFO] PluginManager:220 - loadIPPluginJar : add fmc
2023-10-25 23:35:19,129 [INFO] IPUIPlugin:80 - create IPUIPlugin
2023-10-25 23:35:19,129 [INFO] PluginManager:220 - loadIPPluginJar : add tim
2023-10-25 23:35:19,130 [INFO] IPUIPlugin:80 - create IPUIPlugin
2023-10-25 23:35:19,130 [INFO] PluginManager:220 - loadIPPluginJar : add gfxmmu
2023-10-25 23:35:19,133 [INFO] IPUIPlugin:80 - create IPUIPlugin
2023-10-25 23:35:19,133 [INFO] PluginManager:220 - loadIPPluginJar : add resmgrutility
2023-10-25 23:35:19,134 [INFO] IPUIPlugin:80 - create IPUIPlugin
2023-10-25 23:35:19,135 [INFO] PluginManager:220 - loadIPPluginJar : add opamp
2023-10-25 23:35:19,136 [INFO] IPUIPlugin:80 - create IPUIPlugin
2023-10-25 23:35:19,136 [INFO] PluginManager:220 - loadIPPluginJar : add aes
2023-10-25 23:35:19,139 [INFO] IPUIPlugin:80 - create IPUIPlugin
2023-10-25 23:35:19,139 [INFO] PluginManager:220 - loadIPPluginJar : add gpio
2023-10-25 23:35:19,140 [INFO] IPUIPlugin:80 - create IPUIPlugin
2023-10-25 23:35:19,141 [INFO] PluginManager:220 - loadIPPluginJar : add dfsdm
2023-10-25 23:35:19,141 [INFO] IPUIPlugin:80 - create IPUIPlugin
2023-10-25 23:35:19,142 [INFO] PluginManager:220 - loadIPPluginJar : add ts
2023-10-25 23:35:19,142 [INFO] IPUIPlugin:80 - create IPUIPlugin
2023-10-25 23:35:19,142 [INFO] PluginManager:220 - loadIPPluginJar : add genericplugin
2023-10-25 23:35:19,227 [INFO] CADModel:165 - CPN selected for project level
2023-10-25 23:35:19,227 [INFO] CADModel:114 - Register for checkConnection events
2023-10-25 23:35:19,227 [FATAL] Updater:308 - Updater called before beeing initialized
2023-10-25 23:35:19,227 [ERROR] CADModel:125 - Updater not yet initialized, retry later 
2023-10-25 23:35:19,302 [INFO] CADModel:165 - CPN selected for project level
2023-10-25 23:35:19,302 [INFO] CADModel:114 - Register for checkConnection events
2023-10-25 23:35:19,302 [FATAL] Updater:308 - Updater called before beeing initialized
2023-10-25 23:35:19,302 [ERROR] CADModel:125 - Updater not yet initialized, retry later 
2023-10-25 23:35:19,304 [FATAL] Updater:308 - Updater called before beeing initialized
2023-10-25 23:35:19,345 [FATAL] Updater:308 - Updater called before beeing initialized
2023-10-25 23:35:19,348 [INFO] DbMcusAds:53 - JSON generation date=Tue Mar 07 09:50:55 CET 2023 (1678179055114)
2023-10-25 23:35:19,349 [FATAL] Updater:308 - Updater called before beeing initialized
2023-10-25 23:35:19,372 [WARN] DetailPanel:346 - Failed to get advertising image, set to default
2023-10-25 23:35:19,435 [FATAL] Updater:308 - Updater called before beeing initialized
2023-10-25 23:35:19,437 [FATAL] Updater:308 - Updater called before beeing initialized
2023-10-25 23:35:19,437 [FATAL] Updater:308 - Updater called before beeing initialized
2023-10-25 23:35:19,437 [WARN] DetailPanel:346 - Failed to get advertising image, set to default
2023-10-25 23:35:19,438 [FATAL] Updater:308 - Updater called before beeing initialized
2023-10-25 23:35:19,459 [ERROR] Updater:1120 - MainUpdater not yet initialized. External WinMGr cannot be set.
2023-10-25 23:35:19,460 [INFO] Updater:1056 - Updater Version found : 6.9.2
2023-10-25 23:35:19,476 [INFO] ApplicationProperties:184 - Using Application install path: /opt/st/stm32cubeide_1.13.2/plugins/com.st.stm32cube.common.mx_6.9.2.202309101412
2023-10-25 23:35:19,632 [INFO] MainUpdater:2868 - connection check result : 10
2023-10-25 23:35:19,633 [INFO] MainUpdater:285 - Updater Check For Update Now.
2023-10-25 23:35:19,633 [INFO] MicroXplorer:498 - Change Database Version : DB.6.0.92
2023-10-25 23:35:19,636 [INFO] McuFinderGlobals:63 - Set McuFinder mode to 2 (CubeIDE integrated)
2023-10-25 23:35:19,636 [INFO] UserAuth:179 - activating auth plugin
2023-10-25 23:35:19,638 [INFO] UserAuth:393 - Internet connection configuration mode: 1
2023-10-25 23:35:19,649 [INFO] JxBrowserEngine:151 - Initiate JxBrowser Engine with user profile folder
2023-10-25 23:35:19,785 [INFO] CheckServerUpdateThread:120 - End of CheckServer Thread
2023-10-25 23:35:20,407 [INFO] WebApp:157 - Instantiating new browser for Auth
2023-10-25 23:35:20,884 [INFO] WebApp:753 - Register for checkConnection events
2023-10-25 23:35:20,884 [INFO] WebApp:390 - Apply proxy settings
2023-10-25 23:35:20,884 [INFO] WebApp:475 - Chromium requires no authentication
2023-10-25 23:35:20,888 [INFO] WebApp:418 - Direct internet connection detected
2023-10-25 23:35:20,967 [INFO] WebApp:188 - Starting web application
2023-10-25 23:35:20,968 [INFO] WebApp:520 - Web application path used /opt/st/stm32cubeide_1.13.2/plugins/com.st.stm32cube.common.mx_6.9.2.202309101412/db/plugins/mcufinder/reactClient1/index.html
2023-10-25 23:35:21,820 [WARN] PackLoader:240 - Cannot read IP mode file for ITTIA_DB.I-CUBE-ITTIADB.8.8.0
2023-10-25 23:35:21,823 [WARN] PackLoader:240 - Cannot read IP mode file for STMicroelectronics.X-CUBE-TOUCHGFX.4.22.1
2023-10-25 23:35:21,825 [WARN] PackLoader:240 - Cannot read IP mode file for STMicroelectronics.X-CUBE-AI.8.1.0
2023-10-25 23:35:21,897 [WARN] PackLoader:240 - Cannot read IP mode file for Infineon.AIROC-Wi-Fi-Bluetooth-STM32.1.5.1
2023-10-25 23:35:21,901 [INFO] ThirdParty:978 - Integrity check success = true
2023-10-25 23:35:21,901 [INFO] IntegrityCheckThread:100 - exiting critical section [integrity check]
2023-10-25 23:35:21,901 [INFO] IntegrityCheckThread:103 - End integrity checks thread
2023-10-25 23:35:41,376 [ERROR] LogOutputStream:75 - [STDERR_REDIRECT] SLF4J: Failed to load class "org.slf4j.impl.StaticLoggerBinder".
2023-10-25 23:35:41,377 [ERROR] LogOutputStream:75 - [STDERR_REDIRECT] SLF4J: Defaulting to no-operation (NOP) logger implementation
2023-10-25 23:35:41,377 [ERROR] LogOutputStream:75 - [STDERR_REDIRECT] SLF4J: See http://www.slf4j.org/codes.html#StaticLoggerBinder for further details.
