2023-10-08 23:20:54,757 [INFO] Activator:176 - 


2023-10-08 23:20:54,760 [INFO] Activator:177 - !SESSION log4j initialized
2023-10-08 23:20:57,771 [INFO] LogOutputStream:77 - [STDOUT_REDIRECT] 
2023-10-08 23:20:58,268 [INFO] ApplicationProperties:184 - Using Application install path: /opt/st/stm32cubeide_1.13.2/plugins/com.st.stm32cube.common.mx_6.9.2.202309101412
2023-10-08 23:20:58,300 [INFO] DbMcusXml:78 - Set database path to: /opt/st/stm32cubeide_1.13.2/plugins/com.st.stm32cube.common.mx_6.9.2.202309101412//db//mcu/
2023-10-08 23:20:58,301 [INFO] ApiDb:274 - Set plugin database path to: /opt/st/stm32cubeide_1.13.2/plugins/com.st.stm32cube.common.mx_6.9.2.202309101412//db//plugins/boardmanager/
2023-10-08 23:20:58,301 [WARN] ApiDb:259 - Overriding images path with different value:  => /opt/st/stm32cubeide_1.13.2/plugins/com.st.stm32cube.common.mx_6.9.2.202309101412//db//plugins/mcufinder/images/
2023-10-08 23:20:58,321 [INFO] ApiDb:250 - Set database path to: /home/kaan/.stmcufinder/plugins/mcufinder//mcu/
2023-10-08 23:20:58,322 [INFO] DbMcusAds:125 - Set database path to: /home/kaan/.stmcufinder/plugins/mcufinder//mcu/
2023-10-08 23:20:58,327 [INFO] CrossReferenceDbSqlite:203 - Set database path to: /home/kaan/.stmcufinder/plugins/mcufinder//mcu/cs/
2023-10-08 23:20:58,441 [INFO] RulesReader:64 - Compatibility file has been processed (293 Rules)
2023-10-08 23:20:58,483 [INFO] DbMcusXml:78 - Set database path to: /opt/st/stm32cubeide_1.13.2/plugins/com.st.stm32cube.common.mx_6.9.2.202309101412//db//mcu/
2023-10-08 23:20:58,484 [INFO] ApiDb:274 - Set plugin database path to: /opt/st/stm32cubeide_1.13.2/plugins/com.st.stm32cube.common.mx_6.9.2.202309101412//db//plugins/boardmanager/
2023-10-08 23:20:58,484 [INFO] ApiDb:261 - Set plugin images path to: /opt/st/stm32cubeide_1.13.2/plugins/com.st.stm32cube.common.mx_6.9.2.202309101412//db//plugins/mcufinder/images/
2023-10-08 23:20:58,484 [WARN] DbFile:41 - Overriding database path with different value: /home/kaan/.stmcufinder/plugins/mcufinder/ => /home/kaan/.stmcufinder/plugins/mcufinder
2023-10-08 23:20:58,484 [INFO] ApiDb:250 - Set database path to: /home/kaan/.stmcufinder/plugins/mcufinder//mcu/
2023-10-08 23:20:58,484 [WARN] DbFile:41 - Overriding database path with different value: /home/kaan/.stmcufinder/plugins/mcufinder/ => /home/kaan/.stmcufinder/plugins/mcufinder
2023-10-08 23:20:58,484 [INFO] DbMcusAds:125 - Set database path to: /home/kaan/.stmcufinder/plugins/mcufinder//mcu/
2023-10-08 23:20:58,484 [WARN] DbFile:41 - Overriding database path with different value: /home/kaan/.stmcufinder/plugins/mcufinder/ => /home/kaan/.stmcufinder/plugins/mcufinder
2023-10-08 23:20:58,484 [WARN] DbFile:41 - Overriding database path with different value: /home/kaan/.stmcufinder/plugins/mcufinder/ => /home/kaan/.stmcufinder/plugins/mcufinder
2023-10-08 23:20:58,484 [INFO] CrossReferenceDbSqlite:203 - Set database path to: /home/kaan/.stmcufinder/plugins/mcufinder//mcu/cs/
2023-10-08 23:20:58,541 [INFO] MainPanel:262 - HeapMemory: 268435456
2023-10-08 23:20:58,612 [INFO] DbMcusXml:78 - Set database path to: /opt/st/stm32cubeide_1.13.2/plugins/com.st.stm32cube.common.mx_6.9.2.202309101412//db//mcu/
2023-10-08 23:20:58,612 [INFO] ApiDb:274 - Set plugin database path to: /opt/st/stm32cubeide_1.13.2/plugins/com.st.stm32cube.common.mx_6.9.2.202309101412//db//plugins/boardmanager/
2023-10-08 23:20:58,613 [INFO] ApiDb:261 - Set plugin images path to: /opt/st/stm32cubeide_1.13.2/plugins/com.st.stm32cube.common.mx_6.9.2.202309101412//db//plugins/mcufinder/images/
2023-10-08 23:20:58,613 [WARN] DbFile:41 - Overriding database path with different value: /home/kaan/.stmcufinder/plugins/mcufinder/ => /home/kaan/.stmcufinder/plugins/mcufinder
2023-10-08 23:20:58,613 [INFO] ApiDb:250 - Set database path to: /home/kaan/.stmcufinder/plugins/mcufinder//mcu/
2023-10-08 23:20:58,613 [WARN] DbFile:41 - Overriding database path with different value: /home/kaan/.stmcufinder/plugins/mcufinder/ => /home/kaan/.stmcufinder/plugins/mcufinder
2023-10-08 23:20:58,613 [INFO] DbMcusAds:125 - Set database path to: /home/kaan/.stmcufinder/plugins/mcufinder//mcu/
2023-10-08 23:20:58,613 [WARN] DbFile:41 - Overriding database path with different value: /home/kaan/.stmcufinder/plugins/mcufinder/ => /home/kaan/.stmcufinder/plugins/mcufinder
2023-10-08 23:20:58,613 [WARN] DbFile:41 - Overriding database path with different value: /home/kaan/.stmcufinder/plugins/mcufinder/ => /home/kaan/.stmcufinder/plugins/mcufinder
2023-10-08 23:20:58,614 [INFO] CrossReferenceDbSqlite:203 - Set database path to: /home/kaan/.stmcufinder/plugins/mcufinder//mcu/cs/
2023-10-08 23:20:58,625 [INFO] ApplicationProperties:184 - Using Application install path: /opt/st/stm32cubeide_1.13.2/plugins/com.st.stm32cube.common.mx_6.9.2.202309101412
2023-10-08 23:20:58,626 [INFO] PluginManage:196 - Search for loadable plugins [exclusion list=, ]
2023-10-08 23:20:58,627 [INFO] PluginManage:310 - Check plugin analytics
2023-10-08 23:20:58,713 [INFO] AnalyticsPlugin:253 - Accepted Software Licenses: STM32CubeMX.5.6.1
2023-10-08 23:20:58,714 [INFO] AnalyticsPlugin:255 - Accepted CMSIS Pack Licenses: STMicroelectronics.X-CUBE-AI.8.1.0
2023-10-08 23:20:58,714 [INFO] AnalyticsPlugin:257 - Accepted Firmware Licenses: 
2023-10-08 23:20:58,715 [INFO] PluginManage:359 - Loaded plugin analytics (category:tool,tabindex:-1)
2023-10-08 23:20:58,716 [INFO] PluginManage:310 - Check plugin cadmodel
2023-10-08 23:20:58,746 [INFO] CADModel:105 - Init CAD model plugin
2023-10-08 23:20:58,746 [INFO] PluginManage:359 - Loaded plugin cadmodel (category:power,tabindex:5)
2023-10-08 23:20:58,746 [INFO] PluginManage:310 - Check plugin clock
2023-10-08 23:20:58,756 [INFO] PluginManage:359 - Loaded plugin clock (category:base,tabindex:2)
2023-10-08 23:20:58,756 [INFO] PluginManage:310 - Check plugin ddr
2023-10-08 23:20:58,758 [INFO] PluginManage:359 - Loaded plugin ddr (category:tool,tabindex:6)
2023-10-08 23:20:58,758 [INFO] PluginManage:310 - Check plugin filemanager
2023-10-08 23:20:58,840 [INFO] PluginManage:359 - Loaded plugin filemanager (category:base,tabindex:10)
2023-10-08 23:20:58,840 [INFO] PluginManage:310 - Check plugin ipmanager
2023-10-08 23:20:58,844 [INFO] PluginManage:359 - Loaded plugin ipmanager (category:base,tabindex:5)
2023-10-08 23:20:58,844 [INFO] PluginManage:310 - Check plugin lpbam
2023-10-08 23:20:58,852 [INFO] PluginManage:359 - Loaded plugin lpbam (category:base,tabindex:0)
2023-10-08 23:20:58,852 [INFO] PluginManage:310 - Check plugin memorymap
2023-10-08 23:20:58,862 [INFO] PluginManage:359 - Loaded plugin memorymap (category:base,tabindex:4)
2023-10-08 23:20:58,862 [INFO] PluginManage:310 - Check plugin pinoutandconfiguration
2023-10-08 23:20:58,869 [INFO] PluginManage:359 - Loaded plugin pinoutandconfiguration (category:base,tabindex:1)
2023-10-08 23:20:58,869 [INFO] PluginManage:310 - Check plugin pinoutconfig
2023-10-08 23:20:58,930 [WARN] SupportedApi:132 - Cannot load RTOS API schema: s4s-elt-must-match.1: The content of 'definitions' must match (annotation?, (simpleType | complexType)?, (unique | key | keyref)*)). A problem was found starting at: attribute.
2023-10-08 23:20:59,019 [INFO] PluginManage:359 - Loaded plugin pinoutconfig (category:base,tabindex:0)
2023-10-08 23:20:59,019 [INFO] PluginManage:310 - Check plugin power
2023-10-08 23:20:59,029 [INFO] PluginManage:359 - Loaded plugin power (category:power,tabindex:4)
2023-10-08 23:20:59,029 [INFO] PluginManage:310 - Check plugin projectmanager
2023-10-08 23:20:59,039 [INFO] PluginManage:359 - Loaded plugin projectmanager (category:projectmanager,tabindex:3)
2023-10-08 23:20:59,039 [INFO] PluginManage:310 - Check plugin thirdparty
2023-10-08 23:20:59,113 [INFO] PluginManage:359 - Loaded plugin thirdparty (category:base,tabindex:-1)
2023-10-08 23:20:59,113 [WARN] IntegrityCheckThread:84 - waiting for thirdparty lock release [integrity check]
2023-10-08 23:20:59,113 [INFO] IntegrityCheckThread:86 - entering critical section [integrity check]
2023-10-08 23:20:59,113 [INFO] PluginManage:310 - Check plugin tools
2023-10-08 23:20:59,114 [INFO] ThirdPartyUpdaterWithRetryManager:70 - Updater plugin not ready yet. [1/15]
2023-10-08 23:20:59,115 [INFO] PluginManage:359 - Loaded plugin tools (category:base,tabindex:7)
2023-10-08 23:20:59,115 [INFO] PluginManage:310 - Check plugin tutovideos
2023-10-08 23:20:59,222 [INFO] PluginManage:359 - Loaded plugin tutovideos (category:base,tabindex:-1)
2023-10-08 23:20:59,222 [INFO] PluginManage:310 - Check plugin updater
2023-10-08 23:20:59,230 [INFO] PluginManage:359 - Loaded plugin updater (category:base,tabindex:12)
2023-10-08 23:20:59,230 [INFO] PluginManage:310 - Check plugin userauth
2023-10-08 23:20:59,234 [INFO] UserAuth:113 - Init User Auth plugin
2023-10-08 23:20:59,234 [INFO] PluginManage:359 - Loaded plugin userauth (category:base,tabindex:14)
2023-10-08 23:20:59,234 [INFO] PluginManage:283 - PluginManage : Loaded plugins [17]
2023-10-08 23:20:59,366 [INFO] PinOutPanel:1499 - setPackage(No Configuration,No Configuration)
2023-10-08 23:20:59,420 [INFO] CADModel:165 - CPN selected for project level
2023-10-08 23:20:59,420 [INFO] CADModel:114 - Register for checkConnection events
2023-10-08 23:20:59,426 [INFO] IPUIPlugin:80 - create IPUIPlugin
2023-10-08 23:20:59,426 [INFO] PluginManager:220 - loadIPPluginJar : add dma3
2023-10-08 23:20:59,427 [INFO] IPUIPlugin:80 - create IPUIPlugin
2023-10-08 23:20:59,427 [INFO] PluginManager:220 - loadIPPluginJar : add fatfs
2023-10-08 23:20:59,430 [INFO] IPUIPlugin:80 - create IPUIPlugin
2023-10-08 23:20:59,431 [INFO] PluginManager:220 - loadIPPluginJar : add i3c
2023-10-08 23:20:59,431 [INFO] IPUIPlugin:80 - create IPUIPlugin
2023-10-08 23:20:59,432 [INFO] PluginManager:220 - loadIPPluginJar : add ltdc
2023-10-08 23:20:59,433 [INFO] IPUIPlugin:80 - create IPUIPlugin
2023-10-08 23:20:59,433 [INFO] PluginManager:220 - loadIPPluginJar : add ucpd
2023-10-08 23:20:59,436 [INFO] IPUIPlugin:80 - create IPUIPlugin
2023-10-08 23:20:59,436 [INFO] PluginManager:220 - loadIPPluginJar : add nvic
2023-10-08 23:20:59,437 [INFO] IPUIPlugin:80 - create IPUIPlugin
2023-10-08 23:20:59,437 [INFO] PluginManager:220 - loadIPPluginJar : add can
2023-10-08 23:20:59,438 [INFO] IPUIPlugin:80 - create IPUIPlugin
2023-10-08 23:20:59,438 [INFO] PluginManager:220 - loadIPPluginJar : add hash
2023-10-08 23:20:59,439 [INFO] IPUIPlugin:80 - create IPUIPlugin
2023-10-08 23:20:59,439 [INFO] PluginManager:220 - loadIPPluginJar : add comp
2023-10-08 23:20:59,442 [INFO] IPUIPlugin:80 - create IPUIPlugin
2023-10-08 23:20:59,443 [INFO] PluginManager:220 - loadIPPluginJar : add freertos
2023-10-08 23:20:59,444 [INFO] IPUIPlugin:80 - create IPUIPlugin
2023-10-08 23:20:59,444 [INFO] PluginManager:220 - loadIPPluginJar : add usart
2023-10-08 23:20:59,446 [INFO] IPUIPlugin:80 - create IPUIPlugin
2023-10-08 23:20:59,446 [INFO] PluginManager:220 - loadIPPluginJar : add gtzc
2023-10-08 23:20:59,447 [INFO] IPUIPlugin:80 - create IPUIPlugin
2023-10-08 23:20:59,448 [INFO] PluginManager:220 - loadIPPluginJar : add openamp
2023-10-08 23:20:59,449 [INFO] IPUIPlugin:80 - create IPUIPlugin
2023-10-08 23:20:59,449 [INFO] PluginManager:220 - loadIPPluginJar : add ipddr
2023-10-08 23:20:59,451 [INFO] IPUIPlugin:80 - create IPUIPlugin
2023-10-08 23:20:59,451 [INFO] PluginManager:220 - loadIPPluginJar : add pdm2pcm
2023-10-08 23:20:59,453 [INFO] IPUIPlugin:80 - create IPUIPlugin
2023-10-08 23:20:59,453 [INFO] PluginManager:220 - loadIPPluginJar : add sai
2023-10-08 23:20:59,454 [INFO] IPUIPlugin:80 - create IPUIPlugin
2023-10-08 23:20:59,454 [INFO] PluginManager:220 - loadIPPluginJar : add spi
2023-10-08 23:20:59,455 [INFO] IPUIPlugin:80 - create IPUIPlugin
2023-10-08 23:20:59,455 [INFO] PluginManager:220 - loadIPPluginJar : add cryp
2023-10-08 23:20:59,459 [INFO] IPUIPlugin:80 - create IPUIPlugin
2023-10-08 23:20:59,461 [INFO] PluginManager:220 - loadIPPluginJar : add plateformsettings
2023-10-08 23:20:59,462 [INFO] IPUIPlugin:80 - create IPUIPlugin
2023-10-08 23:20:59,462 [INFO] PluginManager:220 - loadIPPluginJar : add usbx
2023-10-08 23:20:59,464 [INFO] IPUIPlugin:80 - create IPUIPlugin
2023-10-08 23:20:59,464 [INFO] PluginManager:220 - loadIPPluginJar : add i2c
2023-10-08 23:20:59,469 [INFO] IPUIPlugin:80 - create IPUIPlugin
2023-10-08 23:20:59,469 [INFO] PluginManager:220 - loadIPPluginJar : add dma
2023-10-08 23:20:59,470 [INFO] IPUIPlugin:80 - create IPUIPlugin
2023-10-08 23:20:59,470 [INFO] PluginManager:220 - loadIPPluginJar : add tsc
2023-10-08 23:20:59,471 [INFO] IPUIPlugin:80 - create IPUIPlugin
2023-10-08 23:20:59,471 [INFO] PluginManager:220 - loadIPPluginJar : add quadspi
2023-10-08 23:20:59,472 [INFO] IPUIPlugin:80 - create IPUIPlugin
2023-10-08 23:20:59,472 [INFO] PluginManager:220 - loadIPPluginJar : add i2s
2023-10-08 23:20:59,475 [INFO] IPUIPlugin:80 - create IPUIPlugin
2023-10-08 23:20:59,475 [INFO] PluginManager:220 - loadIPPluginJar : add gic
2023-10-08 23:20:59,476 [INFO] IPUIPlugin:80 - create IPUIPlugin
2023-10-08 23:20:59,476 [INFO] PluginManager:220 - loadIPPluginJar : add tracer_emb
2023-10-08 23:20:59,480 [INFO] IPUIPlugin:80 - create IPUIPlugin
2023-10-08 23:20:59,480 [INFO] PluginManager:220 - loadIPPluginJar : add stm32_wpan
2023-10-08 23:20:59,484 [INFO] IPUIPlugin:80 - create IPUIPlugin
2023-10-08 23:20:59,484 [INFO] PluginManager:220 - loadIPPluginJar : add linkedlist
2023-10-08 23:20:59,486 [INFO] IPUIPlugin:80 - create IPUIPlugin
2023-10-08 23:20:59,486 [INFO] PluginManager:220 - loadIPPluginJar : add lorawan
2023-10-08 23:20:59,487 [INFO] IPUIPlugin:80 - create IPUIPlugin
2023-10-08 23:20:59,487 [INFO] PluginManager:220 - loadIPPluginJar : add touchsensing
2023-10-08 23:20:59,491 [INFO] IPUIPlugin:80 - create IPUIPlugin
2023-10-08 23:20:59,491 [INFO] PluginManager:220 - loadIPPluginJar : add adc
2023-10-08 23:20:59,494 [INFO] IPUIPlugin:80 - create IPUIPlugin
2023-10-08 23:20:59,494 [INFO] PluginManager:220 - loadIPPluginJar : add mdma
2023-10-08 23:20:59,496 [INFO] IPUIPlugin:80 - create IPUIPlugin
2023-10-08 23:20:59,496 [INFO] PluginManager:220 - loadIPPluginJar : add fmc
2023-10-08 23:20:59,497 [INFO] IPUIPlugin:80 - create IPUIPlugin
2023-10-08 23:20:59,497 [INFO] PluginManager:220 - loadIPPluginJar : add tim
2023-10-08 23:20:59,498 [INFO] IPUIPlugin:80 - create IPUIPlugin
2023-10-08 23:20:59,498 [INFO] PluginManager:220 - loadIPPluginJar : add gfxmmu
2023-10-08 23:20:59,500 [INFO] IPUIPlugin:80 - create IPUIPlugin
2023-10-08 23:20:59,501 [INFO] PluginManager:220 - loadIPPluginJar : add resmgrutility
2023-10-08 23:20:59,502 [INFO] IPUIPlugin:80 - create IPUIPlugin
2023-10-08 23:20:59,502 [INFO] PluginManager:220 - loadIPPluginJar : add opamp
2023-10-08 23:20:59,504 [INFO] IPUIPlugin:80 - create IPUIPlugin
2023-10-08 23:20:59,504 [INFO] PluginManager:220 - loadIPPluginJar : add aes
2023-10-08 23:20:59,507 [INFO] IPUIPlugin:80 - create IPUIPlugin
2023-10-08 23:20:59,507 [INFO] PluginManager:220 - loadIPPluginJar : add gpio
2023-10-08 23:20:59,508 [INFO] IPUIPlugin:80 - create IPUIPlugin
2023-10-08 23:20:59,508 [INFO] PluginManager:220 - loadIPPluginJar : add dfsdm
2023-10-08 23:20:59,509 [INFO] IPUIPlugin:80 - create IPUIPlugin
2023-10-08 23:20:59,509 [INFO] PluginManager:220 - loadIPPluginJar : add ts
2023-10-08 23:20:59,509 [INFO] IPUIPlugin:80 - create IPUIPlugin
2023-10-08 23:20:59,510 [INFO] PluginManager:220 - loadIPPluginJar : add genericplugin
2023-10-08 23:20:59,597 [INFO] CADModel:165 - CPN selected for project level
2023-10-08 23:20:59,597 [INFO] CADModel:114 - Register for checkConnection events
2023-10-08 23:20:59,597 [FATAL] Updater:308 - Updater called before beeing initialized
2023-10-08 23:20:59,597 [ERROR] CADModel:125 - Updater not yet initialized, retry later 
2023-10-08 23:20:59,681 [INFO] CADModel:165 - CPN selected for project level
2023-10-08 23:20:59,681 [INFO] CADModel:114 - Register for checkConnection events
2023-10-08 23:20:59,681 [FATAL] Updater:308 - Updater called before beeing initialized
2023-10-08 23:20:59,681 [ERROR] CADModel:125 - Updater not yet initialized, retry later 
2023-10-08 23:20:59,683 [FATAL] Updater:308 - Updater called before beeing initialized
2023-10-08 23:20:59,725 [FATAL] Updater:308 - Updater called before beeing initialized
2023-10-08 23:20:59,729 [INFO] DbMcusAds:53 - JSON generation date=Tue Mar 07 09:50:55 CET 2023 (1678179055114)
2023-10-08 23:20:59,729 [FATAL] Updater:308 - Updater called before beeing initialized
2023-10-08 23:20:59,753 [WARN] DetailPanel:346 - Failed to get advertising image, set to default
2023-10-08 23:20:59,813 [FATAL] Updater:308 - Updater called before beeing initialized
2023-10-08 23:20:59,815 [FATAL] Updater:308 - Updater called before beeing initialized
2023-10-08 23:20:59,815 [FATAL] Updater:308 - Updater called before beeing initialized
2023-10-08 23:20:59,815 [WARN] DetailPanel:346 - Failed to get advertising image, set to default
2023-10-08 23:20:59,815 [FATAL] Updater:308 - Updater called before beeing initialized
2023-10-08 23:20:59,836 [ERROR] Updater:1120 - MainUpdater not yet initialized. External WinMGr cannot be set.
2023-10-08 23:20:59,837 [INFO] Updater:1056 - Updater Version found : 6.9.2
2023-10-08 23:20:59,852 [INFO] ApplicationProperties:184 - Using Application install path: /opt/st/stm32cubeide_1.13.2/plugins/com.st.stm32cube.common.mx_6.9.2.202309101412
2023-10-08 23:21:00,012 [INFO] MainUpdater:2868 - connection check result : 10
2023-10-08 23:21:00,012 [INFO] MainUpdater:285 - Updater Check For Update Now.
2023-10-08 23:21:00,013 [INFO] MicroXplorer:498 - Change Database Version : DB.6.0.92
2023-10-08 23:21:00,026 [INFO] McuFinderGlobals:63 - Set McuFinder mode to 2 (CubeIDE integrated)
2023-10-08 23:21:00,027 [INFO] UserAuth:179 - activating auth plugin
2023-10-08 23:21:00,029 [INFO] UserAuth:393 - Internet connection configuration mode: 1
2023-10-08 23:21:00,039 [INFO] JxBrowserEngine:151 - Initiate JxBrowser Engine with user profile folder
2023-10-08 23:21:00,152 [INFO] CheckServerUpdateThread:120 - End of CheckServer Thread
2023-10-08 23:21:00,850 [INFO] WebApp:157 - Instantiating new browser for Auth
2023-10-08 23:21:01,725 [INFO] WebApp:753 - Register for checkConnection events
2023-10-08 23:21:01,725 [INFO] WebApp:390 - Apply proxy settings
2023-10-08 23:21:01,725 [INFO] WebApp:475 - Chromium requires no authentication
2023-10-08 23:21:01,728 [INFO] WebApp:418 - Direct internet connection detected
2023-10-08 23:21:01,803 [INFO] WebApp:188 - Starting web application
2023-10-08 23:21:01,803 [INFO] WebApp:520 - Web application path used /opt/st/stm32cubeide_1.13.2/plugins/com.st.stm32cube.common.mx_6.9.2.202309101412/db/plugins/mcufinder/reactClient1/index.html
2023-10-08 23:21:02,167 [WARN] PackLoader:240 - Cannot read IP mode file for ITTIA_DB.I-CUBE-ITTIADB.8.8.0
2023-10-08 23:21:02,170 [WARN] PackLoader:240 - Cannot read IP mode file for STMicroelectronics.X-CUBE-TOUCHGFX.4.22.1
2023-10-08 23:21:02,172 [WARN] PackLoader:240 - Cannot read IP mode file for STMicroelectronics.X-CUBE-AI.8.1.0
2023-10-08 23:21:02,217 [WARN] PackLoader:240 - Cannot read IP mode file for Infineon.AIROC-Wi-Fi-Bluetooth-STM32.1.5.1
2023-10-08 23:21:02,225 [INFO] ThirdParty:978 - Integrity check success = true
2023-10-08 23:21:02,225 [INFO] IntegrityCheckThread:100 - exiting critical section [integrity check]
2023-10-08 23:21:02,225 [INFO] IntegrityCheckThread:103 - End integrity checks thread
2023-10-08 23:21:22,321 [ERROR] LogOutputStream:75 - [STDERR_REDIRECT] SLF4J: Failed to load class "org.slf4j.impl.StaticLoggerBinder".
2023-10-08 23:21:22,321 [ERROR] LogOutputStream:75 - [STDERR_REDIRECT] SLF4J: Defaulting to no-operation (NOP) logger implementation
2023-10-08 23:21:22,322 [ERROR] LogOutputStream:75 - [STDERR_REDIRECT] SLF4J: See http://www.slf4j.org/codes.html#StaticLoggerBinder for further details.
