2023-10-04 13:02:34,227 [INFO] Activator:176 - 


2023-10-04 13:02:34,230 [INFO] Activator:177 - !SESSION log4j initialized
2023-10-04 13:02:36,265 [INFO] LogOutputStream:77 - [STDOUT_REDIRECT] 
2023-10-04 13:02:37,233 [INFO] ApplicationProperties:184 - Using Application install path: /opt/st/stm32cubeide_1.13.2/plugins/com.st.stm32cube.common.mx_6.9.2.202309101412
2023-10-04 13:02:37,246 [INFO] DbMcusXml:78 - Set database path to: /opt/st/stm32cubeide_1.13.2/plugins/com.st.stm32cube.common.mx_6.9.2.202309101412//db//mcu/
2023-10-04 13:02:37,246 [INFO] ApiDb:274 - Set plugin database path to: /opt/st/stm32cubeide_1.13.2/plugins/com.st.stm32cube.common.mx_6.9.2.202309101412//db//plugins/boardmanager/
2023-10-04 13:02:37,247 [WARN] ApiDb:259 - Overriding images path with different value:  => /opt/st/stm32cubeide_1.13.2/plugins/com.st.stm32cube.common.mx_6.9.2.202309101412//db//plugins/mcufinder/images/
2023-10-04 13:02:37,255 [INFO] ApiDb:250 - Set database path to: /home/kaan/.stmcufinder/plugins/mcufinder//mcu/
2023-10-04 13:02:37,256 [INFO] DbMcusAds:125 - Set database path to: /home/kaan/.stmcufinder/plugins/mcufinder//mcu/
2023-10-04 13:02:37,258 [INFO] CrossReferenceDbSqlite:203 - Set database path to: /home/kaan/.stmcufinder/plugins/mcufinder//mcu/cs/
2023-10-04 13:02:37,327 [INFO] RulesReader:64 - Compatibility file has been processed (293 Rules)
2023-10-04 13:02:37,371 [INFO] DbMcusXml:78 - Set database path to: /opt/st/stm32cubeide_1.13.2/plugins/com.st.stm32cube.common.mx_6.9.2.202309101412//db//mcu/
2023-10-04 13:02:37,371 [INFO] ApiDb:274 - Set plugin database path to: /opt/st/stm32cubeide_1.13.2/plugins/com.st.stm32cube.common.mx_6.9.2.202309101412//db//plugins/boardmanager/
2023-10-04 13:02:37,371 [INFO] ApiDb:261 - Set plugin images path to: /opt/st/stm32cubeide_1.13.2/plugins/com.st.stm32cube.common.mx_6.9.2.202309101412//db//plugins/mcufinder/images/
2023-10-04 13:02:37,371 [WARN] DbFile:41 - Overriding database path with different value: /home/kaan/.stmcufinder/plugins/mcufinder/ => /home/kaan/.stmcufinder/plugins/mcufinder
2023-10-04 13:02:37,371 [INFO] ApiDb:250 - Set database path to: /home/kaan/.stmcufinder/plugins/mcufinder//mcu/
2023-10-04 13:02:37,371 [WARN] DbFile:41 - Overriding database path with different value: /home/kaan/.stmcufinder/plugins/mcufinder/ => /home/kaan/.stmcufinder/plugins/mcufinder
2023-10-04 13:02:37,371 [INFO] DbMcusAds:125 - Set database path to: /home/kaan/.stmcufinder/plugins/mcufinder//mcu/
2023-10-04 13:02:37,371 [WARN] DbFile:41 - Overriding database path with different value: /home/kaan/.stmcufinder/plugins/mcufinder/ => /home/kaan/.stmcufinder/plugins/mcufinder
2023-10-04 13:02:37,372 [WARN] DbFile:41 - Overriding database path with different value: /home/kaan/.stmcufinder/plugins/mcufinder/ => /home/kaan/.stmcufinder/plugins/mcufinder
2023-10-04 13:02:37,372 [INFO] CrossReferenceDbSqlite:203 - Set database path to: /home/kaan/.stmcufinder/plugins/mcufinder//mcu/cs/
2023-10-04 13:02:37,423 [INFO] MainPanel:262 - HeapMemory: 268435456
2023-10-04 13:02:37,496 [INFO] DbMcusXml:78 - Set database path to: /opt/st/stm32cubeide_1.13.2/plugins/com.st.stm32cube.common.mx_6.9.2.202309101412//db//mcu/
2023-10-04 13:02:37,496 [INFO] ApiDb:274 - Set plugin database path to: /opt/st/stm32cubeide_1.13.2/plugins/com.st.stm32cube.common.mx_6.9.2.202309101412//db//plugins/boardmanager/
2023-10-04 13:02:37,496 [INFO] ApiDb:261 - Set plugin images path to: /opt/st/stm32cubeide_1.13.2/plugins/com.st.stm32cube.common.mx_6.9.2.202309101412//db//plugins/mcufinder/images/
2023-10-04 13:02:37,497 [WARN] DbFile:41 - Overriding database path with different value: /home/kaan/.stmcufinder/plugins/mcufinder/ => /home/kaan/.stmcufinder/plugins/mcufinder
2023-10-04 13:02:37,497 [INFO] ApiDb:250 - Set database path to: /home/kaan/.stmcufinder/plugins/mcufinder//mcu/
2023-10-04 13:02:37,497 [WARN] DbFile:41 - Overriding database path with different value: /home/kaan/.stmcufinder/plugins/mcufinder/ => /home/kaan/.stmcufinder/plugins/mcufinder
2023-10-04 13:02:37,497 [INFO] DbMcusAds:125 - Set database path to: /home/kaan/.stmcufinder/plugins/mcufinder//mcu/
2023-10-04 13:02:37,497 [WARN] DbFile:41 - Overriding database path with different value: /home/kaan/.stmcufinder/plugins/mcufinder/ => /home/kaan/.stmcufinder/plugins/mcufinder
2023-10-04 13:02:37,497 [WARN] DbFile:41 - Overriding database path with different value: /home/kaan/.stmcufinder/plugins/mcufinder/ => /home/kaan/.stmcufinder/plugins/mcufinder
2023-10-04 13:02:37,497 [INFO] CrossReferenceDbSqlite:203 - Set database path to: /home/kaan/.stmcufinder/plugins/mcufinder//mcu/cs/
2023-10-04 13:02:37,509 [INFO] ApplicationProperties:184 - Using Application install path: /opt/st/stm32cubeide_1.13.2/plugins/com.st.stm32cube.common.mx_6.9.2.202309101412
2023-10-04 13:02:37,510 [INFO] PluginManage:196 - Search for loadable plugins [exclusion list=, ]
2023-10-04 13:02:37,511 [INFO] PluginManage:310 - Check plugin analytics
2023-10-04 13:02:37,621 [INFO] AnalyticsPlugin:253 - Accepted Software Licenses: STM32CubeMX.5.6.1
2023-10-04 13:02:37,621 [INFO] AnalyticsPlugin:255 - Accepted CMSIS Pack Licenses: STMicroelectronics.X-CUBE-AI.8.1.0
2023-10-04 13:02:37,621 [INFO] AnalyticsPlugin:257 - Accepted Firmware Licenses: 
2023-10-04 13:02:37,623 [INFO] PluginManage:359 - Loaded plugin analytics (category:tool,tabindex:-1)
2023-10-04 13:02:37,623 [INFO] PluginManage:310 - Check plugin cadmodel
2023-10-04 13:02:37,647 [INFO] CADModel:105 - Init CAD model plugin
2023-10-04 13:02:37,647 [INFO] PluginManage:359 - Loaded plugin cadmodel (category:power,tabindex:5)
2023-10-04 13:02:37,648 [INFO] PluginManage:310 - Check plugin clock
2023-10-04 13:02:37,655 [INFO] PluginManage:359 - Loaded plugin clock (category:base,tabindex:2)
2023-10-04 13:02:37,656 [INFO] PluginManage:310 - Check plugin ddr
2023-10-04 13:02:37,657 [INFO] PluginManage:359 - Loaded plugin ddr (category:tool,tabindex:6)
2023-10-04 13:02:37,657 [INFO] PluginManage:310 - Check plugin filemanager
2023-10-04 13:02:37,738 [INFO] PluginManage:359 - Loaded plugin filemanager (category:base,tabindex:10)
2023-10-04 13:02:37,738 [INFO] PluginManage:310 - Check plugin ipmanager
2023-10-04 13:02:37,741 [INFO] PluginManage:359 - Loaded plugin ipmanager (category:base,tabindex:5)
2023-10-04 13:02:37,742 [INFO] PluginManage:310 - Check plugin lpbam
2023-10-04 13:02:37,748 [INFO] PluginManage:359 - Loaded plugin lpbam (category:base,tabindex:0)
2023-10-04 13:02:37,748 [INFO] PluginManage:310 - Check plugin memorymap
2023-10-04 13:02:37,755 [INFO] PluginManage:359 - Loaded plugin memorymap (category:base,tabindex:4)
2023-10-04 13:02:37,755 [INFO] PluginManage:310 - Check plugin pinoutandconfiguration
2023-10-04 13:02:37,760 [INFO] PluginManage:359 - Loaded plugin pinoutandconfiguration (category:base,tabindex:1)
2023-10-04 13:02:37,760 [INFO] PluginManage:310 - Check plugin pinoutconfig
2023-10-04 13:02:37,808 [WARN] SupportedApi:132 - Cannot load RTOS API schema: s4s-elt-must-match.1: The content of 'definitions' must match (annotation?, (simpleType | complexType)?, (unique | key | keyref)*)). A problem was found starting at: attribute.
2023-10-04 13:02:37,886 [INFO] PluginManage:359 - Loaded plugin pinoutconfig (category:base,tabindex:0)
2023-10-04 13:02:37,886 [INFO] PluginManage:310 - Check plugin power
2023-10-04 13:02:37,897 [INFO] PluginManage:359 - Loaded plugin power (category:power,tabindex:4)
2023-10-04 13:02:37,898 [INFO] PluginManage:310 - Check plugin projectmanager
2023-10-04 13:02:37,908 [INFO] PluginManage:359 - Loaded plugin projectmanager (category:projectmanager,tabindex:3)
2023-10-04 13:02:37,909 [INFO] PluginManage:310 - Check plugin thirdparty
2023-10-04 13:02:37,994 [INFO] PluginManage:359 - Loaded plugin thirdparty (category:base,tabindex:-1)
2023-10-04 13:02:37,994 [WARN] IntegrityCheckThread:84 - waiting for thirdparty lock release [integrity check]
2023-10-04 13:02:37,995 [INFO] IntegrityCheckThread:86 - entering critical section [integrity check]
2023-10-04 13:02:37,995 [INFO] PluginManage:310 - Check plugin tools
2023-10-04 13:02:37,995 [INFO] ThirdPartyUpdaterWithRetryManager:70 - Updater plugin not ready yet. [1/15]
2023-10-04 13:02:37,997 [INFO] PluginManage:359 - Loaded plugin tools (category:base,tabindex:7)
2023-10-04 13:02:37,997 [INFO] PluginManage:310 - Check plugin tutovideos
2023-10-04 13:02:38,107 [INFO] PluginManage:359 - Loaded plugin tutovideos (category:base,tabindex:-1)
2023-10-04 13:02:38,107 [INFO] PluginManage:310 - Check plugin updater
2023-10-04 13:02:38,116 [INFO] PluginManage:359 - Loaded plugin updater (category:base,tabindex:12)
2023-10-04 13:02:38,116 [INFO] PluginManage:310 - Check plugin userauth
2023-10-04 13:02:38,120 [INFO] UserAuth:113 - Init User Auth plugin
2023-10-04 13:02:38,120 [INFO] PluginManage:359 - Loaded plugin userauth (category:base,tabindex:14)
2023-10-04 13:02:38,121 [INFO] PluginManage:283 - PluginManage : Loaded plugins [17]
2023-10-04 13:02:38,244 [INFO] PinOutPanel:1499 - setPackage(No Configuration,No Configuration)
2023-10-04 13:02:38,300 [INFO] CADModel:165 - CPN selected for project level
2023-10-04 13:02:38,300 [INFO] CADModel:114 - Register for checkConnection events
2023-10-04 13:02:38,307 [INFO] IPUIPlugin:80 - create IPUIPlugin
2023-10-04 13:02:38,307 [INFO] PluginManager:220 - loadIPPluginJar : add dma3
2023-10-04 13:02:38,308 [INFO] IPUIPlugin:80 - create IPUIPlugin
2023-10-04 13:02:38,308 [INFO] PluginManager:220 - loadIPPluginJar : add fatfs
2023-10-04 13:02:38,312 [INFO] IPUIPlugin:80 - create IPUIPlugin
2023-10-04 13:02:38,312 [INFO] PluginManager:220 - loadIPPluginJar : add i3c
2023-10-04 13:02:38,313 [INFO] IPUIPlugin:80 - create IPUIPlugin
2023-10-04 13:02:38,313 [INFO] PluginManager:220 - loadIPPluginJar : add ltdc
2023-10-04 13:02:38,314 [INFO] IPUIPlugin:80 - create IPUIPlugin
2023-10-04 13:02:38,314 [INFO] PluginManager:220 - loadIPPluginJar : add ucpd
2023-10-04 13:02:38,317 [INFO] IPUIPlugin:80 - create IPUIPlugin
2023-10-04 13:02:38,317 [INFO] PluginManager:220 - loadIPPluginJar : add nvic
2023-10-04 13:02:38,318 [INFO] IPUIPlugin:80 - create IPUIPlugin
2023-10-04 13:02:38,318 [INFO] PluginManager:220 - loadIPPluginJar : add can
2023-10-04 13:02:38,320 [INFO] IPUIPlugin:80 - create IPUIPlugin
2023-10-04 13:02:38,320 [INFO] PluginManager:220 - loadIPPluginJar : add hash
2023-10-04 13:02:38,320 [INFO] IPUIPlugin:80 - create IPUIPlugin
2023-10-04 13:02:38,320 [INFO] PluginManager:220 - loadIPPluginJar : add comp
2023-10-04 13:02:38,324 [INFO] IPUIPlugin:80 - create IPUIPlugin
2023-10-04 13:02:38,324 [INFO] PluginManager:220 - loadIPPluginJar : add freertos
2023-10-04 13:02:38,325 [INFO] IPUIPlugin:80 - create IPUIPlugin
2023-10-04 13:02:38,325 [INFO] PluginManager:220 - loadIPPluginJar : add usart
2023-10-04 13:02:38,327 [INFO] IPUIPlugin:80 - create IPUIPlugin
2023-10-04 13:02:38,327 [INFO] PluginManager:220 - loadIPPluginJar : add gtzc
2023-10-04 13:02:38,329 [INFO] IPUIPlugin:80 - create IPUIPlugin
2023-10-04 13:02:38,329 [INFO] PluginManager:220 - loadIPPluginJar : add openamp
2023-10-04 13:02:38,331 [INFO] IPUIPlugin:80 - create IPUIPlugin
2023-10-04 13:02:38,331 [INFO] PluginManager:220 - loadIPPluginJar : add ipddr
2023-10-04 13:02:38,333 [INFO] IPUIPlugin:80 - create IPUIPlugin
2023-10-04 13:02:38,333 [INFO] PluginManager:220 - loadIPPluginJar : add pdm2pcm
2023-10-04 13:02:38,335 [INFO] IPUIPlugin:80 - create IPUIPlugin
2023-10-04 13:02:38,335 [INFO] PluginManager:220 - loadIPPluginJar : add sai
2023-10-04 13:02:38,336 [INFO] IPUIPlugin:80 - create IPUIPlugin
2023-10-04 13:02:38,336 [INFO] PluginManager:220 - loadIPPluginJar : add spi
2023-10-04 13:02:38,338 [INFO] IPUIPlugin:80 - create IPUIPlugin
2023-10-04 13:02:38,338 [INFO] PluginManager:220 - loadIPPluginJar : add cryp
2023-10-04 13:02:38,342 [INFO] IPUIPlugin:80 - create IPUIPlugin
2023-10-04 13:02:38,345 [INFO] PluginManager:220 - loadIPPluginJar : add plateformsettings
2023-10-04 13:02:38,348 [INFO] IPUIPlugin:80 - create IPUIPlugin
2023-10-04 13:02:38,348 [INFO] PluginManager:220 - loadIPPluginJar : add usbx
2023-10-04 13:02:38,350 [INFO] IPUIPlugin:80 - create IPUIPlugin
2023-10-04 13:02:38,350 [INFO] PluginManager:220 - loadIPPluginJar : add i2c
2023-10-04 13:02:38,357 [INFO] IPUIPlugin:80 - create IPUIPlugin
2023-10-04 13:02:38,358 [INFO] PluginManager:220 - loadIPPluginJar : add dma
2023-10-04 13:02:38,360 [INFO] IPUIPlugin:80 - create IPUIPlugin
2023-10-04 13:02:38,360 [INFO] PluginManager:220 - loadIPPluginJar : add tsc
2023-10-04 13:02:38,361 [INFO] IPUIPlugin:80 - create IPUIPlugin
2023-10-04 13:02:38,361 [INFO] PluginManager:220 - loadIPPluginJar : add quadspi
2023-10-04 13:02:38,363 [INFO] IPUIPlugin:80 - create IPUIPlugin
2023-10-04 13:02:38,363 [INFO] PluginManager:220 - loadIPPluginJar : add i2s
2023-10-04 13:02:38,368 [INFO] IPUIPlugin:80 - create IPUIPlugin
2023-10-04 13:02:38,369 [INFO] PluginManager:220 - loadIPPluginJar : add gic
2023-10-04 13:02:38,370 [INFO] IPUIPlugin:80 - create IPUIPlugin
2023-10-04 13:02:38,370 [INFO] PluginManager:220 - loadIPPluginJar : add tracer_emb
2023-10-04 13:02:38,377 [INFO] IPUIPlugin:80 - create IPUIPlugin
2023-10-04 13:02:38,377 [INFO] PluginManager:220 - loadIPPluginJar : add stm32_wpan
2023-10-04 13:02:38,385 [INFO] IPUIPlugin:80 - create IPUIPlugin
2023-10-04 13:02:38,385 [INFO] PluginManager:220 - loadIPPluginJar : add linkedlist
2023-10-04 13:02:38,387 [INFO] IPUIPlugin:80 - create IPUIPlugin
2023-10-04 13:02:38,387 [INFO] PluginManager:220 - loadIPPluginJar : add lorawan
2023-10-04 13:02:38,390 [INFO] IPUIPlugin:80 - create IPUIPlugin
2023-10-04 13:02:38,390 [INFO] PluginManager:220 - loadIPPluginJar : add touchsensing
2023-10-04 13:02:38,395 [INFO] IPUIPlugin:80 - create IPUIPlugin
2023-10-04 13:02:38,396 [INFO] PluginManager:220 - loadIPPluginJar : add adc
2023-10-04 13:02:38,401 [INFO] IPUIPlugin:80 - create IPUIPlugin
2023-10-04 13:02:38,401 [INFO] PluginManager:220 - loadIPPluginJar : add mdma
2023-10-04 13:02:38,405 [INFO] IPUIPlugin:80 - create IPUIPlugin
2023-10-04 13:02:38,405 [INFO] PluginManager:220 - loadIPPluginJar : add fmc
2023-10-04 13:02:38,406 [INFO] IPUIPlugin:80 - create IPUIPlugin
2023-10-04 13:02:38,406 [INFO] PluginManager:220 - loadIPPluginJar : add tim
2023-10-04 13:02:38,408 [INFO] IPUIPlugin:80 - create IPUIPlugin
2023-10-04 13:02:38,408 [INFO] PluginManager:220 - loadIPPluginJar : add gfxmmu
2023-10-04 13:02:38,410 [INFO] IPUIPlugin:80 - create IPUIPlugin
2023-10-04 13:02:38,410 [INFO] PluginManager:220 - loadIPPluginJar : add resmgrutility
2023-10-04 13:02:38,412 [INFO] IPUIPlugin:80 - create IPUIPlugin
2023-10-04 13:02:38,412 [INFO] PluginManager:220 - loadIPPluginJar : add opamp
2023-10-04 13:02:38,414 [INFO] IPUIPlugin:80 - create IPUIPlugin
2023-10-04 13:02:38,414 [INFO] PluginManager:220 - loadIPPluginJar : add aes
2023-10-04 13:02:38,418 [INFO] IPUIPlugin:80 - create IPUIPlugin
2023-10-04 13:02:38,418 [INFO] PluginManager:220 - loadIPPluginJar : add gpio
2023-10-04 13:02:38,420 [INFO] IPUIPlugin:80 - create IPUIPlugin
2023-10-04 13:02:38,420 [INFO] PluginManager:220 - loadIPPluginJar : add dfsdm
2023-10-04 13:02:38,421 [INFO] IPUIPlugin:80 - create IPUIPlugin
2023-10-04 13:02:38,421 [INFO] PluginManager:220 - loadIPPluginJar : add ts
2023-10-04 13:02:38,422 [INFO] IPUIPlugin:80 - create IPUIPlugin
2023-10-04 13:02:38,422 [INFO] PluginManager:220 - loadIPPluginJar : add genericplugin
2023-10-04 13:02:38,510 [INFO] CADModel:165 - CPN selected for project level
2023-10-04 13:02:38,510 [INFO] CADModel:114 - Register for checkConnection events
2023-10-04 13:02:38,510 [FATAL] Updater:308 - Updater called before beeing initialized
2023-10-04 13:02:38,511 [ERROR] CADModel:125 - Updater not yet initialized, retry later 
2023-10-04 13:02:38,599 [INFO] CADModel:165 - CPN selected for project level
2023-10-04 13:02:38,599 [INFO] CADModel:114 - Register for checkConnection events
2023-10-04 13:02:38,599 [FATAL] Updater:308 - Updater called before beeing initialized
2023-10-04 13:02:38,600 [ERROR] CADModel:125 - Updater not yet initialized, retry later 
2023-10-04 13:02:38,601 [FATAL] Updater:308 - Updater called before beeing initialized
2023-10-04 13:02:38,661 [FATAL] Updater:308 - Updater called before beeing initialized
2023-10-04 13:02:38,664 [INFO] DbMcusAds:53 - JSON generation date=Tue Mar 07 09:50:55 CET 2023 (1678179055114)
2023-10-04 13:02:38,664 [FATAL] Updater:308 - Updater called before beeing initialized
2023-10-04 13:02:38,689 [WARN] DetailPanel:346 - Failed to get advertising image, set to default
2023-10-04 13:02:38,745 [FATAL] Updater:308 - Updater called before beeing initialized
2023-10-04 13:02:38,747 [FATAL] Updater:308 - Updater called before beeing initialized
2023-10-04 13:02:38,747 [FATAL] Updater:308 - Updater called before beeing initialized
2023-10-04 13:02:38,747 [WARN] DetailPanel:346 - Failed to get advertising image, set to default
2023-10-04 13:02:38,747 [FATAL] Updater:308 - Updater called before beeing initialized
2023-10-04 13:02:38,763 [ERROR] Updater:1120 - MainUpdater not yet initialized. External WinMGr cannot be set.
2023-10-04 13:02:38,764 [INFO] Updater:1056 - Updater Version found : 6.9.2
2023-10-04 13:02:38,780 [INFO] ApplicationProperties:184 - Using Application install path: /opt/st/stm32cubeide_1.13.2/plugins/com.st.stm32cube.common.mx_6.9.2.202309101412
2023-10-04 13:02:38,850 [INFO] MainUpdater:2868 - connection check result : 10
2023-10-04 13:02:38,850 [INFO] MainUpdater:285 - Updater Check For Update Now.
2023-10-04 13:02:38,850 [INFO] MicroXplorer:498 - Change Database Version : DB.6.0.92
2023-10-04 13:02:38,854 [INFO] McuFinderGlobals:63 - Set McuFinder mode to 2 (CubeIDE integrated)
2023-10-04 13:02:38,854 [INFO] UserAuth:179 - activating auth plugin
2023-10-04 13:02:38,856 [INFO] UserAuth:393 - Internet connection configuration mode: 1
2023-10-04 13:02:38,868 [INFO] JxBrowserEngine:151 - Initiate JxBrowser Engine with user profile folder
2023-10-04 13:02:39,012 [INFO] CheckServerUpdateThread:120 - End of CheckServer Thread
2023-10-04 13:02:39,896 [INFO] WebApp:157 - Instantiating new browser for Auth
2023-10-04 13:02:40,404 [INFO] WebApp:753 - Register for checkConnection events
2023-10-04 13:02:40,404 [INFO] WebApp:390 - Apply proxy settings
2023-10-04 13:02:40,405 [INFO] WebApp:475 - Chromium requires no authentication
2023-10-04 13:02:40,408 [INFO] WebApp:418 - Direct internet connection detected
2023-10-04 13:02:40,490 [INFO] WebApp:188 - Starting web application
2023-10-04 13:02:40,490 [INFO] WebApp:520 - Web application path used /opt/st/stm32cubeide_1.13.2/plugins/com.st.stm32cube.common.mx_6.9.2.202309101412/db/plugins/mcufinder/reactClient1/index.html
2023-10-04 13:02:41,168 [WARN] PackLoader:240 - Cannot read IP mode file for STMicroelectronics.X-CUBE-AI.8.1.0
2023-10-04 13:02:41,209 [INFO] ThirdParty:978 - Integrity check success = true
2023-10-04 13:02:41,209 [INFO] IntegrityCheckThread:100 - exiting critical section [integrity check]
2023-10-04 13:02:41,209 [INFO] IntegrityCheckThread:103 - End integrity checks thread
2023-10-04 13:03:00,959 [ERROR] LogOutputStream:75 - [STDERR_REDIRECT] SLF4J: Failed to load class "org.slf4j.impl.StaticLoggerBinder".
2023-10-04 13:03:00,959 [ERROR] LogOutputStream:75 - [STDERR_REDIRECT] SLF4J: Defaulting to no-operation (NOP) logger implementation
2023-10-04 13:03:00,960 [ERROR] LogOutputStream:75 - [STDERR_REDIRECT] SLF4J: See http://www.slf4j.org/codes.html#StaticLoggerBinder for further details.
2023-10-04 13:44:34,864 [ERROR] LogOutputStream:75 - [STDERR_REDIRECT] 
2023-10-04 23:48:52,734 [INFO] Activator:176 - 


2023-10-04 23:48:52,736 [INFO] Activator:177 - !SESSION log4j initialized
2023-10-04 23:48:56,651 [INFO] LogOutputStream:77 - [STDOUT_REDIRECT] 
2023-10-04 23:48:57,251 [INFO] ApplicationProperties:184 - Using Application install path: /opt/st/stm32cubeide_1.13.2/plugins/com.st.stm32cube.common.mx_6.9.2.202309101412
2023-10-04 23:48:57,274 [INFO] DbMcusXml:78 - Set database path to: /opt/st/stm32cubeide_1.13.2/plugins/com.st.stm32cube.common.mx_6.9.2.202309101412//db//mcu/
2023-10-04 23:48:57,275 [INFO] ApiDb:274 - Set plugin database path to: /opt/st/stm32cubeide_1.13.2/plugins/com.st.stm32cube.common.mx_6.9.2.202309101412//db//plugins/boardmanager/
2023-10-04 23:48:57,275 [WARN] ApiDb:259 - Overriding images path with different value:  => /opt/st/stm32cubeide_1.13.2/plugins/com.st.stm32cube.common.mx_6.9.2.202309101412//db//plugins/mcufinder/images/
2023-10-04 23:48:57,292 [INFO] ApiDb:250 - Set database path to: /home/kaan/.stmcufinder/plugins/mcufinder//mcu/
2023-10-04 23:48:57,294 [INFO] DbMcusAds:125 - Set database path to: /home/kaan/.stmcufinder/plugins/mcufinder//mcu/
2023-10-04 23:48:57,298 [INFO] CrossReferenceDbSqlite:203 - Set database path to: /home/kaan/.stmcufinder/plugins/mcufinder//mcu/cs/
2023-10-04 23:48:57,418 [INFO] RulesReader:64 - Compatibility file has been processed (293 Rules)
2023-10-04 23:48:57,489 [INFO] DbMcusXml:78 - Set database path to: /opt/st/stm32cubeide_1.13.2/plugins/com.st.stm32cube.common.mx_6.9.2.202309101412//db//mcu/
2023-10-04 23:48:57,489 [INFO] ApiDb:274 - Set plugin database path to: /opt/st/stm32cubeide_1.13.2/plugins/com.st.stm32cube.common.mx_6.9.2.202309101412//db//plugins/boardmanager/
2023-10-04 23:48:57,489 [INFO] ApiDb:261 - Set plugin images path to: /opt/st/stm32cubeide_1.13.2/plugins/com.st.stm32cube.common.mx_6.9.2.202309101412//db//plugins/mcufinder/images/
2023-10-04 23:48:57,489 [WARN] DbFile:41 - Overriding database path with different value: /home/kaan/.stmcufinder/plugins/mcufinder/ => /home/kaan/.stmcufinder/plugins/mcufinder
2023-10-04 23:48:57,490 [INFO] ApiDb:250 - Set database path to: /home/kaan/.stmcufinder/plugins/mcufinder//mcu/
2023-10-04 23:48:57,490 [WARN] DbFile:41 - Overriding database path with different value: /home/kaan/.stmcufinder/plugins/mcufinder/ => /home/kaan/.stmcufinder/plugins/mcufinder
2023-10-04 23:48:57,490 [INFO] DbMcusAds:125 - Set database path to: /home/kaan/.stmcufinder/plugins/mcufinder//mcu/
2023-10-04 23:48:57,490 [WARN] DbFile:41 - Overriding database path with different value: /home/kaan/.stmcufinder/plugins/mcufinder/ => /home/kaan/.stmcufinder/plugins/mcufinder
2023-10-04 23:48:57,490 [WARN] DbFile:41 - Overriding database path with different value: /home/kaan/.stmcufinder/plugins/mcufinder/ => /home/kaan/.stmcufinder/plugins/mcufinder
2023-10-04 23:48:57,490 [INFO] CrossReferenceDbSqlite:203 - Set database path to: /home/kaan/.stmcufinder/plugins/mcufinder//mcu/cs/
2023-10-04 23:48:57,602 [INFO] MainPanel:262 - HeapMemory: 268435456
2023-10-04 23:48:57,712 [INFO] DbMcusXml:78 - Set database path to: /opt/st/stm32cubeide_1.13.2/plugins/com.st.stm32cube.common.mx_6.9.2.202309101412//db//mcu/
2023-10-04 23:48:57,712 [INFO] ApiDb:274 - Set plugin database path to: /opt/st/stm32cubeide_1.13.2/plugins/com.st.stm32cube.common.mx_6.9.2.202309101412//db//plugins/boardmanager/
2023-10-04 23:48:57,712 [INFO] ApiDb:261 - Set plugin images path to: /opt/st/stm32cubeide_1.13.2/plugins/com.st.stm32cube.common.mx_6.9.2.202309101412//db//plugins/mcufinder/images/
2023-10-04 23:48:57,712 [WARN] DbFile:41 - Overriding database path with different value: /home/kaan/.stmcufinder/plugins/mcufinder/ => /home/kaan/.stmcufinder/plugins/mcufinder
2023-10-04 23:48:57,713 [INFO] ApiDb:250 - Set database path to: /home/kaan/.stmcufinder/plugins/mcufinder//mcu/
2023-10-04 23:48:57,713 [WARN] DbFile:41 - Overriding database path with different value: /home/kaan/.stmcufinder/plugins/mcufinder/ => /home/kaan/.stmcufinder/plugins/mcufinder
2023-10-04 23:48:57,713 [INFO] DbMcusAds:125 - Set database path to: /home/kaan/.stmcufinder/plugins/mcufinder//mcu/
2023-10-04 23:48:57,713 [WARN] DbFile:41 - Overriding database path with different value: /home/kaan/.stmcufinder/plugins/mcufinder/ => /home/kaan/.stmcufinder/plugins/mcufinder
2023-10-04 23:48:57,713 [WARN] DbFile:41 - Overriding database path with different value: /home/kaan/.stmcufinder/plugins/mcufinder/ => /home/kaan/.stmcufinder/plugins/mcufinder
2023-10-04 23:48:57,713 [INFO] CrossReferenceDbSqlite:203 - Set database path to: /home/kaan/.stmcufinder/plugins/mcufinder//mcu/cs/
2023-10-04 23:48:57,732 [INFO] ApplicationProperties:184 - Using Application install path: /opt/st/stm32cubeide_1.13.2/plugins/com.st.stm32cube.common.mx_6.9.2.202309101412
2023-10-04 23:48:57,733 [INFO] PluginManage:196 - Search for loadable plugins [exclusion list=, ]
2023-10-04 23:48:57,734 [INFO] PluginManage:310 - Check plugin analytics
2023-10-04 23:48:57,890 [INFO] AnalyticsPlugin:253 - Accepted Software Licenses: STM32CubeMX.5.6.1
2023-10-04 23:48:57,891 [INFO] AnalyticsPlugin:255 - Accepted CMSIS Pack Licenses: STMicroelectronics.X-CUBE-AI.8.1.0
2023-10-04 23:48:57,891 [INFO] AnalyticsPlugin:257 - Accepted Firmware Licenses: 
2023-10-04 23:48:57,893 [INFO] PluginManage:359 - Loaded plugin analytics (category:tool,tabindex:-1)
2023-10-04 23:48:57,894 [INFO] PluginManage:310 - Check plugin cadmodel
2023-10-04 23:48:57,996 [INFO] CADModel:105 - Init CAD model plugin
2023-10-04 23:48:57,997 [INFO] PluginManage:359 - Loaded plugin cadmodel (category:power,tabindex:5)
2023-10-04 23:48:57,997 [INFO] PluginManage:310 - Check plugin clock
2023-10-04 23:48:58,010 [INFO] PluginManage:359 - Loaded plugin clock (category:base,tabindex:2)
2023-10-04 23:48:58,010 [INFO] PluginManage:310 - Check plugin ddr
2023-10-04 23:48:58,014 [INFO] PluginManage:359 - Loaded plugin ddr (category:tool,tabindex:6)
2023-10-04 23:48:58,014 [INFO] PluginManage:310 - Check plugin filemanager
2023-10-04 23:48:58,189 [INFO] PluginManage:359 - Loaded plugin filemanager (category:base,tabindex:10)
2023-10-04 23:48:58,189 [INFO] PluginManage:310 - Check plugin ipmanager
2023-10-04 23:48:58,196 [INFO] PluginManage:359 - Loaded plugin ipmanager (category:base,tabindex:5)
2023-10-04 23:48:58,197 [INFO] PluginManage:310 - Check plugin lpbam
2023-10-04 23:48:58,216 [INFO] PluginManage:359 - Loaded plugin lpbam (category:base,tabindex:0)
2023-10-04 23:48:58,217 [INFO] PluginManage:310 - Check plugin memorymap
2023-10-04 23:48:58,236 [INFO] PluginManage:359 - Loaded plugin memorymap (category:base,tabindex:4)
2023-10-04 23:48:58,237 [INFO] PluginManage:310 - Check plugin pinoutandconfiguration
2023-10-04 23:48:58,254 [INFO] PluginManage:359 - Loaded plugin pinoutandconfiguration (category:base,tabindex:1)
2023-10-04 23:48:58,254 [INFO] PluginManage:310 - Check plugin pinoutconfig
2023-10-04 23:48:58,358 [WARN] SupportedApi:132 - Cannot load RTOS API schema: s4s-elt-must-match.1: The content of 'definitions' must match (annotation?, (simpleType | complexType)?, (unique | key | keyref)*)). A problem was found starting at: attribute.
2023-10-04 23:48:58,464 [INFO] PluginManage:359 - Loaded plugin pinoutconfig (category:base,tabindex:0)
2023-10-04 23:48:58,465 [INFO] PluginManage:310 - Check plugin power
2023-10-04 23:48:58,476 [INFO] PluginManage:359 - Loaded plugin power (category:power,tabindex:4)
2023-10-04 23:48:58,477 [INFO] PluginManage:310 - Check plugin projectmanager
2023-10-04 23:48:58,494 [INFO] PluginManage:359 - Loaded plugin projectmanager (category:projectmanager,tabindex:3)
2023-10-04 23:48:58,494 [INFO] PluginManage:310 - Check plugin thirdparty
2023-10-04 23:48:58,624 [INFO] PluginManage:359 - Loaded plugin thirdparty (category:base,tabindex:-1)
2023-10-04 23:48:58,624 [WARN] IntegrityCheckThread:84 - waiting for thirdparty lock release [integrity check]
2023-10-04 23:48:58,624 [INFO] PluginManage:310 - Check plugin tools
2023-10-04 23:48:58,625 [INFO] IntegrityCheckThread:86 - entering critical section [integrity check]
2023-10-04 23:48:58,625 [INFO] ThirdPartyUpdaterWithRetryManager:70 - Updater plugin not ready yet. [1/15]
2023-10-04 23:48:58,627 [INFO] PluginManage:359 - Loaded plugin tools (category:base,tabindex:7)
2023-10-04 23:48:58,627 [INFO] PluginManage:310 - Check plugin tutovideos
2023-10-04 23:48:58,821 [INFO] PluginManage:359 - Loaded plugin tutovideos (category:base,tabindex:-1)
2023-10-04 23:48:58,821 [INFO] PluginManage:310 - Check plugin updater
2023-10-04 23:48:58,832 [INFO] PluginManage:359 - Loaded plugin updater (category:base,tabindex:12)
2023-10-04 23:48:58,832 [INFO] PluginManage:310 - Check plugin userauth
2023-10-04 23:48:58,837 [INFO] UserAuth:113 - Init User Auth plugin
2023-10-04 23:48:58,837 [INFO] PluginManage:359 - Loaded plugin userauth (category:base,tabindex:14)
2023-10-04 23:48:58,837 [INFO] PluginManage:283 - PluginManage : Loaded plugins [17]
2023-10-04 23:48:58,998 [INFO] PinOutPanel:1499 - setPackage(No Configuration,No Configuration)
2023-10-04 23:48:59,073 [INFO] CADModel:165 - CPN selected for project level
2023-10-04 23:48:59,073 [INFO] CADModel:114 - Register for checkConnection events
2023-10-04 23:48:59,081 [INFO] IPUIPlugin:80 - create IPUIPlugin
2023-10-04 23:48:59,082 [INFO] PluginManager:220 - loadIPPluginJar : add dma3
2023-10-04 23:48:59,083 [INFO] IPUIPlugin:80 - create IPUIPlugin
2023-10-04 23:48:59,083 [INFO] PluginManager:220 - loadIPPluginJar : add fatfs
2023-10-04 23:48:59,088 [INFO] IPUIPlugin:80 - create IPUIPlugin
2023-10-04 23:48:59,088 [INFO] PluginManager:220 - loadIPPluginJar : add i3c
2023-10-04 23:48:59,089 [INFO] IPUIPlugin:80 - create IPUIPlugin
2023-10-04 23:48:59,089 [INFO] PluginManager:220 - loadIPPluginJar : add ltdc
2023-10-04 23:48:59,090 [INFO] IPUIPlugin:80 - create IPUIPlugin
2023-10-04 23:48:59,090 [INFO] PluginManager:220 - loadIPPluginJar : add ucpd
2023-10-04 23:48:59,094 [INFO] IPUIPlugin:80 - create IPUIPlugin
2023-10-04 23:48:59,094 [INFO] PluginManager:220 - loadIPPluginJar : add nvic
2023-10-04 23:48:59,096 [INFO] IPUIPlugin:80 - create IPUIPlugin
2023-10-04 23:48:59,096 [INFO] PluginManager:220 - loadIPPluginJar : add can
2023-10-04 23:48:59,098 [INFO] IPUIPlugin:80 - create IPUIPlugin
2023-10-04 23:48:59,098 [INFO] PluginManager:220 - loadIPPluginJar : add hash
2023-10-04 23:48:59,099 [INFO] IPUIPlugin:80 - create IPUIPlugin
2023-10-04 23:48:59,099 [INFO] PluginManager:220 - loadIPPluginJar : add comp
2023-10-04 23:48:59,104 [INFO] IPUIPlugin:80 - create IPUIPlugin
2023-10-04 23:48:59,104 [INFO] PluginManager:220 - loadIPPluginJar : add freertos
2023-10-04 23:48:59,106 [INFO] IPUIPlugin:80 - create IPUIPlugin
2023-10-04 23:48:59,106 [INFO] PluginManager:220 - loadIPPluginJar : add usart
2023-10-04 23:48:59,108 [INFO] IPUIPlugin:80 - create IPUIPlugin
2023-10-04 23:48:59,108 [INFO] PluginManager:220 - loadIPPluginJar : add gtzc
2023-10-04 23:48:59,110 [INFO] IPUIPlugin:80 - create IPUIPlugin
2023-10-04 23:48:59,110 [INFO] PluginManager:220 - loadIPPluginJar : add openamp
2023-10-04 23:48:59,114 [INFO] IPUIPlugin:80 - create IPUIPlugin
2023-10-04 23:48:59,114 [INFO] PluginManager:220 - loadIPPluginJar : add ipddr
2023-10-04 23:48:59,116 [INFO] IPUIPlugin:80 - create IPUIPlugin
2023-10-04 23:48:59,116 [INFO] PluginManager:220 - loadIPPluginJar : add pdm2pcm
2023-10-04 23:48:59,118 [INFO] IPUIPlugin:80 - create IPUIPlugin
2023-10-04 23:48:59,118 [INFO] PluginManager:220 - loadIPPluginJar : add sai
2023-10-04 23:48:59,120 [INFO] IPUIPlugin:80 - create IPUIPlugin
2023-10-04 23:48:59,120 [INFO] PluginManager:220 - loadIPPluginJar : add spi
2023-10-04 23:48:59,122 [INFO] IPUIPlugin:80 - create IPUIPlugin
2023-10-04 23:48:59,122 [INFO] PluginManager:220 - loadIPPluginJar : add cryp
2023-10-04 23:48:59,128 [INFO] IPUIPlugin:80 - create IPUIPlugin
2023-10-04 23:48:59,130 [INFO] PluginManager:220 - loadIPPluginJar : add plateformsettings
2023-10-04 23:48:59,133 [INFO] IPUIPlugin:80 - create IPUIPlugin
2023-10-04 23:48:59,133 [INFO] PluginManager:220 - loadIPPluginJar : add usbx
2023-10-04 23:48:59,135 [INFO] IPUIPlugin:80 - create IPUIPlugin
2023-10-04 23:48:59,135 [INFO] PluginManager:220 - loadIPPluginJar : add i2c
2023-10-04 23:48:59,142 [INFO] IPUIPlugin:80 - create IPUIPlugin
2023-10-04 23:48:59,142 [INFO] PluginManager:220 - loadIPPluginJar : add dma
2023-10-04 23:48:59,143 [INFO] IPUIPlugin:80 - create IPUIPlugin
2023-10-04 23:48:59,143 [INFO] PluginManager:220 - loadIPPluginJar : add tsc
2023-10-04 23:48:59,144 [INFO] IPUIPlugin:80 - create IPUIPlugin
2023-10-04 23:48:59,145 [INFO] PluginManager:220 - loadIPPluginJar : add quadspi
2023-10-04 23:48:59,146 [INFO] IPUIPlugin:80 - create IPUIPlugin
2023-10-04 23:48:59,147 [INFO] PluginManager:220 - loadIPPluginJar : add i2s
2023-10-04 23:48:59,150 [INFO] IPUIPlugin:80 - create IPUIPlugin
2023-10-04 23:48:59,151 [INFO] PluginManager:220 - loadIPPluginJar : add gic
2023-10-04 23:48:59,152 [INFO] IPUIPlugin:80 - create IPUIPlugin
2023-10-04 23:48:59,152 [INFO] PluginManager:220 - loadIPPluginJar : add tracer_emb
2023-10-04 23:48:59,157 [INFO] IPUIPlugin:80 - create IPUIPlugin
2023-10-04 23:48:59,157 [INFO] PluginManager:220 - loadIPPluginJar : add stm32_wpan
2023-10-04 23:48:59,163 [INFO] IPUIPlugin:80 - create IPUIPlugin
2023-10-04 23:48:59,163 [INFO] PluginManager:220 - loadIPPluginJar : add linkedlist
2023-10-04 23:48:59,166 [INFO] IPUIPlugin:80 - create IPUIPlugin
2023-10-04 23:48:59,166 [INFO] PluginManager:220 - loadIPPluginJar : add lorawan
2023-10-04 23:48:59,169 [INFO] IPUIPlugin:80 - create IPUIPlugin
2023-10-04 23:48:59,169 [INFO] PluginManager:220 - loadIPPluginJar : add touchsensing
2023-10-04 23:48:59,175 [INFO] IPUIPlugin:80 - create IPUIPlugin
2023-10-04 23:48:59,176 [INFO] PluginManager:220 - loadIPPluginJar : add adc
2023-10-04 23:48:59,182 [INFO] IPUIPlugin:80 - create IPUIPlugin
2023-10-04 23:48:59,182 [INFO] PluginManager:220 - loadIPPluginJar : add mdma
2023-10-04 23:48:59,186 [INFO] IPUIPlugin:80 - create IPUIPlugin
2023-10-04 23:48:59,187 [INFO] PluginManager:220 - loadIPPluginJar : add fmc
2023-10-04 23:48:59,188 [INFO] IPUIPlugin:80 - create IPUIPlugin
2023-10-04 23:48:59,188 [INFO] PluginManager:220 - loadIPPluginJar : add tim
2023-10-04 23:48:59,190 [INFO] IPUIPlugin:80 - create IPUIPlugin
2023-10-04 23:48:59,190 [INFO] PluginManager:220 - loadIPPluginJar : add gfxmmu
2023-10-04 23:48:59,193 [INFO] IPUIPlugin:80 - create IPUIPlugin
2023-10-04 23:48:59,193 [INFO] PluginManager:220 - loadIPPluginJar : add resmgrutility
2023-10-04 23:48:59,196 [INFO] IPUIPlugin:80 - create IPUIPlugin
2023-10-04 23:48:59,196 [INFO] PluginManager:220 - loadIPPluginJar : add opamp
2023-10-04 23:48:59,198 [INFO] IPUIPlugin:80 - create IPUIPlugin
2023-10-04 23:48:59,199 [INFO] PluginManager:220 - loadIPPluginJar : add aes
2023-10-04 23:48:59,204 [INFO] IPUIPlugin:80 - create IPUIPlugin
2023-10-04 23:48:59,204 [INFO] PluginManager:220 - loadIPPluginJar : add gpio
2023-10-04 23:48:59,206 [INFO] IPUIPlugin:80 - create IPUIPlugin
2023-10-04 23:48:59,206 [INFO] PluginManager:220 - loadIPPluginJar : add dfsdm
2023-10-04 23:48:59,208 [INFO] IPUIPlugin:80 - create IPUIPlugin
2023-10-04 23:48:59,209 [INFO] PluginManager:220 - loadIPPluginJar : add ts
2023-10-04 23:48:59,210 [INFO] IPUIPlugin:80 - create IPUIPlugin
2023-10-04 23:48:59,210 [INFO] PluginManager:220 - loadIPPluginJar : add genericplugin
2023-10-04 23:48:59,310 [INFO] CADModel:165 - CPN selected for project level
2023-10-04 23:48:59,310 [INFO] CADModel:114 - Register for checkConnection events
2023-10-04 23:48:59,311 [FATAL] Updater:308 - Updater called before beeing initialized
2023-10-04 23:48:59,311 [ERROR] CADModel:125 - Updater not yet initialized, retry later 
2023-10-04 23:48:59,449 [INFO] CADModel:165 - CPN selected for project level
2023-10-04 23:48:59,449 [INFO] CADModel:114 - Register for checkConnection events
2023-10-04 23:48:59,450 [FATAL] Updater:308 - Updater called before beeing initialized
2023-10-04 23:48:59,450 [ERROR] CADModel:125 - Updater not yet initialized, retry later 
2023-10-04 23:48:59,453 [FATAL] Updater:308 - Updater called before beeing initialized
2023-10-04 23:48:59,521 [FATAL] Updater:308 - Updater called before beeing initialized
2023-10-04 23:48:59,526 [INFO] DbMcusAds:53 - JSON generation date=Tue Mar 07 09:50:55 CET 2023 (1678179055114)
2023-10-04 23:48:59,527 [FATAL] Updater:308 - Updater called before beeing initialized
2023-10-04 23:48:59,563 [WARN] DetailPanel:346 - Failed to get advertising image, set to default
2023-10-04 23:48:59,664 [FATAL] Updater:308 - Updater called before beeing initialized
2023-10-04 23:48:59,666 [FATAL] Updater:308 - Updater called before beeing initialized
2023-10-04 23:48:59,666 [FATAL] Updater:308 - Updater called before beeing initialized
2023-10-04 23:48:59,667 [WARN] DetailPanel:346 - Failed to get advertising image, set to default
2023-10-04 23:48:59,667 [FATAL] Updater:308 - Updater called before beeing initialized
2023-10-04 23:48:59,695 [ERROR] Updater:1120 - MainUpdater not yet initialized. External WinMGr cannot be set.
2023-10-04 23:48:59,696 [INFO] Updater:1056 - Updater Version found : 6.9.2
2023-10-04 23:48:59,715 [INFO] ApplicationProperties:184 - Using Application install path: /opt/st/stm32cubeide_1.13.2/plugins/com.st.stm32cube.common.mx_6.9.2.202309101412
2023-10-04 23:49:00,172 [INFO] MainUpdater:2868 - connection check result : 10
2023-10-04 23:49:00,174 [INFO] MainUpdater:285 - Updater Check For Update Now.
2023-10-04 23:49:00,174 [INFO] MicroXplorer:498 - Change Database Version : DB.6.0.92
2023-10-04 23:49:00,183 [INFO] McuFinderGlobals:63 - Set McuFinder mode to 2 (CubeIDE integrated)
2023-10-04 23:49:00,183 [INFO] UserAuth:179 - activating auth plugin
2023-10-04 23:49:00,190 [INFO] UserAuth:393 - Internet connection configuration mode: 1
2023-10-04 23:49:00,216 [INFO] JxBrowserEngine:151 - Initiate JxBrowser Engine with user profile folder
2023-10-04 23:49:00,404 [INFO] CheckServerUpdateThread:120 - End of CheckServer Thread
2023-10-04 23:49:01,281 [INFO] WebApp:157 - Instantiating new browser for Auth
2023-10-04 23:49:01,694 [WARN] PackLoader:240 - Cannot read IP mode file for STMicroelectronics.X-CUBE-AI.8.1.0
2023-10-04 23:49:01,747 [INFO] ThirdParty:978 - Integrity check success = true
2023-10-04 23:49:01,747 [INFO] IntegrityCheckThread:100 - exiting critical section [integrity check]
2023-10-04 23:49:01,747 [INFO] IntegrityCheckThread:103 - End integrity checks thread
2023-10-04 23:49:01,880 [INFO] WebApp:753 - Register for checkConnection events
2023-10-04 23:49:01,880 [INFO] WebApp:390 - Apply proxy settings
2023-10-04 23:49:01,880 [INFO] WebApp:475 - Chromium requires no authentication
2023-10-04 23:49:01,885 [INFO] WebApp:418 - Direct internet connection detected
2023-10-04 23:49:01,996 [INFO] WebApp:188 - Starting web application
2023-10-04 23:49:01,997 [INFO] WebApp:520 - Web application path used /opt/st/stm32cubeide_1.13.2/plugins/com.st.stm32cube.common.mx_6.9.2.202309101412/db/plugins/mcufinder/reactClient1/index.html
2023-10-04 23:49:22,752 [ERROR] LogOutputStream:75 - [STDERR_REDIRECT] SLF4J: Failed to load class "org.slf4j.impl.StaticLoggerBinder".
2023-10-04 23:49:22,753 [ERROR] LogOutputStream:75 - [STDERR_REDIRECT] SLF4J: Defaulting to no-operation (NOP) logger implementation
2023-10-04 23:49:22,753 [ERROR] LogOutputStream:75 - [STDERR_REDIRECT] SLF4J: See http://www.slf4j.org/codes.html#StaticLoggerBinder for further details.
