2023-10-17 10:36:39,148 [INFO] Activator:176 - 


2023-10-17 10:36:39,150 [INFO] Activator:177 - !SESSION log4j initialized
2023-10-17 10:36:41,912 [INFO] LogOutputStream:77 - [STDOUT_REDIRECT] 
2023-10-17 10:36:42,443 [INFO] ApplicationProperties:184 - Using Application install path: /opt/st/stm32cubeide_1.13.2/plugins/com.st.stm32cube.common.mx_6.9.2.202309101412
2023-10-17 10:36:42,461 [INFO] DbMcusXml:78 - Set database path to: /opt/st/stm32cubeide_1.13.2/plugins/com.st.stm32cube.common.mx_6.9.2.202309101412//db//mcu/
2023-10-17 10:36:42,462 [INFO] ApiDb:274 - Set plugin database path to: /opt/st/stm32cubeide_1.13.2/plugins/com.st.stm32cube.common.mx_6.9.2.202309101412//db//plugins/boardmanager/
2023-10-17 10:36:42,462 [WARN] ApiDb:259 - Overriding images path with different value:  => /opt/st/stm32cubeide_1.13.2/plugins/com.st.stm32cube.common.mx_6.9.2.202309101412//db//plugins/mcufinder/images/
2023-10-17 10:36:42,480 [INFO] ApiDb:250 - Set database path to: /home/kaan/.stmcufinder/plugins/mcufinder//mcu/
2023-10-17 10:36:42,482 [INFO] DbMcusAds:125 - Set database path to: /home/kaan/.stmcufinder/plugins/mcufinder//mcu/
2023-10-17 10:36:42,487 [INFO] CrossReferenceDbSqlite:203 - Set database path to: /home/kaan/.stmcufinder/plugins/mcufinder//mcu/cs/
2023-10-17 10:36:42,612 [INFO] RulesReader:64 - Compatibility file has been processed (293 Rules)
2023-10-17 10:36:42,653 [INFO] DbMcusXml:78 - Set database path to: /opt/st/stm32cubeide_1.13.2/plugins/com.st.stm32cube.common.mx_6.9.2.202309101412//db//mcu/
2023-10-17 10:36:42,653 [INFO] ApiDb:274 - Set plugin database path to: /opt/st/stm32cubeide_1.13.2/plugins/com.st.stm32cube.common.mx_6.9.2.202309101412//db//plugins/boardmanager/
2023-10-17 10:36:42,653 [INFO] ApiDb:261 - Set plugin images path to: /opt/st/stm32cubeide_1.13.2/plugins/com.st.stm32cube.common.mx_6.9.2.202309101412//db//plugins/mcufinder/images/
2023-10-17 10:36:42,653 [WARN] DbFile:41 - Overriding database path with different value: /home/kaan/.stmcufinder/plugins/mcufinder/ => /home/kaan/.stmcufinder/plugins/mcufinder
2023-10-17 10:36:42,653 [INFO] ApiDb:250 - Set database path to: /home/kaan/.stmcufinder/plugins/mcufinder//mcu/
2023-10-17 10:36:42,653 [WARN] DbFile:41 - Overriding database path with different value: /home/kaan/.stmcufinder/plugins/mcufinder/ => /home/kaan/.stmcufinder/plugins/mcufinder
2023-10-17 10:36:42,653 [INFO] DbMcusAds:125 - Set database path to: /home/kaan/.stmcufinder/plugins/mcufinder//mcu/
2023-10-17 10:36:42,653 [WARN] DbFile:41 - Overriding database path with different value: /home/kaan/.stmcufinder/plugins/mcufinder/ => /home/kaan/.stmcufinder/plugins/mcufinder
2023-10-17 10:36:42,653 [WARN] DbFile:41 - Overriding database path with different value: /home/kaan/.stmcufinder/plugins/mcufinder/ => /home/kaan/.stmcufinder/plugins/mcufinder
2023-10-17 10:36:42,653 [INFO] CrossReferenceDbSqlite:203 - Set database path to: /home/kaan/.stmcufinder/plugins/mcufinder//mcu/cs/
2023-10-17 10:36:42,707 [INFO] MainPanel:262 - HeapMemory: 268435456
2023-10-17 10:36:42,812 [INFO] DbMcusXml:78 - Set database path to: /opt/st/stm32cubeide_1.13.2/plugins/com.st.stm32cube.common.mx_6.9.2.202309101412//db//mcu/
2023-10-17 10:36:42,812 [INFO] ApiDb:274 - Set plugin database path to: /opt/st/stm32cubeide_1.13.2/plugins/com.st.stm32cube.common.mx_6.9.2.202309101412//db//plugins/boardmanager/
2023-10-17 10:36:42,812 [INFO] ApiDb:261 - Set plugin images path to: /opt/st/stm32cubeide_1.13.2/plugins/com.st.stm32cube.common.mx_6.9.2.202309101412//db//plugins/mcufinder/images/
2023-10-17 10:36:42,813 [WARN] DbFile:41 - Overriding database path with different value: /home/kaan/.stmcufinder/plugins/mcufinder/ => /home/kaan/.stmcufinder/plugins/mcufinder
2023-10-17 10:36:42,813 [INFO] ApiDb:250 - Set database path to: /home/kaan/.stmcufinder/plugins/mcufinder//mcu/
2023-10-17 10:36:42,813 [WARN] DbFile:41 - Overriding database path with different value: /home/kaan/.stmcufinder/plugins/mcufinder/ => /home/kaan/.stmcufinder/plugins/mcufinder
2023-10-17 10:36:42,813 [INFO] DbMcusAds:125 - Set database path to: /home/kaan/.stmcufinder/plugins/mcufinder//mcu/
2023-10-17 10:36:42,813 [WARN] DbFile:41 - Overriding database path with different value: /home/kaan/.stmcufinder/plugins/mcufinder/ => /home/kaan/.stmcufinder/plugins/mcufinder
2023-10-17 10:36:42,813 [WARN] DbFile:41 - Overriding database path with different value: /home/kaan/.stmcufinder/plugins/mcufinder/ => /home/kaan/.stmcufinder/plugins/mcufinder
2023-10-17 10:36:42,813 [INFO] CrossReferenceDbSqlite:203 - Set database path to: /home/kaan/.stmcufinder/plugins/mcufinder//mcu/cs/
2023-10-17 10:36:42,824 [INFO] ApplicationProperties:184 - Using Application install path: /opt/st/stm32cubeide_1.13.2/plugins/com.st.stm32cube.common.mx_6.9.2.202309101412
2023-10-17 10:36:42,825 [INFO] PluginManage:196 - Search for loadable plugins [exclusion list=, ]
2023-10-17 10:36:42,826 [INFO] PluginManage:310 - Check plugin analytics
2023-10-17 10:36:42,913 [INFO] AnalyticsPlugin:253 - Accepted Software Licenses: STM32CubeMX.5.6.1
2023-10-17 10:36:42,914 [INFO] AnalyticsPlugin:255 - Accepted CMSIS Pack Licenses: STMicroelectronics.X-CUBE-AI.8.1.0
2023-10-17 10:36:42,914 [INFO] AnalyticsPlugin:257 - Accepted Firmware Licenses: 
2023-10-17 10:36:42,915 [INFO] PluginManage:359 - Loaded plugin analytics (category:tool,tabindex:-1)
2023-10-17 10:36:42,916 [INFO] PluginManage:310 - Check plugin cadmodel
2023-10-17 10:36:42,939 [INFO] CADModel:105 - Init CAD model plugin
2023-10-17 10:36:42,939 [INFO] PluginManage:359 - Loaded plugin cadmodel (category:power,tabindex:5)
2023-10-17 10:36:42,939 [INFO] PluginManage:310 - Check plugin clock
2023-10-17 10:36:42,947 [INFO] PluginManage:359 - Loaded plugin clock (category:base,tabindex:2)
2023-10-17 10:36:42,947 [INFO] PluginManage:310 - Check plugin ddr
2023-10-17 10:36:42,949 [INFO] PluginManage:359 - Loaded plugin ddr (category:tool,tabindex:6)
2023-10-17 10:36:42,949 [INFO] PluginManage:310 - Check plugin filemanager
2023-10-17 10:36:43,030 [INFO] PluginManage:359 - Loaded plugin filemanager (category:base,tabindex:10)
2023-10-17 10:36:43,030 [INFO] PluginManage:310 - Check plugin ipmanager
2023-10-17 10:36:43,034 [INFO] PluginManage:359 - Loaded plugin ipmanager (category:base,tabindex:5)
2023-10-17 10:36:43,034 [INFO] PluginManage:310 - Check plugin lpbam
2023-10-17 10:36:43,040 [INFO] PluginManage:359 - Loaded plugin lpbam (category:base,tabindex:0)
2023-10-17 10:36:43,041 [INFO] PluginManage:310 - Check plugin memorymap
2023-10-17 10:36:43,049 [INFO] PluginManage:359 - Loaded plugin memorymap (category:base,tabindex:4)
2023-10-17 10:36:43,049 [INFO] PluginManage:310 - Check plugin pinoutandconfiguration
2023-10-17 10:36:43,055 [INFO] PluginManage:359 - Loaded plugin pinoutandconfiguration (category:base,tabindex:1)
2023-10-17 10:36:43,055 [INFO] PluginManage:310 - Check plugin pinoutconfig
2023-10-17 10:36:43,109 [WARN] SupportedApi:132 - Cannot load RTOS API schema: s4s-elt-must-match.1: The content of 'definitions' must match (annotation?, (simpleType | complexType)?, (unique | key | keyref)*)). A problem was found starting at: attribute.
2023-10-17 10:36:43,189 [INFO] PluginManage:359 - Loaded plugin pinoutconfig (category:base,tabindex:0)
2023-10-17 10:36:43,189 [INFO] PluginManage:310 - Check plugin power
2023-10-17 10:36:43,199 [INFO] PluginManage:359 - Loaded plugin power (category:power,tabindex:4)
2023-10-17 10:36:43,199 [INFO] PluginManage:310 - Check plugin projectmanager
2023-10-17 10:36:43,207 [INFO] PluginManage:359 - Loaded plugin projectmanager (category:projectmanager,tabindex:3)
2023-10-17 10:36:43,207 [INFO] PluginManage:310 - Check plugin thirdparty
2023-10-17 10:36:43,272 [INFO] PluginManage:359 - Loaded plugin thirdparty (category:base,tabindex:-1)
2023-10-17 10:36:43,272 [WARN] IntegrityCheckThread:84 - waiting for thirdparty lock release [integrity check]
2023-10-17 10:36:43,272 [INFO] PluginManage:310 - Check plugin tools
2023-10-17 10:36:43,272 [INFO] IntegrityCheckThread:86 - entering critical section [integrity check]
2023-10-17 10:36:43,273 [INFO] ThirdPartyUpdaterWithRetryManager:70 - Updater plugin not ready yet. [1/15]
2023-10-17 10:36:43,274 [INFO] PluginManage:359 - Loaded plugin tools (category:base,tabindex:7)
2023-10-17 10:36:43,274 [INFO] PluginManage:310 - Check plugin tutovideos
2023-10-17 10:36:43,381 [INFO] PluginManage:359 - Loaded plugin tutovideos (category:base,tabindex:-1)
2023-10-17 10:36:43,381 [INFO] PluginManage:310 - Check plugin updater
2023-10-17 10:36:43,390 [INFO] PluginManage:359 - Loaded plugin updater (category:base,tabindex:12)
2023-10-17 10:36:43,391 [INFO] PluginManage:310 - Check plugin userauth
2023-10-17 10:36:43,395 [INFO] UserAuth:113 - Init User Auth plugin
2023-10-17 10:36:43,395 [INFO] PluginManage:359 - Loaded plugin userauth (category:base,tabindex:14)
2023-10-17 10:36:43,395 [INFO] PluginManage:283 - PluginManage : Loaded plugins [17]
2023-10-17 10:36:43,520 [INFO] PinOutPanel:1499 - setPackage(No Configuration,No Configuration)
2023-10-17 10:36:43,573 [INFO] CADModel:165 - CPN selected for project level
2023-10-17 10:36:43,573 [INFO] CADModel:114 - Register for checkConnection events
2023-10-17 10:36:43,581 [INFO] IPUIPlugin:80 - create IPUIPlugin
2023-10-17 10:36:43,581 [INFO] PluginManager:220 - loadIPPluginJar : add dma3
2023-10-17 10:36:43,582 [INFO] IPUIPlugin:80 - create IPUIPlugin
2023-10-17 10:36:43,582 [INFO] PluginManager:220 - loadIPPluginJar : add fatfs
2023-10-17 10:36:43,586 [INFO] IPUIPlugin:80 - create IPUIPlugin
2023-10-17 10:36:43,586 [INFO] PluginManager:220 - loadIPPluginJar : add i3c
2023-10-17 10:36:43,587 [INFO] IPUIPlugin:80 - create IPUIPlugin
2023-10-17 10:36:43,587 [INFO] PluginManager:220 - loadIPPluginJar : add ltdc
2023-10-17 10:36:43,588 [INFO] IPUIPlugin:80 - create IPUIPlugin
2023-10-17 10:36:43,589 [INFO] PluginManager:220 - loadIPPluginJar : add ucpd
2023-10-17 10:36:43,591 [INFO] IPUIPlugin:80 - create IPUIPlugin
2023-10-17 10:36:43,592 [INFO] PluginManager:220 - loadIPPluginJar : add nvic
2023-10-17 10:36:43,593 [INFO] IPUIPlugin:80 - create IPUIPlugin
2023-10-17 10:36:43,593 [INFO] PluginManager:220 - loadIPPluginJar : add can
2023-10-17 10:36:43,595 [INFO] IPUIPlugin:80 - create IPUIPlugin
2023-10-17 10:36:43,595 [INFO] PluginManager:220 - loadIPPluginJar : add hash
2023-10-17 10:36:43,595 [INFO] IPUIPlugin:80 - create IPUIPlugin
2023-10-17 10:36:43,595 [INFO] PluginManager:220 - loadIPPluginJar : add comp
2023-10-17 10:36:43,599 [INFO] IPUIPlugin:80 - create IPUIPlugin
2023-10-17 10:36:43,599 [INFO] PluginManager:220 - loadIPPluginJar : add freertos
2023-10-17 10:36:43,601 [INFO] IPUIPlugin:80 - create IPUIPlugin
2023-10-17 10:36:43,601 [INFO] PluginManager:220 - loadIPPluginJar : add usart
2023-10-17 10:36:43,603 [INFO] IPUIPlugin:80 - create IPUIPlugin
2023-10-17 10:36:43,603 [INFO] PluginManager:220 - loadIPPluginJar : add gtzc
2023-10-17 10:36:43,605 [INFO] IPUIPlugin:80 - create IPUIPlugin
2023-10-17 10:36:43,605 [INFO] PluginManager:220 - loadIPPluginJar : add openamp
2023-10-17 10:36:43,607 [INFO] IPUIPlugin:80 - create IPUIPlugin
2023-10-17 10:36:43,607 [INFO] PluginManager:220 - loadIPPluginJar : add ipddr
2023-10-17 10:36:43,609 [INFO] IPUIPlugin:80 - create IPUIPlugin
2023-10-17 10:36:43,609 [INFO] PluginManager:220 - loadIPPluginJar : add pdm2pcm
2023-10-17 10:36:43,611 [INFO] IPUIPlugin:80 - create IPUIPlugin
2023-10-17 10:36:43,611 [INFO] PluginManager:220 - loadIPPluginJar : add sai
2023-10-17 10:36:43,612 [INFO] IPUIPlugin:80 - create IPUIPlugin
2023-10-17 10:36:43,612 [INFO] PluginManager:220 - loadIPPluginJar : add spi
2023-10-17 10:36:43,614 [INFO] IPUIPlugin:80 - create IPUIPlugin
2023-10-17 10:36:43,614 [INFO] PluginManager:220 - loadIPPluginJar : add cryp
2023-10-17 10:36:43,618 [INFO] IPUIPlugin:80 - create IPUIPlugin
2023-10-17 10:36:43,619 [INFO] PluginManager:220 - loadIPPluginJar : add plateformsettings
2023-10-17 10:36:43,621 [INFO] IPUIPlugin:80 - create IPUIPlugin
2023-10-17 10:36:43,621 [INFO] PluginManager:220 - loadIPPluginJar : add usbx
2023-10-17 10:36:43,623 [INFO] IPUIPlugin:80 - create IPUIPlugin
2023-10-17 10:36:43,623 [INFO] PluginManager:220 - loadIPPluginJar : add i2c
2023-10-17 10:36:43,628 [INFO] IPUIPlugin:80 - create IPUIPlugin
2023-10-17 10:36:43,628 [INFO] PluginManager:220 - loadIPPluginJar : add dma
2023-10-17 10:36:43,629 [INFO] IPUIPlugin:80 - create IPUIPlugin
2023-10-17 10:36:43,629 [INFO] PluginManager:220 - loadIPPluginJar : add tsc
2023-10-17 10:36:43,630 [INFO] IPUIPlugin:80 - create IPUIPlugin
2023-10-17 10:36:43,630 [INFO] PluginManager:220 - loadIPPluginJar : add quadspi
2023-10-17 10:36:43,632 [INFO] IPUIPlugin:80 - create IPUIPlugin
2023-10-17 10:36:43,632 [INFO] PluginManager:220 - loadIPPluginJar : add i2s
2023-10-17 10:36:43,635 [INFO] IPUIPlugin:80 - create IPUIPlugin
2023-10-17 10:36:43,635 [INFO] PluginManager:220 - loadIPPluginJar : add gic
2023-10-17 10:36:43,637 [INFO] IPUIPlugin:80 - create IPUIPlugin
2023-10-17 10:36:43,637 [INFO] PluginManager:220 - loadIPPluginJar : add tracer_emb
2023-10-17 10:36:43,642 [INFO] IPUIPlugin:80 - create IPUIPlugin
2023-10-17 10:36:43,642 [INFO] PluginManager:220 - loadIPPluginJar : add stm32_wpan
2023-10-17 10:36:43,647 [INFO] IPUIPlugin:80 - create IPUIPlugin
2023-10-17 10:36:43,648 [INFO] PluginManager:220 - loadIPPluginJar : add linkedlist
2023-10-17 10:36:43,649 [INFO] IPUIPlugin:80 - create IPUIPlugin
2023-10-17 10:36:43,649 [INFO] PluginManager:220 - loadIPPluginJar : add lorawan
2023-10-17 10:36:43,651 [INFO] IPUIPlugin:80 - create IPUIPlugin
2023-10-17 10:36:43,652 [INFO] PluginManager:220 - loadIPPluginJar : add touchsensing
2023-10-17 10:36:43,656 [INFO] IPUIPlugin:80 - create IPUIPlugin
2023-10-17 10:36:43,656 [INFO] PluginManager:220 - loadIPPluginJar : add adc
2023-10-17 10:36:43,661 [INFO] IPUIPlugin:80 - create IPUIPlugin
2023-10-17 10:36:43,661 [INFO] PluginManager:220 - loadIPPluginJar : add mdma
2023-10-17 10:36:43,664 [INFO] IPUIPlugin:80 - create IPUIPlugin
2023-10-17 10:36:43,664 [INFO] PluginManager:220 - loadIPPluginJar : add fmc
2023-10-17 10:36:43,665 [INFO] IPUIPlugin:80 - create IPUIPlugin
2023-10-17 10:36:43,665 [INFO] PluginManager:220 - loadIPPluginJar : add tim
2023-10-17 10:36:43,667 [INFO] IPUIPlugin:80 - create IPUIPlugin
2023-10-17 10:36:43,667 [INFO] PluginManager:220 - loadIPPluginJar : add gfxmmu
2023-10-17 10:36:43,669 [INFO] IPUIPlugin:80 - create IPUIPlugin
2023-10-17 10:36:43,669 [INFO] PluginManager:220 - loadIPPluginJar : add resmgrutility
2023-10-17 10:36:43,671 [INFO] IPUIPlugin:80 - create IPUIPlugin
2023-10-17 10:36:43,671 [INFO] PluginManager:220 - loadIPPluginJar : add opamp
2023-10-17 10:36:43,673 [INFO] IPUIPlugin:80 - create IPUIPlugin
2023-10-17 10:36:43,673 [INFO] PluginManager:220 - loadIPPluginJar : add aes
2023-10-17 10:36:43,677 [INFO] IPUIPlugin:80 - create IPUIPlugin
2023-10-17 10:36:43,677 [INFO] PluginManager:220 - loadIPPluginJar : add gpio
2023-10-17 10:36:43,678 [INFO] IPUIPlugin:80 - create IPUIPlugin
2023-10-17 10:36:43,678 [INFO] PluginManager:220 - loadIPPluginJar : add dfsdm
2023-10-17 10:36:43,679 [INFO] IPUIPlugin:80 - create IPUIPlugin
2023-10-17 10:36:43,679 [INFO] PluginManager:220 - loadIPPluginJar : add ts
2023-10-17 10:36:43,680 [INFO] IPUIPlugin:80 - create IPUIPlugin
2023-10-17 10:36:43,680 [INFO] PluginManager:220 - loadIPPluginJar : add genericplugin
2023-10-17 10:36:43,768 [INFO] CADModel:165 - CPN selected for project level
2023-10-17 10:36:43,769 [INFO] CADModel:114 - Register for checkConnection events
2023-10-17 10:36:43,769 [FATAL] Updater:308 - Updater called before beeing initialized
2023-10-17 10:36:43,769 [ERROR] CADModel:125 - Updater not yet initialized, retry later 
2023-10-17 10:36:43,853 [INFO] CADModel:165 - CPN selected for project level
2023-10-17 10:36:43,853 [INFO] CADModel:114 - Register for checkConnection events
2023-10-17 10:36:43,853 [FATAL] Updater:308 - Updater called before beeing initialized
2023-10-17 10:36:43,853 [ERROR] CADModel:125 - Updater not yet initialized, retry later 
2023-10-17 10:36:43,856 [FATAL] Updater:308 - Updater called before beeing initialized
2023-10-17 10:36:43,901 [FATAL] Updater:308 - Updater called before beeing initialized
2023-10-17 10:36:43,904 [INFO] DbMcusAds:53 - JSON generation date=Tue Mar 07 09:50:55 CET 2023 (1678179055114)
2023-10-17 10:36:43,904 [FATAL] Updater:308 - Updater called before beeing initialized
2023-10-17 10:36:43,930 [WARN] DetailPanel:346 - Failed to get advertising image, set to default
2023-10-17 10:36:43,992 [FATAL] Updater:308 - Updater called before beeing initialized
2023-10-17 10:36:43,993 [FATAL] Updater:308 - Updater called before beeing initialized
2023-10-17 10:36:43,993 [FATAL] Updater:308 - Updater called before beeing initialized
2023-10-17 10:36:43,993 [WARN] DetailPanel:346 - Failed to get advertising image, set to default
2023-10-17 10:36:43,994 [FATAL] Updater:308 - Updater called before beeing initialized
2023-10-17 10:36:44,018 [ERROR] Updater:1120 - MainUpdater not yet initialized. External WinMGr cannot be set.
2023-10-17 10:36:44,020 [INFO] Updater:1056 - Updater Version found : 6.9.2
2023-10-17 10:36:44,040 [INFO] ApplicationProperties:184 - Using Application install path: /opt/st/stm32cubeide_1.13.2/plugins/com.st.stm32cube.common.mx_6.9.2.202309101412
2023-10-17 10:36:44,196 [INFO] MainUpdater:2868 - connection check result : 10
2023-10-17 10:36:44,198 [INFO] MainUpdater:285 - Updater Check For Update Now.
2023-10-17 10:36:44,199 [INFO] MicroXplorer:498 - Change Database Version : DB.6.0.92
2023-10-17 10:36:44,208 [INFO] McuFinderGlobals:63 - Set McuFinder mode to 2 (CubeIDE integrated)
2023-10-17 10:36:44,209 [INFO] UserAuth:179 - activating auth plugin
2023-10-17 10:36:44,220 [INFO] UserAuth:393 - Internet connection configuration mode: 1
2023-10-17 10:36:44,249 [INFO] JxBrowserEngine:151 - Initiate JxBrowser Engine with user profile folder
2023-10-17 10:36:44,451 [INFO] CheckServerUpdateThread:120 - End of CheckServer Thread
2023-10-17 10:36:45,395 [INFO] WebApp:157 - Instantiating new browser for Auth
2023-10-17 10:36:46,300 [INFO] WebApp:753 - Register for checkConnection events
2023-10-17 10:36:46,301 [INFO] WebApp:390 - Apply proxy settings
2023-10-17 10:36:46,301 [INFO] WebApp:475 - Chromium requires no authentication
2023-10-17 10:36:46,304 [INFO] WebApp:418 - Direct internet connection detected
2023-10-17 10:36:46,331 [WARN] PackLoader:240 - Cannot read IP mode file for ITTIA_DB.I-CUBE-ITTIADB.8.8.0
2023-10-17 10:36:46,335 [WARN] PackLoader:240 - Cannot read IP mode file for STMicroelectronics.X-CUBE-TOUCHGFX.4.22.1
2023-10-17 10:36:46,337 [WARN] PackLoader:240 - Cannot read IP mode file for STMicroelectronics.X-CUBE-AI.8.1.0
2023-10-17 10:36:46,383 [WARN] PackLoader:240 - Cannot read IP mode file for Infineon.AIROC-Wi-Fi-Bluetooth-STM32.1.5.1
2023-10-17 10:36:46,388 [INFO] ThirdParty:978 - Integrity check success = true
2023-10-17 10:36:46,388 [INFO] IntegrityCheckThread:100 - exiting critical section [integrity check]
2023-10-17 10:36:46,388 [INFO] IntegrityCheckThread:103 - End integrity checks thread
2023-10-17 10:36:46,395 [INFO] WebApp:188 - Starting web application
2023-10-17 10:36:46,395 [INFO] WebApp:520 - Web application path used /opt/st/stm32cubeide_1.13.2/plugins/com.st.stm32cube.common.mx_6.9.2.202309101412/db/plugins/mcufinder/reactClient1/index.html
2023-10-17 10:37:06,914 [ERROR] LogOutputStream:75 - [STDERR_REDIRECT] SLF4J: Failed to load class "org.slf4j.impl.StaticLoggerBinder".
2023-10-17 10:37:06,915 [ERROR] LogOutputStream:75 - [STDERR_REDIRECT] SLF4J: Defaulting to no-operation (NOP) logger implementation
2023-10-17 10:37:06,915 [ERROR] LogOutputStream:75 - [STDERR_REDIRECT] SLF4J: See http://www.slf4j.org/codes.html#StaticLoggerBinder for further details.
2023-10-17 14:53:38,317 [ERROR] LogOutputStream:75 - [STDERR_REDIRECT] 
